2025-02-13 01:59:41,815 - INFO - 初期価格を取得中...
2025-02-13 01:59:42,347 - INFO - 
━━━━━━━━━━ 価格情報 ━━━━━━━━━━
📅 時刻　　　：2025-02-13 01:59:42
💰 現在価格　：91,799.76 USDT
📉 価格変動　：0.00%
━━━━━━━━━━━━━━━━━━━━━━━
2025-02-13 01:59:42,516 - INFO - 
━━━━━━━━━━ 取引情報 ━━━━━━━━━━
📅 時刻　　　：2025-02-13 01:59:42
💰 BTC価格　：91,799.76 USDT
💵 USDT残高 ：10,289.13 USDT
₿ BTC保有量：0.000999 BTC
📊 総資産額 ：10,380.79 USDT
💹 現在の利益：+0.00 USDT (+0.00%)
━━━━━━━━━━━━━━━━━━━━━━━
2025-02-13 01:59:45,601 - INFO - 
━━━━━━━━━━ 価格情報 ━━━━━━━━━━
📅 時刻　　　：2025-02-13 01:59:45
💰 現在価格　：91,799.76 USDT
📉 価格変動　：0.00%
━━━━━━━━━━━━━━━━━━━━━━━
2025-02-13 01:59:45,771 - INFO - 
━━━━━━━━━━ 取引情報 ━━━━━━━━━━
📅 時刻　　　：2025-02-13 01:59:45
💰 BTC価格　：91,799.76 USDT
💵 USDT残高 ：10,289.13 USDT
₿ BTC保有量：0.000999 BTC
📊 総資産額 ：10,380.79 USDT
💹 現在の利益：+0.00 USDT (+0.00%)
━━━━━━━━━━━━━━━━━━━━━━━
2025-02-13 01:59:48,852 - INFO - 
━━━━━━━━━━ 価格情報 ━━━━━━━━━━
📅 時刻　　　：2025-02-13 01:59:48
💰 現在価格　：91,799.76 USDT
📉 価格変動　：0.00%
━━━━━━━━━━━━━━━━━━━━━━━
2025-02-13 01:59:49,158 - INFO - 
━━━━━━━━━━ 取引情報 ━━━━━━━━━━
📅 時刻　　　：2025-02-13 01:59:48
💰 BTC価格　：91,799.76 USDT
💵 USDT残高 ：10,289.13 USDT
₿ BTC保有量：0.000999 BTC
📊 総資産額 ：10,380.79 USDT
💹 現在の利益：+0.00 USDT (+0.00%)
━━━━━━━━━━━━━━━━━━━━━━━
2025-02-13 01:59:52,239 - INFO - 
━━━━━━━━━━ 価格情報 ━━━━━━━━━━
📅 時刻　　　：2025-02-13 01:59:52
💰 現在価格　：91,602.95 USDT
📉 価格変動　：-0.21%
━━━━━━━━━━━━━━━━━━━━━━━
2025-02-13 01:59:52,540 - INFO - 
━━━━━━━━━━ 取引情報 ━━━━━━━━━━
📅 時刻　　　：2025-02-13 01:59:52
💰 BTC価格　：91,602.95 USDT
💵 USDT残高 ：10,289.13 USDT
₿ BTC保有量：0.000999 BTC
📊 総資産額 ：10,380.59 USDT
📉 現在の損失：-0.20 USDT (-0.00%)
━━━━━━━━━━━━━━━━━━━━━━━
2025-02-13 01:59:52,541 - INFO - 買いシグナル検出。買い注文を実行中...
2025-02-13 01:59:52,541 - INFO - 最小注文数量の0.001 BTCに調整しました
2025-02-13 01:59:52,624 - INFO - 買い注文を実行: 数量=0.001 BTC
2025-02-13 01:59:52,624 - INFO - 買い注文実行: {'retCode': 0, 'retMsg': 'OK', 'result': {'orderId': 'b1760bce-5951-41e6-a5cb-ed6f067bcf17', 'orderLinkId': ''}, 'retExtInfo': {}, 'time': 1739379591635}
2025-02-13 01:59:55,704 - INFO - 
━━━━━━━━━━ 価格情報 ━━━━━━━━━━
📅 時刻　　　：2025-02-13 01:59:55
💰 現在価格　：91,602.95 USDT
📉 価格変動　：0.00%
━━━━━━━━━━━━━━━━━━━━━━━
2025-02-13 01:59:55,880 - INFO - 
━━━━━━━━━━ 取引情報 ━━━━━━━━━━
📅 時刻　　　：2025-02-13 01:59:55
💰 BTC価格　：91,602.95 USDT
💵 USDT残高 ：10,289.10 USDT
₿ BTC保有量：0.000999 BTC
📊 総資産額 ：10,380.57 USDT
📉 現在の損失：-0.22 USDT (-0.00%)
━━━━━━━━━━━━━━━━━━━━━━━
2025-02-13 01:59:58,961 - INFO - 
━━━━━━━━━━ 価格情報 ━━━━━━━━━━
📅 時刻　　　：2025-02-13 01:59:58
💰 現在価格　：91,558.02 USDT
📉 価格変動　：-0.05%
━━━━━━━━━━━━━━━━━━━━━━━
2025-02-13 01:59:59,129 - INFO - 
━━━━━━━━━━ 取引情報 ━━━━━━━━━━
📅 時刻　　　：2025-02-13 01:59:58
💰 BTC価格　：91,558.02 USDT
💵 USDT残高 ：10,289.10 USDT
₿ BTC保有量：0.000999 BTC
📊 総資産額 ：10,380.52 USDT
📉 現在の損失：-0.27 USDT (-0.00%)
━━━━━━━━━━━━━━━━━━━━━━━
2025-02-13 02:00:02,212 - INFO - 
━━━━━━━━━━ 価格情報 ━━━━━━━━━━
📅 時刻　　　：2025-02-13 02:00:02
💰 現在価格　：91,558.02 USDT
📉 価格変動　：-0.05%
━━━━━━━━━━━━━━━━━━━━━━━
2025-02-13 02:00:02,519 - INFO - 
━━━━━━━━━━ 取引情報 ━━━━━━━━━━
📅 時刻　　　：2025-02-13 02:00:02
💰 BTC価格　：91,558.02 USDT
💵 USDT残高 ：10,289.10 USDT
₿ BTC保有量：0.000999 BTC
📊 総資産額 ：10,380.52 USDT
📉 現在の損失：-0.27 USDT (-0.00%)
━━━━━━━━━━━━━━━━━━━━━━━
2025-02-13 02:00:05,601 - INFO - 
━━━━━━━━━━ 価格情報 ━━━━━━━━━━
📅 時刻　　　：2025-02-13 02:00:05
💰 現在価格　：91,558.02 USDT
📉 価格変動　：-0.05%
━━━━━━━━━━━━━━━━━━━━━━━
2025-02-13 02:00:05,768 - INFO - 
━━━━━━━━━━ 取引情報 ━━━━━━━━━━
📅 時刻　　　：2025-02-13 02:00:05
💰 BTC価格　：91,558.02 USDT
💵 USDT残高 ：10,289.10 USDT
₿ BTC保有量：0.000999 BTC
📊 総資産額 ：10,380.52 USDT
📉 現在の損失：-0.27 USDT (-0.00%)
━━━━━━━━━━━━━━━━━━━━━━━
2025-02-13 02:00:08,848 - INFO - 
━━━━━━━━━━ 価格情報 ━━━━━━━━━━
📅 時刻　　　：2025-02-13 02:00:08
💰 現在価格　：91,786.24 USDT
📈 価格変動　：+0.20%
━━━━━━━━━━━━━━━━━━━━━━━
2025-02-13 02:00:09,016 - INFO - 
━━━━━━━━━━ 取引情報 ━━━━━━━━━━
📅 時刻　　　：2025-02-13 02:00:08
💰 BTC価格　：91,786.24 USDT
💵 USDT残高 ：10,289.10 USDT
₿ BTC保有量：0.000999 BTC
📊 総資産額 ：10,380.75 USDT
📉 現在の損失：-0.04 USDT (-0.00%)
━━━━━━━━━━━━━━━━━━━━━━━
2025-02-13 02:00:09,016 - INFO - 売りシグナル検出。売り注文を実行中...
2025-02-13 02:00:09,016 - INFO - 最小注文数量の0.001 BTCに調整しました
2025-02-13 02:00:09,098 - INFO - 売り注文を実行: 数量=0.001 BTC
2025-02-13 02:00:09,098 - INFO - 売り注文実行: {'retCode': 0, 'retMsg': 'OK', 'result': {'orderId': '1a1dc105-0f20-4ab1-8888-a7f453da2f80', 'orderLinkId': ''}, 'retExtInfo': {}, 'time': 1739379608109}
2025-02-13 02:00:12,180 - INFO - 
━━━━━━━━━━ 価格情報 ━━━━━━━━━━
📅 時刻　　　：2025-02-13 02:00:12
💰 現在価格　：91,786.24 USDT
📉 価格変動　：0.00%
━━━━━━━━━━━━━━━━━━━━━━━
2025-02-13 02:00:12,486 - INFO - 
━━━━━━━━━━ 取引情報 ━━━━━━━━━━
📅 時刻　　　：2025-02-13 02:00:12
💰 BTC価格　：91,786.24 USDT
💵 USDT残高 ：10,277.13 USDT
₿ BTC保有量：0.000999 BTC
📊 総資産額 ：10,368.78 USDT
📉 現在の損失：-12.01 USDT (-0.12%)
━━━━━━━━━━━━━━━━━━━━━━━
2025-02-13 02:00:15,568 - INFO - 
━━━━━━━━━━ 価格情報 ━━━━━━━━━━
📅 時刻　　　：2025-02-13 02:00:15
💰 現在価格　：91,994.82 USDT
📈 価格変動　：+0.23%
━━━━━━━━━━━━━━━━━━━━━━━
2025-02-13 02:00:15,737 - INFO - 
━━━━━━━━━━ 取引情報 ━━━━━━━━━━
📅 時刻　　　：2025-02-13 02:00:15
💰 BTC価格　：91,994.82 USDT
💵 USDT残高 ：10,277.13 USDT
₿ BTC保有量：0.000999 BTC
📊 総資産額 ：10,368.98 USDT
📉 現在の損失：-11.81 USDT (-0.11%)
━━━━━━━━━━━━━━━━━━━━━━━
2025-02-13 02:00:15,737 - INFO - 売りシグナル検出。売り注文を実行中...
2025-02-13 02:00:15,737 - INFO - 最小注文数量の0.001 BTCに調整しました
2025-02-13 02:00:15,820 - INFO - 売り注文を実行: 数量=0.001 BTC
2025-02-13 02:00:15,820 - INFO - 売り注文実行: {'retCode': 0, 'retMsg': 'OK', 'result': {'orderId': 'dc9f9d0a-3332-4837-b8c6-f5343fb47466', 'orderLinkId': ''}, 'retExtInfo': {}, 'time': 1739379614830}
2025-02-13 02:00:18,902 - INFO - 
━━━━━━━━━━ 価格情報 ━━━━━━━━━━
📅 時刻　　　：2025-02-13 02:00:18
💰 現在価格　：91,994.82 USDT
📉 価格変動　：0.00%
━━━━━━━━━━━━━━━━━━━━━━━
2025-02-13 02:00:19,205 - INFO - 
━━━━━━━━━━ 取引情報 ━━━━━━━━━━
📅 時刻　　　：2025-02-13 02:00:18
💰 BTC価格　：91,994.82 USDT
💵 USDT残高 ：10,265.18 USDT
₿ BTC保有量：0.000999 BTC
📊 総資産額 ：10,357.04 USDT
📉 現在の損失：-23.75 USDT (-0.23%)
━━━━━━━━━━━━━━━━━━━━━━━
2025-02-13 02:00:22,287 - INFO - 
━━━━━━━━━━ 価格情報 ━━━━━━━━━━
📅 時刻　　　：2025-02-13 02:00:22
💰 現在価格　：91,994.82 USDT
📉 価格変動　：0.00%
━━━━━━━━━━━━━━━━━━━━━━━
2025-02-13 02:00:22,453 - INFO - 
━━━━━━━━━━ 取引情報 ━━━━━━━━━━
📅 時刻　　　：2025-02-13 02:00:22
💰 BTC価格　：91,994.82 USDT
💵 USDT残高 ：10,265.18 USDT
₿ BTC保有量：0.000999 BTC
📊 総資産額 ：10,357.04 USDT
📉 現在の損失：-23.75 USDT (-0.23%)
━━━━━━━━━━━━━━━━━━━━━━━
2025-02-13 02:00:25,535 - INFO - 
━━━━━━━━━━ 価格情報 ━━━━━━━━━━
📅 時刻　　　：2025-02-13 02:00:25
💰 現在価格　：91,566.43 USDT
📉 価格変動　：-0.47%
━━━━━━━━━━━━━━━━━━━━━━━
2025-02-13 02:00:25,707 - INFO - 
━━━━━━━━━━ 取引情報 ━━━━━━━━━━
📅 時刻　　　：2025-02-13 02:00:25
💰 BTC価格　：91,566.43 USDT
💵 USDT残高 ：10,265.18 USDT
₿ BTC保有量：0.000999 BTC
📊 総資産額 ：10,356.61 USDT
📉 現在の損失：-24.18 USDT (-0.23%)
━━━━━━━━━━━━━━━━━━━━━━━
2025-02-13 02:00:25,707 - INFO - 買いシグナル検出。買い注文を実行中...
2025-02-13 02:00:25,708 - INFO - 最小注文数量の0.001 BTCに調整しました
2025-02-13 02:00:25,791 - INFO - 買い注文を実行: 数量=0.001 BTC
2025-02-13 02:00:25,791 - INFO - 買い注文実行: {'retCode': 0, 'retMsg': 'OK', 'result': {'orderId': '85b295cb-2dff-4867-ba31-d213321d81e7', 'orderLinkId': ''}, 'retExtInfo': {}, 'time': 1739379624800}
2025-02-13 02:00:28,875 - INFO - 
━━━━━━━━━━ 価格情報 ━━━━━━━━━━
📅 時刻　　　：2025-02-13 02:00:28
💰 現在価格　：91,558.02 USDT
📉 価格変動　：-0.01%
━━━━━━━━━━━━━━━━━━━━━━━
2025-02-13 02:00:29,046 - INFO - 
━━━━━━━━━━ 取引情報 ━━━━━━━━━━
📅 時刻　　　：2025-02-13 02:00:28
💰 BTC価格　：91,558.02 USDT
💵 USDT残高 ：10,265.15 USDT
₿ BTC保有量：0.000999 BTC
📊 総資産額 ：10,356.57 USDT
📉 現在の損失：-24.22 USDT (-0.23%)
━━━━━━━━━━━━━━━━━━━━━━━
2025-02-13 02:00:32,128 - INFO - 
━━━━━━━━━━ 価格情報 ━━━━━━━━━━
📅 時刻　　　：2025-02-13 02:00:32
💰 現在価格　：91,558.02 USDT
📉 価格変動　：-0.01%
━━━━━━━━━━━━━━━━━━━━━━━
2025-02-13 02:00:32,426 - INFO - 
━━━━━━━━━━ 取引情報 ━━━━━━━━━━
📅 時刻　　　：2025-02-13 02:00:32
💰 BTC価格　：91,558.02 USDT
💵 USDT残高 ：10,265.15 USDT
₿ BTC保有量：0.000999 BTC
📊 総資産額 ：10,356.57 USDT
📉 現在の損失：-24.22 USDT (-0.23%)
━━━━━━━━━━━━━━━━━━━━━━━
2025-02-13 02:00:35,504 - INFO - 
━━━━━━━━━━ 価格情報 ━━━━━━━━━━
📅 時刻　　　：2025-02-13 02:00:35
💰 現在価格　：91,558.02 USDT
📉 価格変動　：-0.01%
━━━━━━━━━━━━━━━━━━━━━━━
2025-02-13 02:00:35,670 - INFO - 
━━━━━━━━━━ 取引情報 ━━━━━━━━━━
📅 時刻　　　：2025-02-13 02:00:35
💰 BTC価格　：91,558.02 USDT
💵 USDT残高 ：10,265.15 USDT
₿ BTC保有量：0.000999 BTC
📊 総資産額 ：10,356.57 USDT
📉 現在の損失：-24.22 USDT (-0.23%)
━━━━━━━━━━━━━━━━━━━━━━━
2025-02-13 02:00:38,751 - INFO - 
━━━━━━━━━━ 価格情報 ━━━━━━━━━━
📅 時刻　　　：2025-02-13 02:00:38
💰 現在価格　：91,680.34 USDT
📈 価格変動　：+0.12%
━━━━━━━━━━━━━━━━━━━━━━━
2025-02-13 02:00:39,049 - INFO - 
━━━━━━━━━━ 取引情報 ━━━━━━━━━━
📅 時刻　　　：2025-02-13 02:00:38
💰 BTC価格　：91,680.34 USDT
💵 USDT残高 ：10,265.15 USDT
₿ BTC保有量：0.000999 BTC
📊 総資産額 ：10,356.69 USDT
📉 現在の損失：-24.10 USDT (-0.23%)
━━━━━━━━━━━━━━━━━━━━━━━
2025-02-13 02:00:39,049 - INFO - 売りシグナル検出。売り注文を実行中...
2025-02-13 02:00:39,049 - INFO - 最小注文数量の0.001 BTCに調整しました
2025-02-13 02:00:39,130 - INFO - 売り注文を実行: 数量=0.001 BTC
2025-02-13 02:00:39,130 - INFO - 売り注文実行: {'retCode': 0, 'retMsg': 'OK', 'result': {'orderId': '4642a223-0181-446b-8d75-52ab0f79a873', 'orderLinkId': ''}, 'retExtInfo': {}, 'time': 1739379638141}
2025-02-13 02:00:42,211 - INFO - 
━━━━━━━━━━ 価格情報 ━━━━━━━━━━
📅 時刻　　　：2025-02-13 02:00:42
💰 現在価格　：91,799.76 USDT
📈 価格変動　：+0.13%
━━━━━━━━━━━━━━━━━━━━━━━
2025-02-13 02:00:42,378 - INFO - 
━━━━━━━━━━ 取引情報 ━━━━━━━━━━
📅 時刻　　　：2025-02-13 02:00:42
💰 BTC価格　：91,799.76 USDT
💵 USDT残高 ：10,253.24 USDT
₿ BTC保有量：0.000999 BTC
📊 総資産額 ：10,344.90 USDT
📉 現在の損失：-35.89 USDT (-0.35%)
━━━━━━━━━━━━━━━━━━━━━━━
2025-02-13 02:00:42,378 - INFO - 売りシグナル検出。売り注文を実行中...
2025-02-13 02:00:42,378 - INFO - 最小注文数量の0.001 BTCに調整しました
2025-02-13 02:00:42,458 - INFO - 売り注文を実行: 数量=0.001 BTC
2025-02-13 02:00:42,458 - INFO - 売り注文実行: {'retCode': 0, 'retMsg': 'OK', 'result': {'orderId': '89f4da60-fa30-4d2f-808d-d59815c3d9b6', 'orderLinkId': ''}, 'retExtInfo': {}, 'time': 1739379641469}
2025-02-13 02:00:45,016 - INFO - 
プログラムがCtrl+Cにより終了されました。安全に終了します。
