2025-02-13 03:02:32,428 - INFO - 初期価格を取得中...
2025-02-13 03:02:33,144 - INFO - 
━━━━━━━━━━ 取引情報 ━━━━━━━━━━
📅 時刻　　　：2025-02-13 03:02:32
💰 BTC価格　：91,776.42 USDT
📉 価格変動　：0.00%
💵 USDT残高 ：10,078.55 USDT
₿ BTC保有量：0.000999 BTC
📊 総資産額 ：10,170.19 USDT
💹 現在の利益：+0.00 USDT (+0.00%)
━━━━━━━━━━━━━━━━━━━━━━━
2025-02-13 03:02:43,394 - INFO - 
━━━━━━━━━━ 取引情報 ━━━━━━━━━━
📅 時刻　　　：2025-02-13 03:02:43
💰 BTC価格　：92,000.00 USDT
📈 価格変動　：+0.24%
💵 USDT残高 ：10,078.55 USDT
₿ BTC保有量：0.000999 BTC
📊 総資産額 ：10,170.41 USDT
💹 現在の利益：+0.22 USDT (+0.00%)
━━━━━━━━━━━━━━━━━━━━━━━
2025-02-13 03:02:48,644 - INFO - 
プログラムがCtrl+Cにより終了されました。安全に終了します。
