2025-02-15 19:04:52,169 - INFO - 初期価格を取得中...
2025-02-15 19:04:52,861 - INFO - 
━━━━━━━━━━ 取引情報 ━━━━━━━━━━
📅 時刻　　　：2025-02-15 19:04:52
💰 BTC価格　：93,800.00 USDT
📉 価格変動　：0.00%
💵 USDT残高 ：96.32 USDT
₿ BTC保有量：0.000133 BTC
📊 総資産額 ：108.79 USDT
🔄 取引回数 ：買い0回 / 売り0回
💹 現在の利益：+0.00 USDT (+0.00%)
━━━━━━━━━━━━━━━━━━━━━━━
2025-02-15 19:05:03,119 - INFO - 
━━━━━━━━━━ 取引情報 ━━━━━━━━━━
📅 時刻　　　：2025-02-15 19:05:02
💰 BTC価格　：93,800.00 USDT
📉 価格変動　：0.00%
💵 USDT残高 ：96.32 USDT
₿ BTC保有量：0.000133 BTC
📊 総資産額 ：108.79 USDT
🔄 取引回数 ：買い0回 / 売り0回
💹 現在の利益：+0.00 USDT (+0.00%)
━━━━━━━━━━━━━━━━━━━━━━━
2025-02-15 19:05:13,376 - INFO - 
━━━━━━━━━━ 取引情報 ━━━━━━━━━━
📅 時刻　　　：2025-02-15 19:05:13
💰 BTC価格　：93,800.00 USDT
📉 価格変動　：0.00%
💵 USDT残高 ：96.32 USDT
₿ BTC保有量：0.000133 BTC
📊 総資産額 ：108.79 USDT
🔄 取引回数 ：買い0回 / 売り0回
💹 現在の利益：+0.00 USDT (+0.00%)
━━━━━━━━━━━━━━━━━━━━━━━
2025-02-15 19:05:23,634 - INFO - 
━━━━━━━━━━ 取引情報 ━━━━━━━━━━
📅 時刻　　　：2025-02-15 19:05:23
💰 BTC価格　：93,899.73 USDT
📈 価格変動　：+0.11%
💵 USDT残高 ：96.32 USDT
₿ BTC保有量：0.000133 BTC
📊 総資産額 ：108.80 USDT
🔄 取引回数 ：買い0回 / 売り0回
💹 現在の利益：+0.01 USDT (+0.01%)
━━━━━━━━━━━━━━━━━━━━━━━
2025-02-15 19:05:33,902 - INFO - 
━━━━━━━━━━ 取引情報 ━━━━━━━━━━
📅 時刻　　　：2025-02-15 19:05:33
💰 BTC価格　：93,899.73 USDT
📈 価格変動　：+0.11%
💵 USDT残高 ：96.32 USDT
₿ BTC保有量：0.000133 BTC
📊 総資産額 ：108.80 USDT
🔄 取引回数 ：買い0回 / 売り0回
💹 現在の利益：+0.01 USDT (+0.01%)
━━━━━━━━━━━━━━━━━━━━━━━
2025-02-15 19:05:44,158 - INFO - 
━━━━━━━━━━ 取引情報 ━━━━━━━━━━
📅 時刻　　　：2025-02-15 19:05:43
💰 BTC価格　：93,899.73 USDT
📈 価格変動　：+0.11%
💵 USDT残高 ：96.32 USDT
₿ BTC保有量：0.000133 BTC
📊 総資産額 ：108.80 USDT
🔄 取引回数 ：買い0回 / 売り0回
💹 現在の利益：+0.01 USDT (+0.01%)
━━━━━━━━━━━━━━━━━━━━━━━
2025-02-15 19:05:54,416 - INFO - 
━━━━━━━━━━ 取引情報 ━━━━━━━━━━
📅 時刻　　　：2025-02-15 19:05:54
💰 BTC価格　：93,899.73 USDT
📈 価格変動　：+0.11%
💵 USDT残高 ：96.32 USDT
₿ BTC保有量：0.000133 BTC
📊 総資産額 ：108.80 USDT
🔄 取引回数 ：買い0回 / 売り0回
💹 現在の利益：+0.01 USDT (+0.01%)
━━━━━━━━━━━━━━━━━━━━━━━
2025-02-15 19:06:04,673 - INFO - 
━━━━━━━━━━ 取引情報 ━━━━━━━━━━
📅 時刻　　　：2025-02-15 19:06:04
💰 BTC価格　：93,899.73 USDT
📈 価格変動　：+0.11%
💵 USDT残高 ：96.32 USDT
₿ BTC保有量：0.000133 BTC
📊 総資産額 ：108.80 USDT
🔄 取引回数 ：買い0回 / 売り0回
💹 現在の利益：+0.01 USDT (+0.01%)
━━━━━━━━━━━━━━━━━━━━━━━
2025-02-15 19:06:14,931 - INFO - 
━━━━━━━━━━ 取引情報 ━━━━━━━━━━
📅 時刻　　　：2025-02-15 19:06:14
💰 BTC価格　：93,899.73 USDT
📈 価格変動　：+0.11%
💵 USDT残高 ：96.32 USDT
₿ BTC保有量：0.000133 BTC
📊 総資産額 ：108.80 USDT
🔄 取引回数 ：買い0回 / 売り0回
💹 現在の利益：+0.01 USDT (+0.01%)
━━━━━━━━━━━━━━━━━━━━━━━
2025-02-15 19:06:25,198 - INFO - 
━━━━━━━━━━ 取引情報 ━━━━━━━━━━
📅 時刻　　　：2025-02-15 19:06:25
💰 BTC価格　：94,000.00 USDT
📈 価格変動　：+0.21%
💵 USDT残高 ：96.32 USDT
₿ BTC保有量：0.000133 BTC
📊 総資産額 ：108.82 USDT
🔄 取引回数 ：買い0回 / 売り0回
💹 現在の利益：+0.03 USDT (+0.02%)
━━━━━━━━━━━━━━━━━━━━━━━
2025-02-15 19:06:35,457 - INFO - 
━━━━━━━━━━ 取引情報 ━━━━━━━━━━
📅 時刻　　　：2025-02-15 19:06:35
💰 BTC価格　：94,000.00 USDT
📈 価格変動　：+0.21%
💵 USDT残高 ：96.32 USDT
₿ BTC保有量：0.000133 BTC
📊 総資産額 ：108.82 USDT
🔄 取引回数 ：買い0回 / 売り0回
💹 現在の利益：+0.03 USDT (+0.02%)
━━━━━━━━━━━━━━━━━━━━━━━
2025-02-15 19:06:45,712 - INFO - 
━━━━━━━━━━ 取引情報 ━━━━━━━━━━
📅 時刻　　　：2025-02-15 19:06:45
💰 BTC価格　：94,091.28 USDT
📈 価格変動　：+0.31%
💵 USDT残高 ：96.32 USDT
₿ BTC保有量：0.000133 BTC
📊 総資産額 ：108.83 USDT
🔄 取引回数 ：買い0回 / 売り0回
💹 現在の利益：+0.04 USDT (+0.04%)
━━━━━━━━━━━━━━━━━━━━━━━
2025-02-15 19:06:55,978 - INFO - 
━━━━━━━━━━ 取引情報 ━━━━━━━━━━
📅 時刻　　　：2025-02-15 19:06:55
💰 BTC価格　：94,100.00 USDT
📈 価格変動　：+0.32%
💵 USDT残高 ：96.32 USDT
₿ BTC保有量：0.000133 BTC
📊 総資産額 ：108.83 USDT
🔄 取引回数 ：買い0回 / 売り0回
💹 現在の利益：+0.04 USDT (+0.04%)
━━━━━━━━━━━━━━━━━━━━━━━
2025-02-15 19:07:06,236 - INFO - 
━━━━━━━━━━ 取引情報 ━━━━━━━━━━
📅 時刻　　　：2025-02-15 19:07:06
💰 BTC価格　：94,100.00 USDT
📈 価格変動　：+0.32%
💵 USDT残高 ：96.32 USDT
₿ BTC保有量：0.000133 BTC
📊 総資産額 ：108.83 USDT
🔄 取引回数 ：買い0回 / 売り0回
💹 現在の利益：+0.04 USDT (+0.04%)
━━━━━━━━━━━━━━━━━━━━━━━
2025-02-15 19:07:16,506 - INFO - 
━━━━━━━━━━ 取引情報 ━━━━━━━━━━
📅 時刻　　　：2025-02-15 19:07:16
💰 BTC価格　：94,100.00 USDT
📈 価格変動　：+0.32%
💵 USDT残高 ：96.32 USDT
₿ BTC保有量：0.000133 BTC
📊 総資産額 ：108.83 USDT
🔄 取引回数 ：買い0回 / 売り0回
💹 現在の利益：+0.04 USDT (+0.04%)
━━━━━━━━━━━━━━━━━━━━━━━
2025-02-15 19:07:26,764 - INFO - 
━━━━━━━━━━ 取引情報 ━━━━━━━━━━
📅 時刻　　　：2025-02-15 19:07:26
💰 BTC価格　：94,100.00 USDT
📈 価格変動　：+0.32%
💵 USDT残高 ：96.32 USDT
₿ BTC保有量：0.000133 BTC
📊 総資産額 ：108.83 USDT
🔄 取引回数 ：買い0回 / 売り0回
💹 現在の利益：+0.04 USDT (+0.04%)
━━━━━━━━━━━━━━━━━━━━━━━
2025-02-15 19:07:37,301 - INFO - 
━━━━━━━━━━ 取引情報 ━━━━━━━━━━
📅 時刻　　　：2025-02-15 19:07:36
💰 BTC価格　：94,100.00 USDT
📈 価格変動　：+0.32%
💵 USDT残高 ：96.32 USDT
₿ BTC保有量：0.000133 BTC
📊 総資産額 ：108.83 USDT
🔄 取引回数 ：買い0回 / 売り0回
💹 現在の利益：+0.04 USDT (+0.04%)
━━━━━━━━━━━━━━━━━━━━━━━
2025-02-15 19:07:47,560 - INFO - 
━━━━━━━━━━ 取引情報 ━━━━━━━━━━
📅 時刻　　　：2025-02-15 19:07:47
💰 BTC価格　：94,100.00 USDT
📈 価格変動　：+0.32%
💵 USDT残高 ：96.32 USDT
₿ BTC保有量：0.000133 BTC
📊 総資産額 ：108.83 USDT
🔄 取引回数 ：買い0回 / 売り0回
💹 現在の利益：+0.04 USDT (+0.04%)
━━━━━━━━━━━━━━━━━━━━━━━
2025-02-15 19:07:57,824 - INFO - 
━━━━━━━━━━ 取引情報 ━━━━━━━━━━
📅 時刻　　　：2025-02-15 19:07:57
💰 BTC価格　：94,100.00 USDT
📈 価格変動　：+0.32%
💵 USDT残高 ：96.32 USDT
₿ BTC保有量：0.000133 BTC
📊 総資産額 ：108.83 USDT
🔄 取引回数 ：買い0回 / 売り0回
💹 現在の利益：+0.04 USDT (+0.04%)
━━━━━━━━━━━━━━━━━━━━━━━
2025-02-15 19:08:08,083 - INFO - 
━━━━━━━━━━ 取引情報 ━━━━━━━━━━
📅 時刻　　　：2025-02-15 19:08:07
💰 BTC価格　：94,100.00 USDT
📈 価格変動　：+0.32%
💵 USDT残高 ：96.32 USDT
₿ BTC保有量：0.000133 BTC
📊 総資産額 ：108.83 USDT
🔄 取引回数 ：買い0回 / 売り0回
💹 現在の利益：+0.04 USDT (+0.04%)
━━━━━━━━━━━━━━━━━━━━━━━
2025-02-15 19:08:18,350 - INFO - 
━━━━━━━━━━ 取引情報 ━━━━━━━━━━
📅 時刻　　　：2025-02-15 19:08:18
💰 BTC価格　：94,100.00 USDT
📈 価格変動　：+0.32%
💵 USDT残高 ：96.32 USDT
₿ BTC保有量：0.000133 BTC
📊 総資産額 ：108.83 USDT
🔄 取引回数 ：買い0回 / 売り0回
💹 現在の利益：+0.04 USDT (+0.04%)
━━━━━━━━━━━━━━━━━━━━━━━
2025-02-15 19:08:28,602 - INFO - 
━━━━━━━━━━ 取引情報 ━━━━━━━━━━
📅 時刻　　　：2025-02-15 19:08:28
💰 BTC価格　：94,100.00 USDT
📈 価格変動　：+0.32%
💵 USDT残高 ：96.32 USDT
₿ BTC保有量：0.000133 BTC
📊 総資産額 ：108.83 USDT
🔄 取引回数 ：買い0回 / 売り0回
💹 現在の利益：+0.04 USDT (+0.04%)
━━━━━━━━━━━━━━━━━━━━━━━
2025-02-15 19:08:38,858 - INFO - 
━━━━━━━━━━ 取引情報 ━━━━━━━━━━
📅 時刻　　　：2025-02-15 19:08:38
💰 BTC価格　：94,100.00 USDT
📈 価格変動　：+0.32%
💵 USDT残高 ：96.32 USDT
₿ BTC保有量：0.000133 BTC
📊 総資産額 ：108.83 USDT
🔄 取引回数 ：買い0回 / 売り0回
💹 現在の利益：+0.04 USDT (+0.04%)
━━━━━━━━━━━━━━━━━━━━━━━
2025-02-15 19:08:49,114 - INFO - 
━━━━━━━━━━ 取引情報 ━━━━━━━━━━
📅 時刻　　　：2025-02-15 19:08:48
💰 BTC価格　：94,100.00 USDT
📈 価格変動　：+0.32%
💵 USDT残高 ：96.32 USDT
₿ BTC保有量：0.000133 BTC
📊 総資産額 ：108.83 USDT
🔄 取引回数 ：買い0回 / 売り0回
💹 現在の利益：+0.04 USDT (+0.04%)
━━━━━━━━━━━━━━━━━━━━━━━
2025-02-15 19:08:59,371 - INFO - 
━━━━━━━━━━ 取引情報 ━━━━━━━━━━
📅 時刻　　　：2025-02-15 19:08:59
💰 BTC価格　：94,100.00 USDT
📈 価格変動　：+0.32%
💵 USDT残高 ：96.32 USDT
₿ BTC保有量：0.000133 BTC
📊 総資産額 ：108.83 USDT
🔄 取引回数 ：買い0回 / 売り0回
💹 現在の利益：+0.04 USDT (+0.04%)
━━━━━━━━━━━━━━━━━━━━━━━
2025-02-15 19:09:09,633 - INFO - 
━━━━━━━━━━ 取引情報 ━━━━━━━━━━
📅 時刻　　　：2025-02-15 19:09:09
💰 BTC価格　：94,100.00 USDT
📈 価格変動　：+0.32%
💵 USDT残高 ：96.32 USDT
₿ BTC保有量：0.000133 BTC
📊 総資産額 ：108.83 USDT
🔄 取引回数 ：買い0回 / 売り0回
💹 現在の利益：+0.04 USDT (+0.04%)
━━━━━━━━━━━━━━━━━━━━━━━
2025-02-15 19:09:19,906 - INFO - 
━━━━━━━━━━ 取引情報 ━━━━━━━━━━
📅 時刻　　　：2025-02-15 19:09:19
💰 BTC価格　：94,100.00 USDT
📈 価格変動　：+0.32%
💵 USDT残高 ：96.32 USDT
₿ BTC保有量：0.000133 BTC
📊 総資産額 ：108.83 USDT
🔄 取引回数 ：買い0回 / 売り0回
💹 現在の利益：+0.04 USDT (+0.04%)
━━━━━━━━━━━━━━━━━━━━━━━
2025-02-15 19:09:30,165 - INFO - 
━━━━━━━━━━ 取引情報 ━━━━━━━━━━
📅 時刻　　　：2025-02-15 19:09:29
💰 BTC価格　：94,100.00 USDT
📈 価格変動　：+0.32%
💵 USDT残高 ：96.32 USDT
₿ BTC保有量：0.000133 BTC
📊 総資産額 ：108.83 USDT
🔄 取引回数 ：買い0回 / 売り0回
💹 現在の利益：+0.04 USDT (+0.04%)
━━━━━━━━━━━━━━━━━━━━━━━
2025-02-15 19:09:40,423 - INFO - 
━━━━━━━━━━ 取引情報 ━━━━━━━━━━
📅 時刻　　　：2025-02-15 19:09:40
💰 BTC価格　：94,100.00 USDT
📈 価格変動　：+0.32%
💵 USDT残高 ：96.32 USDT
₿ BTC保有量：0.000133 BTC
📊 総資産額 ：108.83 USDT
🔄 取引回数 ：買い0回 / 売り0回
💹 現在の利益：+0.04 USDT (+0.04%)
━━━━━━━━━━━━━━━━━━━━━━━
2025-02-15 19:09:50,679 - INFO - 
━━━━━━━━━━ 取引情報 ━━━━━━━━━━
📅 時刻　　　：2025-02-15 19:09:50
💰 BTC価格　：94,100.00 USDT
📈 価格変動　：+0.32%
💵 USDT残高 ：96.32 USDT
₿ BTC保有量：0.000133 BTC
📊 総資産額 ：108.83 USDT
🔄 取引回数 ：買い0回 / 売り0回
💹 現在の利益：+0.04 USDT (+0.04%)
━━━━━━━━━━━━━━━━━━━━━━━
2025-02-15 19:10:00,937 - INFO - 
━━━━━━━━━━ 取引情報 ━━━━━━━━━━
📅 時刻　　　：2025-02-15 19:10:00
💰 BTC価格　：94,100.00 USDT
📈 価格変動　：+0.32%
💵 USDT残高 ：96.32 USDT
₿ BTC保有量：0.000133 BTC
📊 総資産額 ：108.83 USDT
🔄 取引回数 ：買い0回 / 売り0回
💹 現在の利益：+0.04 USDT (+0.04%)
━━━━━━━━━━━━━━━━━━━━━━━
2025-02-15 19:10:11,192 - INFO - 
━━━━━━━━━━ 取引情報 ━━━━━━━━━━
📅 時刻　　　：2025-02-15 19:10:11
💰 BTC価格　：94,100.00 USDT
📈 価格変動　：+0.32%
💵 USDT残高 ：96.32 USDT
₿ BTC保有量：0.000133 BTC
📊 総資産額 ：108.83 USDT
🔄 取引回数 ：買い0回 / 売り0回
💹 現在の利益：+0.04 USDT (+0.04%)
━━━━━━━━━━━━━━━━━━━━━━━
2025-02-15 19:10:21,450 - INFO - 
━━━━━━━━━━ 取引情報 ━━━━━━━━━━
📅 時刻　　　：2025-02-15 19:10:21
💰 BTC価格　：94,100.00 USDT
📈 価格変動　：+0.32%
💵 USDT残高 ：96.32 USDT
₿ BTC保有量：0.000133 BTC
📊 総資産額 ：108.83 USDT
🔄 取引回数 ：買い0回 / 売り0回
💹 現在の利益：+0.04 USDT (+0.04%)
━━━━━━━━━━━━━━━━━━━━━━━
2025-02-15 19:10:31,708 - INFO - 
━━━━━━━━━━ 取引情報 ━━━━━━━━━━
📅 時刻　　　：2025-02-15 19:10:31
💰 BTC価格　：94,100.00 USDT
📈 価格変動　：+0.32%
💵 USDT残高 ：96.32 USDT
₿ BTC保有量：0.000133 BTC
📊 総資産額 ：108.83 USDT
🔄 取引回数 ：買い0回 / 売り0回
💹 現在の利益：+0.04 USDT (+0.04%)
━━━━━━━━━━━━━━━━━━━━━━━
2025-02-15 19:10:41,969 - INFO - 
━━━━━━━━━━ 取引情報 ━━━━━━━━━━
📅 時刻　　　：2025-02-15 19:10:41
💰 BTC価格　：94,100.00 USDT
📈 価格変動　：+0.32%
💵 USDT残高 ：96.32 USDT
₿ BTC保有量：0.000133 BTC
📊 総資産額 ：108.83 USDT
🔄 取引回数 ：買い0回 / 売り0回
💹 現在の利益：+0.04 USDT (+0.04%)
━━━━━━━━━━━━━━━━━━━━━━━
2025-02-15 19:10:52,224 - INFO - 
━━━━━━━━━━ 取引情報 ━━━━━━━━━━
📅 時刻　　　：2025-02-15 19:10:52
💰 BTC価格　：94,100.00 USDT
📈 価格変動　：+0.32%
💵 USDT残高 ：96.32 USDT
₿ BTC保有量：0.000133 BTC
📊 総資産額 ：108.83 USDT
🔄 取引回数 ：買い0回 / 売り0回
💹 現在の利益：+0.04 USDT (+0.04%)
━━━━━━━━━━━━━━━━━━━━━━━
2025-02-15 19:11:02,483 - INFO - 
━━━━━━━━━━ 取引情報 ━━━━━━━━━━
📅 時刻　　　：2025-02-15 19:11:02
💰 BTC価格　：94,100.00 USDT
📈 価格変動　：+0.32%
💵 USDT残高 ：96.32 USDT
₿ BTC保有量：0.000133 BTC
📊 総資産額 ：108.83 USDT
🔄 取引回数 ：買い0回 / 売り0回
💹 現在の利益：+0.04 USDT (+0.04%)
━━━━━━━━━━━━━━━━━━━━━━━
2025-02-15 19:11:12,740 - INFO - 
━━━━━━━━━━ 取引情報 ━━━━━━━━━━
📅 時刻　　　：2025-02-15 19:11:12
💰 BTC価格　：94,100.00 USDT
📈 価格変動　：+0.32%
💵 USDT残高 ：96.32 USDT
₿ BTC保有量：0.000133 BTC
📊 総資産額 ：108.83 USDT
🔄 取引回数 ：買い0回 / 売り0回
💹 現在の利益：+0.04 USDT (+0.04%)
━━━━━━━━━━━━━━━━━━━━━━━
2025-02-15 19:11:22,992 - INFO - 
━━━━━━━━━━ 取引情報 ━━━━━━━━━━
📅 時刻　　　：2025-02-15 19:11:22
💰 BTC価格　：94,155.55 USDT
📈 価格変動　：+0.38%
💵 USDT残高 ：96.32 USDT
₿ BTC保有量：0.000133 BTC
📊 総資産額 ：108.84 USDT
🔄 取引回数 ：買い0回 / 売り0回
💹 現在の利益：+0.05 USDT (+0.04%)
━━━━━━━━━━━━━━━━━━━━━━━
2025-02-15 19:11:33,249 - INFO - 
━━━━━━━━━━ 取引情報 ━━━━━━━━━━
📅 時刻　　　：2025-02-15 19:11:33
💰 BTC価格　：94,226.89 USDT
📈 価格変動　：+0.46%
💵 USDT残高 ：96.32 USDT
₿ BTC保有量：0.000133 BTC
📊 総資産額 ：108.85 USDT
🔄 取引回数 ：買い0回 / 売り0回
💹 現在の利益：+0.06 USDT (+0.05%)
━━━━━━━━━━━━━━━━━━━━━━━
2025-02-15 19:11:43,505 - INFO - 
━━━━━━━━━━ 取引情報 ━━━━━━━━━━
📅 時刻　　　：2025-02-15 19:11:43
💰 BTC価格　：94,264.80 USDT
📈 価格変動　：+0.50%
💵 USDT残高 ：96.32 USDT
₿ BTC保有量：0.000133 BTC
📊 総資産額 ：108.85 USDT
🔄 取引回数 ：買い0回 / 売り0回
💹 現在の利益：+0.06 USDT (+0.06%)
━━━━━━━━━━━━━━━━━━━━━━━
2025-02-15 19:11:53,765 - INFO - 
━━━━━━━━━━ 取引情報 ━━━━━━━━━━
📅 時刻　　　：2025-02-15 19:11:53
💰 BTC価格　：94,286.57 USDT
📈 価格変動　：+0.52%
💵 USDT残高 ：96.32 USDT
₿ BTC保有量：0.000133 BTC
📊 総資産額 ：108.85 USDT
🔄 取引回数 ：買い0回 / 売り0回
💹 現在の利益：+0.06 USDT (+0.06%)
━━━━━━━━━━━━━━━━━━━━━━━
2025-02-15 19:11:53,765 - INFO - 売りシグナル検出。売り注文を実行中...
2025-02-15 19:11:53,938 - ERROR - 売り注文エラー: Order quantity has too many decimals. (ErrCode: 170137) (ErrTime: 10:11:53).
Request → POST https://api-testnet.bybit.com/v5/order/create: {"category": "spot", "symbol": "BTCUSDT", "side": "Sell", "orderType": "Market", "qty": "0.00013297", "orderFilter": "ORDER"}.
2025-02-15 19:12:04,197 - INFO - 
━━━━━━━━━━ 取引情報 ━━━━━━━━━━
📅 時刻　　　：2025-02-15 19:12:04
💰 BTC価格　：94,286.57 USDT
📈 価格変動　：+0.52%
💵 USDT残高 ：96.32 USDT
₿ BTC保有量：0.000133 BTC
📊 総資産額 ：108.85 USDT
🔄 取引回数 ：買い0回 / 売り0回
💹 現在の利益：+0.06 USDT (+0.06%)
━━━━━━━━━━━━━━━━━━━━━━━
2025-02-15 19:12:04,198 - INFO - 売りシグナル検出。売り注文を実行中...
2025-02-15 19:12:04,365 - ERROR - 売り注文エラー: Order quantity has too many decimals. (ErrCode: 170137) (ErrTime: 10:12:04).
Request → POST https://api-testnet.bybit.com/v5/order/create: {"category": "spot", "symbol": "BTCUSDT", "side": "Sell", "orderType": "Market", "qty": "0.00013297", "orderFilter": "ORDER"}.
2025-02-15 19:12:14,618 - INFO - 
━━━━━━━━━━ 取引情報 ━━━━━━━━━━
📅 時刻　　　：2025-02-15 19:12:14
💰 BTC価格　：94,286.57 USDT
📈 価格変動　：+0.52%
💵 USDT残高 ：96.32 USDT
₿ BTC保有量：0.000133 BTC
📊 総資産額 ：108.85 USDT
🔄 取引回数 ：買い0回 / 売り0回
💹 現在の利益：+0.06 USDT (+0.06%)
━━━━━━━━━━━━━━━━━━━━━━━
2025-02-15 19:12:14,619 - INFO - 売りシグナル検出。売り注文を実行中...
2025-02-15 19:12:14,786 - ERROR - 売り注文エラー: Order quantity has too many decimals. (ErrCode: 170137) (ErrTime: 10:12:14).
Request → POST https://api-testnet.bybit.com/v5/order/create: {"category": "spot", "symbol": "BTCUSDT", "side": "Sell", "orderType": "Market", "qty": "0.00013297", "orderFilter": "ORDER"}.
2025-02-15 19:12:25,036 - INFO - 
━━━━━━━━━━ 取引情報 ━━━━━━━━━━
📅 時刻　　　：2025-02-15 19:12:24
💰 BTC価格　：94,286.57 USDT
📈 価格変動　：+0.52%
💵 USDT残高 ：96.32 USDT
₿ BTC保有量：0.000133 BTC
📊 総資産額 ：108.85 USDT
🔄 取引回数 ：買い0回 / 売り0回
💹 現在の利益：+0.06 USDT (+0.06%)
━━━━━━━━━━━━━━━━━━━━━━━
2025-02-15 19:12:25,037 - INFO - 売りシグナル検出。売り注文を実行中...
2025-02-15 19:12:25,206 - ERROR - 売り注文エラー: Order quantity has too many decimals. (ErrCode: 170137) (ErrTime: 10:12:25).
Request → POST https://api-testnet.bybit.com/v5/order/create: {"category": "spot", "symbol": "BTCUSDT", "side": "Sell", "orderType": "Market", "qty": "0.00013297", "orderFilter": "ORDER"}.
2025-02-15 19:12:35,474 - INFO - 
━━━━━━━━━━ 取引情報 ━━━━━━━━━━
📅 時刻　　　：2025-02-15 19:12:35
💰 BTC価格　：94,286.57 USDT
📈 価格変動　：+0.52%
💵 USDT残高 ：96.32 USDT
₿ BTC保有量：0.000133 BTC
📊 総資産額 ：108.85 USDT
🔄 取引回数 ：買い0回 / 売り0回
💹 現在の利益：+0.06 USDT (+0.06%)
━━━━━━━━━━━━━━━━━━━━━━━
2025-02-15 19:12:35,474 - INFO - 売りシグナル検出。売り注文を実行中...
2025-02-15 19:12:35,639 - ERROR - 売り注文エラー: Order quantity has too many decimals. (ErrCode: 170137) (ErrTime: 10:12:35).
Request → POST https://api-testnet.bybit.com/v5/order/create: {"category": "spot", "symbol": "BTCUSDT", "side": "Sell", "orderType": "Market", "qty": "0.00013297", "orderFilter": "ORDER"}.
2025-02-15 19:12:45,892 - INFO - 
━━━━━━━━━━ 取引情報 ━━━━━━━━━━
📅 時刻　　　：2025-02-15 19:12:45
💰 BTC価格　：94,286.57 USDT
📈 価格変動　：+0.52%
💵 USDT残高 ：96.32 USDT
₿ BTC保有量：0.000133 BTC
📊 総資産額 ：108.85 USDT
🔄 取引回数 ：買い0回 / 売り0回
💹 現在の利益：+0.06 USDT (+0.06%)
━━━━━━━━━━━━━━━━━━━━━━━
2025-02-15 19:12:45,892 - INFO - 売りシグナル検出。売り注文を実行中...
2025-02-15 19:12:46,193 - ERROR - 売り注文エラー: Order quantity has too many decimals. (ErrCode: 170137) (ErrTime: 10:12:46).
Request → POST https://api-testnet.bybit.com/v5/order/create: {"category": "spot", "symbol": "BTCUSDT", "side": "Sell", "orderType": "Market", "qty": "0.00013297", "orderFilter": "ORDER"}.
2025-02-15 19:12:48,787 - INFO - 
プログラムがCtrl+Cにより終了されました。安全に終了します。
