2025-02-15 19:36:13,226 - INFO - 初期価格を取得中...
2025-02-15 19:36:13,936 - INFO - 
━━━━━━━━━━ 取引情報 ━━━━━━━━━━
📅 時刻　　　：2025-02-15 19:36:13
💰 BTC価格　：97,097.91 USDT
📉 価格変動　：0.00%
💵 USDT残高 ：95.99 USDT
₿ BTC保有量：0.000136 BTC
📊 総資産額 ：109.19 USDT
🔄 取引回数 ：買い0回 / 売り0回
💹 現在の利益：+0.00 USDT (+0.00%)
━━━━━━━━━━━━━━━━━━━━━━━
2025-02-15 19:36:24,194 - INFO - 
━━━━━━━━━━ 取引情報 ━━━━━━━━━━
📅 時刻　　　：2025-02-15 19:36:24
💰 BTC価格　：96,938.20 USDT
📉 価格変動　：-0.16%
💵 USDT残高 ：95.99 USDT
₿ BTC保有量：0.000136 BTC
📊 総資産額 ：109.17 USDT
🔄 取引回数 ：買い0回 / 売り0回
📉 現在の損失：-0.02 USDT (-0.02%)
━━━━━━━━━━━━━━━━━━━━━━━
2025-02-15 19:36:34,462 - INFO - 
━━━━━━━━━━ 取引情報 ━━━━━━━━━━
📅 時刻　　　：2025-02-15 19:36:34
💰 BTC価格　：97,130.73 USDT
📈 価格変動　：+0.03%
💵 USDT残高 ：95.99 USDT
₿ BTC保有量：0.000136 BTC
📊 総資産額 ：109.19 USDT
🔄 取引回数 ：買い0回 / 売り0回
💹 現在の利益：+0.00 USDT (+0.00%)
━━━━━━━━━━━━━━━━━━━━━━━
2025-02-15 19:36:44,716 - INFO - 
━━━━━━━━━━ 取引情報 ━━━━━━━━━━
📅 時刻　　　：2025-02-15 19:36:44
💰 BTC価格　：97,166.35 USDT
📈 価格変動　：+0.07%
💵 USDT残高 ：95.99 USDT
₿ BTC保有量：0.000136 BTC
📊 総資産額 ：109.20 USDT
🔄 取引回数 ：買い0回 / 売り0回
💹 現在の利益：+0.01 USDT (+0.01%)
━━━━━━━━━━━━━━━━━━━━━━━
2025-02-15 19:36:54,972 - INFO - 
━━━━━━━━━━ 取引情報 ━━━━━━━━━━
📅 時刻　　　：2025-02-15 19:36:54
💰 BTC価格　：97,203.78 USDT
📈 価格変動　：+0.11%
💵 USDT残高 ：95.99 USDT
₿ BTC保有量：0.000136 BTC
📊 総資産額 ：109.20 USDT
🔄 取引回数 ：買い0回 / 売り0回
💹 現在の利益：+0.01 USDT (+0.01%)
━━━━━━━━━━━━━━━━━━━━━━━
2025-02-15 19:37:05,225 - INFO - 
━━━━━━━━━━ 取引情報 ━━━━━━━━━━
📅 時刻　　　：2025-02-15 19:37:05
💰 BTC価格　：97,139.19 USDT
📈 価格変動　：+0.04%
💵 USDT残高 ：95.99 USDT
₿ BTC保有量：0.000136 BTC
📊 総資産額 ：109.19 USDT
🔄 取引回数 ：買い0回 / 売り0回
💹 現在の利益：+0.01 USDT (+0.01%)
━━━━━━━━━━━━━━━━━━━━━━━
2025-02-15 19:37:15,484 - INFO - 
━━━━━━━━━━ 取引情報 ━━━━━━━━━━
📅 時刻　　　：2025-02-15 19:37:15
💰 BTC価格　：97,300.00 USDT
📈 価格変動　：+0.21%
💵 USDT残高 ：95.99 USDT
₿ BTC保有量：0.000136 BTC
📊 総資産額 ：109.22 USDT
🔄 取引回数 ：買い0回 / 売り0回
💹 現在の利益：+0.03 USDT (+0.03%)
━━━━━━━━━━━━━━━━━━━━━━━
2025-02-15 19:37:25,741 - INFO - 
━━━━━━━━━━ 取引情報 ━━━━━━━━━━
📅 時刻　　　：2025-02-15 19:37:25
💰 BTC価格　：97,368.05 USDT
📈 価格変動　：+0.28%
💵 USDT残高 ：95.99 USDT
₿ BTC保有量：0.000136 BTC
📊 総資産額 ：109.23 USDT
🔄 取引回数 ：買い0回 / 売り0回
💹 現在の利益：+0.04 USDT (+0.03%)
━━━━━━━━━━━━━━━━━━━━━━━
2025-02-15 19:37:35,998 - INFO - 
━━━━━━━━━━ 取引情報 ━━━━━━━━━━
📅 時刻　　　：2025-02-15 19:37:35
💰 BTC価格　：97,385.77 USDT
📈 価格変動　：+0.30%
💵 USDT残高 ：95.99 USDT
₿ BTC保有量：0.000136 BTC
📊 総資産額 ：109.23 USDT
🔄 取引回数 ：買い0回 / 売り0回
💹 現在の利益：+0.04 USDT (+0.04%)
━━━━━━━━━━━━━━━━━━━━━━━
2025-02-15 19:37:46,255 - INFO - 
━━━━━━━━━━ 取引情報 ━━━━━━━━━━
📅 時刻　　　：2025-02-15 19:37:46
💰 BTC価格　：97,388.95 USDT
📈 価格変動　：+0.30%
💵 USDT残高 ：95.99 USDT
₿ BTC保有量：0.000136 BTC
📊 総資産額 ：109.23 USDT
🔄 取引回数 ：買い0回 / 売り0回
💹 現在の利益：+0.04 USDT (+0.04%)
━━━━━━━━━━━━━━━━━━━━━━━
2025-02-15 19:37:56,514 - INFO - 
━━━━━━━━━━ 取引情報 ━━━━━━━━━━
📅 時刻　　　：2025-02-15 19:37:56
💰 BTC価格　：97,388.95 USDT
📈 価格変動　：+0.30%
💵 USDT残高 ：95.99 USDT
₿ BTC保有量：0.000136 BTC
📊 総資産額 ：109.23 USDT
🔄 取引回数 ：買い0回 / 売り0回
💹 現在の利益：+0.04 USDT (+0.04%)
━━━━━━━━━━━━━━━━━━━━━━━
2025-02-15 19:38:06,770 - INFO - 
━━━━━━━━━━ 取引情報 ━━━━━━━━━━
📅 時刻　　　：2025-02-15 19:38:06
💰 BTC価格　：97,362.29 USDT
📈 価格変動　：+0.27%
💵 USDT残高 ：95.99 USDT
₿ BTC保有量：0.000136 BTC
📊 総資産額 ：109.22 USDT
🔄 取引回数 ：買い0回 / 売り0回
💹 現在の利益：+0.04 USDT (+0.03%)
━━━━━━━━━━━━━━━━━━━━━━━
2025-02-15 19:38:17,036 - INFO - 
━━━━━━━━━━ 取引情報 ━━━━━━━━━━
📅 時刻　　　：2025-02-15 19:38:16
💰 BTC価格　：97,362.29 USDT
📈 価格変動　：+0.27%
💵 USDT残高 ：95.99 USDT
₿ BTC保有量：0.000136 BTC
📊 総資産額 ：109.22 USDT
🔄 取引回数 ：買い0回 / 売り0回
💹 現在の利益：+0.04 USDT (+0.03%)
━━━━━━━━━━━━━━━━━━━━━━━
2025-02-15 19:38:27,291 - INFO - 
━━━━━━━━━━ 取引情報 ━━━━━━━━━━
📅 時刻　　　：2025-02-15 19:38:27
💰 BTC価格　：97,362.29 USDT
📈 価格変動　：+0.27%
💵 USDT残高 ：95.99 USDT
₿ BTC保有量：0.000136 BTC
📊 総資産額 ：109.22 USDT
🔄 取引回数 ：買い0回 / 売り0回
💹 現在の利益：+0.04 USDT (+0.03%)
━━━━━━━━━━━━━━━━━━━━━━━
2025-02-15 19:38:37,548 - INFO - 
━━━━━━━━━━ 取引情報 ━━━━━━━━━━
📅 時刻　　　：2025-02-15 19:38:37
💰 BTC価格　：97,362.29 USDT
📈 価格変動　：+0.27%
💵 USDT残高 ：95.99 USDT
₿ BTC保有量：0.000136 BTC
📊 総資産額 ：109.22 USDT
🔄 取引回数 ：買い0回 / 売り0回
💹 現在の利益：+0.04 USDT (+0.03%)
━━━━━━━━━━━━━━━━━━━━━━━
2025-02-15 19:38:47,809 - INFO - 
━━━━━━━━━━ 取引情報 ━━━━━━━━━━
📅 時刻　　　：2025-02-15 19:38:47
💰 BTC価格　：97,362.29 USDT
📈 価格変動　：+0.27%
💵 USDT残高 ：95.99 USDT
₿ BTC保有量：0.000136 BTC
📊 総資産額 ：109.22 USDT
🔄 取引回数 ：買い0回 / 売り0回
💹 現在の利益：+0.04 USDT (+0.03%)
━━━━━━━━━━━━━━━━━━━━━━━
2025-02-15 19:38:58,065 - INFO - 
━━━━━━━━━━ 取引情報 ━━━━━━━━━━
📅 時刻　　　：2025-02-15 19:38:57
💰 BTC価格　：97,362.29 USDT
📈 価格変動　：+0.27%
💵 USDT残高 ：95.99 USDT
₿ BTC保有量：0.000136 BTC
📊 総資産額 ：109.22 USDT
🔄 取引回数 ：買い0回 / 売り0回
💹 現在の利益：+0.04 USDT (+0.03%)
━━━━━━━━━━━━━━━━━━━━━━━
2025-02-15 19:39:08,320 - INFO - 
━━━━━━━━━━ 取引情報 ━━━━━━━━━━
📅 時刻　　　：2025-02-15 19:39:08
💰 BTC価格　：97,350.99 USDT
📈 価格変動　：+0.26%
💵 USDT残高 ：95.99 USDT
₿ BTC保有量：0.000136 BTC
📊 総資産額 ：109.22 USDT
🔄 取引回数 ：買い0回 / 売り0回
💹 現在の利益：+0.03 USDT (+0.03%)
━━━━━━━━━━━━━━━━━━━━━━━
2025-02-15 19:39:18,575 - INFO - 
━━━━━━━━━━ 取引情報 ━━━━━━━━━━
📅 時刻　　　：2025-02-15 19:39:18
💰 BTC価格　：97,350.99 USDT
📈 価格変動　：+0.26%
💵 USDT残高 ：95.99 USDT
₿ BTC保有量：0.000136 BTC
📊 総資産額 ：109.22 USDT
🔄 取引回数 ：買い0回 / 売り0回
💹 現在の利益：+0.03 USDT (+0.03%)
━━━━━━━━━━━━━━━━━━━━━━━
2025-02-15 19:39:28,833 - INFO - 
━━━━━━━━━━ 取引情報 ━━━━━━━━━━
📅 時刻　　　：2025-02-15 19:39:28
💰 BTC価格　：97,350.99 USDT
📈 価格変動　：+0.26%
💵 USDT残高 ：95.99 USDT
₿ BTC保有量：0.000136 BTC
📊 総資産額 ：109.22 USDT
🔄 取引回数 ：買い0回 / 売り0回
💹 現在の利益：+0.03 USDT (+0.03%)
━━━━━━━━━━━━━━━━━━━━━━━
2025-02-15 19:39:39,087 - INFO - 
━━━━━━━━━━ 取引情報 ━━━━━━━━━━
📅 時刻　　　：2025-02-15 19:39:38
💰 BTC価格　：97,350.99 USDT
📈 価格変動　：+0.26%
💵 USDT残高 ：95.99 USDT
₿ BTC保有量：0.000136 BTC
📊 総資産額 ：109.22 USDT
🔄 取引回数 ：買い0回 / 売り0回
💹 現在の利益：+0.03 USDT (+0.03%)
━━━━━━━━━━━━━━━━━━━━━━━
2025-02-15 19:39:49,349 - INFO - 
━━━━━━━━━━ 取引情報 ━━━━━━━━━━
📅 時刻　　　：2025-02-15 19:39:49
💰 BTC価格　：97,350.58 USDT
📈 価格変動　：+0.26%
💵 USDT残高 ：95.99 USDT
₿ BTC保有量：0.000136 BTC
📊 総資産額 ：109.22 USDT
🔄 取引回数 ：買い0回 / 売り0回
💹 現在の利益：+0.03 USDT (+0.03%)
━━━━━━━━━━━━━━━━━━━━━━━
2025-02-15 19:39:59,605 - INFO - 
━━━━━━━━━━ 取引情報 ━━━━━━━━━━
📅 時刻　　　：2025-02-15 19:39:59
💰 BTC価格　：97,350.58 USDT
📈 価格変動　：+0.26%
💵 USDT残高 ：95.99 USDT
₿ BTC保有量：0.000136 BTC
📊 総資産額 ：109.22 USDT
🔄 取引回数 ：買い0回 / 売り0回
💹 現在の利益：+0.03 USDT (+0.03%)
━━━━━━━━━━━━━━━━━━━━━━━
2025-02-15 19:40:09,863 - INFO - 
━━━━━━━━━━ 取引情報 ━━━━━━━━━━
📅 時刻　　　：2025-02-15 19:40:09
💰 BTC価格　：97,350.58 USDT
📈 価格変動　：+0.26%
💵 USDT残高 ：95.99 USDT
₿ BTC保有量：0.000136 BTC
📊 総資産額 ：109.22 USDT
🔄 取引回数 ：買い0回 / 売り0回
💹 現在の利益：+0.03 USDT (+0.03%)
━━━━━━━━━━━━━━━━━━━━━━━
2025-02-15 19:40:20,136 - INFO - 
━━━━━━━━━━ 取引情報 ━━━━━━━━━━
📅 時刻　　　：2025-02-15 19:40:19
💰 BTC価格　：97,462.18 USDT
📈 価格変動　：+0.38%
💵 USDT残高 ：95.99 USDT
₿ BTC保有量：0.000136 BTC
📊 総資産額 ：109.24 USDT
🔄 取引回数 ：買い0回 / 売り0回
💹 現在の利益：+0.05 USDT (+0.05%)
━━━━━━━━━━━━━━━━━━━━━━━
2025-02-15 19:40:30,394 - INFO - 
━━━━━━━━━━ 取引情報 ━━━━━━━━━━
📅 時刻　　　：2025-02-15 19:40:30
💰 BTC価格　：97,462.18 USDT
📈 価格変動　：+0.38%
💵 USDT残高 ：95.99 USDT
₿ BTC保有量：0.000136 BTC
📊 総資産額 ：109.24 USDT
🔄 取引回数 ：買い0回 / 売り0回
💹 現在の利益：+0.05 USDT (+0.05%)
━━━━━━━━━━━━━━━━━━━━━━━
2025-02-15 19:40:40,652 - INFO - 
━━━━━━━━━━ 取引情報 ━━━━━━━━━━
📅 時刻　　　：2025-02-15 19:40:40
💰 BTC価格　：97,417.05 USDT
📈 価格変動　：+0.33%
💵 USDT残高 ：95.99 USDT
₿ BTC保有量：0.000136 BTC
📊 総資産額 ：109.23 USDT
🔄 取引回数 ：買い0回 / 売り0回
💹 現在の利益：+0.04 USDT (+0.04%)
━━━━━━━━━━━━━━━━━━━━━━━
2025-02-15 19:40:50,908 - INFO - 
━━━━━━━━━━ 取引情報 ━━━━━━━━━━
📅 時刻　　　：2025-02-15 19:40:50
💰 BTC価格　：97,511.31 USDT
📈 価格変動　：+0.43%
💵 USDT残高 ：95.99 USDT
₿ BTC保有量：0.000136 BTC
📊 総資産額 ：109.24 USDT
🔄 取引回数 ：買い0回 / 売り0回
💹 現在の利益：+0.06 USDT (+0.05%)
━━━━━━━━━━━━━━━━━━━━━━━
2025-02-15 19:41:01,170 - INFO - 
━━━━━━━━━━ 取引情報 ━━━━━━━━━━
📅 時刻　　　：2025-02-15 19:41:00
💰 BTC価格　：97,866.34 USDT
📈 価格変動　：+0.79%
💵 USDT残高 ：95.99 USDT
₿ BTC保有量：0.000136 BTC
📊 総資産額 ：109.29 USDT
🔄 取引回数 ：買い0回 / 売り0回
💹 現在の利益：+0.10 USDT (+0.10%)
━━━━━━━━━━━━━━━━━━━━━━━
2025-02-15 19:41:01,171 - INFO - 売りシグナル検出。売り注文を実行中...
2025-02-15 19:41:01,336 - ERROR - 売り注文エラー: Order quantity has too many decimals. (ErrCode: 170137) (ErrTime: 10:41:01).
Request → POST https://api-testnet.bybit.com/v5/order/create: {"category": "spot", "symbol": "BTCUSDT", "side": "Sell", "orderType": "Market", "qty": "0.00013589", "orderFilter": "ORDER"}.
2025-02-15 19:41:11,592 - INFO - 
━━━━━━━━━━ 取引情報 ━━━━━━━━━━
📅 時刻　　　：2025-02-15 19:41:11
💰 BTC価格　：97,801.18 USDT
📈 価格変動　：+0.72%
💵 USDT残高 ：95.99 USDT
₿ BTC保有量：0.000136 BTC
📊 総資産額 ：109.28 USDT
🔄 取引回数 ：買い0回 / 売り0回
💹 現在の利益：+0.10 USDT (+0.09%)
━━━━━━━━━━━━━━━━━━━━━━━
2025-02-15 19:41:11,593 - INFO - 売りシグナル検出。売り注文を実行中...
2025-02-15 19:41:11,902 - ERROR - 売り注文エラー: Order quantity has too many decimals. (ErrCode: 170137) (ErrTime: 10:41:11).
Request → POST https://api-testnet.bybit.com/v5/order/create: {"category": "spot", "symbol": "BTCUSDT", "side": "Sell", "orderType": "Market", "qty": "0.00013589", "orderFilter": "ORDER"}.
2025-02-15 19:41:22,160 - INFO - 
━━━━━━━━━━ 取引情報 ━━━━━━━━━━
📅 時刻　　　：2025-02-15 19:41:21
💰 BTC価格　：97,801.18 USDT
📈 価格変動　：+0.72%
💵 USDT残高 ：95.99 USDT
₿ BTC保有量：0.000136 BTC
📊 総資産額 ：109.28 USDT
🔄 取引回数 ：買い0回 / 売り0回
💹 現在の利益：+0.10 USDT (+0.09%)
━━━━━━━━━━━━━━━━━━━━━━━
2025-02-15 19:41:22,162 - INFO - 売りシグナル検出。売り注文を実行中...
2025-02-15 19:41:22,331 - ERROR - 売り注文エラー: Order quantity has too many decimals. (ErrCode: 170137) (ErrTime: 10:41:22).
Request → POST https://api-testnet.bybit.com/v5/order/create: {"category": "spot", "symbol": "BTCUSDT", "side": "Sell", "orderType": "Market", "qty": "0.00013589", "orderFilter": "ORDER"}.
2025-02-15 19:41:32,586 - INFO - 
━━━━━━━━━━ 取引情報 ━━━━━━━━━━
📅 時刻　　　：2025-02-15 19:41:32
💰 BTC価格　：97,801.18 USDT
📈 価格変動　：+0.72%
💵 USDT残高 ：95.99 USDT
₿ BTC保有量：0.000136 BTC
📊 総資産額 ：109.28 USDT
🔄 取引回数 ：買い0回 / 売り0回
💹 現在の利益：+0.10 USDT (+0.09%)
━━━━━━━━━━━━━━━━━━━━━━━
2025-02-15 19:41:32,587 - INFO - 売りシグナル検出。売り注文を実行中...
2025-02-15 19:41:32,750 - ERROR - 売り注文エラー: Order quantity has too many decimals. (ErrCode: 170137) (ErrTime: 10:41:32).
Request → POST https://api-testnet.bybit.com/v5/order/create: {"category": "spot", "symbol": "BTCUSDT", "side": "Sell", "orderType": "Market", "qty": "0.00013589", "orderFilter": "ORDER"}.
2025-02-15 19:41:43,008 - INFO - 
━━━━━━━━━━ 取引情報 ━━━━━━━━━━
📅 時刻　　　：2025-02-15 19:41:42
💰 BTC価格　：97,654.47 USDT
📈 価格変動　：+0.57%
💵 USDT残高 ：95.99 USDT
₿ BTC保有量：0.000136 BTC
📊 総資産額 ：109.26 USDT
🔄 取引回数 ：買い0回 / 売り0回
💹 現在の利益：+0.08 USDT (+0.07%)
━━━━━━━━━━━━━━━━━━━━━━━
2025-02-15 19:41:43,008 - INFO - 売りシグナル検出。売り注文を実行中...
2025-02-15 19:41:43,309 - ERROR - 売り注文エラー: Order quantity has too many decimals. (ErrCode: 170137) (ErrTime: 10:41:43).
Request → POST https://api-testnet.bybit.com/v5/order/create: {"category": "spot", "symbol": "BTCUSDT", "side": "Sell", "orderType": "Market", "qty": "0.00013589", "orderFilter": "ORDER"}.
2025-02-15 19:41:53,563 - INFO - 
━━━━━━━━━━ 取引情報 ━━━━━━━━━━
📅 時刻　　　：2025-02-15 19:41:53
💰 BTC価格　：97,399.68 USDT
📈 価格変動　：+0.31%
💵 USDT残高 ：95.99 USDT
₿ BTC保有量：0.000136 BTC
📊 総資産額 ：109.23 USDT
🔄 取引回数 ：買い0回 / 売り0回
💹 現在の利益：+0.04 USDT (+0.04%)
━━━━━━━━━━━━━━━━━━━━━━━
2025-02-15 19:42:03,828 - INFO - 
━━━━━━━━━━ 取引情報 ━━━━━━━━━━
📅 時刻　　　：2025-02-15 19:42:03
💰 BTC価格　：97,801.17 USDT
📈 価格変動　：+0.72%
💵 USDT残高 ：95.99 USDT
₿ BTC保有量：0.000136 BTC
📊 総資産額 ：109.28 USDT
🔄 取引回数 ：買い0回 / 売り0回
💹 現在の利益：+0.10 USDT (+0.09%)
━━━━━━━━━━━━━━━━━━━━━━━
2025-02-15 19:42:03,829 - INFO - 売りシグナル検出。売り注文を実行中...
2025-02-15 19:42:04,008 - ERROR - 売り注文エラー: Order quantity has too many decimals. (ErrCode: 170137) (ErrTime: 10:42:04).
Request → POST https://api-testnet.bybit.com/v5/order/create: {"category": "spot", "symbol": "BTCUSDT", "side": "Sell", "orderType": "Market", "qty": "0.00013589", "orderFilter": "ORDER"}.
2025-02-15 19:42:14,262 - INFO - 
━━━━━━━━━━ 取引情報 ━━━━━━━━━━
📅 時刻　　　：2025-02-15 19:42:14
💰 BTC価格　：97,568.32 USDT
📈 価格変動　：+0.48%
💵 USDT残高 ：95.99 USDT
₿ BTC保有量：0.000136 BTC
📊 総資産額 ：109.25 USDT
🔄 取引回数 ：買い0回 / 売り0回
💹 現在の利益：+0.06 USDT (+0.06%)
━━━━━━━━━━━━━━━━━━━━━━━
2025-02-15 19:42:24,516 - INFO - 
━━━━━━━━━━ 取引情報 ━━━━━━━━━━
📅 時刻　　　：2025-02-15 19:42:24
💰 BTC価格　：97,568.32 USDT
📈 価格変動　：+0.48%
💵 USDT残高 ：95.99 USDT
₿ BTC保有量：0.000136 BTC
📊 総資産額 ：109.25 USDT
🔄 取引回数 ：買い0回 / 売り0回
💹 現在の利益：+0.06 USDT (+0.06%)
━━━━━━━━━━━━━━━━━━━━━━━
2025-02-15 19:42:34,774 - INFO - 
━━━━━━━━━━ 取引情報 ━━━━━━━━━━
📅 時刻　　　：2025-02-15 19:42:34
💰 BTC価格　：97,568.32 USDT
📈 価格変動　：+0.48%
💵 USDT残高 ：95.99 USDT
₿ BTC保有量：0.000136 BTC
📊 総資産額 ：109.25 USDT
🔄 取引回数 ：買い0回 / 売り0回
💹 現在の利益：+0.06 USDT (+0.06%)
━━━━━━━━━━━━━━━━━━━━━━━
2025-02-15 19:42:45,030 - INFO - 
━━━━━━━━━━ 取引情報 ━━━━━━━━━━
📅 時刻　　　：2025-02-15 19:42:44
💰 BTC価格　：97,547.20 USDT
📈 価格変動　：+0.46%
💵 USDT残高 ：95.99 USDT
₿ BTC保有量：0.000136 BTC
📊 総資産額 ：109.25 USDT
🔄 取引回数 ：買い0回 / 売り0回
💹 現在の利益：+0.06 USDT (+0.06%)
━━━━━━━━━━━━━━━━━━━━━━━
2025-02-15 19:42:55,294 - INFO - 
━━━━━━━━━━ 取引情報 ━━━━━━━━━━
📅 時刻　　　：2025-02-15 19:42:55
💰 BTC価格　：97,547.20 USDT
📈 価格変動　：+0.46%
💵 USDT残高 ：95.99 USDT
₿ BTC保有量：0.000136 BTC
📊 総資産額 ：109.25 USDT
🔄 取引回数 ：買い0回 / 売り0回
💹 現在の利益：+0.06 USDT (+0.06%)
━━━━━━━━━━━━━━━━━━━━━━━
2025-02-15 19:43:05,550 - INFO - 
━━━━━━━━━━ 取引情報 ━━━━━━━━━━
📅 時刻　　　：2025-02-15 19:43:05
💰 BTC価格　：97,547.20 USDT
📈 価格変動　：+0.46%
💵 USDT残高 ：95.99 USDT
₿ BTC保有量：0.000136 BTC
📊 総資産額 ：109.25 USDT
🔄 取引回数 ：買い0回 / 売り0回
💹 現在の利益：+0.06 USDT (+0.06%)
━━━━━━━━━━━━━━━━━━━━━━━
2025-02-15 19:43:15,814 - INFO - 
━━━━━━━━━━ 取引情報 ━━━━━━━━━━
📅 時刻　　　：2025-02-15 19:43:15
💰 BTC価格　：97,547.20 USDT
📈 価格変動　：+0.46%
💵 USDT残高 ：95.99 USDT
₿ BTC保有量：0.000136 BTC
📊 総資産額 ：109.25 USDT
🔄 取引回数 ：買い0回 / 売り0回
💹 現在の利益：+0.06 USDT (+0.06%)
━━━━━━━━━━━━━━━━━━━━━━━
2025-02-15 19:43:26,077 - INFO - 
━━━━━━━━━━ 取引情報 ━━━━━━━━━━
📅 時刻　　　：2025-02-15 19:43:25
💰 BTC価格　：97,547.20 USDT
📈 価格変動　：+0.46%
💵 USDT残高 ：95.99 USDT
₿ BTC保有量：0.000136 BTC
📊 総資産額 ：109.25 USDT
🔄 取引回数 ：買い0回 / 売り0回
💹 現在の利益：+0.06 USDT (+0.06%)
━━━━━━━━━━━━━━━━━━━━━━━
2025-02-15 19:43:36,337 - INFO - 
━━━━━━━━━━ 取引情報 ━━━━━━━━━━
📅 時刻　　　：2025-02-15 19:43:36
💰 BTC価格　：97,410.48 USDT
📈 価格変動　：+0.32%
💵 USDT残高 ：95.99 USDT
₿ BTC保有量：0.000136 BTC
📊 総資産額 ：109.23 USDT
🔄 取引回数 ：買い0回 / 売り0回
💹 現在の利益：+0.04 USDT (+0.04%)
━━━━━━━━━━━━━━━━━━━━━━━
2025-02-15 19:43:46,597 - INFO - 
━━━━━━━━━━ 取引情報 ━━━━━━━━━━
📅 時刻　　　：2025-02-15 19:43:46
💰 BTC価格　：97,400.00 USDT
📈 価格変動　：+0.31%
💵 USDT残高 ：95.99 USDT
₿ BTC保有量：0.000136 BTC
📊 総資産額 ：109.23 USDT
🔄 取引回数 ：買い0回 / 売り0回
💹 現在の利益：+0.04 USDT (+0.04%)
━━━━━━━━━━━━━━━━━━━━━━━
2025-02-15 19:43:56,853 - INFO - 
━━━━━━━━━━ 取引情報 ━━━━━━━━━━
📅 時刻　　　：2025-02-15 19:43:56
💰 BTC価格　：97,400.00 USDT
📈 価格変動　：+0.31%
💵 USDT残高 ：95.99 USDT
₿ BTC保有量：0.000136 BTC
📊 総資産額 ：109.23 USDT
🔄 取引回数 ：買い0回 / 売り0回
💹 現在の利益：+0.04 USDT (+0.04%)
━━━━━━━━━━━━━━━━━━━━━━━
2025-02-15 19:44:07,109 - INFO - 
━━━━━━━━━━ 取引情報 ━━━━━━━━━━
📅 時刻　　　：2025-02-15 19:44:06
💰 BTC価格　：97,400.00 USDT
📈 価格変動　：+0.31%
💵 USDT残高 ：95.99 USDT
₿ BTC保有量：0.000136 BTC
📊 総資産額 ：109.23 USDT
🔄 取引回数 ：買い0回 / 売り0回
💹 現在の利益：+0.04 USDT (+0.04%)
━━━━━━━━━━━━━━━━━━━━━━━
2025-02-15 19:44:17,366 - INFO - 
━━━━━━━━━━ 取引情報 ━━━━━━━━━━
📅 時刻　　　：2025-02-15 19:44:17
💰 BTC価格　：97,495.60 USDT
📈 価格変動　：+0.41%
💵 USDT残高 ：95.99 USDT
₿ BTC保有量：0.000136 BTC
📊 総資産額 ：109.24 USDT
🔄 取引回数 ：買い0回 / 売り0回
💹 現在の利益：+0.05 USDT (+0.05%)
━━━━━━━━━━━━━━━━━━━━━━━
2025-02-15 19:44:27,618 - INFO - 
━━━━━━━━━━ 取引情報 ━━━━━━━━━━
📅 時刻　　　：2025-02-15 19:44:27
💰 BTC価格　：97,856.69 USDT
📈 価格変動　：+0.78%
💵 USDT残高 ：95.99 USDT
₿ BTC保有量：0.000136 BTC
📊 総資産額 ：109.29 USDT
🔄 取引回数 ：買い0回 / 売り0回
💹 現在の利益：+0.10 USDT (+0.09%)
━━━━━━━━━━━━━━━━━━━━━━━
2025-02-15 19:44:27,619 - INFO - 売りシグナル検出。売り注文を実行中...
2025-02-15 19:44:27,785 - ERROR - 売り注文エラー: Order quantity has too many decimals. (ErrCode: 170137) (ErrTime: 10:44:27).
Request → POST https://api-testnet.bybit.com/v5/order/create: {"category": "spot", "symbol": "BTCUSDT", "side": "Sell", "orderType": "Market", "qty": "0.00013589", "orderFilter": "ORDER"}.
2025-02-15 19:44:38,048 - INFO - 
━━━━━━━━━━ 取引情報 ━━━━━━━━━━
📅 時刻　　　：2025-02-15 19:44:37
💰 BTC価格　：97,856.69 USDT
📈 価格変動　：+0.78%
💵 USDT残高 ：95.99 USDT
₿ BTC保有量：0.000136 BTC
📊 総資産額 ：109.29 USDT
🔄 取引回数 ：買い0回 / 売り0回
💹 現在の利益：+0.10 USDT (+0.09%)
━━━━━━━━━━━━━━━━━━━━━━━
2025-02-15 19:44:38,049 - INFO - 売りシグナル検出。売り注文を実行中...
2025-02-15 19:44:38,215 - ERROR - 売り注文エラー: Order quantity has too many decimals. (ErrCode: 170137) (ErrTime: 10:44:38).
Request → POST https://api-testnet.bybit.com/v5/order/create: {"category": "spot", "symbol": "BTCUSDT", "side": "Sell", "orderType": "Market", "qty": "0.00013589", "orderFilter": "ORDER"}.
2025-02-15 19:44:48,471 - INFO - 
━━━━━━━━━━ 取引情報 ━━━━━━━━━━
📅 時刻　　　：2025-02-15 19:44:48
💰 BTC価格　：97,410.52 USDT
📈 価格変動　：+0.32%
💵 USDT残高 ：95.99 USDT
₿ BTC保有量：0.000136 BTC
📊 総資産額 ：109.23 USDT
🔄 取引回数 ：買い0回 / 売り0回
💹 現在の利益：+0.04 USDT (+0.04%)
━━━━━━━━━━━━━━━━━━━━━━━
2025-02-15 19:44:58,738 - INFO - 
━━━━━━━━━━ 取引情報 ━━━━━━━━━━
📅 時刻　　　：2025-02-15 19:44:58
💰 BTC価格　：97,410.52 USDT
📈 価格変動　：+0.32%
💵 USDT残高 ：95.99 USDT
₿ BTC保有量：0.000136 BTC
📊 総資産額 ：109.23 USDT
🔄 取引回数 ：買い0回 / 売り0回
💹 現在の利益：+0.04 USDT (+0.04%)
━━━━━━━━━━━━━━━━━━━━━━━
2025-02-15 19:45:08,996 - INFO - 
━━━━━━━━━━ 取引情報 ━━━━━━━━━━
📅 時刻　　　：2025-02-15 19:45:08
💰 BTC価格　：97,752.06 USDT
📈 価格変動　：+0.67%
💵 USDT残高 ：95.99 USDT
₿ BTC保有量：0.000136 BTC
📊 総資産額 ：109.28 USDT
🔄 取引回数 ：買い0回 / 売り0回
💹 現在の利益：+0.09 USDT (+0.08%)
━━━━━━━━━━━━━━━━━━━━━━━
2025-02-15 19:45:08,996 - INFO - 売りシグナル検出。売り注文を実行中...
2025-02-15 19:45:09,165 - ERROR - 売り注文エラー: Order quantity has too many decimals. (ErrCode: 170137) (ErrTime: 10:45:09).
Request → POST https://api-testnet.bybit.com/v5/order/create: {"category": "spot", "symbol": "BTCUSDT", "side": "Sell", "orderType": "Market", "qty": "0.00013589", "orderFilter": "ORDER"}.
2025-02-15 19:45:19,425 - INFO - 
━━━━━━━━━━ 取引情報 ━━━━━━━━━━
📅 時刻　　　：2025-02-15 19:45:19
💰 BTC価格　：97,605.33 USDT
📈 価格変動　：+0.52%
💵 USDT残高 ：95.99 USDT
₿ BTC保有量：0.000136 BTC
📊 総資産額 ：109.26 USDT
🔄 取引回数 ：買い0回 / 売り0回
💹 現在の利益：+0.07 USDT (+0.06%)
━━━━━━━━━━━━━━━━━━━━━━━
2025-02-15 19:45:19,425 - INFO - 売りシグナル検出。売り注文を実行中...
2025-02-15 19:45:19,588 - ERROR - 売り注文エラー: Order quantity has too many decimals. (ErrCode: 170137) (ErrTime: 10:45:19).
Request → POST https://api-testnet.bybit.com/v5/order/create: {"category": "spot", "symbol": "BTCUSDT", "side": "Sell", "orderType": "Market", "qty": "0.00013589", "orderFilter": "ORDER"}.
2025-02-15 19:45:29,846 - INFO - 
━━━━━━━━━━ 取引情報 ━━━━━━━━━━
📅 時刻　　　：2025-02-15 19:45:29
💰 BTC価格　：97,605.33 USDT
📈 価格変動　：+0.52%
💵 USDT残高 ：95.99 USDT
₿ BTC保有量：0.000136 BTC
📊 総資産額 ：109.26 USDT
🔄 取引回数 ：買い0回 / 売り0回
💹 現在の利益：+0.07 USDT (+0.06%)
━━━━━━━━━━━━━━━━━━━━━━━
2025-02-15 19:45:29,846 - INFO - 売りシグナル検出。売り注文を実行中...
2025-02-15 19:45:30,018 - ERROR - 売り注文エラー: Order quantity has too many decimals. (ErrCode: 170137) (ErrTime: 10:45:30).
Request → POST https://api-testnet.bybit.com/v5/order/create: {"category": "spot", "symbol": "BTCUSDT", "side": "Sell", "orderType": "Market", "qty": "0.00013589", "orderFilter": "ORDER"}.
2025-02-15 19:45:40,287 - INFO - 
━━━━━━━━━━ 取引情報 ━━━━━━━━━━
📅 時刻　　　：2025-02-15 19:45:40
💰 BTC価格　：97,605.33 USDT
📈 価格変動　：+0.52%
💵 USDT残高 ：95.99 USDT
₿ BTC保有量：0.000136 BTC
📊 総資産額 ：109.26 USDT
🔄 取引回数 ：買い0回 / 売り0回
💹 現在の利益：+0.07 USDT (+0.06%)
━━━━━━━━━━━━━━━━━━━━━━━
2025-02-15 19:45:40,288 - INFO - 売りシグナル検出。売り注文を実行中...
2025-02-15 19:45:40,591 - ERROR - 売り注文エラー: Order quantity has too many decimals. (ErrCode: 170137) (ErrTime: 10:45:40).
Request → POST https://api-testnet.bybit.com/v5/order/create: {"category": "spot", "symbol": "BTCUSDT", "side": "Sell", "orderType": "Market", "qty": "0.00013589", "orderFilter": "ORDER"}.
2025-02-15 19:45:50,842 - INFO - 
━━━━━━━━━━ 取引情報 ━━━━━━━━━━
📅 時刻　　　：2025-02-15 19:45:50
💰 BTC価格　：97,605.33 USDT
📈 価格変動　：+0.52%
💵 USDT残高 ：95.99 USDT
₿ BTC保有量：0.000136 BTC
📊 総資産額 ：109.26 USDT
🔄 取引回数 ：買い0回 / 売り0回
💹 現在の利益：+0.07 USDT (+0.06%)
━━━━━━━━━━━━━━━━━━━━━━━
2025-02-15 19:45:50,843 - INFO - 売りシグナル検出。売り注文を実行中...
2025-02-15 19:45:51,012 - ERROR - 売り注文エラー: Order quantity has too many decimals. (ErrCode: 170137) (ErrTime: 10:45:51).
Request → POST https://api-testnet.bybit.com/v5/order/create: {"category": "spot", "symbol": "BTCUSDT", "side": "Sell", "orderType": "Market", "qty": "0.00013589", "orderFilter": "ORDER"}.
2025-02-15 19:46:01,273 - INFO - 
━━━━━━━━━━ 取引情報 ━━━━━━━━━━
📅 時刻　　　：2025-02-15 19:46:01
💰 BTC価格　：97,605.33 USDT
📈 価格変動　：+0.52%
💵 USDT残高 ：95.99 USDT
₿ BTC保有量：0.000136 BTC
📊 総資産額 ：109.26 USDT
🔄 取引回数 ：買い0回 / 売り0回
💹 現在の利益：+0.07 USDT (+0.06%)
━━━━━━━━━━━━━━━━━━━━━━━
2025-02-15 19:46:01,275 - INFO - 売りシグナル検出。売り注文を実行中...
2025-02-15 19:46:01,442 - ERROR - 売り注文エラー: Order quantity has too many decimals. (ErrCode: 170137) (ErrTime: 10:46:01).
Request → POST https://api-testnet.bybit.com/v5/order/create: {"category": "spot", "symbol": "BTCUSDT", "side": "Sell", "orderType": "Market", "qty": "0.00013589", "orderFilter": "ORDER"}.
2025-02-15 19:46:06,663 - INFO - 
プログラムがCtrl+Cにより終了されました。安全に終了します。
