2025-02-13 17:00:56,109 - INFO - 初期価格を取得中...
2025-02-13 17:00:57,424 - INFO - 
━━━━━━━━━━ 取引情報 ━━━━━━━━━━
📅 時刻　　　：2025-02-13 17:00:57
💰 BTC価格　：96,144.42 USDT
📉 価格変動　：0.00%
💵 USDT残高 ：347.28 USDT
₿ BTC保有量：0.055296 BTC
📊 総資産額 ：5,663.65 USDT
💹 現在の利益：+0.00 USDT (+0.00%)
━━━━━━━━━━━━━━━━━━━━━━━
2025-02-13 17:01:07,807 - INFO - 
━━━━━━━━━━ 取引情報 ━━━━━━━━━━
📅 時刻　　　：2025-02-13 17:01:07
💰 BTC価格　：95,805.57 USDT
📉 価格変動　：-0.35%
💵 USDT残高 ：347.28 USDT
₿ BTC保有量：0.055296 BTC
📊 総資産額 ：5,644.91 USDT
📉 現在の損失：-18.74 USDT (-0.33%)
━━━━━━━━━━━━━━━━━━━━━━━
2025-02-13 17:01:18,347 - INFO - 
━━━━━━━━━━ 取引情報 ━━━━━━━━━━
📅 時刻　　　：2025-02-13 17:01:17
💰 BTC価格　：95,926.02 USDT
📉 価格変動　：-0.23%
💵 USDT残高 ：347.28 USDT
₿ BTC保有量：0.055296 BTC
📊 総資産額 ：5,651.57 USDT
📉 現在の損失：-12.08 USDT (-0.21%)
━━━━━━━━━━━━━━━━━━━━━━━
2025-02-13 17:01:26,958 - INFO - 
プログラムがCtrl+Cにより終了されました。安全に終了します。
