2025-02-15 19:23:25,598 - INFO - 初期価格を取得中...
2025-02-15 19:23:26,305 - INFO - 
━━━━━━━━━━ 取引情報 ━━━━━━━━━━
📅 時刻　　　：2025-02-15 19:23:26
💰 BTC価格　：95,933.29 USDT
📉 価格変動　：0.00%
💵 USDT残高 ：96.32 USDT
₿ BTC保有量：0.000133 BTC
📊 総資産額 ：109.07 USDT
🔄 取引回数 ：買い0回 / 売り0回
💹 現在の利益：+0.00 USDT (+0.00%)
━━━━━━━━━━━━━━━━━━━━━━━
2025-02-15 19:23:36,556 - INFO - 
━━━━━━━━━━ 取引情報 ━━━━━━━━━━
📅 時刻　　　：2025-02-15 19:23:36
💰 BTC価格　：95,933.29 USDT
📉 価格変動　：0.00%
💵 USDT残高 ：96.32 USDT
₿ BTC保有量：0.000133 BTC
📊 総資産額 ：109.07 USDT
🔄 取引回数 ：買い0回 / 売り0回
💹 現在の利益：+0.00 USDT (+0.00%)
━━━━━━━━━━━━━━━━━━━━━━━
2025-02-15 19:23:46,812 - INFO - 
━━━━━━━━━━ 取引情報 ━━━━━━━━━━
📅 時刻　　　：2025-02-15 19:23:46
💰 BTC価格　：95,875.26 USDT
📉 価格変動　：-0.06%
💵 USDT残高 ：96.32 USDT
₿ BTC保有量：0.000133 BTC
📊 総資産額 ：109.06 USDT
🔄 取引回数 ：買い0回 / 売り0回
📉 現在の損失：-0.01 USDT (-0.01%)
━━━━━━━━━━━━━━━━━━━━━━━
2025-02-15 19:23:57,064 - INFO - 
━━━━━━━━━━ 取引情報 ━━━━━━━━━━
📅 時刻　　　：2025-02-15 19:23:56
💰 BTC価格　：95,856.84 USDT
📉 価格変動　：-0.08%
💵 USDT残高 ：96.32 USDT
₿ BTC保有量：0.000133 BTC
📊 総資産額 ：109.06 USDT
🔄 取引回数 ：買い0回 / 売り0回
📉 現在の損失：-0.01 USDT (-0.01%)
━━━━━━━━━━━━━━━━━━━━━━━
2025-02-15 19:24:07,315 - INFO - 
━━━━━━━━━━ 取引情報 ━━━━━━━━━━
📅 時刻　　　：2025-02-15 19:24:07
💰 BTC価格　：95,856.84 USDT
📉 価格変動　：-0.08%
💵 USDT残高 ：96.32 USDT
₿ BTC保有量：0.000133 BTC
📊 総資産額 ：109.06 USDT
🔄 取引回数 ：買い0回 / 売り0回
📉 現在の損失：-0.01 USDT (-0.01%)
━━━━━━━━━━━━━━━━━━━━━━━
2025-02-15 19:24:17,569 - INFO - 
━━━━━━━━━━ 取引情報 ━━━━━━━━━━
📅 時刻　　　：2025-02-15 19:24:17
💰 BTC価格　：95,856.84 USDT
📉 価格変動　：-0.08%
💵 USDT残高 ：96.32 USDT
₿ BTC保有量：0.000133 BTC
📊 総資産額 ：109.06 USDT
🔄 取引回数 ：買い0回 / 売り0回
📉 現在の損失：-0.01 USDT (-0.01%)
━━━━━━━━━━━━━━━━━━━━━━━
2025-02-15 19:24:27,822 - INFO - 
━━━━━━━━━━ 取引情報 ━━━━━━━━━━
📅 時刻　　　：2025-02-15 19:24:27
💰 BTC価格　：95,856.84 USDT
📉 価格変動　：-0.08%
💵 USDT残高 ：96.32 USDT
₿ BTC保有量：0.000133 BTC
📊 総資産額 ：109.06 USDT
🔄 取引回数 ：買い0回 / 売り0回
📉 現在の損失：-0.01 USDT (-0.01%)
━━━━━━━━━━━━━━━━━━━━━━━
2025-02-15 19:24:38,076 - INFO - 
━━━━━━━━━━ 取引情報 ━━━━━━━━━━
📅 時刻　　　：2025-02-15 19:24:37
💰 BTC価格　：95,856.84 USDT
📉 価格変動　：-0.08%
💵 USDT残高 ：96.32 USDT
₿ BTC保有量：0.000133 BTC
📊 総資産額 ：109.06 USDT
🔄 取引回数 ：買い0回 / 売り0回
📉 現在の損失：-0.01 USDT (-0.01%)
━━━━━━━━━━━━━━━━━━━━━━━
2025-02-15 19:24:48,330 - INFO - 
━━━━━━━━━━ 取引情報 ━━━━━━━━━━
📅 時刻　　　：2025-02-15 19:24:48
💰 BTC価格　：95,856.84 USDT
📉 価格変動　：-0.08%
💵 USDT残高 ：96.32 USDT
₿ BTC保有量：0.000133 BTC
📊 総資産額 ：109.06 USDT
🔄 取引回数 ：買い0回 / 売り0回
📉 現在の損失：-0.01 USDT (-0.01%)
━━━━━━━━━━━━━━━━━━━━━━━
2025-02-15 19:24:58,581 - INFO - 
━━━━━━━━━━ 取引情報 ━━━━━━━━━━
📅 時刻　　　：2025-02-15 19:24:58
💰 BTC価格　：95,856.84 USDT
📉 価格変動　：-0.08%
💵 USDT残高 ：96.32 USDT
₿ BTC保有量：0.000133 BTC
📊 総資産額 ：109.06 USDT
🔄 取引回数 ：買い0回 / 売り0回
📉 現在の損失：-0.01 USDT (-0.01%)
━━━━━━━━━━━━━━━━━━━━━━━
2025-02-15 19:25:08,830 - INFO - 
━━━━━━━━━━ 取引情報 ━━━━━━━━━━
📅 時刻　　　：2025-02-15 19:25:08
💰 BTC価格　：95,856.84 USDT
📉 価格変動　：-0.08%
💵 USDT残高 ：96.32 USDT
₿ BTC保有量：0.000133 BTC
📊 総資産額 ：109.06 USDT
🔄 取引回数 ：買い0回 / 売り0回
📉 現在の損失：-0.01 USDT (-0.01%)
━━━━━━━━━━━━━━━━━━━━━━━
2025-02-15 19:25:19,082 - INFO - 
━━━━━━━━━━ 取引情報 ━━━━━━━━━━
📅 時刻　　　：2025-02-15 19:25:18
💰 BTC価格　：95,856.84 USDT
📉 価格変動　：-0.08%
💵 USDT残高 ：96.32 USDT
₿ BTC保有量：0.000133 BTC
📊 総資産額 ：109.06 USDT
🔄 取引回数 ：買い0回 / 売り0回
📉 現在の損失：-0.01 USDT (-0.01%)
━━━━━━━━━━━━━━━━━━━━━━━
2025-02-15 19:25:29,331 - INFO - 
━━━━━━━━━━ 取引情報 ━━━━━━━━━━
📅 時刻　　　：2025-02-15 19:25:29
💰 BTC価格　：96,024.46 USDT
📈 価格変動　：+0.10%
💵 USDT残高 ：96.32 USDT
₿ BTC保有量：0.000133 BTC
📊 総資産額 ：109.08 USDT
🔄 取引回数 ：買い0回 / 売り0回
💹 現在の利益：+0.01 USDT (+0.01%)
━━━━━━━━━━━━━━━━━━━━━━━
2025-02-15 19:25:39,587 - INFO - 
━━━━━━━━━━ 取引情報 ━━━━━━━━━━
📅 時刻　　　：2025-02-15 19:25:39
💰 BTC価格　：96,046.96 USDT
📈 価格変動　：+0.12%
💵 USDT残高 ：96.32 USDT
₿ BTC保有量：0.000133 BTC
📊 総資産額 ：109.09 USDT
🔄 取引回数 ：買い0回 / 売り0回
💹 現在の利益：+0.02 USDT (+0.01%)
━━━━━━━━━━━━━━━━━━━━━━━
2025-02-15 19:25:49,836 - INFO - 
━━━━━━━━━━ 取引情報 ━━━━━━━━━━
📅 時刻　　　：2025-02-15 19:25:49
💰 BTC価格　：95,489.22 USDT
📉 価格変動　：-0.46%
💵 USDT残高 ：96.32 USDT
₿ BTC保有量：0.000133 BTC
📊 総資産額 ：109.01 USDT
🔄 取引回数 ：買い0回 / 売り0回
📉 現在の損失：-0.06 USDT (-0.05%)
━━━━━━━━━━━━━━━━━━━━━━━
2025-02-15 19:26:00,094 - INFO - 
━━━━━━━━━━ 取引情報 ━━━━━━━━━━
📅 時刻　　　：2025-02-15 19:25:59
💰 BTC価格　：95,489.22 USDT
📉 価格変動　：-0.46%
💵 USDT残高 ：96.32 USDT
₿ BTC保有量：0.000133 BTC
📊 総資産額 ：109.01 USDT
🔄 取引回数 ：買い0回 / 売り0回
📉 現在の損失：-0.06 USDT (-0.05%)
━━━━━━━━━━━━━━━━━━━━━━━
2025-02-15 19:26:10,357 - INFO - 
━━━━━━━━━━ 取引情報 ━━━━━━━━━━
📅 時刻　　　：2025-02-15 19:26:10
💰 BTC価格　：95,489.22 USDT
📉 価格変動　：-0.46%
💵 USDT残高 ：96.32 USDT
₿ BTC保有量：0.000133 BTC
📊 総資産額 ：109.01 USDT
🔄 取引回数 ：買い0回 / 売り0回
📉 現在の損失：-0.06 USDT (-0.05%)
━━━━━━━━━━━━━━━━━━━━━━━
2025-02-15 19:26:20,610 - INFO - 
━━━━━━━━━━ 取引情報 ━━━━━━━━━━
📅 時刻　　　：2025-02-15 19:26:20
💰 BTC価格　：95,600.00 USDT
📉 価格変動　：-0.35%
💵 USDT残高 ：96.32 USDT
₿ BTC保有量：0.000133 BTC
📊 総資産額 ：109.03 USDT
🔄 取引回数 ：買い0回 / 売り0回
📉 現在の損失：-0.04 USDT (-0.04%)
━━━━━━━━━━━━━━━━━━━━━━━
2025-02-15 19:26:30,860 - INFO - 
━━━━━━━━━━ 取引情報 ━━━━━━━━━━
📅 時刻　　　：2025-02-15 19:26:30
💰 BTC価格　：95,719.92 USDT
📉 価格変動　：-0.22%
💵 USDT残高 ：96.32 USDT
₿ BTC保有量：0.000133 BTC
📊 総資産額 ：109.04 USDT
🔄 取引回数 ：買い0回 / 売り0回
📉 現在の損失：-0.03 USDT (-0.03%)
━━━━━━━━━━━━━━━━━━━━━━━
2025-02-15 19:26:41,112 - INFO - 
━━━━━━━━━━ 取引情報 ━━━━━━━━━━
📅 時刻　　　：2025-02-15 19:26:40
💰 BTC価格　：95,926.02 USDT
📉 価格変動　：-0.01%
💵 USDT残高 ：96.32 USDT
₿ BTC保有量：0.000133 BTC
📊 総資産額 ：109.07 USDT
🔄 取引回数 ：買い0回 / 売り0回
📉 現在の損失：-0.00 USDT (-0.00%)
━━━━━━━━━━━━━━━━━━━━━━━
2025-02-15 19:26:51,369 - INFO - 
━━━━━━━━━━ 取引情報 ━━━━━━━━━━
📅 時刻　　　：2025-02-15 19:26:51
💰 BTC価格　：96,024.46 USDT
📈 価格変動　：+0.10%
💵 USDT残高 ：96.32 USDT
₿ BTC保有量：0.000133 BTC
📊 総資産額 ：109.08 USDT
🔄 取引回数 ：買い0回 / 売り0回
💹 現在の利益：+0.01 USDT (+0.01%)
━━━━━━━━━━━━━━━━━━━━━━━
2025-02-15 19:27:01,622 - INFO - 
━━━━━━━━━━ 取引情報 ━━━━━━━━━━
📅 時刻　　　：2025-02-15 19:27:01
💰 BTC価格　：96,042.72 USDT
📈 価格変動　：+0.11%
💵 USDT残高 ：96.32 USDT
₿ BTC保有量：0.000133 BTC
📊 総資産額 ：109.09 USDT
🔄 取引回数 ：買い0回 / 売り0回
💹 現在の利益：+0.01 USDT (+0.01%)
━━━━━━━━━━━━━━━━━━━━━━━
2025-02-15 19:27:11,872 - INFO - 
━━━━━━━━━━ 取引情報 ━━━━━━━━━━
📅 時刻　　　：2025-02-15 19:27:11
💰 BTC価格　：96,144.42 USDT
📈 価格変動　：+0.22%
💵 USDT残高 ：96.32 USDT
₿ BTC保有量：0.000133 BTC
📊 総資産額 ：109.10 USDT
🔄 取引回数 ：買い0回 / 売り0回
💹 現在の利益：+0.03 USDT (+0.03%)
━━━━━━━━━━━━━━━━━━━━━━━
2025-02-15 19:27:22,128 - INFO - 
━━━━━━━━━━ 取引情報 ━━━━━━━━━━
📅 時刻　　　：2025-02-15 19:27:21
💰 BTC価格　：96,144.42 USDT
📈 価格変動　：+0.22%
💵 USDT残高 ：96.32 USDT
₿ BTC保有量：0.000133 BTC
📊 総資産額 ：109.10 USDT
🔄 取引回数 ：買い0回 / 売り0回
💹 現在の利益：+0.03 USDT (+0.03%)
━━━━━━━━━━━━━━━━━━━━━━━
2025-02-15 19:27:32,379 - INFO - 
━━━━━━━━━━ 取引情報 ━━━━━━━━━━
📅 時刻　　　：2025-02-15 19:27:32
💰 BTC価格　：96,144.42 USDT
📈 価格変動　：+0.22%
💵 USDT残高 ：96.32 USDT
₿ BTC保有量：0.000133 BTC
📊 総資産額 ：109.10 USDT
🔄 取引回数 ：買い0回 / 売り0回
💹 現在の利益：+0.03 USDT (+0.03%)
━━━━━━━━━━━━━━━━━━━━━━━
2025-02-15 19:27:42,770 - INFO - 
━━━━━━━━━━ 取引情報 ━━━━━━━━━━
📅 時刻　　　：2025-02-15 19:27:42
💰 BTC価格　：96,144.42 USDT
📈 価格変動　：+0.22%
💵 USDT残高 ：96.32 USDT
₿ BTC保有量：0.000133 BTC
📊 総資産額 ：109.10 USDT
🔄 取引回数 ：買い0回 / 売り0回
💹 現在の利益：+0.03 USDT (+0.03%)
━━━━━━━━━━━━━━━━━━━━━━━
2025-02-15 19:27:53,022 - INFO - 
━━━━━━━━━━ 取引情報 ━━━━━━━━━━
📅 時刻　　　：2025-02-15 19:27:52
💰 BTC価格　：96,026.36 USDT
📈 価格変動　：+0.10%
💵 USDT残高 ：96.32 USDT
₿ BTC保有量：0.000133 BTC
📊 総資産額 ：109.08 USDT
🔄 取引回数 ：買い0回 / 売り0回
💹 現在の利益：+0.01 USDT (+0.01%)
━━━━━━━━━━━━━━━━━━━━━━━
2025-02-15 19:28:03,276 - INFO - 
━━━━━━━━━━ 取引情報 ━━━━━━━━━━
📅 時刻　　　：2025-02-15 19:28:03
💰 BTC価格　：96,026.36 USDT
📈 価格変動　：+0.10%
💵 USDT残高 ：96.32 USDT
₿ BTC保有量：0.000133 BTC
📊 総資産額 ：109.08 USDT
🔄 取引回数 ：買い0回 / 売り0回
💹 現在の利益：+0.01 USDT (+0.01%)
━━━━━━━━━━━━━━━━━━━━━━━
2025-02-15 19:28:13,545 - INFO - 
━━━━━━━━━━ 取引情報 ━━━━━━━━━━
📅 時刻　　　：2025-02-15 19:28:13
💰 BTC価格　：96,026.36 USDT
📈 価格変動　：+0.10%
💵 USDT残高 ：96.32 USDT
₿ BTC保有量：0.000133 BTC
📊 総資産額 ：109.08 USDT
🔄 取引回数 ：買い0回 / 売り0回
💹 現在の利益：+0.01 USDT (+0.01%)
━━━━━━━━━━━━━━━━━━━━━━━
2025-02-15 19:28:23,797 - INFO - 
━━━━━━━━━━ 取引情報 ━━━━━━━━━━
📅 時刻　　　：2025-02-15 19:28:23
💰 BTC価格　：96,026.36 USDT
📈 価格変動　：+0.10%
💵 USDT残高 ：96.32 USDT
₿ BTC保有量：0.000133 BTC
📊 総資産額 ：109.08 USDT
🔄 取引回数 ：買い0回 / 売り0回
💹 現在の利益：+0.01 USDT (+0.01%)
━━━━━━━━━━━━━━━━━━━━━━━
2025-02-15 19:28:34,050 - INFO - 
━━━━━━━━━━ 取引情報 ━━━━━━━━━━
📅 時刻　　　：2025-02-15 19:28:33
💰 BTC価格　：96,026.36 USDT
📈 価格変動　：+0.10%
💵 USDT残高 ：96.32 USDT
₿ BTC保有量：0.000133 BTC
📊 総資産額 ：109.08 USDT
🔄 取引回数 ：買い0回 / 売り0回
💹 現在の利益：+0.01 USDT (+0.01%)
━━━━━━━━━━━━━━━━━━━━━━━
2025-02-15 19:28:44,301 - INFO - 
━━━━━━━━━━ 取引情報 ━━━━━━━━━━
📅 時刻　　　：2025-02-15 19:28:44
💰 BTC価格　：96,295.49 USDT
📈 価格変動　：+0.38%
💵 USDT残高 ：96.32 USDT
₿ BTC保有量：0.000133 BTC
📊 総資産額 ：109.12 USDT
🔄 取引回数 ：買い0回 / 売り0回
💹 現在の利益：+0.05 USDT (+0.04%)
━━━━━━━━━━━━━━━━━━━━━━━
2025-02-15 19:28:54,557 - INFO - 
━━━━━━━━━━ 取引情報 ━━━━━━━━━━
📅 時刻　　　：2025-02-15 19:28:54
💰 BTC価格　：96,351.24 USDT
📈 価格変動　：+0.44%
💵 USDT残高 ：96.32 USDT
₿ BTC保有量：0.000133 BTC
📊 総資産額 ：109.13 USDT
🔄 取引回数 ：買い0回 / 売り0回
💹 現在の利益：+0.06 USDT (+0.05%)
━━━━━━━━━━━━━━━━━━━━━━━
2025-02-15 19:29:04,811 - INFO - 
━━━━━━━━━━ 取引情報 ━━━━━━━━━━
📅 時刻　　　：2025-02-15 19:29:04
💰 BTC価格　：96,351.24 USDT
📈 価格変動　：+0.44%
💵 USDT残高 ：96.32 USDT
₿ BTC保有量：0.000133 BTC
📊 総資産額 ：109.13 USDT
🔄 取引回数 ：買い0回 / 売り0回
💹 現在の利益：+0.06 USDT (+0.05%)
━━━━━━━━━━━━━━━━━━━━━━━
2025-02-15 19:29:15,061 - INFO - 
━━━━━━━━━━ 取引情報 ━━━━━━━━━━
📅 時刻　　　：2025-02-15 19:29:14
💰 BTC価格　：96,351.24 USDT
📈 価格変動　：+0.44%
💵 USDT残高 ：96.32 USDT
₿ BTC保有量：0.000133 BTC
📊 総資産額 ：109.13 USDT
🔄 取引回数 ：買い0回 / 売り0回
💹 現在の利益：+0.06 USDT (+0.05%)
━━━━━━━━━━━━━━━━━━━━━━━
2025-02-15 19:29:25,310 - INFO - 
━━━━━━━━━━ 取引情報 ━━━━━━━━━━
📅 時刻　　　：2025-02-15 19:29:25
💰 BTC価格　：96,351.24 USDT
📈 価格変動　：+0.44%
💵 USDT残高 ：96.32 USDT
₿ BTC保有量：0.000133 BTC
📊 総資産額 ：109.13 USDT
🔄 取引回数 ：買い0回 / 売り0回
💹 現在の利益：+0.06 USDT (+0.05%)
━━━━━━━━━━━━━━━━━━━━━━━
2025-02-15 19:29:35,560 - INFO - 
━━━━━━━━━━ 取引情報 ━━━━━━━━━━
📅 時刻　　　：2025-02-15 19:29:35
💰 BTC価格　：96,375.00 USDT
📈 価格変動　：+0.46%
💵 USDT残高 ：96.32 USDT
₿ BTC保有量：0.000133 BTC
📊 総資産額 ：109.13 USDT
🔄 取引回数 ：買い0回 / 売り0回
💹 現在の利益：+0.06 USDT (+0.05%)
━━━━━━━━━━━━━━━━━━━━━━━
2025-02-15 19:29:45,810 - INFO - 
━━━━━━━━━━ 取引情報 ━━━━━━━━━━
📅 時刻　　　：2025-02-15 19:29:45
💰 BTC価格　：96,375.00 USDT
📈 価格変動　：+0.46%
💵 USDT残高 ：96.32 USDT
₿ BTC保有量：0.000133 BTC
📊 総資産額 ：109.13 USDT
🔄 取引回数 ：買い0回 / 売り0回
💹 現在の利益：+0.06 USDT (+0.05%)
━━━━━━━━━━━━━━━━━━━━━━━
2025-02-15 19:29:56,062 - INFO - 
━━━━━━━━━━ 取引情報 ━━━━━━━━━━
📅 時刻　　　：2025-02-15 19:29:55
💰 BTC価格　：96,375.00 USDT
📈 価格変動　：+0.46%
💵 USDT残高 ：96.32 USDT
₿ BTC保有量：0.000133 BTC
📊 総資産額 ：109.13 USDT
🔄 取引回数 ：買い0回 / 売り0回
💹 現在の利益：+0.06 USDT (+0.05%)
━━━━━━━━━━━━━━━━━━━━━━━
2025-02-15 19:30:06,312 - INFO - 
━━━━━━━━━━ 取引情報 ━━━━━━━━━━
📅 時刻　　　：2025-02-15 19:30:06
💰 BTC価格　：96,375.00 USDT
📈 価格変動　：+0.46%
💵 USDT残高 ：96.32 USDT
₿ BTC保有量：0.000133 BTC
📊 総資産額 ：109.13 USDT
🔄 取引回数 ：買い0回 / 売り0回
💹 現在の利益：+0.06 USDT (+0.05%)
━━━━━━━━━━━━━━━━━━━━━━━
2025-02-15 19:30:16,572 - INFO - 
━━━━━━━━━━ 取引情報 ━━━━━━━━━━
📅 時刻　　　：2025-02-15 19:30:16
💰 BTC価格　：96,375.00 USDT
📈 価格変動　：+0.46%
💵 USDT残高 ：96.32 USDT
₿ BTC保有量：0.000133 BTC
📊 総資産額 ：109.13 USDT
🔄 取引回数 ：買い0回 / 売り0回
💹 現在の利益：+0.06 USDT (+0.05%)
━━━━━━━━━━━━━━━━━━━━━━━
2025-02-15 19:30:26,826 - INFO - 
━━━━━━━━━━ 取引情報 ━━━━━━━━━━
📅 時刻　　　：2025-02-15 19:30:26
💰 BTC価格　：96,375.00 USDT
📈 価格変動　：+0.46%
💵 USDT残高 ：96.32 USDT
₿ BTC保有量：0.000133 BTC
📊 総資産額 ：109.13 USDT
🔄 取引回数 ：買い0回 / 売り0回
💹 現在の利益：+0.06 USDT (+0.05%)
━━━━━━━━━━━━━━━━━━━━━━━
2025-02-15 19:30:37,083 - INFO - 
━━━━━━━━━━ 取引情報 ━━━━━━━━━━
📅 時刻　　　：2025-02-15 19:30:36
💰 BTC価格　：96,375.00 USDT
📈 価格変動　：+0.46%
💵 USDT残高 ：96.32 USDT
₿ BTC保有量：0.000133 BTC
📊 総資産額 ：109.13 USDT
🔄 取引回数 ：買い0回 / 売り0回
💹 現在の利益：+0.06 USDT (+0.05%)
━━━━━━━━━━━━━━━━━━━━━━━
2025-02-15 19:30:47,336 - INFO - 
━━━━━━━━━━ 取引情報 ━━━━━━━━━━
📅 時刻　　　：2025-02-15 19:30:47
💰 BTC価格　：96,375.00 USDT
📈 価格変動　：+0.46%
💵 USDT残高 ：96.32 USDT
₿ BTC保有量：0.000133 BTC
📊 総資産額 ：109.13 USDT
🔄 取引回数 ：買い0回 / 売り0回
💹 現在の利益：+0.06 USDT (+0.05%)
━━━━━━━━━━━━━━━━━━━━━━━
2025-02-15 19:30:57,587 - INFO - 
━━━━━━━━━━ 取引情報 ━━━━━━━━━━
📅 時刻　　　：2025-02-15 19:30:57
💰 BTC価格　：96,375.00 USDT
📈 価格変動　：+0.46%
💵 USDT残高 ：96.32 USDT
₿ BTC保有量：0.000133 BTC
📊 総資産額 ：109.13 USDT
🔄 取引回数 ：買い0回 / 売り0回
💹 現在の利益：+0.06 USDT (+0.05%)
━━━━━━━━━━━━━━━━━━━━━━━
2025-02-15 19:31:07,841 - INFO - 
━━━━━━━━━━ 取引情報 ━━━━━━━━━━
📅 時刻　　　：2025-02-15 19:31:07
💰 BTC価格　：96,240.33 USDT
📈 価格変動　：+0.32%
💵 USDT残高 ：96.32 USDT
₿ BTC保有量：0.000133 BTC
📊 総資産額 ：109.11 USDT
🔄 取引回数 ：買い0回 / 売り0回
💹 現在の利益：+0.04 USDT (+0.04%)
━━━━━━━━━━━━━━━━━━━━━━━
2025-02-15 19:31:18,098 - INFO - 
━━━━━━━━━━ 取引情報 ━━━━━━━━━━
📅 時刻　　　：2025-02-15 19:31:17
💰 BTC価格　：96,470.58 USDT
📈 価格変動　：+0.56%
💵 USDT残高 ：96.32 USDT
₿ BTC保有量：0.000133 BTC
📊 総資産額 ：109.14 USDT
🔄 取引回数 ：買い0回 / 売り0回
💹 現在の利益：+0.07 USDT (+0.07%)
━━━━━━━━━━━━━━━━━━━━━━━
2025-02-15 19:31:18,099 - INFO - 売りシグナル検出。売り注文を実行中...
2025-02-15 19:31:18,401 - ERROR - 売り注文エラー: Order quantity has too many decimals. (ErrCode: 170137) (ErrTime: 10:31:18).
Request → POST https://api-testnet.bybit.com/v5/order/create: {"category": "spot", "symbol": "BTCUSDT", "side": "Sell", "orderType": "Market", "qty": "0.00013297", "orderFilter": "ORDER"}.
2025-02-15 19:31:28,650 - INFO - 
━━━━━━━━━━ 取引情報 ━━━━━━━━━━
📅 時刻　　　：2025-02-15 19:31:28
💰 BTC価格　：96,581.11 USDT
📈 価格変動　：+0.68%
💵 USDT残高 ：96.32 USDT
₿ BTC保有量：0.000133 BTC
📊 総資産額 ：109.16 USDT
🔄 取引回数 ：買い0回 / 売り0回
💹 現在の利益：+0.09 USDT (+0.08%)
━━━━━━━━━━━━━━━━━━━━━━━
2025-02-15 19:31:28,651 - INFO - 売りシグナル検出。売り注文を実行中...
2025-02-15 19:31:28,950 - ERROR - 売り注文エラー: Order quantity has too many decimals. (ErrCode: 170137) (ErrTime: 10:31:28).
Request → POST https://api-testnet.bybit.com/v5/order/create: {"category": "spot", "symbol": "BTCUSDT", "side": "Sell", "orderType": "Market", "qty": "0.00013297", "orderFilter": "ORDER"}.
2025-02-15 19:31:39,202 - INFO - 
━━━━━━━━━━ 取引情報 ━━━━━━━━━━
📅 時刻　　　：2025-02-15 19:31:39
💰 BTC価格　：96,599.70 USDT
📈 価格変動　：+0.69%
💵 USDT残高 ：96.32 USDT
₿ BTC保有量：0.000133 BTC
📊 総資産額 ：109.16 USDT
🔄 取引回数 ：買い0回 / 売り0回
💹 現在の利益：+0.09 USDT (+0.08%)
━━━━━━━━━━━━━━━━━━━━━━━
2025-02-15 19:31:39,203 - INFO - 売りシグナル検出。売り注文を実行中...
2025-02-15 19:31:39,364 - ERROR - 売り注文エラー: Order quantity has too many decimals. (ErrCode: 170137) (ErrTime: 10:31:39).
Request → POST https://api-testnet.bybit.com/v5/order/create: {"category": "spot", "symbol": "BTCUSDT", "side": "Sell", "orderType": "Market", "qty": "0.00013297", "orderFilter": "ORDER"}.
2025-02-15 19:31:49,619 - INFO - 
━━━━━━━━━━ 取引情報 ━━━━━━━━━━
📅 時刻　　　：2025-02-15 19:31:49
💰 BTC価格　：96,599.70 USDT
📈 価格変動　：+0.69%
💵 USDT残高 ：96.32 USDT
₿ BTC保有量：0.000133 BTC
📊 総資産額 ：109.16 USDT
🔄 取引回数 ：買い0回 / 売り0回
💹 現在の利益：+0.09 USDT (+0.08%)
━━━━━━━━━━━━━━━━━━━━━━━
2025-02-15 19:31:49,620 - INFO - 売りシグナル検出。売り注文を実行中...
2025-02-15 19:31:49,919 - ERROR - 売り注文エラー: Order quantity has too many decimals. (ErrCode: 170137) (ErrTime: 10:31:49).
Request → POST https://api-testnet.bybit.com/v5/order/create: {"category": "spot", "symbol": "BTCUSDT", "side": "Sell", "orderType": "Market", "qty": "0.00013297", "orderFilter": "ORDER"}.
2025-02-15 19:32:00,179 - INFO - 
━━━━━━━━━━ 取引情報 ━━━━━━━━━━
📅 時刻　　　：2025-02-15 19:31:59
💰 BTC価格　：96,536.56 USDT
📈 価格変動　：+0.63%
💵 USDT残高 ：96.32 USDT
₿ BTC保有量：0.000133 BTC
📊 総資産額 ：109.15 USDT
🔄 取引回数 ：買い0回 / 売り0回
💹 現在の利益：+0.08 USDT (+0.07%)
━━━━━━━━━━━━━━━━━━━━━━━
2025-02-15 19:32:00,179 - INFO - 売りシグナル検出。売り注文を実行中...
2025-02-15 19:32:00,343 - ERROR - 売り注文エラー: Order quantity has too many decimals. (ErrCode: 170137) (ErrTime: 10:32:00).
Request → POST https://api-testnet.bybit.com/v5/order/create: {"category": "spot", "symbol": "BTCUSDT", "side": "Sell", "orderType": "Market", "qty": "0.00013297", "orderFilter": "ORDER"}.
2025-02-15 19:32:10,598 - INFO - 
━━━━━━━━━━ 取引情報 ━━━━━━━━━━
📅 時刻　　　：2025-02-15 19:32:10
💰 BTC価格　：96,536.56 USDT
📈 価格変動　：+0.63%
💵 USDT残高 ：96.32 USDT
₿ BTC保有量：0.000133 BTC
📊 総資産額 ：109.15 USDT
🔄 取引回数 ：買い0回 / 売り0回
💹 現在の利益：+0.08 USDT (+0.07%)
━━━━━━━━━━━━━━━━━━━━━━━
2025-02-15 19:32:10,601 - INFO - 売りシグナル検出。売り注文を実行中...
2025-02-15 19:32:11,035 - ERROR - 売り注文エラー: Order quantity has too many decimals. (ErrCode: 170137) (ErrTime: 10:32:11).
Request → POST https://api-testnet.bybit.com/v5/order/create: {"category": "spot", "symbol": "BTCUSDT", "side": "Sell", "orderType": "Market", "qty": "0.00013297", "orderFilter": "ORDER"}.
2025-02-15 19:32:21,297 - INFO - 
━━━━━━━━━━ 取引情報 ━━━━━━━━━━
📅 時刻　　　：2025-02-15 19:32:21
💰 BTC価格　：96,536.56 USDT
📈 価格変動　：+0.63%
💵 USDT残高 ：96.32 USDT
₿ BTC保有量：0.000133 BTC
📊 総資産額 ：109.15 USDT
🔄 取引回数 ：買い0回 / 売り0回
💹 現在の利益：+0.08 USDT (+0.07%)
━━━━━━━━━━━━━━━━━━━━━━━
2025-02-15 19:32:21,298 - INFO - 売りシグナル検出。売り注文を実行中...
2025-02-15 19:32:21,600 - ERROR - 売り注文エラー: Order quantity has too many decimals. (ErrCode: 170137) (ErrTime: 10:32:21).
Request → POST https://api-testnet.bybit.com/v5/order/create: {"category": "spot", "symbol": "BTCUSDT", "side": "Sell", "orderType": "Market", "qty": "0.00013297", "orderFilter": "ORDER"}.
2025-02-15 19:32:31,852 - INFO - 
━━━━━━━━━━ 取引情報 ━━━━━━━━━━
📅 時刻　　　：2025-02-15 19:32:31
💰 BTC価格　：96,536.56 USDT
📈 価格変動　：+0.63%
💵 USDT残高 ：96.32 USDT
₿ BTC保有量：0.000133 BTC
📊 総資産額 ：109.15 USDT
🔄 取引回数 ：買い0回 / 売り0回
💹 現在の利益：+0.08 USDT (+0.07%)
━━━━━━━━━━━━━━━━━━━━━━━
2025-02-15 19:32:31,852 - INFO - 売りシグナル検出。売り注文を実行中...
2025-02-15 19:32:32,150 - ERROR - 売り注文エラー: Order quantity has too many decimals. (ErrCode: 170137) (ErrTime: 10:32:32).
Request → POST https://api-testnet.bybit.com/v5/order/create: {"category": "spot", "symbol": "BTCUSDT", "side": "Sell", "orderType": "Market", "qty": "0.00013297", "orderFilter": "ORDER"}.
2025-02-15 19:32:42,408 - INFO - 
━━━━━━━━━━ 取引情報 ━━━━━━━━━━
📅 時刻　　　：2025-02-15 19:32:42
💰 BTC価格　：96,536.56 USDT
📈 価格変動　：+0.63%
💵 USDT残高 ：96.32 USDT
₿ BTC保有量：0.000133 BTC
📊 総資産額 ：109.15 USDT
🔄 取引回数 ：買い0回 / 売り0回
💹 現在の利益：+0.08 USDT (+0.07%)
━━━━━━━━━━━━━━━━━━━━━━━
2025-02-15 19:32:42,409 - INFO - 売りシグナル検出。売り注文を実行中...
2025-02-15 19:32:42,709 - ERROR - 売り注文エラー: Order quantity has too many decimals. (ErrCode: 170137) (ErrTime: 10:32:42).
Request → POST https://api-testnet.bybit.com/v5/order/create: {"category": "spot", "symbol": "BTCUSDT", "side": "Sell", "orderType": "Market", "qty": "0.00013297", "orderFilter": "ORDER"}.
2025-02-15 19:32:52,970 - INFO - 
━━━━━━━━━━ 取引情報 ━━━━━━━━━━
📅 時刻　　　：2025-02-15 19:32:52
💰 BTC価格　：96,536.56 USDT
📈 価格変動　：+0.63%
💵 USDT残高 ：96.32 USDT
₿ BTC保有量：0.000133 BTC
📊 総資産額 ：109.15 USDT
🔄 取引回数 ：買い0回 / 売り0回
💹 現在の利益：+0.08 USDT (+0.07%)
━━━━━━━━━━━━━━━━━━━━━━━
2025-02-15 19:32:52,970 - INFO - 売りシグナル検出。売り注文を実行中...
2025-02-15 19:32:53,135 - ERROR - 売り注文エラー: Order quantity has too many decimals. (ErrCode: 170137) (ErrTime: 10:32:53).
Request → POST https://api-testnet.bybit.com/v5/order/create: {"category": "spot", "symbol": "BTCUSDT", "side": "Sell", "orderType": "Market", "qty": "0.00013297", "orderFilter": "ORDER"}.
2025-02-15 19:33:03,390 - INFO - 
━━━━━━━━━━ 取引情報 ━━━━━━━━━━
📅 時刻　　　：2025-02-15 19:33:03
💰 BTC価格　：96,536.56 USDT
📈 価格変動　：+0.63%
💵 USDT残高 ：96.32 USDT
₿ BTC保有量：0.000133 BTC
📊 総資産額 ：109.15 USDT
🔄 取引回数 ：買い0回 / 売り0回
💹 現在の利益：+0.08 USDT (+0.07%)
━━━━━━━━━━━━━━━━━━━━━━━
2025-02-15 19:33:03,392 - INFO - 売りシグナル検出。売り注文を実行中...
2025-02-15 19:33:03,690 - ERROR - 売り注文エラー: Order quantity has too many decimals. (ErrCode: 170137) (ErrTime: 10:33:03).
Request → POST https://api-testnet.bybit.com/v5/order/create: {"category": "spot", "symbol": "BTCUSDT", "side": "Sell", "orderType": "Market", "qty": "0.00013297", "orderFilter": "ORDER"}.
2025-02-15 19:33:13,947 - INFO - 
━━━━━━━━━━ 取引情報 ━━━━━━━━━━
📅 時刻　　　：2025-02-15 19:33:13
💰 BTC価格　：96,536.56 USDT
📈 価格変動　：+0.63%
💵 USDT残高 ：96.32 USDT
₿ BTC保有量：0.000133 BTC
📊 総資産額 ：109.15 USDT
🔄 取引回数 ：買い0回 / 売り0回
💹 現在の利益：+0.08 USDT (+0.07%)
━━━━━━━━━━━━━━━━━━━━━━━
2025-02-15 19:33:13,948 - INFO - 売りシグナル検出。売り注文を実行中...
2025-02-15 19:33:14,244 - ERROR - 売り注文エラー: Order quantity has too many decimals. (ErrCode: 170137) (ErrTime: 10:33:14).
Request → POST https://api-testnet.bybit.com/v5/order/create: {"category": "spot", "symbol": "BTCUSDT", "side": "Sell", "orderType": "Market", "qty": "0.00013297", "orderFilter": "ORDER"}.
2025-02-15 19:33:24,503 - INFO - 
━━━━━━━━━━ 取引情報 ━━━━━━━━━━
📅 時刻　　　：2025-02-15 19:33:24
💰 BTC価格　：96,800.00 USDT
📈 価格変動　：+0.90%
💵 USDT残高 ：96.32 USDT
₿ BTC保有量：0.000133 BTC
📊 総資産額 ：109.19 USDT
🔄 取引回数 ：買い0回 / 売り0回
💹 現在の利益：+0.12 USDT (+0.11%)
━━━━━━━━━━━━━━━━━━━━━━━
2025-02-15 19:33:24,503 - INFO - 売りシグナル検出。売り注文を実行中...
2025-02-15 19:33:24,800 - ERROR - 売り注文エラー: Order quantity has too many decimals. (ErrCode: 170137) (ErrTime: 10:33:24).
Request → POST https://api-testnet.bybit.com/v5/order/create: {"category": "spot", "symbol": "BTCUSDT", "side": "Sell", "orderType": "Market", "qty": "0.00013297", "orderFilter": "ORDER"}.
2025-02-15 19:33:35,054 - INFO - 
━━━━━━━━━━ 取引情報 ━━━━━━━━━━
📅 時刻　　　：2025-02-15 19:33:34
💰 BTC価格　：96,688.05 USDT
📈 価格変動　：+0.79%
💵 USDT残高 ：96.32 USDT
₿ BTC保有量：0.000133 BTC
📊 総資産額 ：109.17 USDT
🔄 取引回数 ：買い0回 / 売り0回
💹 現在の利益：+0.10 USDT (+0.09%)
━━━━━━━━━━━━━━━━━━━━━━━
2025-02-15 19:33:35,054 - INFO - 売りシグナル検出。売り注文を実行中...
2025-02-15 19:33:35,488 - ERROR - 売り注文エラー: Order quantity has too many decimals. (ErrCode: 170137) (ErrTime: 10:33:35).
Request → POST https://api-testnet.bybit.com/v5/order/create: {"category": "spot", "symbol": "BTCUSDT", "side": "Sell", "orderType": "Market", "qty": "0.00013297", "orderFilter": "ORDER"}.
2025-02-15 19:33:45,388 - INFO - 
プログラムがCtrl+Cにより終了されました。安全に終了します。
