2025-02-15 01:00:09,101 - INFO - 初期価格を取得中...
2025-02-15 01:00:09,783 - INFO - 
━━━━━━━━━━ 取引情報 ━━━━━━━━━━
📅 時刻　　　：2025-02-15 01:00:09
💰 BTC価格　：106,732.88 USDT
📉 価格変動　：0.00%
💵 USDT残高 ：191,534.48 USDT
₿ BTC保有量：0.008359 BTC
📊 総資産額 ：192,426.70 USDT
🔄 取引回数 ：買い0回 / 売り0回
💹 現在の利益：+0.00 USDT (+0.00%)
━━━━━━━━━━━━━━━━━━━━━━━
2025-02-15 01:00:20,036 - INFO - 
━━━━━━━━━━ 取引情報 ━━━━━━━━━━
📅 時刻　　　：2025-02-15 01:00:19
💰 BTC価格　：106,732.88 USDT
📉 価格変動　：0.00%
💵 USDT残高 ：191,534.48 USDT
₿ BTC保有量：0.008359 BTC
📊 総資産額 ：192,426.70 USDT
🔄 取引回数 ：買い0回 / 売り0回
💹 現在の利益：+0.00 USDT (+0.00%)
━━━━━━━━━━━━━━━━━━━━━━━
2025-02-15 01:00:23,269 - INFO - 
プログラムがCtrl+Cにより終了されました。安全に終了します。
