2025-02-14 01:21:27,130 - INFO - 初期価格を取得中...
2025-02-14 01:21:27,848 - INFO - 
━━━━━━━━━━ 取引情報 ━━━━━━━━━━
📅 時刻　　　：2025-02-14 01:21:27
💰 BTC価格　：94,092.86 USDT
📉 価格変動　：0.00%
💵 USDT残高 ：100.00 USDT
₿ BTC保有量：0.000000 BTC
📊 総資産額 ：100.00 USDT
🔄 取引回数 ：買い0回 / 売り0回
💹 現在の利益：+0.00 USDT (+0.00%)
━━━━━━━━━━━━━━━━━━━━━━━
2025-02-14 01:21:38,097 - INFO - 
━━━━━━━━━━ 取引情報 ━━━━━━━━━━
📅 時刻　　　：2025-02-14 01:21:37
💰 BTC価格　：94,092.86 USDT
📉 価格変動　：0.00%
💵 USDT残高 ：100.00 USDT
₿ BTC保有量：0.000000 BTC
📊 総資産額 ：100.00 USDT
🔄 取引回数 ：買い0回 / 売り0回
💹 現在の利益：+0.00 USDT (+0.00%)
━━━━━━━━━━━━━━━━━━━━━━━
2025-02-14 01:21:48,352 - INFO - 
━━━━━━━━━━ 取引情報 ━━━━━━━━━━
📅 時刻　　　：2025-02-14 01:21:48
💰 BTC価格　：94,092.86 USDT
📉 価格変動　：0.00%
💵 USDT残高 ：100.00 USDT
₿ BTC保有量：0.000000 BTC
📊 総資産額 ：100.00 USDT
🔄 取引回数 ：買い0回 / 売り0回
💹 現在の利益：+0.00 USDT (+0.00%)
━━━━━━━━━━━━━━━━━━━━━━━
2025-02-14 01:21:58,605 - INFO - 
━━━━━━━━━━ 取引情報 ━━━━━━━━━━
📅 時刻　　　：2025-02-14 01:21:58
💰 BTC価格　：94,106.26 USDT
📈 価格変動　：+0.01%
💵 USDT残高 ：100.00 USDT
₿ BTC保有量：0.000000 BTC
📊 総資産額 ：100.00 USDT
🔄 取引回数 ：買い0回 / 売り0回
💹 現在の利益：+0.00 USDT (+0.00%)
━━━━━━━━━━━━━━━━━━━━━━━
2025-02-14 01:22:08,856 - INFO - 
━━━━━━━━━━ 取引情報 ━━━━━━━━━━
📅 時刻　　　：2025-02-14 01:22:08
💰 BTC価格　：94,106.26 USDT
📈 価格変動　：+0.01%
💵 USDT残高 ：100.00 USDT
₿ BTC保有量：0.000000 BTC
📊 総資産額 ：100.00 USDT
🔄 取引回数 ：買い0回 / 売り0回
💹 現在の利益：+0.00 USDT (+0.00%)
━━━━━━━━━━━━━━━━━━━━━━━
2025-02-14 01:22:19,108 - INFO - 
━━━━━━━━━━ 取引情報 ━━━━━━━━━━
📅 時刻　　　：2025-02-14 01:22:18
💰 BTC価格　：94,615.62 USDT
📈 価格変動　：+0.56%
💵 USDT残高 ：100.00 USDT
₿ BTC保有量：0.000000 BTC
📊 総資産額 ：100.00 USDT
🔄 取引回数 ：買い0回 / 売り0回
💹 現在の利益：+0.00 USDT (+0.00%)
━━━━━━━━━━━━━━━━━━━━━━━
2025-02-14 01:22:29,359 - INFO - 
━━━━━━━━━━ 取引情報 ━━━━━━━━━━
📅 時刻　　　：2025-02-14 01:22:29
💰 BTC価格　：94,553.81 USDT
📈 価格変動　：+0.49%
💵 USDT残高 ：100.00 USDT
₿ BTC保有量：0.000000 BTC
📊 総資産額 ：100.00 USDT
🔄 取引回数 ：買い0回 / 売り0回
💹 現在の利益：+0.00 USDT (+0.00%)
━━━━━━━━━━━━━━━━━━━━━━━
2025-02-14 01:22:39,610 - INFO - 
━━━━━━━━━━ 取引情報 ━━━━━━━━━━
📅 時刻　　　：2025-02-14 01:22:39
💰 BTC価格　：94,538.86 USDT
📈 価格変動　：+0.47%
💵 USDT残高 ：100.00 USDT
₿ BTC保有量：0.000000 BTC
📊 総資産額 ：100.00 USDT
🔄 取引回数 ：買い0回 / 売り0回
💹 現在の利益：+0.00 USDT (+0.00%)
━━━━━━━━━━━━━━━━━━━━━━━
2025-02-14 01:22:49,860 - INFO - 
━━━━━━━━━━ 取引情報 ━━━━━━━━━━
📅 時刻　　　：2025-02-14 01:22:49
💰 BTC価格　：94,498.63 USDT
📈 価格変動　：+0.43%
💵 USDT残高 ：100.00 USDT
₿ BTC保有量：0.000000 BTC
📊 総資産額 ：100.00 USDT
🔄 取引回数 ：買い0回 / 売り0回
💹 現在の利益：+0.00 USDT (+0.00%)
━━━━━━━━━━━━━━━━━━━━━━━
2025-02-14 01:23:00,118 - INFO - 
━━━━━━━━━━ 取引情報 ━━━━━━━━━━
📅 時刻　　　：2025-02-14 01:22:59
💰 BTC価格　：94,549.32 USDT
📈 価格変動　：+0.49%
💵 USDT残高 ：100.00 USDT
₿ BTC保有量：0.000000 BTC
📊 総資産額 ：100.00 USDT
🔄 取引回数 ：買い0回 / 売り0回
💹 現在の利益：+0.00 USDT (+0.00%)
━━━━━━━━━━━━━━━━━━━━━━━
2025-02-14 01:23:10,373 - INFO - 
━━━━━━━━━━ 取引情報 ━━━━━━━━━━
📅 時刻　　　：2025-02-14 01:23:10
💰 BTC価格　：94,549.32 USDT
📈 価格変動　：+0.49%
💵 USDT残高 ：100.00 USDT
₿ BTC保有量：0.000000 BTC
📊 総資産額 ：100.00 USDT
🔄 取引回数 ：買い0回 / 売り0回
💹 現在の利益：+0.00 USDT (+0.00%)
━━━━━━━━━━━━━━━━━━━━━━━
2025-02-14 01:23:20,624 - INFO - 
━━━━━━━━━━ 取引情報 ━━━━━━━━━━
📅 時刻　　　：2025-02-14 01:23:20
💰 BTC価格　：94,552.32 USDT
📈 価格変動　：+0.49%
💵 USDT残高 ：100.00 USDT
₿ BTC保有量：0.000000 BTC
📊 総資産額 ：100.00 USDT
🔄 取引回数 ：買い0回 / 売り0回
💹 現在の利益：+0.00 USDT (+0.00%)
━━━━━━━━━━━━━━━━━━━━━━━
2025-02-14 01:23:30,877 - INFO - 
━━━━━━━━━━ 取引情報 ━━━━━━━━━━
📅 時刻　　　：2025-02-14 01:23:30
💰 BTC価格　：94,806.30 USDT
📈 価格変動　：+0.76%
💵 USDT残高 ：100.00 USDT
₿ BTC保有量：0.000000 BTC
📊 総資産額 ：100.00 USDT
🔄 取引回数 ：買い0回 / 売り0回
💹 現在の利益：+0.00 USDT (+0.00%)
━━━━━━━━━━━━━━━━━━━━━━━
2025-02-14 01:23:41,128 - INFO - 
━━━━━━━━━━ 取引情報 ━━━━━━━━━━
📅 時刻　　　：2025-02-14 01:23:40
💰 BTC価格　：94,806.30 USDT
📈 価格変動　：+0.76%
💵 USDT残高 ：100.00 USDT
₿ BTC保有量：0.000000 BTC
📊 総資産額 ：100.00 USDT
🔄 取引回数 ：買い0回 / 売り0回
💹 現在の利益：+0.00 USDT (+0.00%)
━━━━━━━━━━━━━━━━━━━━━━━
2025-02-14 01:23:51,376 - INFO - 
━━━━━━━━━━ 取引情報 ━━━━━━━━━━
📅 時刻　　　：2025-02-14 01:23:51
💰 BTC価格　：94,806.30 USDT
📈 価格変動　：+0.76%
💵 USDT残高 ：100.00 USDT
₿ BTC保有量：0.000000 BTC
📊 総資産額 ：100.00 USDT
🔄 取引回数 ：買い0回 / 売り0回
💹 現在の利益：+0.00 USDT (+0.00%)
━━━━━━━━━━━━━━━━━━━━━━━
2025-02-14 01:24:01,633 - INFO - 
━━━━━━━━━━ 取引情報 ━━━━━━━━━━
📅 時刻　　　：2025-02-14 01:24:01
💰 BTC価格　：94,525.98 USDT
📈 価格変動　：+0.46%
💵 USDT残高 ：100.00 USDT
₿ BTC保有量：0.000000 BTC
📊 総資産額 ：100.00 USDT
🔄 取引回数 ：買い0回 / 売り0回
💹 現在の利益：+0.00 USDT (+0.00%)
━━━━━━━━━━━━━━━━━━━━━━━
2025-02-14 01:24:12,017 - INFO - 
━━━━━━━━━━ 取引情報 ━━━━━━━━━━
📅 時刻　　　：2025-02-14 01:24:11
💰 BTC価格　：94,525.98 USDT
📈 価格変動　：+0.46%
💵 USDT残高 ：100.00 USDT
₿ BTC保有量：0.000000 BTC
📊 総資産額 ：100.00 USDT
🔄 取引回数 ：買い0回 / 売り0回
💹 現在の利益：+0.00 USDT (+0.00%)
━━━━━━━━━━━━━━━━━━━━━━━
2025-02-14 01:24:22,270 - INFO - 
━━━━━━━━━━ 取引情報 ━━━━━━━━━━
📅 時刻　　　：2025-02-14 01:24:22
💰 BTC価格　：94,683.60 USDT
📈 価格変動　：+0.63%
💵 USDT残高 ：100.00 USDT
₿ BTC保有量：0.000000 BTC
📊 総資産額 ：100.00 USDT
🔄 取引回数 ：買い0回 / 売り0回
💹 現在の利益：+0.00 USDT (+0.00%)
━━━━━━━━━━━━━━━━━━━━━━━
2025-02-14 01:24:32,520 - INFO - 
━━━━━━━━━━ 取引情報 ━━━━━━━━━━
📅 時刻　　　：2025-02-14 01:24:32
💰 BTC価格　：94,809.80 USDT
📈 価格変動　：+0.76%
💵 USDT残高 ：100.00 USDT
₿ BTC保有量：0.000000 BTC
📊 総資産額 ：100.00 USDT
🔄 取引回数 ：買い0回 / 売り0回
💹 現在の利益：+0.00 USDT (+0.00%)
━━━━━━━━━━━━━━━━━━━━━━━
2025-02-14 01:24:42,770 - INFO - 
━━━━━━━━━━ 取引情報 ━━━━━━━━━━
📅 時刻　　　：2025-02-14 01:24:42
💰 BTC価格　：94,842.08 USDT
📈 価格変動　：+0.80%
💵 USDT残高 ：100.00 USDT
₿ BTC保有量：0.000000 BTC
📊 総資産額 ：100.00 USDT
🔄 取引回数 ：買い0回 / 売り0回
💹 現在の利益：+0.00 USDT (+0.00%)
━━━━━━━━━━━━━━━━━━━━━━━
2025-02-14 01:24:53,021 - INFO - 
━━━━━━━━━━ 取引情報 ━━━━━━━━━━
📅 時刻　　　：2025-02-14 01:24:52
💰 BTC価格　：94,940.06 USDT
📈 価格変動　：+0.90%
💵 USDT残高 ：100.00 USDT
₿ BTC保有量：0.000000 BTC
📊 総資産額 ：100.00 USDT
🔄 取引回数 ：買い0回 / 売り0回
💹 現在の利益：+0.00 USDT (+0.00%)
━━━━━━━━━━━━━━━━━━━━━━━
2025-02-14 01:25:03,271 - INFO - 
━━━━━━━━━━ 取引情報 ━━━━━━━━━━
📅 時刻　　　：2025-02-14 01:25:03
💰 BTC価格　：94,738.59 USDT
📈 価格変動　：+0.69%
💵 USDT残高 ：100.00 USDT
₿ BTC保有量：0.000000 BTC
📊 総資産額 ：100.00 USDT
🔄 取引回数 ：買い0回 / 売り0回
💹 現在の利益：+0.00 USDT (+0.00%)
━━━━━━━━━━━━━━━━━━━━━━━
2025-02-14 01:25:13,524 - INFO - 
━━━━━━━━━━ 取引情報 ━━━━━━━━━━
📅 時刻　　　：2025-02-14 01:25:13
💰 BTC価格　：94,738.59 USDT
📈 価格変動　：+0.69%
💵 USDT残高 ：100.00 USDT
₿ BTC保有量：0.000000 BTC
📊 総資産額 ：100.00 USDT
🔄 取引回数 ：買い0回 / 売り0回
💹 現在の利益：+0.00 USDT (+0.00%)
━━━━━━━━━━━━━━━━━━━━━━━
2025-02-14 01:25:23,775 - INFO - 
━━━━━━━━━━ 取引情報 ━━━━━━━━━━
📅 時刻　　　：2025-02-14 01:25:23
💰 BTC価格　：94,615.62 USDT
📈 価格変動　：+0.56%
💵 USDT残高 ：100.00 USDT
₿ BTC保有量：0.000000 BTC
📊 総資産額 ：100.00 USDT
🔄 取引回数 ：買い0回 / 売り0回
💹 現在の利益：+0.00 USDT (+0.00%)
━━━━━━━━━━━━━━━━━━━━━━━
2025-02-14 01:25:34,024 - INFO - 
━━━━━━━━━━ 取引情報 ━━━━━━━━━━
📅 時刻　　　：2025-02-14 01:25:33
💰 BTC価格　：94,615.62 USDT
📈 価格変動　：+0.56%
💵 USDT残高 ：100.00 USDT
₿ BTC保有量：0.000000 BTC
📊 総資産額 ：100.00 USDT
🔄 取引回数 ：買い0回 / 売り0回
💹 現在の利益：+0.00 USDT (+0.00%)
━━━━━━━━━━━━━━━━━━━━━━━
2025-02-14 01:25:44,274 - INFO - 
━━━━━━━━━━ 取引情報 ━━━━━━━━━━
📅 時刻　　　：2025-02-14 01:25:44
💰 BTC価格　：94,830.81 USDT
📈 価格変動　：+0.78%
💵 USDT残高 ：100.00 USDT
₿ BTC保有量：0.000000 BTC
📊 総資産額 ：100.00 USDT
🔄 取引回数 ：買い0回 / 売り0回
💹 現在の利益：+0.00 USDT (+0.00%)
━━━━━━━━━━━━━━━━━━━━━━━
2025-02-14 01:25:54,525 - INFO - 
━━━━━━━━━━ 取引情報 ━━━━━━━━━━
📅 時刻　　　：2025-02-14 01:25:54
💰 BTC価格　：94,400.00 USDT
📈 価格変動　：+0.33%
💵 USDT残高 ：100.00 USDT
₿ BTC保有量：0.000000 BTC
📊 総資産額 ：100.00 USDT
🔄 取引回数 ：買い0回 / 売り0回
💹 現在の利益：+0.00 USDT (+0.00%)
━━━━━━━━━━━━━━━━━━━━━━━
2025-02-14 01:26:04,779 - INFO - 
━━━━━━━━━━ 取引情報 ━━━━━━━━━━
📅 時刻　　　：2025-02-14 01:26:04
💰 BTC価格　：94,806.30 USDT
📈 価格変動　：+0.76%
💵 USDT残高 ：100.00 USDT
₿ BTC保有量：0.000000 BTC
📊 総資産額 ：100.00 USDT
🔄 取引回数 ：買い0回 / 売り0回
💹 現在の利益：+0.00 USDT (+0.00%)
━━━━━━━━━━━━━━━━━━━━━━━
2025-02-14 01:26:15,029 - INFO - 
━━━━━━━━━━ 取引情報 ━━━━━━━━━━
📅 時刻　　　：2025-02-14 01:26:14
💰 BTC価格　：94,806.30 USDT
📈 価格変動　：+0.76%
💵 USDT残高 ：100.00 USDT
₿ BTC保有量：0.000000 BTC
📊 総資産額 ：100.00 USDT
🔄 取引回数 ：買い0回 / 売り0回
💹 現在の利益：+0.00 USDT (+0.00%)
━━━━━━━━━━━━━━━━━━━━━━━
2025-02-14 01:26:25,285 - INFO - 
━━━━━━━━━━ 取引情報 ━━━━━━━━━━
📅 時刻　　　：2025-02-14 01:26:25
💰 BTC価格　：94,664.10 USDT
📈 価格変動　：+0.61%
💵 USDT残高 ：100.00 USDT
₿ BTC保有量：0.000000 BTC
📊 総資産額 ：100.00 USDT
🔄 取引回数 ：買い0回 / 売り0回
💹 現在の利益：+0.00 USDT (+0.00%)
━━━━━━━━━━━━━━━━━━━━━━━
2025-02-14 01:26:35,533 - INFO - 
━━━━━━━━━━ 取引情報 ━━━━━━━━━━
📅 時刻　　　：2025-02-14 01:26:35
💰 BTC価格　：94,623.13 USDT
📈 価格変動　：+0.56%
💵 USDT残高 ：100.00 USDT
₿ BTC保有量：0.000000 BTC
📊 総資産額 ：100.00 USDT
🔄 取引回数 ：買い0回 / 売り0回
💹 現在の利益：+0.00 USDT (+0.00%)
━━━━━━━━━━━━━━━━━━━━━━━
2025-02-14 01:26:45,781 - INFO - 
━━━━━━━━━━ 取引情報 ━━━━━━━━━━
📅 時刻　　　：2025-02-14 01:26:45
💰 BTC価格　：94,748.90 USDT
📈 価格変動　：+0.70%
💵 USDT残高 ：100.00 USDT
₿ BTC保有量：0.000000 BTC
📊 総資産額 ：100.00 USDT
🔄 取引回数 ：買い0回 / 売り0回
💹 現在の利益：+0.00 USDT (+0.00%)
━━━━━━━━━━━━━━━━━━━━━━━
2025-02-14 01:26:56,031 - INFO - 
━━━━━━━━━━ 取引情報 ━━━━━━━━━━
📅 時刻　　　：2025-02-14 01:26:55
💰 BTC価格　：94,748.90 USDT
📈 価格変動　：+0.70%
💵 USDT残高 ：100.00 USDT
₿ BTC保有量：0.000000 BTC
📊 総資産額 ：100.00 USDT
🔄 取引回数 ：買い0回 / 売り0回
💹 現在の利益：+0.00 USDT (+0.00%)
━━━━━━━━━━━━━━━━━━━━━━━
2025-02-14 01:27:06,283 - INFO - 
━━━━━━━━━━ 取引情報 ━━━━━━━━━━
📅 時刻　　　：2025-02-14 01:27:06
💰 BTC価格　：94,352.94 USDT
📈 価格変動　：+0.28%
💵 USDT残高 ：100.00 USDT
₿ BTC保有量：0.000000 BTC
📊 総資産額 ：100.00 USDT
🔄 取引回数 ：買い0回 / 売り0回
💹 現在の利益：+0.00 USDT (+0.00%)
━━━━━━━━━━━━━━━━━━━━━━━
2025-02-14 01:27:16,543 - INFO - 
━━━━━━━━━━ 取引情報 ━━━━━━━━━━
📅 時刻　　　：2025-02-14 01:27:16
💰 BTC価格　：94,522.23 USDT
📈 価格変動　：+0.46%
💵 USDT残高 ：100.00 USDT
₿ BTC保有量：0.000000 BTC
📊 総資産額 ：100.00 USDT
🔄 取引回数 ：買い0回 / 売り0回
💹 現在の利益：+0.00 USDT (+0.00%)
━━━━━━━━━━━━━━━━━━━━━━━
2025-02-14 01:27:26,796 - INFO - 
━━━━━━━━━━ 取引情報 ━━━━━━━━━━
📅 時刻　　　：2025-02-14 01:27:26
💰 BTC価格　：94,537.04 USDT
📈 価格変動　：+0.47%
💵 USDT残高 ：100.00 USDT
₿ BTC保有量：0.000000 BTC
📊 総資産額 ：100.00 USDT
🔄 取引回数 ：買い0回 / 売り0回
💹 現在の利益：+0.00 USDT (+0.00%)
━━━━━━━━━━━━━━━━━━━━━━━
2025-02-14 01:27:37,055 - INFO - 
━━━━━━━━━━ 取引情報 ━━━━━━━━━━
📅 時刻　　　：2025-02-14 01:27:36
💰 BTC価格　：94,537.04 USDT
📈 価格変動　：+0.47%
💵 USDT残高 ：100.00 USDT
₿ BTC保有量：0.000000 BTC
📊 総資産額 ：100.00 USDT
🔄 取引回数 ：買い0回 / 売り0回
💹 現在の利益：+0.00 USDT (+0.00%)
━━━━━━━━━━━━━━━━━━━━━━━
2025-02-14 01:27:47,306 - INFO - 
━━━━━━━━━━ 取引情報 ━━━━━━━━━━
📅 時刻　　　：2025-02-14 01:27:47
💰 BTC価格　：94,537.04 USDT
📈 価格変動　：+0.47%
💵 USDT残高 ：100.00 USDT
₿ BTC保有量：0.000000 BTC
📊 総資産額 ：100.00 USDT
🔄 取引回数 ：買い0回 / 売り0回
💹 現在の利益：+0.00 USDT (+0.00%)
━━━━━━━━━━━━━━━━━━━━━━━
2025-02-14 01:27:57,555 - INFO - 
━━━━━━━━━━ 取引情報 ━━━━━━━━━━
📅 時刻　　　：2025-02-14 01:27:57
💰 BTC価格　：94,537.04 USDT
📈 価格変動　：+0.47%
💵 USDT残高 ：100.00 USDT
₿ BTC保有量：0.000000 BTC
📊 総資産額 ：100.00 USDT
🔄 取引回数 ：買い0回 / 売り0回
💹 現在の利益：+0.00 USDT (+0.00%)
━━━━━━━━━━━━━━━━━━━━━━━
2025-02-14 01:28:07,809 - INFO - 
━━━━━━━━━━ 取引情報 ━━━━━━━━━━
📅 時刻　　　：2025-02-14 01:28:07
💰 BTC価格　：94,526.67 USDT
📈 価格変動　：+0.46%
💵 USDT残高 ：100.00 USDT
₿ BTC保有量：0.000000 BTC
📊 総資産額 ：100.00 USDT
🔄 取引回数 ：買い0回 / 売り0回
💹 現在の利益：+0.00 USDT (+0.00%)
━━━━━━━━━━━━━━━━━━━━━━━
2025-02-14 01:28:18,068 - INFO - 
━━━━━━━━━━ 取引情報 ━━━━━━━━━━
📅 時刻　　　：2025-02-14 01:28:17
💰 BTC価格　：94,526.67 USDT
📈 価格変動　：+0.46%
💵 USDT残高 ：100.00 USDT
₿ BTC保有量：0.000000 BTC
📊 総資産額 ：100.00 USDT
🔄 取引回数 ：買い0回 / 売り0回
💹 現在の利益：+0.00 USDT (+0.00%)
━━━━━━━━━━━━━━━━━━━━━━━
2025-02-14 01:28:28,322 - INFO - 
━━━━━━━━━━ 取引情報 ━━━━━━━━━━
📅 時刻　　　：2025-02-14 01:28:28
💰 BTC価格　：94,100.00 USDT
📈 価格変動　：+0.01%
💵 USDT残高 ：100.00 USDT
₿ BTC保有量：0.000000 BTC
📊 総資産額 ：100.00 USDT
🔄 取引回数 ：買い0回 / 売り0回
💹 現在の利益：+0.00 USDT (+0.00%)
━━━━━━━━━━━━━━━━━━━━━━━
2025-02-14 01:28:38,571 - INFO - 
━━━━━━━━━━ 取引情報 ━━━━━━━━━━
📅 時刻　　　：2025-02-14 01:28:38
💰 BTC価格　：94,298.73 USDT
📈 価格変動　：+0.22%
💵 USDT残高 ：100.00 USDT
₿ BTC保有量：0.000000 BTC
📊 総資産額 ：100.00 USDT
🔄 取引回数 ：買い0回 / 売り0回
💹 現在の利益：+0.00 USDT (+0.00%)
━━━━━━━━━━━━━━━━━━━━━━━
2025-02-14 01:28:48,826 - INFO - 
━━━━━━━━━━ 取引情報 ━━━━━━━━━━
📅 時刻　　　：2025-02-14 01:28:48
💰 BTC価格　：94,254.72 USDT
📈 価格変動　：+0.17%
💵 USDT残高 ：100.00 USDT
₿ BTC保有量：0.000000 BTC
📊 総資産額 ：100.00 USDT
🔄 取引回数 ：買い0回 / 売り0回
💹 現在の利益：+0.00 USDT (+0.00%)
━━━━━━━━━━━━━━━━━━━━━━━
2025-02-14 01:28:59,076 - INFO - 
━━━━━━━━━━ 取引情報 ━━━━━━━━━━
📅 時刻　　　：2025-02-14 01:28:58
💰 BTC価格　：94,289.14 USDT
📈 価格変動　：+0.21%
💵 USDT残高 ：100.00 USDT
₿ BTC保有量：0.000000 BTC
📊 総資産額 ：100.00 USDT
🔄 取引回数 ：買い0回 / 売り0回
💹 現在の利益：+0.00 USDT (+0.00%)
━━━━━━━━━━━━━━━━━━━━━━━
2025-02-14 01:29:09,328 - INFO - 
━━━━━━━━━━ 取引情報 ━━━━━━━━━━
📅 時刻　　　：2025-02-14 01:29:09
💰 BTC価格　：94,289.14 USDT
📈 価格変動　：+0.21%
💵 USDT残高 ：100.00 USDT
₿ BTC保有量：0.000000 BTC
📊 総資産額 ：100.00 USDT
🔄 取引回数 ：買い0回 / 売り0回
💹 現在の利益：+0.00 USDT (+0.00%)
━━━━━━━━━━━━━━━━━━━━━━━
2025-02-14 01:29:13,035 - INFO - 
プログラムがCtrl+Cにより終了されました。安全に終了します。
