2025-02-15 01:04:15,317 - INFO - 初期価格を取得中...
2025-02-15 01:04:16,135 - INFO - 
━━━━━━━━━━ 取引情報 ━━━━━━━━━━
📅 時刻　　　：2025-02-15 01:04:15
💰 BTC価格　：106,732.88 USDT
📉 価格変動　：0.00%
💵 USDT残高 ：191,534.48 USDT
₿ BTC保有量：0.008359 BTC
📊 総資産額 ：192,426.70 USDT
🔄 取引回数 ：買い0回 / 売り0回
💹 現在の利益：+0.00 USDT (+0.00%)
━━━━━━━━━━━━━━━━━━━━━━━
2025-02-15 01:04:26,390 - INFO - 
━━━━━━━━━━ 取引情報 ━━━━━━━━━━
📅 時刻　　　：2025-02-15 01:04:26
💰 BTC価格　：106,732.88 USDT
📉 価格変動　：0.00%
💵 USDT残高 ：191,534.48 USDT
₿ BTC保有量：0.008359 BTC
📊 総資産額 ：192,426.70 USDT
🔄 取引回数 ：買い0回 / 売り0回
💹 現在の利益：+0.00 USDT (+0.00%)
━━━━━━━━━━━━━━━━━━━━━━━
2025-02-15 01:04:36,652 - INFO - 
━━━━━━━━━━ 取引情報 ━━━━━━━━━━
📅 時刻　　　：2025-02-15 01:04:36
💰 BTC価格　：106,732.88 USDT
📉 価格変動　：0.00%
💵 USDT残高 ：191,534.48 USDT
₿ BTC保有量：0.008359 BTC
📊 総資産額 ：192,426.70 USDT
🔄 取引回数 ：買い0回 / 売り0回
💹 現在の利益：+0.00 USDT (+0.00%)
━━━━━━━━━━━━━━━━━━━━━━━
2025-02-15 01:04:46,906 - INFO - 
━━━━━━━━━━ 取引情報 ━━━━━━━━━━
📅 時刻　　　：2025-02-15 01:04:46
💰 BTC価格　：106,732.88 USDT
📉 価格変動　：0.00%
💵 USDT残高 ：191,534.48 USDT
₿ BTC保有量：0.008359 BTC
📊 総資産額 ：192,426.70 USDT
🔄 取引回数 ：買い0回 / 売り0回
💹 現在の利益：+0.00 USDT (+0.00%)
━━━━━━━━━━━━━━━━━━━━━━━
2025-02-15 01:04:57,161 - INFO - 
━━━━━━━━━━ 取引情報 ━━━━━━━━━━
📅 時刻　　　：2025-02-15 01:04:56
💰 BTC価格　：106,650.51 USDT
📉 価格変動　：-0.08%
💵 USDT残高 ：191,979.66 USDT
₿ BTC保有量：0.004180 BTC
📊 総資産額 ：192,425.50 USDT
🔄 取引回数 ：買い0回 / 売り0回
📉 現在の損失：-1.20 USDT (-0.00%)
━━━━━━━━━━━━━━━━━━━━━━━
2025-02-15 01:05:07,416 - INFO - 
━━━━━━━━━━ 取引情報 ━━━━━━━━━━
📅 時刻　　　：2025-02-15 01:05:07
💰 BTC価格　：106,650.51 USDT
📉 価格変動　：-0.08%
💵 USDT残高 ：191,979.66 USDT
₿ BTC保有量：0.004180 BTC
📊 総資産額 ：192,425.50 USDT
🔄 取引回数 ：買い0回 / 売り0回
📉 現在の損失：-1.20 USDT (-0.00%)
━━━━━━━━━━━━━━━━━━━━━━━
2025-02-15 01:05:17,498 - INFO - 
プログラムがCtrl+Cにより終了されました。安全に終了します。
