2025-02-14 01:08:25,788 - INFO - 初期価格を取得中...
2025-02-14 01:08:26,477 - INFO - 
━━━━━━━━━━ 取引情報 ━━━━━━━━━━
📅 時刻　　　：2025-02-14 01:08:26
💰 BTC価格　：91,930.11 USDT
📉 価格変動　：0.00%
💵 USDT残高 ：100.33 USDT
₿ BTC保有量：0.000000 BTC
📊 総資産額 ：100.33 USDT
🔄 取引回数 ：買い0回 / 売り0回
💹 現在の利益：+0.00 USDT (+0.00%)
━━━━━━━━━━━━━━━━━━━━━━━
2025-02-14 01:08:36,728 - INFO - 
━━━━━━━━━━ 取引情報 ━━━━━━━━━━
📅 時刻　　　：2025-02-14 01:08:36
💰 BTC価格　：91,914.37 USDT
📉 価格変動　：-0.02%
💵 USDT残高 ：100.33 USDT
₿ BTC保有量：0.000000 BTC
📊 総資産額 ：100.33 USDT
🔄 取引回数 ：買い0回 / 売り0回
💹 現在の利益：+0.00 USDT (+0.00%)
━━━━━━━━━━━━━━━━━━━━━━━
2025-02-14 01:08:46,981 - INFO - 
━━━━━━━━━━ 取引情報 ━━━━━━━━━━
📅 時刻　　　：2025-02-14 01:08:46
💰 BTC価格　：91,234.91 USDT
📉 価格変動　：-0.76%
💵 USDT残高 ：100.33 USDT
₿ BTC保有量：0.000000 BTC
📊 総資産額 ：100.33 USDT
🔄 取引回数 ：買い0回 / 売り0回
💹 現在の利益：+0.00 USDT (+0.00%)
━━━━━━━━━━━━━━━━━━━━━━━
2025-02-14 01:08:46,982 - INFO - 買いシグナル検出。買い注文を実行中...
2025-02-14 01:08:47,065 - INFO - 買い注文を実行: 数量=0.001 BTC
2025-02-14 01:08:47,066 - INFO - 買い注文実行: {'retCode': 0, 'retMsg': 'OK', 'result': {'orderId': 'd90b8f1c-c415-45cd-b7ee-cc53a0724758', 'orderLinkId': ''}, 'retExtInfo': {}, 'time': 1739462927046}
2025-02-14 01:09:07,149 - INFO - 前回の取引から39秒待機中...
2025-02-14 01:09:17,228 - INFO - 前回の取引から29秒待機中...
2025-02-14 01:09:27,309 - INFO - 前回の取引から19秒待機中...
2025-02-14 01:09:37,397 - INFO - 前回の取引から9秒待機中...
2025-02-14 01:09:47,646 - INFO - 
━━━━━━━━━━ 取引情報 ━━━━━━━━━━
📅 時刻　　　：2025-02-14 01:09:47
💰 BTC価格　：91,264.31 USDT
📈 価格変動　：+0.03%
💵 USDT残高 ：100.31 USDT
₿ BTC保有量：0.000000 BTC
📊 総資産額 ：100.31 USDT
🔄 取引回数 ：買い1回 / 売り0回
📉 現在の損失：-0.02 USDT (-0.02%)
━━━━━━━━━━━━━━━━━━━━━━━
2025-02-14 01:09:57,897 - INFO - 
━━━━━━━━━━ 取引情報 ━━━━━━━━━━
📅 時刻　　　：2025-02-14 01:09:57
💰 BTC価格　：91,270.06 USDT
📈 価格変動　：+0.04%
💵 USDT残高 ：100.31 USDT
₿ BTC保有量：0.000000 BTC
📊 総資産額 ：100.31 USDT
🔄 取引回数 ：買い1回 / 売り0回
📉 現在の損失：-0.02 USDT (-0.02%)
━━━━━━━━━━━━━━━━━━━━━━━
2025-02-14 01:10:08,147 - INFO - 
━━━━━━━━━━ 取引情報 ━━━━━━━━━━
📅 時刻　　　：2025-02-14 01:10:07
💰 BTC価格　：91,270.06 USDT
📈 価格変動　：+0.04%
💵 USDT残高 ：100.31 USDT
₿ BTC保有量：0.000000 BTC
📊 総資産額 ：100.31 USDT
🔄 取引回数 ：買い1回 / 売り0回
📉 現在の損失：-0.02 USDT (-0.02%)
━━━━━━━━━━━━━━━━━━━━━━━
2025-02-14 01:10:18,398 - INFO - 
━━━━━━━━━━ 取引情報 ━━━━━━━━━━
📅 時刻　　　：2025-02-14 01:10:18
💰 BTC価格　：91,339.62 USDT
📈 価格変動　：+0.11%
💵 USDT残高 ：100.31 USDT
₿ BTC保有量：0.000000 BTC
📊 総資産額 ：100.31 USDT
🔄 取引回数 ：買い1回 / 売り0回
📉 現在の損失：-0.02 USDT (-0.02%)
━━━━━━━━━━━━━━━━━━━━━━━
2025-02-14 01:10:28,647 - INFO - 
━━━━━━━━━━ 取引情報 ━━━━━━━━━━
📅 時刻　　　：2025-02-14 01:10:28
💰 BTC価格　：91,270.06 USDT
📈 価格変動　：+0.04%
💵 USDT残高 ：100.31 USDT
₿ BTC保有量：0.000000 BTC
📊 総資産額 ：100.31 USDT
🔄 取引回数 ：買い1回 / 売り0回
📉 現在の損失：-0.02 USDT (-0.02%)
━━━━━━━━━━━━━━━━━━━━━━━
2025-02-14 01:10:38,900 - INFO - 
━━━━━━━━━━ 取引情報 ━━━━━━━━━━
📅 時刻　　　：2025-02-14 01:10:38
💰 BTC価格　：91,268.62 USDT
📈 価格変動　：+0.04%
💵 USDT残高 ：100.31 USDT
₿ BTC保有量：0.000000 BTC
📊 総資産額 ：100.31 USDT
🔄 取引回数 ：買い1回 / 売り0回
📉 現在の損失：-0.02 USDT (-0.02%)
━━━━━━━━━━━━━━━━━━━━━━━
2025-02-14 01:10:49,150 - INFO - 
━━━━━━━━━━ 取引情報 ━━━━━━━━━━
📅 時刻　　　：2025-02-14 01:10:48
💰 BTC価格　：91,186.49 USDT
📉 価格変動　：-0.05%
💵 USDT残高 ：100.31 USDT
₿ BTC保有量：0.000000 BTC
📊 総資産額 ：100.31 USDT
🔄 取引回数 ：買い1回 / 売り0回
📉 現在の損失：-0.02 USDT (-0.02%)
━━━━━━━━━━━━━━━━━━━━━━━
2025-02-14 01:10:59,401 - INFO - 
━━━━━━━━━━ 取引情報 ━━━━━━━━━━
📅 時刻　　　：2025-02-14 01:10:59
💰 BTC価格　：91,186.49 USDT
📉 価格変動　：-0.05%
💵 USDT残高 ：100.31 USDT
₿ BTC保有量：0.000000 BTC
📊 総資産額 ：100.31 USDT
🔄 取引回数 ：買い1回 / 売り0回
📉 現在の損失：-0.02 USDT (-0.02%)
━━━━━━━━━━━━━━━━━━━━━━━
2025-02-14 01:11:09,649 - INFO - 
━━━━━━━━━━ 取引情報 ━━━━━━━━━━
📅 時刻　　　：2025-02-14 01:11:09
💰 BTC価格　：93,137.95 USDT
📈 価格変動　：+2.09%
💵 USDT残高 ：100.31 USDT
₿ BTC保有量：0.000000 BTC
📊 総資産額 ：100.31 USDT
🔄 取引回数 ：買い1回 / 売り0回
📉 現在の損失：-0.02 USDT (-0.02%)
━━━━━━━━━━━━━━━━━━━━━━━
2025-02-14 01:11:19,913 - INFO - 
━━━━━━━━━━ 取引情報 ━━━━━━━━━━
📅 時刻　　　：2025-02-14 01:11:19
💰 BTC価格　：93,042.00 USDT
📈 価格変動　：+1.98%
💵 USDT残高 ：100.31 USDT
₿ BTC保有量：0.000000 BTC
📊 総資産額 ：100.31 USDT
🔄 取引回数 ：買い1回 / 売り0回
📉 現在の損失：-0.02 USDT (-0.02%)
━━━━━━━━━━━━━━━━━━━━━━━
2025-02-14 01:11:30,164 - INFO - 
━━━━━━━━━━ 取引情報 ━━━━━━━━━━
📅 時刻　　　：2025-02-14 01:11:29
💰 BTC価格　：93,054.93 USDT
📈 価格変動　：+1.99%
💵 USDT残高 ：100.31 USDT
₿ BTC保有量：0.000000 BTC
📊 総資産額 ：100.31 USDT
🔄 取引回数 ：買い1回 / 売り0回
📉 現在の損失：-0.02 USDT (-0.02%)
━━━━━━━━━━━━━━━━━━━━━━━
2025-02-14 01:11:40,413 - INFO - 
━━━━━━━━━━ 取引情報 ━━━━━━━━━━
📅 時刻　　　：2025-02-14 01:11:40
💰 BTC価格　：93,054.93 USDT
📈 価格変動　：+1.99%
💵 USDT残高 ：100.31 USDT
₿ BTC保有量：0.000000 BTC
📊 総資産額 ：100.31 USDT
🔄 取引回数 ：買い1回 / 売り0回
📉 現在の損失：-0.02 USDT (-0.02%)
━━━━━━━━━━━━━━━━━━━━━━━
2025-02-14 01:11:50,663 - INFO - 
━━━━━━━━━━ 取引情報 ━━━━━━━━━━
📅 時刻　　　：2025-02-14 01:11:50
💰 BTC価格　：93,035.53 USDT
📈 価格変動　：+1.97%
💵 USDT残高 ：100.31 USDT
₿ BTC保有量：0.000000 BTC
📊 総資産額 ：100.31 USDT
🔄 取引回数 ：買い1回 / 売り0回
📉 現在の損失：-0.02 USDT (-0.02%)
━━━━━━━━━━━━━━━━━━━━━━━
2025-02-14 01:12:00,913 - INFO - 
━━━━━━━━━━ 取引情報 ━━━━━━━━━━
📅 時刻　　　：2025-02-14 01:12:00
💰 BTC価格　：93,045.23 USDT
📈 価格変動　：+1.98%
💵 USDT残高 ：100.31 USDT
₿ BTC保有量：0.000000 BTC
📊 総資産額 ：100.31 USDT
🔄 取引回数 ：買い1回 / 売り0回
📉 現在の損失：-0.02 USDT (-0.02%)
━━━━━━━━━━━━━━━━━━━━━━━
2025-02-14 01:12:11,174 - INFO - 
━━━━━━━━━━ 取引情報 ━━━━━━━━━━
📅 時刻　　　：2025-02-14 01:12:10
💰 BTC価格　：93,054.93 USDT
📈 価格変動　：+1.99%
💵 USDT残高 ：100.31 USDT
₿ BTC保有量：0.000000 BTC
📊 総資産額 ：100.31 USDT
🔄 取引回数 ：買い1回 / 売り0回
📉 現在の損失：-0.02 USDT (-0.02%)
━━━━━━━━━━━━━━━━━━━━━━━
2025-02-14 01:12:21,425 - INFO - 
━━━━━━━━━━ 取引情報 ━━━━━━━━━━
📅 時刻　　　：2025-02-14 01:12:21
💰 BTC価格　：92,949.15 USDT
📈 価格変動　：+1.88%
💵 USDT残高 ：100.31 USDT
₿ BTC保有量：0.000000 BTC
📊 総資産額 ：100.31 USDT
🔄 取引回数 ：買い1回 / 売り0回
📉 現在の損失：-0.02 USDT (-0.02%)
━━━━━━━━━━━━━━━━━━━━━━━
2025-02-14 01:12:31,684 - INFO - 
━━━━━━━━━━ 取引情報 ━━━━━━━━━━
📅 時刻　　　：2025-02-14 01:12:31
💰 BTC価格　：93,519.16 USDT
📈 価格変動　：+2.50%
💵 USDT残高 ：100.31 USDT
₿ BTC保有量：0.000000 BTC
📊 総資産額 ：100.31 USDT
🔄 取引回数 ：買い1回 / 売り0回
📉 現在の損失：-0.02 USDT (-0.02%)
━━━━━━━━━━━━━━━━━━━━━━━
2025-02-14 01:12:41,934 - INFO - 
━━━━━━━━━━ 取引情報 ━━━━━━━━━━
📅 時刻　　　：2025-02-14 01:12:41
💰 BTC価格　：93,519.16 USDT
📈 価格変動　：+2.50%
💵 USDT残高 ：100.31 USDT
₿ BTC保有量：0.000000 BTC
📊 総資産額 ：100.31 USDT
🔄 取引回数 ：買い1回 / 売り0回
📉 現在の損失：-0.02 USDT (-0.02%)
━━━━━━━━━━━━━━━━━━━━━━━
2025-02-14 01:12:52,184 - INFO - 
━━━━━━━━━━ 取引情報 ━━━━━━━━━━
📅 時刻　　　：2025-02-14 01:12:52
💰 BTC価格　：93,519.16 USDT
📈 価格変動　：+2.50%
💵 USDT残高 ：100.31 USDT
₿ BTC保有量：0.000000 BTC
📊 総資産額 ：100.31 USDT
🔄 取引回数 ：買い1回 / 売り0回
📉 現在の損失：-0.02 USDT (-0.02%)
━━━━━━━━━━━━━━━━━━━━━━━
2025-02-14 01:13:02,436 - INFO - 
━━━━━━━━━━ 取引情報 ━━━━━━━━━━
📅 時刻　　　：2025-02-14 01:13:02
💰 BTC価格　：93,495.26 USDT
📈 価格変動　：+2.48%
💵 USDT残高 ：100.31 USDT
₿ BTC保有量：0.000000 BTC
📊 総資産額 ：100.31 USDT
🔄 取引回数 ：買い1回 / 売り0回
📉 現在の損失：-0.02 USDT (-0.02%)
━━━━━━━━━━━━━━━━━━━━━━━
2025-02-14 01:13:08,919 - INFO - 
プログラムがCtrl+Cにより終了されました。安全に終了します。
