2025-02-13 21:34:19,831 - INFO - 初期価格を取得中...
2025-02-13 21:34:20,542 - INFO - 
━━━━━━━━━━ 取引情報 ━━━━━━━━━━
📅 時刻　　　：2025-02-13 21:34:20
💰 BTC価格　：105,371.48 USDT
📉 価格変動　：0.00%
💵 USDT残高 ：100.00 USDT
₿ BTC保有量：0.055296 BTC
📊 総資産額 ：5,926.59 USDT
💹 現在の利益：+0.00 USDT (+0.00%)
━━━━━━━━━━━━━━━━━━━━━━━
2025-02-13 21:34:30,810 - INFO - 
━━━━━━━━━━ 取引情報 ━━━━━━━━━━
📅 時刻　　　：2025-02-13 21:34:30
💰 BTC価格　：105,116.29 USDT
📉 価格変動　：-0.24%
💵 USDT残高 ：100.00 USDT
₿ BTC保有量：0.055296 BTC
📊 総資産額 ：5,912.48 USDT
📉 現在の損失：-14.11 USDT (-0.24%)
━━━━━━━━━━━━━━━━━━━━━━━
2025-02-13 21:34:41,080 - INFO - 
━━━━━━━━━━ 取引情報 ━━━━━━━━━━
📅 時刻　　　：2025-02-13 21:34:40
💰 BTC価格　：105,513.03 USDT
📈 価格変動　：+0.13%
💵 USDT残高 ：100.00 USDT
₿ BTC保有量：0.055296 BTC
📊 総資産額 ：5,934.42 USDT
💹 現在の利益：+7.83 USDT (+0.13%)
━━━━━━━━━━━━━━━━━━━━━━━
2025-02-13 21:34:51,340 - INFO - 
━━━━━━━━━━ 取引情報 ━━━━━━━━━━
📅 時刻　　　：2025-02-13 21:34:51
💰 BTC価格　：105,116.29 USDT
📉 価格変動　：-0.24%
💵 USDT残高 ：100.00 USDT
₿ BTC保有量：0.055296 BTC
📊 総資産額 ：5,912.48 USDT
📉 現在の損失：-14.11 USDT (-0.24%)
━━━━━━━━━━━━━━━━━━━━━━━
2025-02-13 21:35:01,595 - INFO - 
━━━━━━━━━━ 取引情報 ━━━━━━━━━━
📅 時刻　　　：2025-02-13 21:35:01
💰 BTC価格　：105,116.29 USDT
📉 価格変動　：-0.24%
💵 USDT残高 ：100.00 USDT
₿ BTC保有量：0.055296 BTC
📊 総資産額 ：5,912.48 USDT
📉 現在の損失：-14.11 USDT (-0.24%)
━━━━━━━━━━━━━━━━━━━━━━━
2025-02-13 21:35:11,882 - INFO - 
━━━━━━━━━━ 取引情報 ━━━━━━━━━━
📅 時刻　　　：2025-02-13 21:35:11
💰 BTC価格　：105,116.29 USDT
📉 価格変動　：-0.24%
💵 USDT残高 ：100.00 USDT
₿ BTC保有量：0.055296 BTC
📊 総資産額 ：5,912.48 USDT
📉 現在の損失：-14.11 USDT (-0.24%)
━━━━━━━━━━━━━━━━━━━━━━━
2025-02-13 21:35:22,150 - INFO - 
━━━━━━━━━━ 取引情報 ━━━━━━━━━━
📅 時刻　　　：2025-02-13 21:35:21
💰 BTC価格　：105,099.57 USDT
📉 価格変動　：-0.26%
💵 USDT残高 ：100.00 USDT
₿ BTC保有量：0.055296 BTC
📊 総資産額 ：5,911.55 USDT
📉 現在の損失：-15.04 USDT (-0.25%)
━━━━━━━━━━━━━━━━━━━━━━━
2025-02-13 21:35:32,408 - INFO - 
━━━━━━━━━━ 取引情報 ━━━━━━━━━━
📅 時刻　　　：2025-02-13 21:35:32
💰 BTC価格　：105,099.57 USDT
📉 価格変動　：-0.26%
💵 USDT残高 ：100.00 USDT
₿ BTC保有量：0.055296 BTC
📊 総資産額 ：5,911.55 USDT
📉 現在の損失：-15.04 USDT (-0.25%)
━━━━━━━━━━━━━━━━━━━━━━━
2025-02-13 21:35:42,668 - INFO - 
━━━━━━━━━━ 取引情報 ━━━━━━━━━━
📅 時刻　　　：2025-02-13 21:35:42
💰 BTC価格　：105,116.29 USDT
📉 価格変動　：-0.24%
💵 USDT残高 ：100.00 USDT
₿ BTC保有量：0.055296 BTC
📊 総資産額 ：5,912.48 USDT
📉 現在の損失：-14.11 USDT (-0.24%)
━━━━━━━━━━━━━━━━━━━━━━━
2025-02-13 21:35:52,927 - INFO - 
━━━━━━━━━━ 取引情報 ━━━━━━━━━━
📅 時刻　　　：2025-02-13 21:35:52
💰 BTC価格　：105,285.67 USDT
📉 価格変動　：-0.08%
💵 USDT残高 ：100.00 USDT
₿ BTC保有量：0.055296 BTC
📊 総資産額 ：5,921.84 USDT
📉 現在の損失：-4.74 USDT (-0.08%)
━━━━━━━━━━━━━━━━━━━━━━━
2025-02-13 21:36:03,185 - INFO - 
━━━━━━━━━━ 取引情報 ━━━━━━━━━━
📅 時刻　　　：2025-02-13 21:36:03
💰 BTC価格　：105,285.67 USDT
📉 価格変動　：-0.08%
💵 USDT残高 ：100.00 USDT
₿ BTC保有量：0.055296 BTC
📊 総資産額 ：5,921.84 USDT
📉 現在の損失：-4.74 USDT (-0.08%)
━━━━━━━━━━━━━━━━━━━━━━━
2025-02-13 21:36:13,442 - INFO - 
━━━━━━━━━━ 取引情報 ━━━━━━━━━━
📅 時刻　　　：2025-02-13 21:36:13
💰 BTC価格　：105,285.67 USDT
📉 価格変動　：-0.08%
💵 USDT残高 ：100.00 USDT
₿ BTC保有量：0.055296 BTC
📊 総資産額 ：5,921.84 USDT
📉 現在の損失：-4.74 USDT (-0.08%)
━━━━━━━━━━━━━━━━━━━━━━━
2025-02-13 21:36:23,706 - INFO - 
━━━━━━━━━━ 取引情報 ━━━━━━━━━━
📅 時刻　　　：2025-02-13 21:36:23
💰 BTC価格　：105,513.03 USDT
📈 価格変動　：+0.13%
💵 USDT残高 ：100.00 USDT
₿ BTC保有量：0.055296 BTC
📊 総資産額 ：5,934.42 USDT
💹 現在の利益：+7.83 USDT (+0.13%)
━━━━━━━━━━━━━━━━━━━━━━━
2025-02-13 21:36:33,966 - INFO - 
━━━━━━━━━━ 取引情報 ━━━━━━━━━━
📅 時刻　　　：2025-02-13 21:36:33
💰 BTC価格　：105,513.03 USDT
📈 価格変動　：+0.13%
💵 USDT残高 ：100.00 USDT
₿ BTC保有量：0.055296 BTC
📊 総資産額 ：5,934.42 USDT
💹 現在の利益：+7.83 USDT (+0.13%)
━━━━━━━━━━━━━━━━━━━━━━━
2025-02-13 21:36:44,221 - INFO - 
━━━━━━━━━━ 取引情報 ━━━━━━━━━━
📅 時刻　　　：2025-02-13 21:36:44
💰 BTC価格　：105,513.03 USDT
📈 価格変動　：+0.13%
💵 USDT残高 ：100.00 USDT
₿ BTC保有量：0.055296 BTC
📊 総資産額 ：5,934.42 USDT
💹 現在の利益：+7.83 USDT (+0.13%)
━━━━━━━━━━━━━━━━━━━━━━━
2025-02-13 21:36:54,478 - INFO - 
━━━━━━━━━━ 取引情報 ━━━━━━━━━━
📅 時刻　　　：2025-02-13 21:36:54
💰 BTC価格　：105,513.03 USDT
📈 価格変動　：+0.13%
💵 USDT残高 ：100.00 USDT
₿ BTC保有量：0.055296 BTC
📊 総資産額 ：5,934.42 USDT
💹 現在の利益：+7.83 USDT (+0.13%)
━━━━━━━━━━━━━━━━━━━━━━━
2025-02-13 21:37:04,743 - INFO - 
━━━━━━━━━━ 取引情報 ━━━━━━━━━━
📅 時刻　　　：2025-02-13 21:37:04
💰 BTC価格　：105,513.03 USDT
📈 価格変動　：+0.13%
💵 USDT残高 ：100.00 USDT
₿ BTC保有量：0.055296 BTC
📊 総資産額 ：5,934.42 USDT
💹 現在の利益：+7.83 USDT (+0.13%)
━━━━━━━━━━━━━━━━━━━━━━━
2025-02-13 21:37:15,005 - INFO - 
━━━━━━━━━━ 取引情報 ━━━━━━━━━━
📅 時刻　　　：2025-02-13 21:37:14
💰 BTC価格　：105,513.03 USDT
📈 価格変動　：+0.13%
💵 USDT残高 ：100.00 USDT
₿ BTC保有量：0.055296 BTC
📊 総資産額 ：5,934.42 USDT
💹 現在の利益：+7.83 USDT (+0.13%)
━━━━━━━━━━━━━━━━━━━━━━━
2025-02-13 21:37:25,270 - INFO - 
━━━━━━━━━━ 取引情報 ━━━━━━━━━━
📅 時刻　　　：2025-02-13 21:37:25
💰 BTC価格　：105,513.03 USDT
📈 価格変動　：+0.13%
💵 USDT残高 ：100.00 USDT
₿ BTC保有量：0.055296 BTC
📊 総資産額 ：5,934.42 USDT
💹 現在の利益：+7.83 USDT (+0.13%)
━━━━━━━━━━━━━━━━━━━━━━━
2025-02-13 21:37:35,532 - INFO - 
━━━━━━━━━━ 取引情報 ━━━━━━━━━━
📅 時刻　　　：2025-02-13 21:37:35
💰 BTC価格　：105,267.00 USDT
📉 価格変動　：-0.10%
💵 USDT残高 ：100.00 USDT
₿ BTC保有量：0.055296 BTC
📊 総資産額 ：5,920.81 USDT
📉 現在の損失：-5.78 USDT (-0.10%)
━━━━━━━━━━━━━━━━━━━━━━━
2025-02-13 21:37:45,793 - INFO - 
━━━━━━━━━━ 取引情報 ━━━━━━━━━━
📅 時刻　　　：2025-02-13 21:37:45
💰 BTC価格　：105,236.41 USDT
📉 価格変動　：-0.13%
💵 USDT残高 ：100.00 USDT
₿ BTC保有量：0.055296 BTC
📊 総資産額 ：5,919.12 USDT
📉 現在の損失：-7.47 USDT (-0.13%)
━━━━━━━━━━━━━━━━━━━━━━━
2025-02-13 21:37:56,061 - INFO - 
━━━━━━━━━━ 取引情報 ━━━━━━━━━━
📅 時刻　　　：2025-02-13 21:37:55
💰 BTC価格　：105,236.41 USDT
📉 価格変動　：-0.13%
💵 USDT残高 ：100.00 USDT
₿ BTC保有量：0.055296 BTC
📊 総資産額 ：5,919.12 USDT
📉 現在の損失：-7.47 USDT (-0.13%)
━━━━━━━━━━━━━━━━━━━━━━━
2025-02-13 21:38:06,318 - INFO - 
━━━━━━━━━━ 取引情報 ━━━━━━━━━━
📅 時刻　　　：2025-02-13 21:38:06
💰 BTC価格　：105,513.03 USDT
📈 価格変動　：+0.13%
💵 USDT残高 ：100.00 USDT
₿ BTC保有量：0.055296 BTC
📊 総資産額 ：5,934.42 USDT
💹 現在の利益：+7.83 USDT (+0.13%)
━━━━━━━━━━━━━━━━━━━━━━━
2025-02-13 21:38:16,587 - INFO - 
━━━━━━━━━━ 取引情報 ━━━━━━━━━━
📅 時刻　　　：2025-02-13 21:38:16
💰 BTC価格　：105,513.03 USDT
📈 価格変動　：+0.13%
💵 USDT残高 ：100.00 USDT
₿ BTC保有量：0.055296 BTC
📊 総資産額 ：5,934.42 USDT
💹 現在の利益：+7.83 USDT (+0.13%)
━━━━━━━━━━━━━━━━━━━━━━━
2025-02-13 21:38:26,846 - INFO - 
━━━━━━━━━━ 取引情報 ━━━━━━━━━━
📅 時刻　　　：2025-02-13 21:38:26
💰 BTC価格　：105,513.03 USDT
📈 価格変動　：+0.13%
💵 USDT残高 ：100.00 USDT
₿ BTC保有量：0.055296 BTC
📊 総資産額 ：5,934.42 USDT
💹 現在の利益：+7.83 USDT (+0.13%)
━━━━━━━━━━━━━━━━━━━━━━━
2025-02-13 21:38:37,109 - INFO - 
━━━━━━━━━━ 取引情報 ━━━━━━━━━━
📅 時刻　　　：2025-02-13 21:38:36
💰 BTC価格　：105,513.03 USDT
📈 価格変動　：+0.13%
💵 USDT残高 ：100.00 USDT
₿ BTC保有量：0.055296 BTC
📊 総資産額 ：5,934.42 USDT
💹 現在の利益：+7.83 USDT (+0.13%)
━━━━━━━━━━━━━━━━━━━━━━━
2025-02-13 21:38:47,367 - INFO - 
━━━━━━━━━━ 取引情報 ━━━━━━━━━━
📅 時刻　　　：2025-02-13 21:38:47
💰 BTC価格　：105,513.03 USDT
📈 価格変動　：+0.13%
💵 USDT残高 ：100.00 USDT
₿ BTC保有量：0.055296 BTC
📊 総資産額 ：5,934.42 USDT
💹 現在の利益：+7.83 USDT (+0.13%)
━━━━━━━━━━━━━━━━━━━━━━━
2025-02-13 21:38:57,623 - INFO - 
━━━━━━━━━━ 取引情報 ━━━━━━━━━━
📅 時刻　　　：2025-02-13 21:38:57
💰 BTC価格　：105,513.03 USDT
📈 価格変動　：+0.13%
💵 USDT残高 ：100.00 USDT
₿ BTC保有量：0.055296 BTC
📊 総資産額 ：5,934.42 USDT
💹 現在の利益：+7.83 USDT (+0.13%)
━━━━━━━━━━━━━━━━━━━━━━━
2025-02-13 21:39:07,882 - INFO - 
━━━━━━━━━━ 取引情報 ━━━━━━━━━━
📅 時刻　　　：2025-02-13 21:39:07
💰 BTC価格　：105,513.03 USDT
📈 価格変動　：+0.13%
💵 USDT残高 ：100.00 USDT
₿ BTC保有量：0.055296 BTC
📊 総資産額 ：5,934.42 USDT
💹 現在の利益：+7.83 USDT (+0.13%)
━━━━━━━━━━━━━━━━━━━━━━━
2025-02-13 21:39:18,141 - INFO - 
━━━━━━━━━━ 取引情報 ━━━━━━━━━━
📅 時刻　　　：2025-02-13 21:39:17
💰 BTC価格　：105,513.03 USDT
📈 価格変動　：+0.13%
💵 USDT残高 ：100.00 USDT
₿ BTC保有量：0.055296 BTC
📊 総資産額 ：5,934.42 USDT
💹 現在の利益：+7.83 USDT (+0.13%)
━━━━━━━━━━━━━━━━━━━━━━━
2025-02-13 21:39:28,403 - INFO - 
━━━━━━━━━━ 取引情報 ━━━━━━━━━━
📅 時刻　　　：2025-02-13 21:39:28
💰 BTC価格　：105,423.10 USDT
📈 価格変動　：+0.05%
💵 USDT残高 ：100.00 USDT
₿ BTC保有量：0.055296 BTC
📊 総資産額 ：5,929.44 USDT
💹 現在の利益：+2.85 USDT (+0.05%)
━━━━━━━━━━━━━━━━━━━━━━━
2025-02-13 21:39:38,659 - INFO - 
━━━━━━━━━━ 取引情報 ━━━━━━━━━━
📅 時刻　　　：2025-02-13 21:39:38
💰 BTC価格　：105,423.10 USDT
📈 価格変動　：+0.05%
💵 USDT残高 ：100.00 USDT
₿ BTC保有量：0.055296 BTC
📊 総資産額 ：5,929.44 USDT
💹 現在の利益：+2.85 USDT (+0.05%)
━━━━━━━━━━━━━━━━━━━━━━━
2025-02-13 21:39:48,916 - INFO - 
━━━━━━━━━━ 取引情報 ━━━━━━━━━━
📅 時刻　　　：2025-02-13 21:39:48
💰 BTC価格　：105,423.10 USDT
📈 価格変動　：+0.05%
💵 USDT残高 ：100.00 USDT
₿ BTC保有量：0.055296 BTC
📊 総資産額 ：5,929.44 USDT
💹 現在の利益：+2.85 USDT (+0.05%)
━━━━━━━━━━━━━━━━━━━━━━━
2025-02-13 21:39:59,186 - INFO - 
━━━━━━━━━━ 取引情報 ━━━━━━━━━━
📅 時刻　　　：2025-02-13 21:39:59
💰 BTC価格　：105,363.64 USDT
📉 価格変動　：-0.01%
💵 USDT残高 ：100.00 USDT
₿ BTC保有量：0.055296 BTC
📊 総資産額 ：5,926.16 USDT
📉 現在の損失：-0.43 USDT (-0.01%)
━━━━━━━━━━━━━━━━━━━━━━━
2025-02-13 21:40:09,446 - INFO - 
━━━━━━━━━━ 取引情報 ━━━━━━━━━━
📅 時刻　　　：2025-02-13 21:40:09
💰 BTC価格　：105,363.64 USDT
📉 価格変動　：-0.01%
💵 USDT残高 ：100.00 USDT
₿ BTC保有量：0.055296 BTC
📊 総資産額 ：5,926.16 USDT
📉 現在の損失：-0.43 USDT (-0.01%)
━━━━━━━━━━━━━━━━━━━━━━━
2025-02-13 21:40:19,703 - INFO - 
━━━━━━━━━━ 取引情報 ━━━━━━━━━━
📅 時刻　　　：2025-02-13 21:40:19
💰 BTC価格　：105,363.64 USDT
📉 価格変動　：-0.01%
💵 USDT残高 ：100.00 USDT
₿ BTC保有量：0.055296 BTC
📊 総資産額 ：5,926.16 USDT
📉 現在の損失：-0.43 USDT (-0.01%)
━━━━━━━━━━━━━━━━━━━━━━━
2025-02-13 21:40:29,960 - INFO - 
━━━━━━━━━━ 取引情報 ━━━━━━━━━━
📅 時刻　　　：2025-02-13 21:40:29
💰 BTC価格　：105,513.03 USDT
📈 価格変動　：+0.13%
💵 USDT残高 ：100.00 USDT
₿ BTC保有量：0.055296 BTC
📊 総資産額 ：5,934.42 USDT
💹 現在の利益：+7.83 USDT (+0.13%)
━━━━━━━━━━━━━━━━━━━━━━━
2025-02-13 21:40:40,230 - INFO - 
━━━━━━━━━━ 取引情報 ━━━━━━━━━━
📅 時刻　　　：2025-02-13 21:40:40
💰 BTC価格　：105,513.03 USDT
📈 価格変動　：+0.13%
💵 USDT残高 ：100.00 USDT
₿ BTC保有量：0.055296 BTC
📊 総資産額 ：5,934.42 USDT
💹 現在の利益：+7.83 USDT (+0.13%)
━━━━━━━━━━━━━━━━━━━━━━━
2025-02-13 21:40:50,492 - INFO - 
━━━━━━━━━━ 取引情報 ━━━━━━━━━━
📅 時刻　　　：2025-02-13 21:40:50
💰 BTC価格　：105,513.03 USDT
📈 価格変動　：+0.13%
💵 USDT残高 ：100.00 USDT
₿ BTC保有量：0.055296 BTC
📊 総資産額 ：5,934.42 USDT
💹 現在の利益：+7.83 USDT (+0.13%)
━━━━━━━━━━━━━━━━━━━━━━━
2025-02-13 21:41:00,749 - INFO - 
━━━━━━━━━━ 取引情報 ━━━━━━━━━━
📅 時刻　　　：2025-02-13 21:41:00
💰 BTC価格　：105,642.23 USDT
📈 価格変動　：+0.26%
💵 USDT残高 ：100.00 USDT
₿ BTC保有量：0.055296 BTC
📊 総資産額 ：5,941.56 USDT
💹 現在の利益：+14.97 USDT (+0.25%)
━━━━━━━━━━━━━━━━━━━━━━━
2025-02-13 21:41:11,007 - INFO - 
━━━━━━━━━━ 取引情報 ━━━━━━━━━━
📅 時刻　　　：2025-02-13 21:41:10
💰 BTC価格　：105,642.23 USDT
📈 価格変動　：+0.26%
💵 USDT残高 ：100.00 USDT
₿ BTC保有量：0.055296 BTC
📊 総資産額 ：5,941.56 USDT
💹 現在の利益：+14.97 USDT (+0.25%)
━━━━━━━━━━━━━━━━━━━━━━━
2025-02-13 21:41:21,266 - INFO - 
━━━━━━━━━━ 取引情報 ━━━━━━━━━━
📅 時刻　　　：2025-02-13 21:41:21
💰 BTC価格　：105,642.23 USDT
📈 価格変動　：+0.26%
💵 USDT残高 ：100.00 USDT
₿ BTC保有量：0.055296 BTC
📊 総資産額 ：5,941.56 USDT
💹 現在の利益：+14.97 USDT (+0.25%)
━━━━━━━━━━━━━━━━━━━━━━━
2025-02-13 21:41:31,524 - INFO - 
━━━━━━━━━━ 取引情報 ━━━━━━━━━━
📅 時刻　　　：2025-02-13 21:41:31
💰 BTC価格　：105,637.42 USDT
📈 価格変動　：+0.25%
💵 USDT残高 ：100.00 USDT
₿ BTC保有量：0.055296 BTC
📊 総資産額 ：5,941.30 USDT
💹 現在の利益：+14.71 USDT (+0.25%)
━━━━━━━━━━━━━━━━━━━━━━━
2025-02-13 21:41:41,780 - INFO - 
━━━━━━━━━━ 取引情報 ━━━━━━━━━━
📅 時刻　　　：2025-02-13 21:41:41
💰 BTC価格　：105,637.42 USDT
📈 価格変動　：+0.25%
💵 USDT残高 ：100.00 USDT
₿ BTC保有量：0.055296 BTC
📊 総資産額 ：5,941.30 USDT
💹 現在の利益：+14.71 USDT (+0.25%)
━━━━━━━━━━━━━━━━━━━━━━━
2025-02-13 21:41:52,035 - INFO - 
━━━━━━━━━━ 取引情報 ━━━━━━━━━━
📅 時刻　　　：2025-02-13 21:41:51
💰 BTC価格　：105,637.42 USDT
📈 価格変動　：+0.25%
💵 USDT残高 ：100.00 USDT
₿ BTC保有量：0.055296 BTC
📊 総資産額 ：5,941.30 USDT
💹 現在の利益：+14.71 USDT (+0.25%)
━━━━━━━━━━━━━━━━━━━━━━━
2025-02-13 21:42:02,291 - INFO - 
━━━━━━━━━━ 取引情報 ━━━━━━━━━━
📅 時刻　　　：2025-02-13 21:42:02
💰 BTC価格　：105,637.42 USDT
📈 価格変動　：+0.25%
💵 USDT残高 ：100.00 USDT
₿ BTC保有量：0.055296 BTC
📊 総資産額 ：5,941.30 USDT
💹 現在の利益：+14.71 USDT (+0.25%)
━━━━━━━━━━━━━━━━━━━━━━━
2025-02-13 21:42:12,552 - INFO - 
━━━━━━━━━━ 取引情報 ━━━━━━━━━━
📅 時刻　　　：2025-02-13 21:42:12
💰 BTC価格　：105,637.42 USDT
📈 価格変動　：+0.25%
💵 USDT残高 ：100.00 USDT
₿ BTC保有量：0.055296 BTC
📊 総資産額 ：5,941.30 USDT
💹 現在の利益：+14.71 USDT (+0.25%)
━━━━━━━━━━━━━━━━━━━━━━━
2025-02-13 21:42:22,815 - INFO - 
━━━━━━━━━━ 取引情報 ━━━━━━━━━━
📅 時刻　　　：2025-02-13 21:42:22
💰 BTC価格　：105,637.42 USDT
📈 価格変動　：+0.25%
💵 USDT残高 ：100.00 USDT
₿ BTC保有量：0.055296 BTC
📊 総資産額 ：5,941.30 USDT
💹 現在の利益：+14.71 USDT (+0.25%)
━━━━━━━━━━━━━━━━━━━━━━━
2025-02-13 21:42:33,075 - INFO - 
━━━━━━━━━━ 取引情報 ━━━━━━━━━━
📅 時刻　　　：2025-02-13 21:42:32
💰 BTC価格　：105,637.42 USDT
📈 価格変動　：+0.25%
💵 USDT残高 ：100.00 USDT
₿ BTC保有量：0.055296 BTC
📊 総資産額 ：5,941.30 USDT
💹 現在の利益：+14.71 USDT (+0.25%)
━━━━━━━━━━━━━━━━━━━━━━━
2025-02-13 21:42:43,331 - INFO - 
━━━━━━━━━━ 取引情報 ━━━━━━━━━━
📅 時刻　　　：2025-02-13 21:42:43
💰 BTC価格　：105,637.42 USDT
📈 価格変動　：+0.25%
💵 USDT残高 ：100.00 USDT
₿ BTC保有量：0.055296 BTC
📊 総資産額 ：5,941.30 USDT
💹 現在の利益：+14.71 USDT (+0.25%)
━━━━━━━━━━━━━━━━━━━━━━━
2025-02-13 21:42:53,592 - INFO - 
━━━━━━━━━━ 取引情報 ━━━━━━━━━━
📅 時刻　　　：2025-02-13 21:42:53
💰 BTC価格　：105,637.42 USDT
📈 価格変動　：+0.25%
💵 USDT残高 ：100.00 USDT
₿ BTC保有量：0.055296 BTC
📊 総資産額 ：5,941.30 USDT
💹 現在の利益：+14.71 USDT (+0.25%)
━━━━━━━━━━━━━━━━━━━━━━━
2025-02-13 21:43:03,854 - INFO - 
━━━━━━━━━━ 取引情報 ━━━━━━━━━━
📅 時刻　　　：2025-02-13 21:43:03
💰 BTC価格　：105,637.42 USDT
📈 価格変動　：+0.25%
💵 USDT残高 ：100.00 USDT
₿ BTC保有量：0.055296 BTC
📊 総資産額 ：5,941.30 USDT
💹 現在の利益：+14.71 USDT (+0.25%)
━━━━━━━━━━━━━━━━━━━━━━━
2025-02-13 21:43:14,113 - INFO - 
━━━━━━━━━━ 取引情報 ━━━━━━━━━━
📅 時刻　　　：2025-02-13 21:43:13
💰 BTC価格　：105,637.42 USDT
📈 価格変動　：+0.25%
💵 USDT残高 ：100.00 USDT
₿ BTC保有量：0.055296 BTC
📊 総資産額 ：5,941.30 USDT
💹 現在の利益：+14.71 USDT (+0.25%)
━━━━━━━━━━━━━━━━━━━━━━━
2025-02-13 21:43:24,386 - INFO - 
━━━━━━━━━━ 取引情報 ━━━━━━━━━━
📅 時刻　　　：2025-02-13 21:43:24
💰 BTC価格　：105,637.42 USDT
📈 価格変動　：+0.25%
💵 USDT残高 ：100.00 USDT
₿ BTC保有量：0.055296 BTC
📊 総資産額 ：5,941.30 USDT
💹 現在の利益：+14.71 USDT (+0.25%)
━━━━━━━━━━━━━━━━━━━━━━━
2025-02-13 21:43:34,643 - INFO - 
━━━━━━━━━━ 取引情報 ━━━━━━━━━━
📅 時刻　　　：2025-02-13 21:43:34
💰 BTC価格　：105,637.42 USDT
📈 価格変動　：+0.25%
💵 USDT残高 ：100.00 USDT
₿ BTC保有量：0.055296 BTC
📊 総資産額 ：5,941.30 USDT
💹 現在の利益：+14.71 USDT (+0.25%)
━━━━━━━━━━━━━━━━━━━━━━━
2025-02-13 21:43:44,911 - INFO - 
━━━━━━━━━━ 取引情報 ━━━━━━━━━━
📅 時刻　　　：2025-02-13 21:43:44
💰 BTC価格　：105,637.42 USDT
📈 価格変動　：+0.25%
💵 USDT残高 ：100.00 USDT
₿ BTC保有量：0.055296 BTC
📊 総資産額 ：5,941.30 USDT
💹 現在の利益：+14.71 USDT (+0.25%)
━━━━━━━━━━━━━━━━━━━━━━━
2025-02-13 21:43:55,172 - INFO - 
━━━━━━━━━━ 取引情報 ━━━━━━━━━━
📅 時刻　　　：2025-02-13 21:43:54
💰 BTC価格　：105,637.42 USDT
📈 価格変動　：+0.25%
💵 USDT残高 ：100.00 USDT
₿ BTC保有量：0.055296 BTC
📊 総資産額 ：5,941.30 USDT
💹 現在の利益：+14.71 USDT (+0.25%)
━━━━━━━━━━━━━━━━━━━━━━━
2025-02-13 21:44:05,434 - INFO - 
━━━━━━━━━━ 取引情報 ━━━━━━━━━━
📅 時刻　　　：2025-02-13 21:44:05
💰 BTC価格　：105,637.42 USDT
📈 価格変動　：+0.25%
💵 USDT残高 ：100.00 USDT
₿ BTC保有量：0.055296 BTC
📊 総資産額 ：5,941.30 USDT
💹 現在の利益：+14.71 USDT (+0.25%)
━━━━━━━━━━━━━━━━━━━━━━━
2025-02-13 21:44:15,691 - INFO - 
━━━━━━━━━━ 取引情報 ━━━━━━━━━━
📅 時刻　　　：2025-02-13 21:44:15
💰 BTC価格　：105,637.42 USDT
📈 価格変動　：+0.25%
💵 USDT残高 ：100.00 USDT
₿ BTC保有量：0.055296 BTC
📊 総資産額 ：5,941.30 USDT
💹 現在の利益：+14.71 USDT (+0.25%)
━━━━━━━━━━━━━━━━━━━━━━━
2025-02-13 21:44:25,953 - INFO - 
━━━━━━━━━━ 取引情報 ━━━━━━━━━━
📅 時刻　　　：2025-02-13 21:44:25
💰 BTC価格　：105,637.42 USDT
📈 価格変動　：+0.25%
💵 USDT残高 ：100.00 USDT
₿ BTC保有量：0.055296 BTC
📊 総資産額 ：5,941.30 USDT
💹 現在の利益：+14.71 USDT (+0.25%)
━━━━━━━━━━━━━━━━━━━━━━━
2025-02-13 21:44:36,212 - INFO - 
━━━━━━━━━━ 取引情報 ━━━━━━━━━━
📅 時刻　　　：2025-02-13 21:44:36
💰 BTC価格　：105,637.42 USDT
📈 価格変動　：+0.25%
💵 USDT残高 ：100.00 USDT
₿ BTC保有量：0.055296 BTC
📊 総資産額 ：5,941.30 USDT
💹 現在の利益：+14.71 USDT (+0.25%)
━━━━━━━━━━━━━━━━━━━━━━━
2025-02-13 21:44:46,472 - INFO - 
━━━━━━━━━━ 取引情報 ━━━━━━━━━━
📅 時刻　　　：2025-02-13 21:44:46
💰 BTC価格　：105,637.42 USDT
📈 価格変動　：+0.25%
💵 USDT残高 ：100.00 USDT
₿ BTC保有量：0.055296 BTC
📊 総資産額 ：5,941.30 USDT
💹 現在の利益：+14.71 USDT (+0.25%)
━━━━━━━━━━━━━━━━━━━━━━━
2025-02-13 21:44:56,729 - INFO - 
━━━━━━━━━━ 取引情報 ━━━━━━━━━━
📅 時刻　　　：2025-02-13 21:44:56
💰 BTC価格　：105,637.42 USDT
📈 価格変動　：+0.25%
💵 USDT残高 ：100.00 USDT
₿ BTC保有量：0.055296 BTC
📊 総資産額 ：5,941.30 USDT
💹 現在の利益：+14.71 USDT (+0.25%)
━━━━━━━━━━━━━━━━━━━━━━━
2025-02-13 21:45:06,988 - INFO - 
━━━━━━━━━━ 取引情報 ━━━━━━━━━━
📅 時刻　　　：2025-02-13 21:45:06
💰 BTC価格　：105,637.42 USDT
📈 価格変動　：+0.25%
💵 USDT残高 ：100.00 USDT
₿ BTC保有量：0.055296 BTC
📊 総資産額 ：5,941.30 USDT
💹 現在の利益：+14.71 USDT (+0.25%)
━━━━━━━━━━━━━━━━━━━━━━━
2025-02-13 21:45:17,250 - INFO - 
━━━━━━━━━━ 取引情報 ━━━━━━━━━━
📅 時刻　　　：2025-02-13 21:45:17
💰 BTC価格　：105,555.52 USDT
📈 価格変動　：+0.17%
💵 USDT残高 ：100.00 USDT
₿ BTC保有量：0.055296 BTC
📊 総資産額 ：5,936.77 USDT
💹 現在の利益：+10.18 USDT (+0.17%)
━━━━━━━━━━━━━━━━━━━━━━━
2025-02-13 21:45:27,512 - INFO - 
━━━━━━━━━━ 取引情報 ━━━━━━━━━━
📅 時刻　　　：2025-02-13 21:45:27
💰 BTC価格　：105,555.52 USDT
📈 価格変動　：+0.17%
💵 USDT残高 ：100.00 USDT
₿ BTC保有量：0.055296 BTC
📊 総資産額 ：5,936.77 USDT
💹 現在の利益：+10.18 USDT (+0.17%)
━━━━━━━━━━━━━━━━━━━━━━━
2025-02-13 21:45:37,771 - INFO - 
━━━━━━━━━━ 取引情報 ━━━━━━━━━━
📅 時刻　　　：2025-02-13 21:45:37
💰 BTC価格　：105,555.52 USDT
📈 価格変動　：+0.17%
💵 USDT残高 ：100.00 USDT
₿ BTC保有量：0.055296 BTC
📊 総資産額 ：5,936.77 USDT
💹 現在の利益：+10.18 USDT (+0.17%)
━━━━━━━━━━━━━━━━━━━━━━━
2025-02-13 21:45:48,028 - INFO - 
━━━━━━━━━━ 取引情報 ━━━━━━━━━━
📅 時刻　　　：2025-02-13 21:45:47
💰 BTC価格　：105,555.52 USDT
📈 価格変動　：+0.17%
💵 USDT残高 ：100.00 USDT
₿ BTC保有量：0.055296 BTC
📊 総資産額 ：5,936.77 USDT
💹 現在の利益：+10.18 USDT (+0.17%)
━━━━━━━━━━━━━━━━━━━━━━━
2025-02-13 21:45:58,290 - INFO - 
━━━━━━━━━━ 取引情報 ━━━━━━━━━━
📅 時刻　　　：2025-02-13 21:45:58
💰 BTC価格　：105,555.52 USDT
📈 価格変動　：+0.17%
💵 USDT残高 ：100.00 USDT
₿ BTC保有量：0.055296 BTC
📊 総資産額 ：5,936.77 USDT
💹 現在の利益：+10.18 USDT (+0.17%)
━━━━━━━━━━━━━━━━━━━━━━━
2025-02-13 21:46:08,545 - INFO - 
━━━━━━━━━━ 取引情報 ━━━━━━━━━━
📅 時刻　　　：2025-02-13 21:46:08
💰 BTC価格　：105,555.52 USDT
📈 価格変動　：+0.17%
💵 USDT残高 ：100.00 USDT
₿ BTC保有量：0.055296 BTC
📊 総資産額 ：5,936.77 USDT
💹 現在の利益：+10.18 USDT (+0.17%)
━━━━━━━━━━━━━━━━━━━━━━━
2025-02-13 21:46:18,802 - INFO - 
━━━━━━━━━━ 取引情報 ━━━━━━━━━━
📅 時刻　　　：2025-02-13 21:46:18
💰 BTC価格　：105,555.52 USDT
📈 価格変動　：+0.17%
💵 USDT残高 ：100.00 USDT
₿ BTC保有量：0.055296 BTC
📊 総資産額 ：5,936.77 USDT
💹 現在の利益：+10.18 USDT (+0.17%)
━━━━━━━━━━━━━━━━━━━━━━━
2025-02-13 21:46:29,058 - INFO - 
━━━━━━━━━━ 取引情報 ━━━━━━━━━━
📅 時刻　　　：2025-02-13 21:46:28
💰 BTC価格　：105,555.52 USDT
📈 価格変動　：+0.17%
💵 USDT残高 ：100.00 USDT
₿ BTC保有量：0.055296 BTC
📊 総資産額 ：5,936.77 USDT
💹 現在の利益：+10.18 USDT (+0.17%)
━━━━━━━━━━━━━━━━━━━━━━━
2025-02-13 21:46:39,316 - INFO - 
━━━━━━━━━━ 取引情報 ━━━━━━━━━━
📅 時刻　　　：2025-02-13 21:46:39
💰 BTC価格　：105,496.92 USDT
📈 価格変動　：+0.12%
💵 USDT残高 ：100.00 USDT
₿ BTC保有量：0.055296 BTC
📊 総資産額 ：5,933.53 USDT
💹 現在の利益：+6.94 USDT (+0.12%)
━━━━━━━━━━━━━━━━━━━━━━━
2025-02-13 21:46:49,580 - INFO - 
━━━━━━━━━━ 取引情報 ━━━━━━━━━━
📅 時刻　　　：2025-02-13 21:46:49
💰 BTC価格　：105,496.92 USDT
📈 価格変動　：+0.12%
💵 USDT残高 ：100.00 USDT
₿ BTC保有量：0.055296 BTC
📊 総資産額 ：5,933.53 USDT
💹 現在の利益：+6.94 USDT (+0.12%)
━━━━━━━━━━━━━━━━━━━━━━━
2025-02-13 21:46:59,839 - INFO - 
━━━━━━━━━━ 取引情報 ━━━━━━━━━━
📅 時刻　　　：2025-02-13 21:46:59
💰 BTC価格　：105,496.92 USDT
📈 価格変動　：+0.12%
💵 USDT残高 ：100.00 USDT
₿ BTC保有量：0.055296 BTC
📊 総資産額 ：5,933.53 USDT
💹 現在の利益：+6.94 USDT (+0.12%)
━━━━━━━━━━━━━━━━━━━━━━━
2025-02-13 21:47:10,099 - INFO - 
━━━━━━━━━━ 取引情報 ━━━━━━━━━━
📅 時刻　　　：2025-02-13 21:47:09
💰 BTC価格　：105,496.92 USDT
📈 価格変動　：+0.12%
💵 USDT残高 ：100.00 USDT
₿ BTC保有量：0.055296 BTC
📊 総資産額 ：5,933.53 USDT
💹 現在の利益：+6.94 USDT (+0.12%)
━━━━━━━━━━━━━━━━━━━━━━━
2025-02-13 21:47:20,362 - INFO - 
━━━━━━━━━━ 取引情報 ━━━━━━━━━━
📅 時刻　　　：2025-02-13 21:47:20
💰 BTC価格　：105,496.92 USDT
📈 価格変動　：+0.12%
💵 USDT残高 ：100.00 USDT
₿ BTC保有量：0.055296 BTC
📊 総資産額 ：5,933.53 USDT
💹 現在の利益：+6.94 USDT (+0.12%)
━━━━━━━━━━━━━━━━━━━━━━━
2025-02-13 21:47:30,623 - INFO - 
━━━━━━━━━━ 取引情報 ━━━━━━━━━━
📅 時刻　　　：2025-02-13 21:47:30
💰 BTC価格　：105,496.92 USDT
📈 価格変動　：+0.12%
💵 USDT残高 ：100.00 USDT
₿ BTC保有量：0.055296 BTC
📊 総資産額 ：5,933.53 USDT
💹 現在の利益：+6.94 USDT (+0.12%)
━━━━━━━━━━━━━━━━━━━━━━━
2025-02-13 21:47:40,915 - INFO - 
━━━━━━━━━━ 取引情報 ━━━━━━━━━━
📅 時刻　　　：2025-02-13 21:47:40
💰 BTC価格　：105,496.92 USDT
📈 価格変動　：+0.12%
💵 USDT残高 ：100.00 USDT
₿ BTC保有量：0.055296 BTC
📊 総資産額 ：5,933.53 USDT
💹 現在の利益：+6.94 USDT (+0.12%)
━━━━━━━━━━━━━━━━━━━━━━━
2025-02-13 21:47:51,179 - INFO - 
━━━━━━━━━━ 取引情報 ━━━━━━━━━━
📅 時刻　　　：2025-02-13 21:47:51
💰 BTC価格　：105,332.90 USDT
📉 価格変動　：-0.04%
💵 USDT残高 ：100.00 USDT
₿ BTC保有量：0.055296 BTC
📊 総資産額 ：5,924.46 USDT
📉 現在の損失：-2.13 USDT (-0.04%)
━━━━━━━━━━━━━━━━━━━━━━━
2025-02-13 21:48:01,496 - INFO - 
━━━━━━━━━━ 取引情報 ━━━━━━━━━━
📅 時刻　　　：2025-02-13 21:48:01
💰 BTC価格　：105,332.90 USDT
📉 価格変動　：-0.04%
💵 USDT残高 ：100.00 USDT
₿ BTC保有量：0.055296 BTC
📊 総資産額 ：5,924.46 USDT
📉 現在の損失：-2.13 USDT (-0.04%)
━━━━━━━━━━━━━━━━━━━━━━━
2025-02-13 21:48:11,765 - INFO - 
━━━━━━━━━━ 取引情報 ━━━━━━━━━━
📅 時刻　　　：2025-02-13 21:48:11
💰 BTC価格　：105,332.90 USDT
📉 価格変動　：-0.04%
💵 USDT残高 ：100.00 USDT
₿ BTC保有量：0.055296 BTC
📊 総資産額 ：5,924.46 USDT
📉 現在の損失：-2.13 USDT (-0.04%)
━━━━━━━━━━━━━━━━━━━━━━━
2025-02-13 21:48:22,030 - INFO - 
━━━━━━━━━━ 取引情報 ━━━━━━━━━━
📅 時刻　　　：2025-02-13 21:48:21
💰 BTC価格　：105,332.90 USDT
📉 価格変動　：-0.04%
💵 USDT残高 ：100.00 USDT
₿ BTC保有量：0.055296 BTC
📊 総資産額 ：5,924.46 USDT
📉 現在の損失：-2.13 USDT (-0.04%)
━━━━━━━━━━━━━━━━━━━━━━━
2025-02-13 21:48:32,291 - INFO - 
━━━━━━━━━━ 取引情報 ━━━━━━━━━━
📅 時刻　　　：2025-02-13 21:48:32
💰 BTC価格　：105,332.90 USDT
📉 価格変動　：-0.04%
💵 USDT残高 ：100.00 USDT
₿ BTC保有量：0.055296 BTC
📊 総資産額 ：5,924.46 USDT
📉 現在の損失：-2.13 USDT (-0.04%)
━━━━━━━━━━━━━━━━━━━━━━━
2025-02-13 21:48:42,559 - INFO - 
━━━━━━━━━━ 取引情報 ━━━━━━━━━━
📅 時刻　　　：2025-02-13 21:48:42
💰 BTC価格　：105,332.90 USDT
📉 価格変動　：-0.04%
💵 USDT残高 ：100.00 USDT
₿ BTC保有量：0.055296 BTC
📊 総資産額 ：5,924.46 USDT
📉 現在の損失：-2.13 USDT (-0.04%)
━━━━━━━━━━━━━━━━━━━━━━━
2025-02-13 21:48:52,817 - INFO - 
━━━━━━━━━━ 取引情報 ━━━━━━━━━━
📅 時刻　　　：2025-02-13 21:48:52
💰 BTC価格　：105,332.90 USDT
📉 価格変動　：-0.04%
💵 USDT残高 ：100.00 USDT
₿ BTC保有量：0.055296 BTC
📊 総資産額 ：5,924.46 USDT
📉 現在の損失：-2.13 USDT (-0.04%)
━━━━━━━━━━━━━━━━━━━━━━━
2025-02-13 21:49:03,079 - INFO - 
━━━━━━━━━━ 取引情報 ━━━━━━━━━━
📅 時刻　　　：2025-02-13 21:49:02
💰 BTC価格　：105,479.27 USDT
📈 価格変動　：+0.10%
💵 USDT残高 ：100.00 USDT
₿ BTC保有量：0.055296 BTC
📊 総資産額 ：5,932.55 USDT
💹 現在の利益：+5.96 USDT (+0.10%)
━━━━━━━━━━━━━━━━━━━━━━━
2025-02-13 21:49:13,336 - INFO - 
━━━━━━━━━━ 取引情報 ━━━━━━━━━━
📅 時刻　　　：2025-02-13 21:49:13
💰 BTC価格　：105,479.27 USDT
📈 価格変動　：+0.10%
💵 USDT残高 ：100.00 USDT
₿ BTC保有量：0.055296 BTC
📊 総資産額 ：5,932.55 USDT
💹 現在の利益：+5.96 USDT (+0.10%)
━━━━━━━━━━━━━━━━━━━━━━━
2025-02-13 21:49:23,604 - INFO - 
━━━━━━━━━━ 取引情報 ━━━━━━━━━━
📅 時刻　　　：2025-02-13 21:49:23
💰 BTC価格　：105,479.27 USDT
📈 価格変動　：+0.10%
💵 USDT残高 ：100.00 USDT
₿ BTC保有量：0.055296 BTC
📊 総資産額 ：5,932.55 USDT
💹 現在の利益：+5.96 USDT (+0.10%)
━━━━━━━━━━━━━━━━━━━━━━━
2025-02-13 21:49:33,867 - INFO - 
━━━━━━━━━━ 取引情報 ━━━━━━━━━━
📅 時刻　　　：2025-02-13 21:49:33
💰 BTC価格　：105,479.27 USDT
📈 価格変動　：+0.10%
💵 USDT残高 ：100.00 USDT
₿ BTC保有量：0.055296 BTC
📊 総資産額 ：5,932.55 USDT
💹 現在の利益：+5.96 USDT (+0.10%)
━━━━━━━━━━━━━━━━━━━━━━━
2025-02-13 21:49:44,121 - INFO - 
━━━━━━━━━━ 取引情報 ━━━━━━━━━━
📅 時刻　　　：2025-02-13 21:49:43
💰 BTC価格　：105,479.27 USDT
📈 価格変動　：+0.10%
💵 USDT残高 ：100.00 USDT
₿ BTC保有量：0.055296 BTC
📊 総資産額 ：5,932.55 USDT
💹 現在の利益：+5.96 USDT (+0.10%)
━━━━━━━━━━━━━━━━━━━━━━━
2025-02-13 21:49:54,386 - INFO - 
━━━━━━━━━━ 取引情報 ━━━━━━━━━━
📅 時刻　　　：2025-02-13 21:49:54
💰 BTC価格　：105,479.27 USDT
📈 価格変動　：+0.10%
💵 USDT残高 ：100.00 USDT
₿ BTC保有量：0.055296 BTC
📊 総資産額 ：5,932.55 USDT
💹 現在の利益：+5.96 USDT (+0.10%)
━━━━━━━━━━━━━━━━━━━━━━━
2025-02-13 21:50:04,645 - INFO - 
━━━━━━━━━━ 取引情報 ━━━━━━━━━━
📅 時刻　　　：2025-02-13 21:50:04
💰 BTC価格　：105,479.27 USDT
📈 価格変動　：+0.10%
💵 USDT残高 ：100.00 USDT
₿ BTC保有量：0.055296 BTC
📊 総資産額 ：5,932.55 USDT
💹 現在の利益：+5.96 USDT (+0.10%)
━━━━━━━━━━━━━━━━━━━━━━━
2025-02-13 21:50:14,902 - INFO - 
━━━━━━━━━━ 取引情報 ━━━━━━━━━━
📅 時刻　　　：2025-02-13 21:50:14
💰 BTC価格　：104,866.24 USDT
📉 価格変動　：-0.48%
💵 USDT残高 ：100.00 USDT
₿ BTC保有量：0.055296 BTC
📊 総資産額 ：5,898.65 USDT
📉 現在の損失：-27.94 USDT (-0.47%)
━━━━━━━━━━━━━━━━━━━━━━━
2025-02-13 21:50:25,162 - INFO - 
━━━━━━━━━━ 取引情報 ━━━━━━━━━━
📅 時刻　　　：2025-02-13 21:50:24
💰 BTC価格　：104,866.24 USDT
📉 価格変動　：-0.48%
💵 USDT残高 ：100.00 USDT
₿ BTC保有量：0.055296 BTC
📊 総資産額 ：5,898.65 USDT
📉 現在の損失：-27.94 USDT (-0.47%)
━━━━━━━━━━━━━━━━━━━━━━━
2025-02-13 21:50:35,424 - INFO - 
━━━━━━━━━━ 取引情報 ━━━━━━━━━━
📅 時刻　　　：2025-02-13 21:50:35
💰 BTC価格　：105,199.68 USDT
📉 価格変動　：-0.16%
💵 USDT残高 ：100.00 USDT
₿ BTC保有量：0.055296 BTC
📊 総資産額 ：5,917.09 USDT
📉 現在の損失：-9.50 USDT (-0.16%)
━━━━━━━━━━━━━━━━━━━━━━━
2025-02-13 21:50:45,683 - INFO - 
━━━━━━━━━━ 取引情報 ━━━━━━━━━━
📅 時刻　　　：2025-02-13 21:50:45
💰 BTC価格　：105,199.68 USDT
📉 価格変動　：-0.16%
💵 USDT残高 ：100.00 USDT
₿ BTC保有量：0.055296 BTC
📊 総資産額 ：5,917.09 USDT
📉 現在の損失：-9.50 USDT (-0.16%)
━━━━━━━━━━━━━━━━━━━━━━━
2025-02-13 21:50:55,944 - INFO - 
━━━━━━━━━━ 取引情報 ━━━━━━━━━━
📅 時刻　　　：2025-02-13 21:50:55
💰 BTC価格　：105,199.68 USDT
📉 価格変動　：-0.16%
💵 USDT残高 ：100.00 USDT
₿ BTC保有量：0.055296 BTC
📊 総資産額 ：5,917.09 USDT
📉 現在の損失：-9.50 USDT (-0.16%)
━━━━━━━━━━━━━━━━━━━━━━━
2025-02-13 21:51:06,204 - INFO - 
━━━━━━━━━━ 取引情報 ━━━━━━━━━━
📅 時刻　　　：2025-02-13 21:51:06
💰 BTC価格　：105,332.90 USDT
📉 価格変動　：-0.04%
💵 USDT残高 ：100.00 USDT
₿ BTC保有量：0.055296 BTC
📊 総資産額 ：5,924.46 USDT
📉 現在の損失：-2.13 USDT (-0.04%)
━━━━━━━━━━━━━━━━━━━━━━━
2025-02-13 21:51:16,466 - INFO - 
━━━━━━━━━━ 取引情報 ━━━━━━━━━━
📅 時刻　　　：2025-02-13 21:51:16
💰 BTC価格　：105,332.90 USDT
📉 価格変動　：-0.04%
💵 USDT残高 ：100.00 USDT
₿ BTC保有量：0.055296 BTC
📊 総資産額 ：5,924.46 USDT
📉 現在の損失：-2.13 USDT (-0.04%)
━━━━━━━━━━━━━━━━━━━━━━━
2025-02-13 21:51:26,725 - INFO - 
━━━━━━━━━━ 取引情報 ━━━━━━━━━━
📅 時刻　　　：2025-02-13 21:51:26
💰 BTC価格　：104,484.70 USDT
📉 価格変動　：-0.84%
💵 USDT残高 ：100.00 USDT
₿ BTC保有量：0.055296 BTC
📊 総資産額 ：5,877.55 USDT
📉 現在の損失：-49.04 USDT (-0.83%)
━━━━━━━━━━━━━━━━━━━━━━━
2025-02-13 21:51:26,726 - INFO - 買いシグナル検出。買い注文を実行中...
2025-02-13 21:51:26,813 - ERROR - 買い注文エラー: ab not enough for new order (ErrCode: 110007) (ErrTime: 12:51:26).
Request → POST https://api-testnet.bybit.com/v5/order/create: {"category": "linear", "symbol": "BTCUSDT", "side": "Buy", "order_type": "Market", "qty": "0.001", "time_in_force": "GoodTillCancel"}.
2025-02-13 21:51:37,074 - INFO - 
━━━━━━━━━━ 取引情報 ━━━━━━━━━━
📅 時刻　　　：2025-02-13 21:51:36
💰 BTC価格　：104,484.70 USDT
📉 価格変動　：-0.84%
💵 USDT残高 ：100.00 USDT
₿ BTC保有量：0.055296 BTC
📊 総資産額 ：5,877.55 USDT
📉 現在の損失：-49.04 USDT (-0.83%)
━━━━━━━━━━━━━━━━━━━━━━━
2025-02-13 21:51:37,075 - INFO - 買いシグナル検出。買い注文を実行中...
2025-02-13 21:51:37,161 - ERROR - 買い注文エラー: ab not enough for new order (ErrCode: 110007) (ErrTime: 12:51:37).
Request → POST https://api-testnet.bybit.com/v5/order/create: {"category": "linear", "symbol": "BTCUSDT", "side": "Buy", "order_type": "Market", "qty": "0.001", "time_in_force": "GoodTillCancel"}.
2025-02-13 21:51:47,429 - INFO - 
━━━━━━━━━━ 取引情報 ━━━━━━━━━━
📅 時刻　　　：2025-02-13 21:51:47
💰 BTC価格　：104,484.70 USDT
📉 価格変動　：-0.84%
💵 USDT残高 ：100.00 USDT
₿ BTC保有量：0.055296 BTC
📊 総資産額 ：5,877.55 USDT
📉 現在の損失：-49.04 USDT (-0.83%)
━━━━━━━━━━━━━━━━━━━━━━━
2025-02-13 21:51:47,429 - INFO - 買いシグナル検出。買い注文を実行中...
2025-02-13 21:51:47,514 - ERROR - 買い注文エラー: ab not enough for new order (ErrCode: 110007) (ErrTime: 12:51:47).
Request → POST https://api-testnet.bybit.com/v5/order/create: {"category": "linear", "symbol": "BTCUSDT", "side": "Buy", "order_type": "Market", "qty": "0.001", "time_in_force": "GoodTillCancel"}.
2025-02-13 21:51:57,777 - INFO - 
━━━━━━━━━━ 取引情報 ━━━━━━━━━━
📅 時刻　　　：2025-02-13 21:51:57
💰 BTC価格　：104,484.70 USDT
📉 価格変動　：-0.84%
💵 USDT残高 ：100.00 USDT
₿ BTC保有量：0.055296 BTC
📊 総資産額 ：5,877.55 USDT
📉 現在の損失：-49.04 USDT (-0.83%)
━━━━━━━━━━━━━━━━━━━━━━━
2025-02-13 21:51:57,778 - INFO - 買いシグナル検出。買い注文を実行中...
2025-02-13 21:51:57,865 - ERROR - 買い注文エラー: ab not enough for new order (ErrCode: 110007) (ErrTime: 12:51:57).
Request → POST https://api-testnet.bybit.com/v5/order/create: {"category": "linear", "symbol": "BTCUSDT", "side": "Buy", "order_type": "Market", "qty": "0.001", "time_in_force": "GoodTillCancel"}.
2025-02-13 21:52:08,128 - INFO - 
━━━━━━━━━━ 取引情報 ━━━━━━━━━━
📅 時刻　　　：2025-02-13 21:52:07
💰 BTC価格　：104,484.70 USDT
📉 価格変動　：-0.84%
💵 USDT残高 ：100.00 USDT
₿ BTC保有量：0.055296 BTC
📊 総資産額 ：5,877.55 USDT
📉 現在の損失：-49.04 USDT (-0.83%)
━━━━━━━━━━━━━━━━━━━━━━━
2025-02-13 21:52:08,130 - INFO - 買いシグナル検出。買い注文を実行中...
2025-02-13 21:52:08,215 - ERROR - 買い注文エラー: ab not enough for new order (ErrCode: 110007) (ErrTime: 12:52:08).
Request → POST https://api-testnet.bybit.com/v5/order/create: {"category": "linear", "symbol": "BTCUSDT", "side": "Buy", "order_type": "Market", "qty": "0.001", "time_in_force": "GoodTillCancel"}.
2025-02-13 21:52:18,482 - INFO - 
━━━━━━━━━━ 取引情報 ━━━━━━━━━━
📅 時刻　　　：2025-02-13 21:52:18
💰 BTC価格　：104,760.14 USDT
📉 価格変動　：-0.58%
💵 USDT残高 ：100.00 USDT
₿ BTC保有量：0.055296 BTC
📊 総資産額 ：5,892.79 USDT
📉 現在の損失：-33.80 USDT (-0.57%)
━━━━━━━━━━━━━━━━━━━━━━━
2025-02-13 21:52:18,483 - INFO - 買いシグナル検出。買い注文を実行中...
2025-02-13 21:52:18,569 - ERROR - 買い注文エラー: ab not enough for new order (ErrCode: 110007) (ErrTime: 12:52:18).
Request → POST https://api-testnet.bybit.com/v5/order/create: {"category": "linear", "symbol": "BTCUSDT", "side": "Buy", "order_type": "Market", "qty": "0.001", "time_in_force": "GoodTillCancel"}.
2025-02-13 21:52:28,845 - INFO - 
━━━━━━━━━━ 取引情報 ━━━━━━━━━━
📅 時刻　　　：2025-02-13 21:52:28
💰 BTC価格　：104,760.14 USDT
📉 価格変動　：-0.58%
💵 USDT残高 ：100.00 USDT
₿ BTC保有量：0.055296 BTC
📊 総資産額 ：5,892.79 USDT
📉 現在の損失：-33.80 USDT (-0.57%)
━━━━━━━━━━━━━━━━━━━━━━━
2025-02-13 21:52:28,845 - INFO - 買いシグナル検出。買い注文を実行中...
2025-02-13 21:52:28,982 - ERROR - 買い注文エラー: ab not enough for new order (ErrCode: 110007) (ErrTime: 12:52:28).
Request → POST https://api-testnet.bybit.com/v5/order/create: {"category": "linear", "symbol": "BTCUSDT", "side": "Buy", "order_type": "Market", "qty": "0.001", "time_in_force": "GoodTillCancel"}.
2025-02-13 21:52:39,245 - INFO - 
━━━━━━━━━━ 取引情報 ━━━━━━━━━━
📅 時刻　　　：2025-02-13 21:52:39
💰 BTC価格　：104,111.08 USDT
📉 価格変動　：-1.20%
💵 USDT残高 ：100.00 USDT
₿ BTC保有量：0.055296 BTC
📊 総資産額 ：5,856.90 USDT
📉 現在の損失：-69.69 USDT (-1.18%)
━━━━━━━━━━━━━━━━━━━━━━━
2025-02-13 21:52:39,246 - INFO - 買いシグナル検出。買い注文を実行中...
2025-02-13 21:52:39,331 - ERROR - 買い注文エラー: ab not enough for new order (ErrCode: 110007) (ErrTime: 12:52:39).
Request → POST https://api-testnet.bybit.com/v5/order/create: {"category": "linear", "symbol": "BTCUSDT", "side": "Buy", "order_type": "Market", "qty": "0.001", "time_in_force": "GoodTillCancel"}.
2025-02-13 21:52:49,631 - INFO - 
━━━━━━━━━━ 取引情報 ━━━━━━━━━━
📅 時刻　　　：2025-02-13 21:52:49
💰 BTC価格　：104,254.02 USDT
📉 価格変動　：-1.06%
💵 USDT残高 ：100.00 USDT
₿ BTC保有量：0.055296 BTC
📊 総資産額 ：5,864.80 USDT
📉 現在の損失：-61.79 USDT (-1.04%)
━━━━━━━━━━━━━━━━━━━━━━━
2025-02-13 21:52:49,632 - INFO - 買いシグナル検出。買い注文を実行中...
2025-02-13 21:52:49,717 - ERROR - 買い注文エラー: ab not enough for new order (ErrCode: 110007) (ErrTime: 12:52:49).
Request → POST https://api-testnet.bybit.com/v5/order/create: {"category": "linear", "symbol": "BTCUSDT", "side": "Buy", "order_type": "Market", "qty": "0.001", "time_in_force": "GoodTillCancel"}.
2025-02-13 21:52:59,976 - INFO - 
━━━━━━━━━━ 取引情報 ━━━━━━━━━━
📅 時刻　　　：2025-02-13 21:52:59
💰 BTC価格　：104,753.31 USDT
📉 価格変動　：-0.59%
💵 USDT残高 ：100.00 USDT
₿ BTC保有量：0.055296 BTC
📊 総資産額 ：5,892.41 USDT
📉 現在の損失：-34.18 USDT (-0.58%)
━━━━━━━━━━━━━━━━━━━━━━━
2025-02-13 21:52:59,978 - INFO - 買いシグナル検出。買い注文を実行中...
2025-02-13 21:53:00,064 - ERROR - 買い注文エラー: ab not enough for new order (ErrCode: 110007) (ErrTime: 12:53:00).
Request → POST https://api-testnet.bybit.com/v5/order/create: {"category": "linear", "symbol": "BTCUSDT", "side": "Buy", "order_type": "Market", "qty": "0.001", "time_in_force": "GoodTillCancel"}.
2025-02-13 21:53:10,323 - INFO - 
━━━━━━━━━━ 取引情報 ━━━━━━━━━━
📅 時刻　　　：2025-02-13 21:53:10
💰 BTC価格　：104,505.04 USDT
📉 価格変動　：-0.82%
💵 USDT残高 ：100.00 USDT
₿ BTC保有量：0.055296 BTC
📊 総資産額 ：5,878.68 USDT
📉 現在の損失：-47.91 USDT (-0.81%)
━━━━━━━━━━━━━━━━━━━━━━━
2025-02-13 21:53:10,324 - INFO - 買いシグナル検出。買い注文を実行中...
2025-02-13 21:53:10,408 - ERROR - 買い注文エラー: ab not enough for new order (ErrCode: 110007) (ErrTime: 12:53:10).
Request → POST https://api-testnet.bybit.com/v5/order/create: {"category": "linear", "symbol": "BTCUSDT", "side": "Buy", "order_type": "Market", "qty": "0.001", "time_in_force": "GoodTillCancel"}.
2025-02-13 21:53:20,664 - INFO - 
━━━━━━━━━━ 取引情報 ━━━━━━━━━━
📅 時刻　　　：2025-02-13 21:53:20
💰 BTC価格　：104,505.04 USDT
📉 価格変動　：-0.82%
💵 USDT残高 ：100.00 USDT
₿ BTC保有量：0.055296 BTC
📊 総資産額 ：5,878.68 USDT
📉 現在の損失：-47.91 USDT (-0.81%)
━━━━━━━━━━━━━━━━━━━━━━━
2025-02-13 21:53:20,664 - INFO - 買いシグナル検出。買い注文を実行中...
2025-02-13 21:53:20,749 - ERROR - 買い注文エラー: ab not enough for new order (ErrCode: 110007) (ErrTime: 12:53:20).
Request → POST https://api-testnet.bybit.com/v5/order/create: {"category": "linear", "symbol": "BTCUSDT", "side": "Buy", "order_type": "Market", "qty": "0.001", "time_in_force": "GoodTillCancel"}.
2025-02-13 21:53:31,009 - INFO - 
━━━━━━━━━━ 取引情報 ━━━━━━━━━━
📅 時刻　　　：2025-02-13 21:53:30
💰 BTC価格　：104,505.04 USDT
📉 価格変動　：-0.82%
💵 USDT残高 ：100.00 USDT
₿ BTC保有量：0.055296 BTC
📊 総資産額 ：5,878.68 USDT
📉 現在の損失：-47.91 USDT (-0.81%)
━━━━━━━━━━━━━━━━━━━━━━━
2025-02-13 21:53:31,010 - INFO - 買いシグナル検出。買い注文を実行中...
2025-02-13 21:53:31,096 - ERROR - 買い注文エラー: ab not enough for new order (ErrCode: 110007) (ErrTime: 12:53:31).
Request → POST https://api-testnet.bybit.com/v5/order/create: {"category": "linear", "symbol": "BTCUSDT", "side": "Buy", "order_type": "Market", "qty": "0.001", "time_in_force": "GoodTillCancel"}.
2025-02-13 21:53:41,357 - INFO - 
━━━━━━━━━━ 取引情報 ━━━━━━━━━━
📅 時刻　　　：2025-02-13 21:53:41
💰 BTC価格　：104,630.38 USDT
📉 価格変動　：-0.70%
💵 USDT残高 ：100.00 USDT
₿ BTC保有量：0.055296 BTC
📊 総資産額 ：5,885.61 USDT
📉 現在の損失：-40.98 USDT (-0.69%)
━━━━━━━━━━━━━━━━━━━━━━━
2025-02-13 21:53:41,358 - INFO - 買いシグナル検出。買い注文を実行中...
2025-02-13 21:53:41,440 - ERROR - 買い注文エラー: ab not enough for new order (ErrCode: 110007) (ErrTime: 12:53:41).
Request → POST https://api-testnet.bybit.com/v5/order/create: {"category": "linear", "symbol": "BTCUSDT", "side": "Buy", "order_type": "Market", "qty": "0.001", "time_in_force": "GoodTillCancel"}.
2025-02-13 21:53:51,698 - INFO - 
━━━━━━━━━━ 取引情報 ━━━━━━━━━━
📅 時刻　　　：2025-02-13 21:53:51
💰 BTC価格　：104,027.35 USDT
📉 価格変動　：-1.28%
💵 USDT残高 ：100.00 USDT
₿ BTC保有量：0.055296 BTC
📊 総資産額 ：5,852.27 USDT
📉 現在の損失：-74.32 USDT (-1.25%)
━━━━━━━━━━━━━━━━━━━━━━━
2025-02-13 21:53:51,699 - INFO - 買いシグナル検出。買い注文を実行中...
2025-02-13 21:53:51,786 - ERROR - 買い注文エラー: ab not enough for new order (ErrCode: 110007) (ErrTime: 12:53:51).
Request → POST https://api-testnet.bybit.com/v5/order/create: {"category": "linear", "symbol": "BTCUSDT", "side": "Buy", "order_type": "Market", "qty": "0.001", "time_in_force": "GoodTillCancel"}.
2025-02-13 21:54:02,042 - INFO - 
━━━━━━━━━━ 取引情報 ━━━━━━━━━━
📅 時刻　　　：2025-02-13 21:54:01
💰 BTC価格　：104,027.35 USDT
📉 価格変動　：-1.28%
💵 USDT残高 ：100.00 USDT
₿ BTC保有量：0.055296 BTC
📊 総資産額 ：5,852.27 USDT
📉 現在の損失：-74.32 USDT (-1.25%)
━━━━━━━━━━━━━━━━━━━━━━━
2025-02-13 21:54:02,042 - INFO - 買いシグナル検出。買い注文を実行中...
2025-02-13 21:54:02,256 - ERROR - 買い注文エラー: ab not enough for new order (ErrCode: 110007) (ErrTime: 12:54:02).
Request → POST https://api-testnet.bybit.com/v5/order/create: {"category": "linear", "symbol": "BTCUSDT", "side": "Buy", "order_type": "Market", "qty": "0.001", "time_in_force": "GoodTillCancel"}.
2025-02-13 21:54:12,514 - INFO - 
━━━━━━━━━━ 取引情報 ━━━━━━━━━━
📅 時刻　　　：2025-02-13 21:54:12
💰 BTC価格　：104,027.35 USDT
📉 価格変動　：-1.28%
💵 USDT残高 ：100.00 USDT
₿ BTC保有量：0.055296 BTC
📊 総資産額 ：5,852.27 USDT
📉 現在の損失：-74.32 USDT (-1.25%)
━━━━━━━━━━━━━━━━━━━━━━━
2025-02-13 21:54:12,516 - INFO - 買いシグナル検出。買い注文を実行中...
2025-02-13 21:54:12,602 - ERROR - 買い注文エラー: ab not enough for new order (ErrCode: 110007) (ErrTime: 12:54:12).
Request → POST https://api-testnet.bybit.com/v5/order/create: {"category": "linear", "symbol": "BTCUSDT", "side": "Buy", "order_type": "Market", "qty": "0.001", "time_in_force": "GoodTillCancel"}.
2025-02-13 21:54:22,859 - INFO - 
━━━━━━━━━━ 取引情報 ━━━━━━━━━━
📅 時刻　　　：2025-02-13 21:54:22
💰 BTC価格　：104,027.35 USDT
📉 価格変動　：-1.28%
💵 USDT残高 ：100.00 USDT
₿ BTC保有量：0.055296 BTC
📊 総資産額 ：5,852.27 USDT
📉 現在の損失：-74.32 USDT (-1.25%)
━━━━━━━━━━━━━━━━━━━━━━━
2025-02-13 21:54:22,860 - INFO - 買いシグナル検出。買い注文を実行中...
2025-02-13 21:54:22,943 - ERROR - 買い注文エラー: ab not enough for new order (ErrCode: 110007) (ErrTime: 12:54:22).
Request → POST https://api-testnet.bybit.com/v5/order/create: {"category": "linear", "symbol": "BTCUSDT", "side": "Buy", "order_type": "Market", "qty": "0.001", "time_in_force": "GoodTillCancel"}.
2025-02-13 21:54:33,201 - INFO - 
━━━━━━━━━━ 取引情報 ━━━━━━━━━━
📅 時刻　　　：2025-02-13 21:54:33
💰 BTC価格　：104,027.35 USDT
📉 価格変動　：-1.28%
💵 USDT残高 ：100.00 USDT
₿ BTC保有量：0.055296 BTC
📊 総資産額 ：5,852.27 USDT
📉 現在の損失：-74.32 USDT (-1.25%)
━━━━━━━━━━━━━━━━━━━━━━━
2025-02-13 21:54:33,202 - INFO - 買いシグナル検出。買い注文を実行中...
2025-02-13 21:54:33,286 - ERROR - 買い注文エラー: ab not enough for new order (ErrCode: 110007) (ErrTime: 12:54:33).
Request → POST https://api-testnet.bybit.com/v5/order/create: {"category": "linear", "symbol": "BTCUSDT", "side": "Buy", "order_type": "Market", "qty": "0.001", "time_in_force": "GoodTillCancel"}.
2025-02-13 21:54:43,544 - INFO - 
━━━━━━━━━━ 取引情報 ━━━━━━━━━━
📅 時刻　　　：2025-02-13 21:54:43
💰 BTC価格　：104,027.35 USDT
📉 価格変動　：-1.28%
💵 USDT残高 ：100.00 USDT
₿ BTC保有量：0.055296 BTC
📊 総資産額 ：5,852.27 USDT
📉 現在の損失：-74.32 USDT (-1.25%)
━━━━━━━━━━━━━━━━━━━━━━━
2025-02-13 21:54:43,546 - INFO - 買いシグナル検出。買い注文を実行中...
2025-02-13 21:54:43,631 - ERROR - 買い注文エラー: ab not enough for new order (ErrCode: 110007) (ErrTime: 12:54:43).
Request → POST https://api-testnet.bybit.com/v5/order/create: {"category": "linear", "symbol": "BTCUSDT", "side": "Buy", "order_type": "Market", "qty": "0.001", "time_in_force": "GoodTillCancel"}.
2025-02-13 21:54:53,894 - INFO - 
━━━━━━━━━━ 取引情報 ━━━━━━━━━━
📅 時刻　　　：2025-02-13 21:54:53
💰 BTC価格　：104,027.35 USDT
📉 価格変動　：-1.28%
💵 USDT残高 ：100.00 USDT
₿ BTC保有量：0.055296 BTC
📊 総資産額 ：5,852.27 USDT
📉 現在の損失：-74.32 USDT (-1.25%)
━━━━━━━━━━━━━━━━━━━━━━━
2025-02-13 21:54:53,894 - INFO - 買いシグナル検出。買い注文を実行中...
2025-02-13 21:54:53,977 - ERROR - 買い注文エラー: ab not enough for new order (ErrCode: 110007) (ErrTime: 12:54:53).
Request → POST https://api-testnet.bybit.com/v5/order/create: {"category": "linear", "symbol": "BTCUSDT", "side": "Buy", "order_type": "Market", "qty": "0.001", "time_in_force": "GoodTillCancel"}.
2025-02-13 21:55:04,242 - INFO - 
━━━━━━━━━━ 取引情報 ━━━━━━━━━━
📅 時刻　　　：2025-02-13 21:55:04
💰 BTC価格　：105,222.74 USDT
📉 価格変動　：-0.14%
💵 USDT残高 ：100.00 USDT
₿ BTC保有量：0.055296 BTC
📊 総資産額 ：5,918.37 USDT
📉 現在の損失：-8.22 USDT (-0.14%)
━━━━━━━━━━━━━━━━━━━━━━━
2025-02-13 21:55:14,506 - INFO - 
━━━━━━━━━━ 取引情報 ━━━━━━━━━━
📅 時刻　　　：2025-02-13 21:55:14
💰 BTC価格　：105,128.56 USDT
📉 価格変動　：-0.23%
💵 USDT残高 ：100.00 USDT
₿ BTC保有量：0.055296 BTC
📊 総資産額 ：5,913.16 USDT
📉 現在の損失：-13.43 USDT (-0.23%)
━━━━━━━━━━━━━━━━━━━━━━━
2025-02-13 21:55:24,764 - INFO - 
━━━━━━━━━━ 取引情報 ━━━━━━━━━━
📅 時刻　　　：2025-02-13 21:55:24
💰 BTC価格　：105,128.56 USDT
📉 価格変動　：-0.23%
💵 USDT残高 ：100.00 USDT
₿ BTC保有量：0.055296 BTC
📊 総資産額 ：5,913.16 USDT
📉 現在の損失：-13.43 USDT (-0.23%)
━━━━━━━━━━━━━━━━━━━━━━━
2025-02-13 21:55:35,021 - INFO - 
━━━━━━━━━━ 取引情報 ━━━━━━━━━━
📅 時刻　　　：2025-02-13 21:55:34
💰 BTC価格　：105,422.36 USDT
📈 価格変動　：+0.05%
💵 USDT残高 ：100.00 USDT
₿ BTC保有量：0.055296 BTC
📊 総資産額 ：5,929.40 USDT
💹 現在の利益：+2.81 USDT (+0.05%)
━━━━━━━━━━━━━━━━━━━━━━━
2025-02-13 21:55:45,281 - INFO - 
━━━━━━━━━━ 取引情報 ━━━━━━━━━━
📅 時刻　　　：2025-02-13 21:55:45
💰 BTC価格　：105,422.36 USDT
📈 価格変動　：+0.05%
💵 USDT残高 ：100.00 USDT
₿ BTC保有量：0.055296 BTC
📊 総資産額 ：5,929.40 USDT
💹 現在の利益：+2.81 USDT (+0.05%)
━━━━━━━━━━━━━━━━━━━━━━━
2025-02-13 21:55:55,541 - INFO - 
━━━━━━━━━━ 取引情報 ━━━━━━━━━━
📅 時刻　　　：2025-02-13 21:55:55
💰 BTC価格　：105,422.36 USDT
📈 価格変動　：+0.05%
💵 USDT残高 ：100.00 USDT
₿ BTC保有量：0.055296 BTC
📊 総資産額 ：5,929.40 USDT
💹 現在の利益：+2.81 USDT (+0.05%)
━━━━━━━━━━━━━━━━━━━━━━━
2025-02-13 21:56:05,802 - INFO - 
━━━━━━━━━━ 取引情報 ━━━━━━━━━━
📅 時刻　　　：2025-02-13 21:56:05
💰 BTC価格　：105,422.36 USDT
📈 価格変動　：+0.05%
💵 USDT残高 ：100.00 USDT
₿ BTC保有量：0.055296 BTC
📊 総資産額 ：5,929.40 USDT
💹 現在の利益：+2.81 USDT (+0.05%)
━━━━━━━━━━━━━━━━━━━━━━━
2025-02-13 21:56:16,061 - INFO - 
━━━━━━━━━━ 取引情報 ━━━━━━━━━━
📅 時刻　　　：2025-02-13 21:56:15
💰 BTC価格　：105,422.36 USDT
📈 価格変動　：+0.05%
💵 USDT残高 ：100.00 USDT
₿ BTC保有量：0.055296 BTC
📊 総資産額 ：5,929.40 USDT
💹 現在の利益：+2.81 USDT (+0.05%)
━━━━━━━━━━━━━━━━━━━━━━━
2025-02-13 21:56:26,321 - INFO - 
━━━━━━━━━━ 取引情報 ━━━━━━━━━━
📅 時刻　　　：2025-02-13 21:56:26
💰 BTC価格　：105,422.36 USDT
📈 価格変動　：+0.05%
💵 USDT残高 ：100.00 USDT
₿ BTC保有量：0.055296 BTC
📊 総資産額 ：5,929.40 USDT
💹 現在の利益：+2.81 USDT (+0.05%)
━━━━━━━━━━━━━━━━━━━━━━━
2025-02-13 21:56:36,600 - INFO - 
━━━━━━━━━━ 取引情報 ━━━━━━━━━━
📅 時刻　　　：2025-02-13 21:56:36
💰 BTC価格　：105,422.36 USDT
📈 価格変動　：+0.05%
💵 USDT残高 ：100.00 USDT
₿ BTC保有量：0.055296 BTC
📊 総資産額 ：5,929.40 USDT
💹 現在の利益：+2.81 USDT (+0.05%)
━━━━━━━━━━━━━━━━━━━━━━━
2025-02-13 21:56:46,860 - INFO - 
━━━━━━━━━━ 取引情報 ━━━━━━━━━━
📅 時刻　　　：2025-02-13 21:56:46
💰 BTC価格　：105,351.35 USDT
📉 価格変動　：-0.02%
💵 USDT残高 ：100.00 USDT
₿ BTC保有量：0.055296 BTC
📊 総資産額 ：5,925.48 USDT
📉 現在の損失：-1.11 USDT (-0.02%)
━━━━━━━━━━━━━━━━━━━━━━━
2025-02-13 21:56:57,134 - INFO - 
━━━━━━━━━━ 取引情報 ━━━━━━━━━━
📅 時刻　　　：2025-02-13 21:56:56
💰 BTC価格　：105,351.35 USDT
📉 価格変動　：-0.02%
💵 USDT残高 ：100.00 USDT
₿ BTC保有量：0.055296 BTC
📊 総資産額 ：5,925.48 USDT
📉 現在の損失：-1.11 USDT (-0.02%)
━━━━━━━━━━━━━━━━━━━━━━━
2025-02-13 21:57:07,391 - INFO - 
━━━━━━━━━━ 取引情報 ━━━━━━━━━━
📅 時刻　　　：2025-02-13 21:57:07
💰 BTC価格　：105,351.35 USDT
📉 価格変動　：-0.02%
💵 USDT残高 ：100.00 USDT
₿ BTC保有量：0.055296 BTC
📊 総資産額 ：5,925.48 USDT
📉 現在の損失：-1.11 USDT (-0.02%)
━━━━━━━━━━━━━━━━━━━━━━━
2025-02-13 21:57:17,650 - INFO - 
━━━━━━━━━━ 取引情報 ━━━━━━━━━━
📅 時刻　　　：2025-02-13 21:57:17
💰 BTC価格　：105,351.35 USDT
📉 価格変動　：-0.02%
💵 USDT残高 ：100.00 USDT
₿ BTC保有量：0.055296 BTC
📊 総資産額 ：5,925.48 USDT
📉 現在の損失：-1.11 USDT (-0.02%)
━━━━━━━━━━━━━━━━━━━━━━━
2025-02-13 21:57:27,907 - INFO - 
━━━━━━━━━━ 取引情報 ━━━━━━━━━━
📅 時刻　　　：2025-02-13 21:57:27
💰 BTC価格　：105,351.35 USDT
📉 価格変動　：-0.02%
💵 USDT残高 ：100.00 USDT
₿ BTC保有量：0.055296 BTC
📊 総資産額 ：5,925.48 USDT
📉 現在の損失：-1.11 USDT (-0.02%)
━━━━━━━━━━━━━━━━━━━━━━━
2025-02-13 21:57:38,164 - INFO - 
━━━━━━━━━━ 取引情報 ━━━━━━━━━━
📅 時刻　　　：2025-02-13 21:57:37
💰 BTC価格　：105,351.35 USDT
📉 価格変動　：-0.02%
💵 USDT残高 ：100.00 USDT
₿ BTC保有量：0.055296 BTC
📊 総資産額 ：5,925.48 USDT
📉 現在の損失：-1.11 USDT (-0.02%)
━━━━━━━━━━━━━━━━━━━━━━━
2025-02-13 21:57:48,420 - INFO - 
━━━━━━━━━━ 取引情報 ━━━━━━━━━━
📅 時刻　　　：2025-02-13 21:57:48
💰 BTC価格　：105,259.48 USDT
📉 価格変動　：-0.11%
💵 USDT残高 ：100.00 USDT
₿ BTC保有量：0.055296 BTC
📊 総資産額 ：5,920.40 USDT
📉 現在の損失：-6.19 USDT (-0.10%)
━━━━━━━━━━━━━━━━━━━━━━━
2025-02-13 21:57:58,690 - INFO - 
━━━━━━━━━━ 取引情報 ━━━━━━━━━━
📅 時刻　　　：2025-02-13 21:57:58
💰 BTC価格　：105,259.48 USDT
📉 価格変動　：-0.11%
💵 USDT残高 ：100.00 USDT
₿ BTC保有量：0.055296 BTC
📊 総資産額 ：5,920.40 USDT
📉 現在の損失：-6.19 USDT (-0.10%)
━━━━━━━━━━━━━━━━━━━━━━━
2025-02-13 21:58:08,953 - INFO - 
━━━━━━━━━━ 取引情報 ━━━━━━━━━━
📅 時刻　　　：2025-02-13 21:58:08
💰 BTC価格　：105,259.48 USDT
📉 価格変動　：-0.11%
💵 USDT残高 ：100.00 USDT
₿ BTC保有量：0.055296 BTC
📊 総資産額 ：5,920.40 USDT
📉 現在の損失：-6.19 USDT (-0.10%)
━━━━━━━━━━━━━━━━━━━━━━━
2025-02-13 21:58:19,218 - INFO - 
━━━━━━━━━━ 取引情報 ━━━━━━━━━━
📅 時刻　　　：2025-02-13 21:58:19
💰 BTC価格　：105,259.48 USDT
📉 価格変動　：-0.11%
💵 USDT残高 ：100.00 USDT
₿ BTC保有量：0.055296 BTC
📊 総資産額 ：5,920.40 USDT
📉 現在の損失：-6.19 USDT (-0.10%)
━━━━━━━━━━━━━━━━━━━━━━━
2025-02-13 21:58:29,474 - INFO - 
━━━━━━━━━━ 取引情報 ━━━━━━━━━━
📅 時刻　　　：2025-02-13 21:58:29
💰 BTC価格　：105,259.48 USDT
📉 価格変動　：-0.11%
💵 USDT残高 ：100.00 USDT
₿ BTC保有量：0.055296 BTC
📊 総資産額 ：5,920.40 USDT
📉 現在の損失：-6.19 USDT (-0.10%)
━━━━━━━━━━━━━━━━━━━━━━━
2025-02-13 21:58:39,734 - INFO - 
━━━━━━━━━━ 取引情報 ━━━━━━━━━━
📅 時刻　　　：2025-02-13 21:58:39
💰 BTC価格　：105,259.48 USDT
📉 価格変動　：-0.11%
💵 USDT残高 ：100.00 USDT
₿ BTC保有量：0.055296 BTC
📊 総資産額 ：5,920.40 USDT
📉 現在の損失：-6.19 USDT (-0.10%)
━━━━━━━━━━━━━━━━━━━━━━━
2025-02-13 21:58:49,993 - INFO - 
━━━━━━━━━━ 取引情報 ━━━━━━━━━━
📅 時刻　　　：2025-02-13 21:58:49
💰 BTC価格　：105,259.48 USDT
📉 価格変動　：-0.11%
💵 USDT残高 ：100.00 USDT
₿ BTC保有量：0.055296 BTC
📊 総資産額 ：5,920.40 USDT
📉 現在の損失：-6.19 USDT (-0.10%)
━━━━━━━━━━━━━━━━━━━━━━━
2025-02-13 21:59:00,256 - INFO - 
━━━━━━━━━━ 取引情報 ━━━━━━━━━━
📅 時刻　　　：2025-02-13 21:59:00
💰 BTC価格　：105,399.51 USDT
📈 価格変動　：+0.03%
💵 USDT残高 ：100.00 USDT
₿ BTC保有量：0.055296 BTC
📊 総資産額 ：5,928.14 USDT
💹 現在の利益：+1.55 USDT (+0.03%)
━━━━━━━━━━━━━━━━━━━━━━━
2025-02-13 21:59:10,510 - INFO - 
━━━━━━━━━━ 取引情報 ━━━━━━━━━━
📅 時刻　　　：2025-02-13 21:59:10
💰 BTC価格　：105,399.51 USDT
📈 価格変動　：+0.03%
💵 USDT残高 ：100.00 USDT
₿ BTC保有量：0.055296 BTC
📊 総資産額 ：5,928.14 USDT
💹 現在の利益：+1.55 USDT (+0.03%)
━━━━━━━━━━━━━━━━━━━━━━━
2025-02-13 21:59:20,770 - INFO - 
━━━━━━━━━━ 取引情報 ━━━━━━━━━━
📅 時刻　　　：2025-02-13 21:59:20
💰 BTC価格　：105,399.51 USDT
📈 価格変動　：+0.03%
💵 USDT残高 ：100.00 USDT
₿ BTC保有量：0.055296 BTC
📊 総資産額 ：5,928.14 USDT
💹 現在の利益：+1.55 USDT (+0.03%)
━━━━━━━━━━━━━━━━━━━━━━━
2025-02-13 21:59:31,044 - INFO - 
━━━━━━━━━━ 取引情報 ━━━━━━━━━━
📅 時刻　　　：2025-02-13 21:59:30
💰 BTC価格　：105,399.51 USDT
📈 価格変動　：+0.03%
💵 USDT残高 ：100.00 USDT
₿ BTC保有量：0.055296 BTC
📊 総資産額 ：5,928.14 USDT
💹 現在の利益：+1.55 USDT (+0.03%)
━━━━━━━━━━━━━━━━━━━━━━━
2025-02-13 21:59:41,303 - INFO - 
━━━━━━━━━━ 取引情報 ━━━━━━━━━━
📅 時刻　　　：2025-02-13 21:59:41
💰 BTC価格　：105,399.51 USDT
📈 価格変動　：+0.03%
💵 USDT残高 ：100.00 USDT
₿ BTC保有量：0.055296 BTC
📊 総資産額 ：5,928.14 USDT
💹 現在の利益：+1.55 USDT (+0.03%)
━━━━━━━━━━━━━━━━━━━━━━━
2025-02-13 21:59:51,570 - INFO - 
━━━━━━━━━━ 取引情報 ━━━━━━━━━━
📅 時刻　　　：2025-02-13 21:59:51
💰 BTC価格　：105,330.07 USDT
📉 価格変動　：-0.04%
💵 USDT残高 ：100.00 USDT
₿ BTC保有量：0.055296 BTC
📊 総資産額 ：5,924.30 USDT
📉 現在の損失：-2.29 USDT (-0.04%)
━━━━━━━━━━━━━━━━━━━━━━━
2025-02-13 22:00:01,831 - INFO - 
━━━━━━━━━━ 取引情報 ━━━━━━━━━━
📅 時刻　　　：2025-02-13 22:00:01
💰 BTC価格　：105,317.33 USDT
📉 価格変動　：-0.05%
💵 USDT残高 ：100.00 USDT
₿ BTC保有量：0.055296 BTC
📊 総資産額 ：5,923.60 USDT
📉 現在の損失：-2.99 USDT (-0.05%)
━━━━━━━━━━━━━━━━━━━━━━━
2025-02-13 22:00:12,088 - INFO - 
━━━━━━━━━━ 取引情報 ━━━━━━━━━━
📅 時刻　　　：2025-02-13 22:00:11
💰 BTC価格　：105,317.33 USDT
📉 価格変動　：-0.05%
💵 USDT残高 ：100.00 USDT
₿ BTC保有量：0.055296 BTC
📊 総資産額 ：5,923.60 USDT
📉 現在の損失：-2.99 USDT (-0.05%)
━━━━━━━━━━━━━━━━━━━━━━━
2025-02-13 22:00:22,347 - INFO - 
━━━━━━━━━━ 取引情報 ━━━━━━━━━━
📅 時刻　　　：2025-02-13 22:00:22
💰 BTC価格　：105,317.33 USDT
📉 価格変動　：-0.05%
💵 USDT残高 ：100.00 USDT
₿ BTC保有量：0.055296 BTC
📊 総資産額 ：5,923.60 USDT
📉 現在の損失：-2.99 USDT (-0.05%)
━━━━━━━━━━━━━━━━━━━━━━━
2025-02-13 22:00:32,610 - INFO - 
━━━━━━━━━━ 取引情報 ━━━━━━━━━━
📅 時刻　　　：2025-02-13 22:00:32
💰 BTC価格　：105,317.33 USDT
📉 価格変動　：-0.05%
💵 USDT残高 ：100.00 USDT
₿ BTC保有量：0.055296 BTC
📊 総資産額 ：5,923.60 USDT
📉 現在の損失：-2.99 USDT (-0.05%)
━━━━━━━━━━━━━━━━━━━━━━━
2025-02-13 22:00:42,883 - INFO - 
━━━━━━━━━━ 取引情報 ━━━━━━━━━━
📅 時刻　　　：2025-02-13 22:00:42
💰 BTC価格　：105,317.33 USDT
📉 価格変動　：-0.05%
💵 USDT残高 ：100.00 USDT
₿ BTC保有量：0.055296 BTC
📊 総資産額 ：5,923.60 USDT
📉 現在の損失：-2.99 USDT (-0.05%)
━━━━━━━━━━━━━━━━━━━━━━━
2025-02-13 22:00:53,149 - INFO - 
━━━━━━━━━━ 取引情報 ━━━━━━━━━━
📅 時刻　　　：2025-02-13 22:00:52
💰 BTC価格　：105,317.33 USDT
📉 価格変動　：-0.05%
💵 USDT残高 ：100.00 USDT
₿ BTC保有量：0.055296 BTC
📊 総資産額 ：5,923.60 USDT
📉 現在の損失：-2.99 USDT (-0.05%)
━━━━━━━━━━━━━━━━━━━━━━━
2025-02-13 22:01:03,419 - INFO - 
━━━━━━━━━━ 取引情報 ━━━━━━━━━━
📅 時刻　　　：2025-02-13 22:01:03
💰 BTC価格　：105,317.33 USDT
📉 価格変動　：-0.05%
💵 USDT残高 ：100.00 USDT
₿ BTC保有量：0.055296 BTC
📊 総資産額 ：5,923.60 USDT
📉 現在の損失：-2.99 USDT (-0.05%)
━━━━━━━━━━━━━━━━━━━━━━━
2025-02-13 22:01:13,678 - INFO - 
━━━━━━━━━━ 取引情報 ━━━━━━━━━━
📅 時刻　　　：2025-02-13 22:01:13
💰 BTC価格　：105,099.57 USDT
📉 価格変動　：-0.26%
💵 USDT残高 ：100.00 USDT
₿ BTC保有量：0.055296 BTC
📊 総資産額 ：5,911.55 USDT
📉 現在の損失：-15.04 USDT (-0.25%)
━━━━━━━━━━━━━━━━━━━━━━━
2025-02-13 22:01:23,939 - INFO - 
━━━━━━━━━━ 取引情報 ━━━━━━━━━━
📅 時刻　　　：2025-02-13 22:01:23
💰 BTC価格　：104,910.72 USDT
📉 価格変動　：-0.44%
💵 USDT残高 ：100.00 USDT
₿ BTC保有量：0.055296 BTC
📊 総資産額 ：5,901.11 USDT
📉 現在の損失：-25.48 USDT (-0.43%)
━━━━━━━━━━━━━━━━━━━━━━━
2025-02-13 22:01:34,197 - INFO - 
━━━━━━━━━━ 取引情報 ━━━━━━━━━━
📅 時刻　　　：2025-02-13 22:01:34
💰 BTC価格　：104,910.72 USDT
📉 価格変動　：-0.44%
💵 USDT残高 ：100.00 USDT
₿ BTC保有量：0.055296 BTC
📊 総資産額 ：5,901.11 USDT
📉 現在の損失：-25.48 USDT (-0.43%)
━━━━━━━━━━━━━━━━━━━━━━━
2025-02-13 22:01:44,461 - INFO - 
━━━━━━━━━━ 取引情報 ━━━━━━━━━━
📅 時刻　　　：2025-02-13 22:01:44
💰 BTC価格　：104,910.72 USDT
📉 価格変動　：-0.44%
💵 USDT残高 ：100.00 USDT
₿ BTC保有量：0.055296 BTC
📊 総資産額 ：5,901.11 USDT
📉 現在の損失：-25.48 USDT (-0.43%)
━━━━━━━━━━━━━━━━━━━━━━━
2025-02-13 22:01:54,722 - INFO - 
━━━━━━━━━━ 取引情報 ━━━━━━━━━━
📅 時刻　　　：2025-02-13 22:01:54
💰 BTC価格　：105,332.90 USDT
📉 価格変動　：-0.04%
💵 USDT残高 ：100.00 USDT
₿ BTC保有量：0.055296 BTC
📊 総資産額 ：5,924.46 USDT
📉 現在の損失：-2.13 USDT (-0.04%)
━━━━━━━━━━━━━━━━━━━━━━━
2025-02-13 22:02:04,987 - INFO - 
━━━━━━━━━━ 取引情報 ━━━━━━━━━━
📅 時刻　　　：2025-02-13 22:02:04
💰 BTC価格　：105,332.90 USDT
📉 価格変動　：-0.04%
💵 USDT残高 ：100.00 USDT
₿ BTC保有量：0.055296 BTC
📊 総資産額 ：5,924.46 USDT
📉 現在の損失：-2.13 USDT (-0.04%)
━━━━━━━━━━━━━━━━━━━━━━━
2025-02-13 22:02:15,247 - INFO - 
━━━━━━━━━━ 取引情報 ━━━━━━━━━━
📅 時刻　　　：2025-02-13 22:02:15
💰 BTC価格　：105,332.90 USDT
📉 価格変動　：-0.04%
💵 USDT残高 ：100.00 USDT
₿ BTC保有量：0.055296 BTC
📊 総資産額 ：5,924.46 USDT
📉 現在の損失：-2.13 USDT (-0.04%)
━━━━━━━━━━━━━━━━━━━━━━━
2025-02-13 22:02:25,509 - INFO - 
━━━━━━━━━━ 取引情報 ━━━━━━━━━━
📅 時刻　　　：2025-02-13 22:02:25
💰 BTC価格　：104,390.33 USDT
📉 価格変動　：-0.93%
💵 USDT残高 ：100.00 USDT
₿ BTC保有量：0.055296 BTC
📊 総資産額 ：5,872.34 USDT
📉 現在の損失：-54.25 USDT (-0.92%)
━━━━━━━━━━━━━━━━━━━━━━━
2025-02-13 22:02:25,510 - INFO - 買いシグナル検出。買い注文を実行中...
2025-02-13 22:02:25,596 - ERROR - 買い注文エラー: ab not enough for new order (ErrCode: 110007) (ErrTime: 13:02:25).
Request → POST https://api-testnet.bybit.com/v5/order/create: {"category": "linear", "symbol": "BTCUSDT", "side": "Buy", "order_type": "Market", "qty": "0.001", "time_in_force": "GoodTillCancel"}.
2025-02-13 22:02:35,854 - INFO - 
━━━━━━━━━━ 取引情報 ━━━━━━━━━━
📅 時刻　　　：2025-02-13 22:02:35
💰 BTC価格　：105,332.90 USDT
📉 価格変動　：-0.04%
💵 USDT残高 ：100.00 USDT
₿ BTC保有量：0.055296 BTC
📊 総資産額 ：5,924.46 USDT
📉 現在の損失：-2.13 USDT (-0.04%)
━━━━━━━━━━━━━━━━━━━━━━━
2025-02-13 22:02:46,113 - INFO - 
━━━━━━━━━━ 取引情報 ━━━━━━━━━━
📅 時刻　　　：2025-02-13 22:02:45
💰 BTC価格　：105,332.90 USDT
📉 価格変動　：-0.04%
💵 USDT残高 ：100.00 USDT
₿ BTC保有量：0.055296 BTC
📊 総資産額 ：5,924.46 USDT
📉 現在の損失：-2.13 USDT (-0.04%)
━━━━━━━━━━━━━━━━━━━━━━━
2025-02-13 22:02:56,371 - INFO - 
━━━━━━━━━━ 取引情報 ━━━━━━━━━━
📅 時刻　　　：2025-02-13 22:02:56
💰 BTC価格　：105,332.90 USDT
📉 価格変動　：-0.04%
💵 USDT残高 ：100.00 USDT
₿ BTC保有量：0.055296 BTC
📊 総資産額 ：5,924.46 USDT
📉 現在の損失：-2.13 USDT (-0.04%)
━━━━━━━━━━━━━━━━━━━━━━━
2025-02-13 22:03:06,631 - INFO - 
━━━━━━━━━━ 取引情報 ━━━━━━━━━━
📅 時刻　　　：2025-02-13 22:03:06
💰 BTC価格　：105,379.74 USDT
📈 価格変動　：+0.01%
💵 USDT残高 ：100.00 USDT
₿ BTC保有量：0.055296 BTC
📊 総資産額 ：5,927.05 USDT
💹 現在の利益：+0.46 USDT (+0.01%)
━━━━━━━━━━━━━━━━━━━━━━━
2025-02-13 22:03:16,886 - INFO - 
━━━━━━━━━━ 取引情報 ━━━━━━━━━━
📅 時刻　　　：2025-02-13 22:03:16
💰 BTC価格　：105,379.74 USDT
📈 価格変動　：+0.01%
💵 USDT残高 ：100.00 USDT
₿ BTC保有量：0.055296 BTC
📊 総資産額 ：5,927.05 USDT
💹 現在の利益：+0.46 USDT (+0.01%)
━━━━━━━━━━━━━━━━━━━━━━━
2025-02-13 22:03:27,146 - INFO - 
━━━━━━━━━━ 取引情報 ━━━━━━━━━━
📅 時刻　　　：2025-02-13 22:03:26
💰 BTC価格　：105,379.74 USDT
📈 価格変動　：+0.01%
💵 USDT残高 ：100.00 USDT
₿ BTC保有量：0.055296 BTC
📊 総資産額 ：5,927.05 USDT
💹 現在の利益：+0.46 USDT (+0.01%)
━━━━━━━━━━━━━━━━━━━━━━━
2025-02-13 22:03:37,402 - INFO - 
━━━━━━━━━━ 取引情報 ━━━━━━━━━━
📅 時刻　　　：2025-02-13 22:03:37
💰 BTC価格　：105,179.36 USDT
📉 価格変動　：-0.18%
💵 USDT残高 ：100.00 USDT
₿ BTC保有量：0.055296 BTC
📊 総資産額 ：5,915.97 USDT
📉 現在の損失：-10.62 USDT (-0.18%)
━━━━━━━━━━━━━━━━━━━━━━━
2025-02-13 22:03:47,662 - INFO - 
━━━━━━━━━━ 取引情報 ━━━━━━━━━━
📅 時刻　　　：2025-02-13 22:03:47
💰 BTC価格　：104,166.25 USDT
📉 価格変動　：-1.14%
💵 USDT残高 ：100.00 USDT
₿ BTC保有量：0.055296 BTC
📊 総資産額 ：5,859.95 USDT
📉 現在の損失：-66.64 USDT (-1.12%)
━━━━━━━━━━━━━━━━━━━━━━━
2025-02-13 22:03:47,663 - INFO - 買いシグナル検出。買い注文を実行中...
2025-02-13 22:03:47,755 - ERROR - 買い注文エラー: ab not enough for new order (ErrCode: 110007) (ErrTime: 13:03:47).
Request → POST https://api-testnet.bybit.com/v5/order/create: {"category": "linear", "symbol": "BTCUSDT", "side": "Buy", "order_type": "Market", "qty": "0.001", "time_in_force": "GoodTillCancel"}.
2025-02-13 22:03:58,006 - INFO - 
━━━━━━━━━━ 取引情報 ━━━━━━━━━━
📅 時刻　　　：2025-02-13 22:03:57
💰 BTC価格　：104,166.25 USDT
📉 価格変動　：-1.14%
💵 USDT残高 ：100.00 USDT
₿ BTC保有量：0.055296 BTC
📊 総資産額 ：5,859.95 USDT
📉 現在の損失：-66.64 USDT (-1.12%)
━━━━━━━━━━━━━━━━━━━━━━━
2025-02-13 22:03:58,006 - INFO - 買いシグナル検出。買い注文を実行中...
2025-02-13 22:03:58,092 - ERROR - 買い注文エラー: ab not enough for new order (ErrCode: 110007) (ErrTime: 13:03:58).
Request → POST https://api-testnet.bybit.com/v5/order/create: {"category": "linear", "symbol": "BTCUSDT", "side": "Buy", "order_type": "Market", "qty": "0.001", "time_in_force": "GoodTillCancel"}.
2025-02-13 22:04:08,349 - INFO - 
━━━━━━━━━━ 取引情報 ━━━━━━━━━━
📅 時刻　　　：2025-02-13 22:04:08
💰 BTC価格　：104,455.64 USDT
📉 価格変動　：-0.87%
💵 USDT残高 ：100.00 USDT
₿ BTC保有量：0.055296 BTC
📊 総資産額 ：5,875.95 USDT
📉 現在の損失：-50.64 USDT (-0.85%)
━━━━━━━━━━━━━━━━━━━━━━━
2025-02-13 22:04:08,350 - INFO - 買いシグナル検出。買い注文を実行中...
2025-02-13 22:04:08,435 - ERROR - 買い注文エラー: ab not enough for new order (ErrCode: 110007) (ErrTime: 13:04:08).
Request → POST https://api-testnet.bybit.com/v5/order/create: {"category": "linear", "symbol": "BTCUSDT", "side": "Buy", "order_type": "Market", "qty": "0.001", "time_in_force": "GoodTillCancel"}.
2025-02-13 22:04:18,691 - INFO - 
━━━━━━━━━━ 取引情報 ━━━━━━━━━━
📅 時刻　　　：2025-02-13 22:04:18
💰 BTC価格　：104,455.64 USDT
📉 価格変動　：-0.87%
💵 USDT残高 ：100.00 USDT
₿ BTC保有量：0.055296 BTC
📊 総資産額 ：5,875.95 USDT
📉 現在の損失：-50.64 USDT (-0.85%)
━━━━━━━━━━━━━━━━━━━━━━━
2025-02-13 22:04:18,692 - INFO - 買いシグナル検出。買い注文を実行中...
2025-02-13 22:04:18,778 - ERROR - 買い注文エラー: ab not enough for new order (ErrCode: 110007) (ErrTime: 13:04:18).
Request → POST https://api-testnet.bybit.com/v5/order/create: {"category": "linear", "symbol": "BTCUSDT", "side": "Buy", "order_type": "Market", "qty": "0.001", "time_in_force": "GoodTillCancel"}.
2025-02-13 22:04:29,033 - INFO - 
━━━━━━━━━━ 取引情報 ━━━━━━━━━━
📅 時刻　　　：2025-02-13 22:04:28
💰 BTC価格　：104,455.64 USDT
📉 価格変動　：-0.87%
💵 USDT残高 ：100.00 USDT
₿ BTC保有量：0.055296 BTC
📊 総資産額 ：5,875.95 USDT
📉 現在の損失：-50.64 USDT (-0.85%)
━━━━━━━━━━━━━━━━━━━━━━━
2025-02-13 22:04:29,034 - INFO - 買いシグナル検出。買い注文を実行中...
2025-02-13 22:04:29,122 - ERROR - 買い注文エラー: ab not enough for new order (ErrCode: 110007) (ErrTime: 13:04:29).
Request → POST https://api-testnet.bybit.com/v5/order/create: {"category": "linear", "symbol": "BTCUSDT", "side": "Buy", "order_type": "Market", "qty": "0.001", "time_in_force": "GoodTillCancel"}.
2025-02-13 22:04:39,381 - INFO - 
━━━━━━━━━━ 取引情報 ━━━━━━━━━━
📅 時刻　　　：2025-02-13 22:04:39
💰 BTC価格　：104,166.25 USDT
📉 価格変動　：-1.14%
💵 USDT残高 ：100.00 USDT
₿ BTC保有量：0.055296 BTC
📊 総資産額 ：5,859.95 USDT
📉 現在の損失：-66.64 USDT (-1.12%)
━━━━━━━━━━━━━━━━━━━━━━━
2025-02-13 22:04:39,381 - INFO - 買いシグナル検出。買い注文を実行中...
2025-02-13 22:04:39,466 - ERROR - 買い注文エラー: ab not enough for new order (ErrCode: 110007) (ErrTime: 13:04:39).
Request → POST https://api-testnet.bybit.com/v5/order/create: {"category": "linear", "symbol": "BTCUSDT", "side": "Buy", "order_type": "Market", "qty": "0.001", "time_in_force": "GoodTillCancel"}.
2025-02-13 22:04:49,723 - INFO - 
━━━━━━━━━━ 取引情報 ━━━━━━━━━━
📅 時刻　　　：2025-02-13 22:04:49
💰 BTC価格　：104,166.25 USDT
📉 価格変動　：-1.14%
💵 USDT残高 ：100.00 USDT
₿ BTC保有量：0.055296 BTC
📊 総資産額 ：5,859.95 USDT
📉 現在の損失：-66.64 USDT (-1.12%)
━━━━━━━━━━━━━━━━━━━━━━━
2025-02-13 22:04:49,724 - INFO - 買いシグナル検出。買い注文を実行中...
2025-02-13 22:04:49,806 - ERROR - 買い注文エラー: ab not enough for new order (ErrCode: 110007) (ErrTime: 13:04:49).
Request → POST https://api-testnet.bybit.com/v5/order/create: {"category": "linear", "symbol": "BTCUSDT", "side": "Buy", "order_type": "Market", "qty": "0.001", "time_in_force": "GoodTillCancel"}.
2025-02-13 22:05:00,063 - INFO - 
━━━━━━━━━━ 取引情報 ━━━━━━━━━━
📅 時刻　　　：2025-02-13 22:04:59
💰 BTC価格　：105,339.78 USDT
📉 価格変動　：-0.03%
💵 USDT残高 ：100.00 USDT
₿ BTC保有量：0.055296 BTC
📊 総資産額 ：5,924.84 USDT
📉 現在の損失：-1.75 USDT (-0.03%)
━━━━━━━━━━━━━━━━━━━━━━━
2025-02-13 22:05:10,324 - INFO - 
━━━━━━━━━━ 取引情報 ━━━━━━━━━━
📅 時刻　　　：2025-02-13 22:05:10
💰 BTC価格　：105,339.78 USDT
📉 価格変動　：-0.03%
💵 USDT残高 ：100.00 USDT
₿ BTC保有量：0.055296 BTC
📊 総資産額 ：5,924.84 USDT
📉 現在の損失：-1.75 USDT (-0.03%)
━━━━━━━━━━━━━━━━━━━━━━━
2025-02-13 22:05:20,581 - INFO - 
━━━━━━━━━━ 取引情報 ━━━━━━━━━━
📅 時刻　　　：2025-02-13 22:05:20
💰 BTC価格　：105,286.13 USDT
📉 価格変動　：-0.08%
💵 USDT残高 ：100.00 USDT
₿ BTC保有量：0.055296 BTC
📊 総資産額 ：5,921.87 USDT
📉 現在の損失：-4.72 USDT (-0.08%)
━━━━━━━━━━━━━━━━━━━━━━━
2025-02-13 22:05:30,839 - INFO - 
━━━━━━━━━━ 取引情報 ━━━━━━━━━━
📅 時刻　　　：2025-02-13 22:05:30
💰 BTC価格　：105,286.13 USDT
📉 価格変動　：-0.08%
💵 USDT残高 ：100.00 USDT
₿ BTC保有量：0.055296 BTC
📊 総資産額 ：5,921.87 USDT
📉 現在の損失：-4.72 USDT (-0.08%)
━━━━━━━━━━━━━━━━━━━━━━━
2025-02-13 22:05:41,233 - INFO - 
━━━━━━━━━━ 取引情報 ━━━━━━━━━━
📅 時刻　　　：2025-02-13 22:05:40
💰 BTC価格　：105,309.34 USDT
📉 価格変動　：-0.06%
💵 USDT残高 ：100.00 USDT
₿ BTC保有量：0.055296 BTC
📊 総資産額 ：5,923.15 USDT
📉 現在の損失：-3.44 USDT (-0.06%)
━━━━━━━━━━━━━━━━━━━━━━━
2025-02-13 22:05:51,491 - INFO - 
━━━━━━━━━━ 取引情報 ━━━━━━━━━━
📅 時刻　　　：2025-02-13 22:05:51
💰 BTC価格　：105,309.34 USDT
📉 価格変動　：-0.06%
💵 USDT残高 ：100.00 USDT
₿ BTC保有量：0.055296 BTC
📊 総資産額 ：5,923.15 USDT
📉 現在の損失：-3.44 USDT (-0.06%)
━━━━━━━━━━━━━━━━━━━━━━━
2025-02-13 22:06:01,750 - INFO - 
━━━━━━━━━━ 取引情報 ━━━━━━━━━━
📅 時刻　　　：2025-02-13 22:06:01
💰 BTC価格　：105,309.34 USDT
📉 価格変動　：-0.06%
💵 USDT残高 ：100.00 USDT
₿ BTC保有量：0.055296 BTC
📊 総資産額 ：5,923.15 USDT
📉 現在の損失：-3.44 USDT (-0.06%)
━━━━━━━━━━━━━━━━━━━━━━━
2025-02-13 22:06:12,005 - INFO - 
━━━━━━━━━━ 取引情報 ━━━━━━━━━━
📅 時刻　　　：2025-02-13 22:06:11
💰 BTC価格　：104,017.08 USDT
📉 価格変動　：-1.29%
💵 USDT残高 ：100.00 USDT
₿ BTC保有量：0.055296 BTC
📊 総資産額 ：5,851.70 USDT
📉 現在の損失：-74.89 USDT (-1.26%)
━━━━━━━━━━━━━━━━━━━━━━━
2025-02-13 22:06:12,007 - INFO - 買いシグナル検出。買い注文を実行中...
2025-02-13 22:06:12,094 - ERROR - 買い注文エラー: ab not enough for new order (ErrCode: 110007) (ErrTime: 13:06:12).
Request → POST https://api-testnet.bybit.com/v5/order/create: {"category": "linear", "symbol": "BTCUSDT", "side": "Buy", "order_type": "Market", "qty": "0.001", "time_in_force": "GoodTillCancel"}.
2025-02-13 22:06:22,359 - INFO - 
━━━━━━━━━━ 取引情報 ━━━━━━━━━━
📅 時刻　　　：2025-02-13 22:06:22
💰 BTC価格　：104,627.59 USDT
📉 価格変動　：-0.71%
💵 USDT残高 ：100.00 USDT
₿ BTC保有量：0.055296 BTC
📊 総資産額 ：5,885.46 USDT
📉 現在の損失：-41.13 USDT (-0.69%)
━━━━━━━━━━━━━━━━━━━━━━━
2025-02-13 22:06:22,359 - INFO - 買いシグナル検出。買い注文を実行中...
2025-02-13 22:06:22,442 - ERROR - 買い注文エラー: ab not enough for new order (ErrCode: 110007) (ErrTime: 13:06:22).
Request → POST https://api-testnet.bybit.com/v5/order/create: {"category": "linear", "symbol": "BTCUSDT", "side": "Buy", "order_type": "Market", "qty": "0.001", "time_in_force": "GoodTillCancel"}.
2025-02-13 22:06:32,701 - INFO - 
━━━━━━━━━━ 取引情報 ━━━━━━━━━━
📅 時刻　　　：2025-02-13 22:06:32
💰 BTC価格　：104,866.24 USDT
📉 価格変動　：-0.48%
💵 USDT残高 ：100.00 USDT
₿ BTC保有量：0.055296 BTC
📊 総資産額 ：5,898.65 USDT
📉 現在の損失：-27.94 USDT (-0.47%)
━━━━━━━━━━━━━━━━━━━━━━━
2025-02-13 22:06:42,962 - INFO - 
━━━━━━━━━━ 取引情報 ━━━━━━━━━━
📅 時刻　　　：2025-02-13 22:06:42
💰 BTC価格　：105,410.71 USDT
📈 価格変動　：+0.04%
💵 USDT残高 ：100.00 USDT
₿ BTC保有量：0.055296 BTC
📊 総資産額 ：5,928.76 USDT
💹 現在の利益：+2.17 USDT (+0.04%)
━━━━━━━━━━━━━━━━━━━━━━━
2025-02-13 22:06:53,224 - INFO - 
━━━━━━━━━━ 取引情報 ━━━━━━━━━━
📅 時刻　　　：2025-02-13 22:06:53
💰 BTC価格　：105,410.71 USDT
📈 価格変動　：+0.04%
💵 USDT残高 ：100.00 USDT
₿ BTC保有量：0.055296 BTC
📊 総資産額 ：5,928.76 USDT
💹 現在の利益：+2.17 USDT (+0.04%)
━━━━━━━━━━━━━━━━━━━━━━━
2025-02-13 22:07:03,487 - INFO - 
━━━━━━━━━━ 取引情報 ━━━━━━━━━━
📅 時刻　　　：2025-02-13 22:07:03
💰 BTC価格　：105,281.65 USDT
📉 価格変動　：-0.09%
💵 USDT残高 ：100.00 USDT
₿ BTC保有量：0.055296 BTC
📊 総資産額 ：5,921.62 USDT
📉 現在の損失：-4.97 USDT (-0.08%)
━━━━━━━━━━━━━━━━━━━━━━━
2025-02-13 22:07:13,745 - INFO - 
━━━━━━━━━━ 取引情報 ━━━━━━━━━━
📅 時刻　　　：2025-02-13 22:07:13
💰 BTC価格　：105,281.65 USDT
📉 価格変動　：-0.09%
💵 USDT残高 ：100.00 USDT
₿ BTC保有量：0.055296 BTC
📊 総資産額 ：5,921.62 USDT
📉 現在の損失：-4.97 USDT (-0.08%)
━━━━━━━━━━━━━━━━━━━━━━━
2025-02-13 22:07:24,004 - INFO - 
━━━━━━━━━━ 取引情報 ━━━━━━━━━━
📅 時刻　　　：2025-02-13 22:07:23
💰 BTC価格　：104,166.25 USDT
📉 価格変動　：-1.14%
💵 USDT残高 ：100.00 USDT
₿ BTC保有量：0.055296 BTC
📊 総資産額 ：5,859.95 USDT
📉 現在の損失：-66.64 USDT (-1.12%)
━━━━━━━━━━━━━━━━━━━━━━━
2025-02-13 22:07:24,005 - INFO - 買いシグナル検出。買い注文を実行中...
2025-02-13 22:07:24,094 - ERROR - 買い注文エラー: ab not enough for new order (ErrCode: 110007) (ErrTime: 13:07:24).
Request → POST https://api-testnet.bybit.com/v5/order/create: {"category": "linear", "symbol": "BTCUSDT", "side": "Buy", "order_type": "Market", "qty": "0.001", "time_in_force": "GoodTillCancel"}.
2025-02-13 22:07:34,349 - INFO - 
━━━━━━━━━━ 取引情報 ━━━━━━━━━━
📅 時刻　　　：2025-02-13 22:07:34
💰 BTC価格　：104,166.25 USDT
📉 価格変動　：-1.14%
💵 USDT残高 ：100.00 USDT
₿ BTC保有量：0.055296 BTC
📊 総資産額 ：5,859.95 USDT
📉 現在の損失：-66.64 USDT (-1.12%)
━━━━━━━━━━━━━━━━━━━━━━━
2025-02-13 22:07:34,349 - INFO - 買いシグナル検出。買い注文を実行中...
2025-02-13 22:07:34,434 - ERROR - 買い注文エラー: ab not enough for new order (ErrCode: 110007) (ErrTime: 13:07:34).
Request → POST https://api-testnet.bybit.com/v5/order/create: {"category": "linear", "symbol": "BTCUSDT", "side": "Buy", "order_type": "Market", "qty": "0.001", "time_in_force": "GoodTillCancel"}.
2025-02-13 22:07:44,693 - INFO - 
━━━━━━━━━━ 取引情報 ━━━━━━━━━━
📅 時刻　　　：2025-02-13 22:07:44
💰 BTC価格　：104,166.25 USDT
📉 価格変動　：-1.14%
💵 USDT残高 ：100.00 USDT
₿ BTC保有量：0.055296 BTC
📊 総資産額 ：5,859.95 USDT
📉 現在の損失：-66.64 USDT (-1.12%)
━━━━━━━━━━━━━━━━━━━━━━━
2025-02-13 22:07:44,693 - INFO - 買いシグナル検出。買い注文を実行中...
2025-02-13 22:07:44,774 - ERROR - 買い注文エラー: ab not enough for new order (ErrCode: 110007) (ErrTime: 13:07:44).
Request → POST https://api-testnet.bybit.com/v5/order/create: {"category": "linear", "symbol": "BTCUSDT", "side": "Buy", "order_type": "Market", "qty": "0.001", "time_in_force": "GoodTillCancel"}.
2025-02-13 22:07:55,036 - INFO - 
━━━━━━━━━━ 取引情報 ━━━━━━━━━━
📅 時刻　　　：2025-02-13 22:07:54
💰 BTC価格　：104,166.25 USDT
📉 価格変動　：-1.14%
💵 USDT残高 ：100.00 USDT
₿ BTC保有量：0.055296 BTC
📊 総資産額 ：5,859.95 USDT
📉 現在の損失：-66.64 USDT (-1.12%)
━━━━━━━━━━━━━━━━━━━━━━━
2025-02-13 22:07:55,037 - INFO - 買いシグナル検出。買い注文を実行中...
2025-02-13 22:07:55,121 - INFO - 買い注文を実行: 数量=0.001 BTC
2025-02-13 22:07:55,122 - INFO - 買い注文実行: {'retCode': 0, 'retMsg': 'OK', 'result': {'orderId': 'ef09d823-4604-4ce2-bdb7-a29092583d23', 'orderLinkId': ''}, 'retExtInfo': {}, 'time': 1739452075094}
2025-02-13 22:08:15,208 - INFO - 前回の取引から39秒待機中...
2025-02-13 22:08:25,291 - INFO - 前回の取引から29秒待機中...
2025-02-13 22:08:35,375 - INFO - 前回の取引から19秒待機中...
2025-02-13 22:08:45,459 - INFO - 前回の取引から9秒待機中...
2025-02-13 22:08:55,716 - INFO - 
━━━━━━━━━━ 取引情報 ━━━━━━━━━━
📅 時刻　　　：2025-02-13 22:08:55
💰 BTC価格　：103,416.75 USDT
📉 価格変動　：-0.72%
💵 USDT残高 ：99.96 USDT
₿ BTC保有量：0.055296 BTC
📊 総資産額 ：5,818.46 USDT
📉 現在の損失：-108.13 USDT (-1.82%)
━━━━━━━━━━━━━━━━━━━━━━━
2025-02-13 22:08:55,718 - INFO - 買いシグナル検出。買い注文を実行中...
2025-02-13 22:08:55,807 - INFO - 買い注文を実行: 数量=0.001 BTC
2025-02-13 22:08:55,807 - INFO - 買い注文実行: {'retCode': 0, 'retMsg': 'OK', 'result': {'orderId': 'ad41d0a2-c53b-43f7-bfb4-2e0f7caad692', 'orderLinkId': ''}, 'retExtInfo': {}, 'time': 1739452135778}
2025-02-13 22:09:15,890 - INFO - 前回の取引から39秒待機中...
2025-02-13 22:09:25,973 - INFO - 前回の取引から29秒待機中...
2025-02-13 22:09:36,056 - INFO - 前回の取引から19秒待機中...
2025-02-13 22:09:46,140 - INFO - 前回の取引から9秒待機中...
2025-02-13 22:09:56,398 - INFO - 
━━━━━━━━━━ 取引情報 ━━━━━━━━━━
📅 時刻　　　：2025-02-13 22:09:56
💰 BTC価格　：103,416.75 USDT
📉 価格変動　：0.00%
💵 USDT残高 ：99.92 USDT
₿ BTC保有量：0.055296 BTC
📊 総資産額 ：5,818.43 USDT
📉 現在の損失：-108.16 USDT (-1.83%)
━━━━━━━━━━━━━━━━━━━━━━━
2025-02-13 22:10:06,662 - INFO - 
━━━━━━━━━━ 取引情報 ━━━━━━━━━━
📅 時刻　　　：2025-02-13 22:10:06
💰 BTC価格　：103,512.74 USDT
📈 価格変動　：+0.09%
💵 USDT残高 ：99.92 USDT
₿ BTC保有量：0.055296 BTC
📊 総資産額 ：5,823.73 USDT
📉 現在の損失：-102.86 USDT (-1.74%)
━━━━━━━━━━━━━━━━━━━━━━━
2025-02-13 22:10:16,919 - INFO - 
━━━━━━━━━━ 取引情報 ━━━━━━━━━━
📅 時刻　　　：2025-02-13 22:10:16
💰 BTC価格　：103,512.74 USDT
📈 価格変動　：+0.09%
💵 USDT残高 ：99.92 USDT
₿ BTC保有量：0.055296 BTC
📊 総資産額 ：5,823.73 USDT
📉 現在の損失：-102.86 USDT (-1.74%)
━━━━━━━━━━━━━━━━━━━━━━━
2025-02-13 22:10:27,181 - INFO - 
━━━━━━━━━━ 取引情報 ━━━━━━━━━━
📅 時刻　　　：2025-02-13 22:10:27
💰 BTC価格　：103,512.74 USDT
📈 価格変動　：+0.09%
💵 USDT残高 ：99.92 USDT
₿ BTC保有量：0.055296 BTC
📊 総資産額 ：5,823.73 USDT
📉 現在の損失：-102.86 USDT (-1.74%)
━━━━━━━━━━━━━━━━━━━━━━━
2025-02-13 22:10:37,439 - INFO - 
━━━━━━━━━━ 取引情報 ━━━━━━━━━━
📅 時刻　　　：2025-02-13 22:10:37
💰 BTC価格　：103,512.74 USDT
📈 価格変動　：+0.09%
💵 USDT残高 ：99.92 USDT
₿ BTC保有量：0.055296 BTC
📊 総資産額 ：5,823.73 USDT
📉 現在の損失：-102.86 USDT (-1.74%)
━━━━━━━━━━━━━━━━━━━━━━━
2025-02-13 22:10:47,701 - INFO - 
━━━━━━━━━━ 取引情報 ━━━━━━━━━━
📅 時刻　　　：2025-02-13 22:10:47
💰 BTC価格　：103,512.74 USDT
📈 価格変動　：+0.09%
💵 USDT残高 ：99.92 USDT
₿ BTC保有量：0.055296 BTC
📊 総資産額 ：5,823.73 USDT
📉 現在の損失：-102.86 USDT (-1.74%)
━━━━━━━━━━━━━━━━━━━━━━━
2025-02-13 22:10:57,961 - INFO - 
━━━━━━━━━━ 取引情報 ━━━━━━━━━━
📅 時刻　　　：2025-02-13 22:10:57
💰 BTC価格　：103,608.87 USDT
📈 価格変動　：+0.19%
💵 USDT残高 ：99.92 USDT
₿ BTC保有量：0.055296 BTC
📊 総資産額 ：5,829.05 USDT
📉 現在の損失：-97.54 USDT (-1.65%)
━━━━━━━━━━━━━━━━━━━━━━━
2025-02-13 22:11:08,219 - INFO - 
━━━━━━━━━━ 取引情報 ━━━━━━━━━━
📅 時刻　　　：2025-02-13 22:11:08
💰 BTC価格　：103,699.59 USDT
📈 価格変動　：+0.27%
💵 USDT残高 ：99.92 USDT
₿ BTC保有量：0.055296 BTC
📊 総資産額 ：5,834.06 USDT
📉 現在の損失：-92.52 USDT (-1.56%)
━━━━━━━━━━━━━━━━━━━━━━━
2025-02-13 22:11:18,481 - INFO - 
━━━━━━━━━━ 取引情報 ━━━━━━━━━━
📅 時刻　　　：2025-02-13 22:11:18
💰 BTC価格　：93,666.40 USDT
📉 価格変動　：-9.43%
💵 USDT残高 ：99.92 USDT
₿ BTC保有量：0.055296 BTC
📊 総資産額 ：5,279.27 USDT
📉 現在の損失：-647.32 USDT (-10.92%)
━━━━━━━━━━━━━━━━━━━━━━━
2025-02-13 22:11:18,482 - INFO - 買いシグナル検出。買い注文を実行中...
2025-02-13 22:11:18,566 - INFO - 買い注文を実行: 数量=0.001 BTC
2025-02-13 22:11:18,567 - INFO - 買い注文実行: {'retCode': 0, 'retMsg': 'OK', 'result': {'orderId': '3774e707-0862-435f-9485-4b36886cf4b2', 'orderLinkId': ''}, 'retExtInfo': {}, 'time': 1739452278538}
2025-02-13 22:11:38,650 - INFO - 前回の取引から39秒待機中...
2025-02-13 22:11:48,733 - INFO - 前回の取引から29秒待機中...
2025-02-13 22:11:58,817 - INFO - 前回の取引から19秒待機中...
2025-02-13 22:12:08,903 - INFO - 前回の取引から9秒待機中...
2025-02-13 22:12:19,165 - INFO - 
━━━━━━━━━━ 取引情報 ━━━━━━━━━━
📅 時刻　　　：2025-02-13 22:12:18
💰 BTC価格　：90,000.00 USDT
📉 価格変動　：-3.91%
💵 USDT残高 ：99.89 USDT
₿ BTC保有量：0.055296 BTC
📊 総資産額 ：5,076.50 USDT
📉 現在の損失：-850.09 USDT (-14.34%)
━━━━━━━━━━━━━━━━━━━━━━━
2025-02-13 22:12:19,167 - INFO - 買いシグナル検出。買い注文を実行中...
2025-02-13 22:12:19,252 - INFO - 買い注文を実行: 数量=0.001 BTC
2025-02-13 22:12:19,253 - INFO - 買い注文実行: {'retCode': 0, 'retMsg': 'OK', 'result': {'orderId': '62c587a5-5d62-4ab2-adab-e84eb953f822', 'orderLinkId': ''}, 'retExtInfo': {}, 'time': 1739452339224}
2025-02-13 22:12:39,336 - INFO - 前回の取引から39秒待機中...
2025-02-13 22:12:49,420 - INFO - 前回の取引から29秒待機中...
2025-02-13 22:12:59,502 - INFO - 前回の取引から19秒待機中...
2025-02-13 22:13:09,587 - INFO - 前回の取引から9秒待機中...
2025-02-13 22:13:19,847 - INFO - 
━━━━━━━━━━ 取引情報 ━━━━━━━━━━
📅 時刻　　　：2025-02-13 22:13:19
💰 BTC価格　：90,000.00 USDT
📉 価格変動　：0.00%
💵 USDT残高 ：99.85 USDT
₿ BTC保有量：0.055296 BTC
📊 総資産額 ：5,076.46 USDT
📉 現在の損失：-850.13 USDT (-14.34%)
━━━━━━━━━━━━━━━━━━━━━━━
2025-02-13 22:13:30,109 - INFO - 
━━━━━━━━━━ 取引情報 ━━━━━━━━━━
📅 時刻　　　：2025-02-13 22:13:29
💰 BTC価格　：90,000.00 USDT
📉 価格変動　：0.00%
💵 USDT残高 ：99.85 USDT
₿ BTC保有量：0.055296 BTC
📊 総資産額 ：5,076.46 USDT
📉 現在の損失：-850.13 USDT (-14.34%)
━━━━━━━━━━━━━━━━━━━━━━━
2025-02-13 22:13:40,369 - INFO - 
━━━━━━━━━━ 取引情報 ━━━━━━━━━━
📅 時刻　　　：2025-02-13 22:13:40
💰 BTC価格　：90,000.00 USDT
📉 価格変動　：0.00%
💵 USDT残高 ：99.85 USDT
₿ BTC保有量：0.055296 BTC
📊 総資産額 ：5,076.46 USDT
📉 現在の損失：-850.13 USDT (-14.34%)
━━━━━━━━━━━━━━━━━━━━━━━
2025-02-13 22:13:50,628 - INFO - 
━━━━━━━━━━ 取引情報 ━━━━━━━━━━
📅 時刻　　　：2025-02-13 22:13:50
💰 BTC価格　：90,000.00 USDT
📉 価格変動　：0.00%
💵 USDT残高 ：99.85 USDT
₿ BTC保有量：0.055296 BTC
📊 総資産額 ：5,076.46 USDT
📉 現在の損失：-850.13 USDT (-14.34%)
━━━━━━━━━━━━━━━━━━━━━━━
2025-02-13 22:14:00,892 - INFO - 
━━━━━━━━━━ 取引情報 ━━━━━━━━━━
📅 時刻　　　：2025-02-13 22:14:00
💰 BTC価格　：90,000.00 USDT
📉 価格変動　：0.00%
💵 USDT残高 ：99.85 USDT
₿ BTC保有量：0.055296 BTC
📊 総資産額 ：5,076.46 USDT
📉 現在の損失：-850.13 USDT (-14.34%)
━━━━━━━━━━━━━━━━━━━━━━━
2025-02-13 22:14:11,186 - INFO - 
━━━━━━━━━━ 取引情報 ━━━━━━━━━━
📅 時刻　　　：2025-02-13 22:14:10
💰 BTC価格　：90,000.00 USDT
📉 価格変動　：0.00%
💵 USDT残高 ：99.85 USDT
₿ BTC保有量：0.055296 BTC
📊 総資産額 ：5,076.46 USDT
📉 現在の損失：-850.13 USDT (-14.34%)
━━━━━━━━━━━━━━━━━━━━━━━
2025-02-13 22:14:21,442 - INFO - 
━━━━━━━━━━ 取引情報 ━━━━━━━━━━
📅 時刻　　　：2025-02-13 22:14:21
💰 BTC価格　：90,000.00 USDT
📉 価格変動　：0.00%
💵 USDT残高 ：99.85 USDT
₿ BTC保有量：0.055296 BTC
📊 総資産額 ：5,076.46 USDT
📉 現在の損失：-850.13 USDT (-14.34%)
━━━━━━━━━━━━━━━━━━━━━━━
2025-02-13 22:14:31,704 - INFO - 
━━━━━━━━━━ 取引情報 ━━━━━━━━━━
📅 時刻　　　：2025-02-13 22:14:31
💰 BTC価格　：90,000.00 USDT
📉 価格変動　：0.00%
💵 USDT残高 ：99.85 USDT
₿ BTC保有量：0.055296 BTC
📊 総資産額 ：5,076.46 USDT
📉 現在の損失：-850.13 USDT (-14.34%)
━━━━━━━━━━━━━━━━━━━━━━━
2025-02-13 22:14:41,970 - INFO - 
━━━━━━━━━━ 取引情報 ━━━━━━━━━━
📅 時刻　　　：2025-02-13 22:14:41
💰 BTC価格　：90,000.00 USDT
📉 価格変動　：0.00%
💵 USDT残高 ：99.85 USDT
₿ BTC保有量：0.055296 BTC
📊 総資産額 ：5,076.46 USDT
📉 現在の損失：-850.13 USDT (-14.34%)
━━━━━━━━━━━━━━━━━━━━━━━
2025-02-13 22:14:52,243 - INFO - 
━━━━━━━━━━ 取引情報 ━━━━━━━━━━
📅 時刻　　　：2025-02-13 22:14:52
💰 BTC価格　：90,000.00 USDT
📉 価格変動　：0.00%
💵 USDT残高 ：99.85 USDT
₿ BTC保有量：0.055296 BTC
📊 総資産額 ：5,076.46 USDT
📉 現在の損失：-850.13 USDT (-14.34%)
━━━━━━━━━━━━━━━━━━━━━━━
2025-02-13 22:15:02,515 - INFO - 
━━━━━━━━━━ 取引情報 ━━━━━━━━━━
📅 時刻　　　：2025-02-13 22:15:02
💰 BTC価格　：90,000.00 USDT
📉 価格変動　：0.00%
💵 USDT残高 ：99.85 USDT
₿ BTC保有量：0.055296 BTC
📊 総資産額 ：5,076.46 USDT
📉 現在の損失：-850.13 USDT (-14.34%)
━━━━━━━━━━━━━━━━━━━━━━━
2025-02-13 22:15:12,780 - INFO - 
━━━━━━━━━━ 取引情報 ━━━━━━━━━━
📅 時刻　　　：2025-02-13 22:15:12
💰 BTC価格　：90,000.00 USDT
📉 価格変動　：0.00%
💵 USDT残高 ：99.85 USDT
₿ BTC保有量：0.055296 BTC
📊 総資産額 ：5,076.46 USDT
📉 現在の損失：-850.13 USDT (-14.34%)
━━━━━━━━━━━━━━━━━━━━━━━
2025-02-13 22:15:23,074 - INFO - 
━━━━━━━━━━ 取引情報 ━━━━━━━━━━
📅 時刻　　　：2025-02-13 22:15:22
💰 BTC価格　：90,000.00 USDT
📉 価格変動　：0.00%
💵 USDT残高 ：99.85 USDT
₿ BTC保有量：0.055296 BTC
📊 総資産額 ：5,076.46 USDT
📉 現在の損失：-850.13 USDT (-14.34%)
━━━━━━━━━━━━━━━━━━━━━━━
2025-02-13 22:15:33,338 - INFO - 
━━━━━━━━━━ 取引情報 ━━━━━━━━━━
📅 時刻　　　：2025-02-13 22:15:33
💰 BTC価格　：90,000.00 USDT
📉 価格変動　：0.00%
💵 USDT残高 ：99.85 USDT
₿ BTC保有量：0.055296 BTC
📊 総資産額 ：5,076.46 USDT
📉 現在の損失：-850.13 USDT (-14.34%)
━━━━━━━━━━━━━━━━━━━━━━━
2025-02-13 22:15:43,599 - INFO - 
━━━━━━━━━━ 取引情報 ━━━━━━━━━━
📅 時刻　　　：2025-02-13 22:15:43
💰 BTC価格　：90,000.00 USDT
📉 価格変動　：0.00%
💵 USDT残高 ：99.85 USDT
₿ BTC保有量：0.055296 BTC
📊 総資産額 ：5,076.46 USDT
📉 現在の損失：-850.13 USDT (-14.34%)
━━━━━━━━━━━━━━━━━━━━━━━
2025-02-13 22:15:53,865 - INFO - 
━━━━━━━━━━ 取引情報 ━━━━━━━━━━
📅 時刻　　　：2025-02-13 22:15:53
💰 BTC価格　：90,902.82 USDT
📈 価格変動　：+1.00%
💵 USDT残高 ：99.85 USDT
₿ BTC保有量：0.055296 BTC
📊 総資産額 ：5,126.38 USDT
📉 現在の損失：-800.21 USDT (-13.50%)
━━━━━━━━━━━━━━━━━━━━━━━
2025-02-13 22:15:53,867 - INFO - 売りシグナル検出。売り注文を実行中...
2025-02-13 22:15:53,954 - INFO - 売り注文を実行: 数量=0.041 BTC
2025-02-13 22:15:53,955 - INFO - 売り注文実行: {'retCode': 0, 'retMsg': 'OK', 'result': {'orderId': 'c3ada6bf-57eb-457d-8dc8-5b538ab8d481', 'orderLinkId': ''}, 'retExtInfo': {}, 'time': 1739452553926}
2025-02-13 22:16:14,046 - INFO - 前回の取引から39秒待機中...
2025-02-13 22:16:24,130 - INFO - 前回の取引から29秒待機中...
2025-02-13 22:16:34,217 - INFO - 前回の取引から19秒待機中...
2025-02-13 22:16:44,301 - INFO - 前回の取引から9秒待機中...
2025-02-13 22:16:54,569 - INFO - 
━━━━━━━━━━ 取引情報 ━━━━━━━━━━
📅 時刻　　　：2025-02-13 22:16:54
💰 BTC価格　：90,000.00 USDT
📉 価格変動　：-0.99%
💵 USDT残高 ：99.85 USDT
₿ BTC保有量：0.055296 BTC
📊 総資産額 ：5,076.46 USDT
📉 現在の損失：-850.13 USDT (-14.34%)
━━━━━━━━━━━━━━━━━━━━━━━
2025-02-13 22:16:54,570 - INFO - 買いシグナル検出。買い注文を実行中...
2025-02-13 22:16:54,656 - ERROR - 買い注文エラー: ab not enough for new order (ErrCode: 110007) (ErrTime: 13:16:54).
Request → POST https://api-testnet.bybit.com/v5/order/create: {"category": "linear", "symbol": "BTCUSDT", "side": "Buy", "order_type": "Market", "qty": "0.001", "time_in_force": "GoodTillCancel"}.
2025-02-13 22:17:04,914 - INFO - 
━━━━━━━━━━ 取引情報 ━━━━━━━━━━
📅 時刻　　　：2025-02-13 22:17:04
💰 BTC価格　：91,121.22 USDT
📈 価格変動　：+0.24%
💵 USDT残高 ：99.85 USDT
₿ BTC保有量：0.055296 BTC
📊 総資産額 ：5,138.46 USDT
📉 現在の損失：-788.13 USDT (-13.30%)
━━━━━━━━━━━━━━━━━━━━━━━
2025-02-13 22:17:15,180 - INFO - 
━━━━━━━━━━ 取引情報 ━━━━━━━━━━
📅 時刻　　　：2025-02-13 22:17:15
💰 BTC価格　：90,000.00 USDT
📉 価格変動　：-0.99%
💵 USDT残高 ：99.85 USDT
₿ BTC保有量：0.055296 BTC
📊 総資産額 ：5,076.46 USDT
📉 現在の損失：-850.13 USDT (-14.34%)
━━━━━━━━━━━━━━━━━━━━━━━
2025-02-13 22:17:15,181 - INFO - 買いシグナル検出。買い注文を実行中...
2025-02-13 22:17:15,266 - ERROR - 買い注文エラー: ab not enough for new order (ErrCode: 110007) (ErrTime: 13:17:15).
Request → POST https://api-testnet.bybit.com/v5/order/create: {"category": "linear", "symbol": "BTCUSDT", "side": "Buy", "order_type": "Market", "qty": "0.001", "time_in_force": "GoodTillCancel"}.
2025-02-13 22:17:25,526 - INFO - 
━━━━━━━━━━ 取引情報 ━━━━━━━━━━
📅 時刻　　　：2025-02-13 22:17:25
💰 BTC価格　：90,000.00 USDT
📉 価格変動　：-0.99%
💵 USDT残高 ：99.85 USDT
₿ BTC保有量：0.055296 BTC
📊 総資産額 ：5,076.46 USDT
📉 現在の損失：-850.13 USDT (-14.34%)
━━━━━━━━━━━━━━━━━━━━━━━
2025-02-13 22:17:25,527 - INFO - 買いシグナル検出。買い注文を実行中...
2025-02-13 22:17:25,611 - ERROR - 買い注文エラー: ab not enough for new order (ErrCode: 110007) (ErrTime: 13:17:25).
Request → POST https://api-testnet.bybit.com/v5/order/create: {"category": "linear", "symbol": "BTCUSDT", "side": "Buy", "order_type": "Market", "qty": "0.001", "time_in_force": "GoodTillCancel"}.
2025-02-13 22:17:35,875 - INFO - 
━━━━━━━━━━ 取引情報 ━━━━━━━━━━
📅 時刻　　　：2025-02-13 22:17:35
💰 BTC価格　：90,000.00 USDT
📉 価格変動　：-0.99%
💵 USDT残高 ：99.85 USDT
₿ BTC保有量：0.055296 BTC
📊 総資産額 ：5,076.46 USDT
📉 現在の損失：-850.13 USDT (-14.34%)
━━━━━━━━━━━━━━━━━━━━━━━
2025-02-13 22:17:35,876 - INFO - 買いシグナル検出。買い注文を実行中...
2025-02-13 22:17:35,961 - ERROR - 買い注文エラー: ab not enough for new order (ErrCode: 110007) (ErrTime: 13:17:35).
Request → POST https://api-testnet.bybit.com/v5/order/create: {"category": "linear", "symbol": "BTCUSDT", "side": "Buy", "order_type": "Market", "qty": "0.001", "time_in_force": "GoodTillCancel"}.
2025-02-13 22:17:46,227 - INFO - 
━━━━━━━━━━ 取引情報 ━━━━━━━━━━
📅 時刻　　　：2025-02-13 22:17:46
💰 BTC価格　：90,000.00 USDT
📉 価格変動　：-0.99%
💵 USDT残高 ：99.85 USDT
₿ BTC保有量：0.055296 BTC
📊 総資産額 ：5,076.46 USDT
📉 現在の損失：-850.13 USDT (-14.34%)
━━━━━━━━━━━━━━━━━━━━━━━
2025-02-13 22:17:46,227 - INFO - 買いシグナル検出。買い注文を実行中...
2025-02-13 22:17:46,313 - ERROR - 買い注文エラー: ab not enough for new order (ErrCode: 110007) (ErrTime: 13:17:46).
Request → POST https://api-testnet.bybit.com/v5/order/create: {"category": "linear", "symbol": "BTCUSDT", "side": "Buy", "order_type": "Market", "qty": "0.001", "time_in_force": "GoodTillCancel"}.
2025-02-13 22:17:56,568 - INFO - 
━━━━━━━━━━ 取引情報 ━━━━━━━━━━
📅 時刻　　　：2025-02-13 22:17:56
💰 BTC価格　：90,000.00 USDT
📉 価格変動　：-0.99%
💵 USDT残高 ：99.85 USDT
₿ BTC保有量：0.055296 BTC
📊 総資産額 ：5,076.46 USDT
📉 現在の損失：-850.13 USDT (-14.34%)
━━━━━━━━━━━━━━━━━━━━━━━
2025-02-13 22:17:56,568 - INFO - 買いシグナル検出。買い注文を実行中...
2025-02-13 22:17:56,654 - ERROR - 買い注文エラー: ab not enough for new order (ErrCode: 110007) (ErrTime: 13:17:56).
Request → POST https://api-testnet.bybit.com/v5/order/create: {"category": "linear", "symbol": "BTCUSDT", "side": "Buy", "order_type": "Market", "qty": "0.001", "time_in_force": "GoodTillCancel"}.
2025-02-13 22:18:07,180 - INFO - 
━━━━━━━━━━ 取引情報 ━━━━━━━━━━
📅 時刻　　　：2025-02-13 22:18:06
💰 BTC価格　：90,000.00 USDT
📉 価格変動　：-0.99%
💵 USDT残高 ：99.85 USDT
₿ BTC保有量：0.055296 BTC
📊 総資産額 ：5,076.46 USDT
📉 現在の損失：-850.13 USDT (-14.34%)
━━━━━━━━━━━━━━━━━━━━━━━
2025-02-13 22:18:07,181 - INFO - 買いシグナル検出。買い注文を実行中...
2025-02-13 22:18:07,264 - ERROR - 買い注文エラー: ab not enough for new order (ErrCode: 110007) (ErrTime: 13:18:07).
Request → POST https://api-testnet.bybit.com/v5/order/create: {"category": "linear", "symbol": "BTCUSDT", "side": "Buy", "order_type": "Market", "qty": "0.001", "time_in_force": "GoodTillCancel"}.
2025-02-13 22:18:17,661 - INFO - 
━━━━━━━━━━ 取引情報 ━━━━━━━━━━
📅 時刻　　　：2025-02-13 22:18:17
💰 BTC価格　：90,000.00 USDT
📉 価格変動　：-0.99%
💵 USDT残高 ：99.85 USDT
₿ BTC保有量：0.055296 BTC
📊 総資産額 ：5,076.46 USDT
📉 現在の損失：-850.13 USDT (-14.34%)
━━━━━━━━━━━━━━━━━━━━━━━
2025-02-13 22:18:17,662 - INFO - 買いシグナル検出。買い注文を実行中...
2025-02-13 22:18:17,887 - ERROR - 買い注文エラー: ab not enough for new order (ErrCode: 110007) (ErrTime: 13:18:17).
Request → POST https://api-testnet.bybit.com/v5/order/create: {"category": "linear", "symbol": "BTCUSDT", "side": "Buy", "order_type": "Market", "qty": "0.001", "time_in_force": "GoodTillCancel"}.
2025-02-13 22:18:22,310 - INFO - 
プログラムがCtrl+Cにより終了されました。安全に終了します。
