2025-02-15 00:55:45,190 - INFO - 初期価格を取得中...
2025-02-15 00:55:45,890 - INFO - 
━━━━━━━━━━ 取引情報 ━━━━━━━━━━
📅 時刻　　　：2025-02-15 00:55:45
💰 BTC価格　：106,732.88 USDT
📉 価格変動　：0.00%
💵 USDT残高 ：191,534.12 USDT
₿ BTC保有量：0.008359 BTC
📊 総資産額 ：192,426.34 USDT
🔄 取引回数 ：買い0回 / 売り0回
💹 現在の利益：+0.00 USDT (+0.00%)
━━━━━━━━━━━━━━━━━━━━━━━
2025-02-15 00:55:56,144 - INFO - 
━━━━━━━━━━ 取引情報 ━━━━━━━━━━
📅 時刻　　　：2025-02-15 00:55:55
💰 BTC価格　：106,732.88 USDT
📉 価格変動　：0.00%
💵 USDT残高 ：191,534.12 USDT
₿ BTC保有量：0.008359 BTC
📊 総資産額 ：192,426.34 USDT
🔄 取引回数 ：買い0回 / 売り0回
💹 現在の利益：+0.00 USDT (+0.00%)
━━━━━━━━━━━━━━━━━━━━━━━
2025-02-15 00:56:06,404 - INFO - 
━━━━━━━━━━ 取引情報 ━━━━━━━━━━
📅 時刻　　　：2025-02-15 00:56:06
💰 BTC価格　：106,732.88 USDT
📉 価格変動　：0.00%
💵 USDT残高 ：191,534.12 USDT
₿ BTC保有量：0.008359 BTC
📊 総資産額 ：192,426.34 USDT
🔄 取引回数 ：買い0回 / 売り0回
💹 現在の利益：+0.00 USDT (+0.00%)
━━━━━━━━━━━━━━━━━━━━━━━
2025-02-15 00:56:16,656 - INFO - 
━━━━━━━━━━ 取引情報 ━━━━━━━━━━
📅 時刻　　　：2025-02-15 00:56:16
💰 BTC価格　：106,732.88 USDT
📉 価格変動　：0.00%
💵 USDT残高 ：191,534.12 USDT
₿ BTC保有量：0.008359 BTC
📊 総資産額 ：192,426.34 USDT
🔄 取引回数 ：買い0回 / 売り0回
💹 現在の利益：+0.00 USDT (+0.00%)
━━━━━━━━━━━━━━━━━━━━━━━
2025-02-15 00:56:26,908 - INFO - 
━━━━━━━━━━ 取引情報 ━━━━━━━━━━
📅 時刻　　　：2025-02-15 00:56:26
💰 BTC価格　：106,732.88 USDT
📉 価格変動　：0.00%
💵 USDT残高 ：191,534.12 USDT
₿ BTC保有量：0.008359 BTC
📊 総資産額 ：192,426.34 USDT
🔄 取引回数 ：買い0回 / 売り0回
💹 現在の利益：+0.00 USDT (+0.00%)
━━━━━━━━━━━━━━━━━━━━━━━
2025-02-15 00:56:37,163 - INFO - 
━━━━━━━━━━ 取引情報 ━━━━━━━━━━
📅 時刻　　　：2025-02-15 00:56:36
💰 BTC価格　：106,732.88 USDT
📉 価格変動　：0.00%
💵 USDT残高 ：191,534.12 USDT
₿ BTC保有量：0.008359 BTC
📊 総資産額 ：192,426.34 USDT
🔄 取引回数 ：買い0回 / 売り0回
💹 現在の利益：+0.00 USDT (+0.00%)
━━━━━━━━━━━━━━━━━━━━━━━
2025-02-15 00:56:47,415 - INFO - 
━━━━━━━━━━ 取引情報 ━━━━━━━━━━
📅 時刻　　　：2025-02-15 00:56:47
💰 BTC価格　：106,732.88 USDT
📉 価格変動　：0.00%
💵 USDT残高 ：191,534.12 USDT
₿ BTC保有量：0.008359 BTC
📊 総資産額 ：192,426.34 USDT
🔄 取引回数 ：買い0回 / 売り0回
💹 現在の利益：+0.00 USDT (+0.00%)
━━━━━━━━━━━━━━━━━━━━━━━
2025-02-15 00:56:57,666 - INFO - 
━━━━━━━━━━ 取引情報 ━━━━━━━━━━
📅 時刻　　　：2025-02-15 00:56:57
💰 BTC価格　：106,732.88 USDT
📉 価格変動　：0.00%
💵 USDT残高 ：191,534.12 USDT
₿ BTC保有量：0.008359 BTC
📊 総資産額 ：192,426.34 USDT
🔄 取引回数 ：買い0回 / 売り0回
💹 現在の利益：+0.00 USDT (+0.00%)
━━━━━━━━━━━━━━━━━━━━━━━
2025-02-15 00:57:07,917 - INFO - 
━━━━━━━━━━ 取引情報 ━━━━━━━━━━
📅 時刻　　　：2025-02-15 00:57:07
💰 BTC価格　：106,732.88 USDT
📉 価格変動　：0.00%
💵 USDT残高 ：191,534.12 USDT
₿ BTC保有量：0.008359 BTC
📊 総資産額 ：192,426.34 USDT
🔄 取引回数 ：買い0回 / 売り0回
💹 現在の利益：+0.00 USDT (+0.00%)
━━━━━━━━━━━━━━━━━━━━━━━
2025-02-15 00:57:18,170 - INFO - 
━━━━━━━━━━ 取引情報 ━━━━━━━━━━
📅 時刻　　　：2025-02-15 00:57:18
💰 BTC価格　：106,732.88 USDT
📉 価格変動　：0.00%
💵 USDT残高 ：191,534.12 USDT
₿ BTC保有量：0.008359 BTC
📊 総資産額 ：192,426.34 USDT
🔄 取引回数 ：買い0回 / 売り0回
💹 現在の利益：+0.00 USDT (+0.00%)
━━━━━━━━━━━━━━━━━━━━━━━
2025-02-15 00:57:28,421 - INFO - 
━━━━━━━━━━ 取引情報 ━━━━━━━━━━
📅 時刻　　　：2025-02-15 00:57:28
💰 BTC価格　：106,732.88 USDT
📉 価格変動　：0.00%
💵 USDT残高 ：191,534.12 USDT
₿ BTC保有量：0.008359 BTC
📊 総資産額 ：192,426.34 USDT
🔄 取引回数 ：買い0回 / 売り0回
💹 現在の利益：+0.00 USDT (+0.00%)
━━━━━━━━━━━━━━━━━━━━━━━
2025-02-15 00:57:38,670 - INFO - 
━━━━━━━━━━ 取引情報 ━━━━━━━━━━
📅 時刻　　　：2025-02-15 00:57:38
💰 BTC価格　：106,732.88 USDT
📉 価格変動　：0.00%
💵 USDT残高 ：191,534.12 USDT
₿ BTC保有量：0.008359 BTC
📊 総資産額 ：192,426.34 USDT
🔄 取引回数 ：買い0回 / 売り0回
💹 現在の利益：+0.00 USDT (+0.00%)
━━━━━━━━━━━━━━━━━━━━━━━
2025-02-15 00:57:48,916 - INFO - 
━━━━━━━━━━ 取引情報 ━━━━━━━━━━
📅 時刻　　　：2025-02-15 00:57:48
💰 BTC価格　：106,732.88 USDT
📉 価格変動　：0.00%
💵 USDT残高 ：191,534.12 USDT
₿ BTC保有量：0.008359 BTC
📊 総資産額 ：192,426.34 USDT
🔄 取引回数 ：買い0回 / 売り0回
💹 現在の利益：+0.00 USDT (+0.00%)
━━━━━━━━━━━━━━━━━━━━━━━
2025-02-15 00:57:59,168 - INFO - 
━━━━━━━━━━ 取引情報 ━━━━━━━━━━
📅 時刻　　　：2025-02-15 00:57:58
💰 BTC価格　：106,732.88 USDT
📉 価格変動　：0.00%
💵 USDT残高 ：191,534.12 USDT
₿ BTC保有量：0.008359 BTC
📊 総資産額 ：192,426.34 USDT
🔄 取引回数 ：買い0回 / 売り0回
💹 現在の利益：+0.00 USDT (+0.00%)
━━━━━━━━━━━━━━━━━━━━━━━
2025-02-15 00:58:09,418 - INFO - 
━━━━━━━━━━ 取引情報 ━━━━━━━━━━
📅 時刻　　　：2025-02-15 00:58:09
💰 BTC価格　：106,732.88 USDT
📉 価格変動　：0.00%
💵 USDT残高 ：191,534.12 USDT
₿ BTC保有量：0.008359 BTC
📊 総資産額 ：192,426.34 USDT
🔄 取引回数 ：買い0回 / 売り0回
💹 現在の利益：+0.00 USDT (+0.00%)
━━━━━━━━━━━━━━━━━━━━━━━
2025-02-15 00:58:19,667 - INFO - 
━━━━━━━━━━ 取引情報 ━━━━━━━━━━
📅 時刻　　　：2025-02-15 00:58:19
💰 BTC価格　：106,732.88 USDT
📉 価格変動　：0.00%
💵 USDT残高 ：191,534.12 USDT
₿ BTC保有量：0.008359 BTC
📊 総資産額 ：192,426.34 USDT
🔄 取引回数 ：買い0回 / 売り0回
💹 現在の利益：+0.00 USDT (+0.00%)
━━━━━━━━━━━━━━━━━━━━━━━
2025-02-15 00:58:29,918 - INFO - 
━━━━━━━━━━ 取引情報 ━━━━━━━━━━
📅 時刻　　　：2025-02-15 00:58:29
💰 BTC価格　：106,732.88 USDT
📉 価格変動　：0.00%
💵 USDT残高 ：191,534.12 USDT
₿ BTC保有量：0.008359 BTC
📊 総資産額 ：192,426.34 USDT
🔄 取引回数 ：買い0回 / 売り0回
💹 現在の利益：+0.00 USDT (+0.00%)
━━━━━━━━━━━━━━━━━━━━━━━
2025-02-15 00:58:40,167 - INFO - 
━━━━━━━━━━ 取引情報 ━━━━━━━━━━
📅 時刻　　　：2025-02-15 00:58:39
💰 BTC価格　：106,732.88 USDT
📉 価格変動　：0.00%
💵 USDT残高 ：191,534.12 USDT
₿ BTC保有量：0.008359 BTC
📊 総資産額 ：192,426.34 USDT
🔄 取引回数 ：買い0回 / 売り0回
💹 現在の利益：+0.00 USDT (+0.00%)
━━━━━━━━━━━━━━━━━━━━━━━
2025-02-15 00:58:40,952 - INFO - 
プログラムがCtrl+Cにより終了されました。安全に終了します。
