2025-02-15 22:30:06,020 - INFO - 初期価格を取得中...
2025-02-15 22:30:06,863 - INFO - 
━━━━━━━━━━ 取引情報 ━━━━━━━━━━
📅 時刻　　　：2025-02-15 22:30:06
💰 BTC価格　：97,873.24 USDT
📉 価格変動　：0.00%
💵 USDT残高 ：95.99 USDT
₿ BTC保有量：0.000136 BTC
📊 総資産額 ：109.29 USDT
🔄 取引回数 ：買い0回 / 売り0回
💹 現在の利益：+0.00 USDT (+0.00%)
━━━━━━━━━━━━━━━━━━━━━━━
2025-02-15 22:30:12,252 - INFO - 
━━━━━━━━━━ 取引情報 ━━━━━━━━━━
📅 時刻　　　：2025-02-15 22:30:11
💰 BTC価格　：97,873.24 USDT
📉 価格変動　：0.00%
💵 USDT残高 ：95.99 USDT
₿ BTC保有量：0.000136 BTC
📊 総資産額 ：109.29 USDT
🔄 取引回数 ：買い0回 / 売り0回
💹 現在の利益：+0.00 USDT (+0.00%)
━━━━━━━━━━━━━━━━━━━━━━━
2025-02-15 22:30:17,514 - INFO - 
━━━━━━━━━━ 取引情報 ━━━━━━━━━━
📅 時刻　　　：2025-02-15 22:30:17
💰 BTC価格　：97,873.24 USDT
📉 価格変動　：0.00%
💵 USDT残高 ：95.99 USDT
₿ BTC保有量：0.000136 BTC
📊 総資産額 ：109.29 USDT
🔄 取引回数 ：買い0回 / 売り0回
💹 現在の利益：+0.00 USDT (+0.00%)
━━━━━━━━━━━━━━━━━━━━━━━
2025-02-15 22:30:22,912 - INFO - 
━━━━━━━━━━ 取引情報 ━━━━━━━━━━
📅 時刻　　　：2025-02-15 22:30:22
💰 BTC価格　：97,873.24 USDT
📉 価格変動　：0.00%
💵 USDT残高 ：95.99 USDT
₿ BTC保有量：0.000136 BTC
📊 総資産額 ：109.29 USDT
🔄 取引回数 ：買い0回 / 売り0回
💹 現在の利益：+0.00 USDT (+0.00%)
━━━━━━━━━━━━━━━━━━━━━━━
2025-02-15 22:30:28,167 - INFO - 
━━━━━━━━━━ 取引情報 ━━━━━━━━━━
📅 時刻　　　：2025-02-15 22:30:27
💰 BTC価格　：97,873.24 USDT
📉 価格変動　：0.00%
💵 USDT残高 ：95.99 USDT
₿ BTC保有量：0.000136 BTC
📊 総資産額 ：109.29 USDT
🔄 取引回数 ：買い0回 / 売り0回
💹 現在の利益：+0.00 USDT (+0.00%)
━━━━━━━━━━━━━━━━━━━━━━━
2025-02-15 22:30:33,421 - INFO - 
━━━━━━━━━━ 取引情報 ━━━━━━━━━━
📅 時刻　　　：2025-02-15 22:30:33
💰 BTC価格　：97,873.24 USDT
📉 価格変動　：0.00%
💵 USDT残高 ：95.99 USDT
₿ BTC保有量：0.000136 BTC
📊 総資産額 ：109.29 USDT
🔄 取引回数 ：買い0回 / 売り0回
💹 現在の利益：+0.00 USDT (+0.00%)
━━━━━━━━━━━━━━━━━━━━━━━
2025-02-15 22:30:38,817 - INFO - 
━━━━━━━━━━ 取引情報 ━━━━━━━━━━
📅 時刻　　　：2025-02-15 22:30:38
💰 BTC価格　：97,873.24 USDT
📉 価格変動　：0.00%
💵 USDT残高 ：95.99 USDT
₿ BTC保有量：0.000136 BTC
📊 総資産額 ：109.29 USDT
🔄 取引回数 ：買い0回 / 売り0回
💹 現在の利益：+0.00 USDT (+0.00%)
━━━━━━━━━━━━━━━━━━━━━━━
2025-02-15 22:30:44,075 - INFO - 
━━━━━━━━━━ 取引情報 ━━━━━━━━━━
📅 時刻　　　：2025-02-15 22:30:43
💰 BTC価格　：97,873.24 USDT
📉 価格変動　：0.00%
💵 USDT残高 ：95.99 USDT
₿ BTC保有量：0.000136 BTC
📊 総資産額 ：109.29 USDT
🔄 取引回数 ：買い0回 / 売り0回
💹 現在の利益：+0.00 USDT (+0.00%)
━━━━━━━━━━━━━━━━━━━━━━━
2025-02-15 22:30:49,460 - INFO - 
━━━━━━━━━━ 取引情報 ━━━━━━━━━━
📅 時刻　　　：2025-02-15 22:30:49
💰 BTC価格　：97,908.03 USDT
📈 価格変動　：+0.04%
💵 USDT残高 ：95.99 USDT
₿ BTC保有量：0.000136 BTC
📊 総資産額 ：109.30 USDT
🔄 取引回数 ：買い0回 / 売り0回
💹 現在の利益：+0.00 USDT (+0.00%)
━━━━━━━━━━━━━━━━━━━━━━━
2025-02-15 22:30:54,854 - INFO - 
━━━━━━━━━━ 取引情報 ━━━━━━━━━━
📅 時刻　　　：2025-02-15 22:30:54
💰 BTC価格　：97,908.03 USDT
📈 価格変動　：+0.01%
💵 USDT残高 ：95.99 USDT
₿ BTC保有量：0.000136 BTC
📊 総資産額 ：109.30 USDT
🔄 取引回数 ：買い0回 / 売り0回
💹 現在の利益：+0.00 USDT (+0.00%)
━━━━━━━━━━━━━━━━━━━━━━━
2025-02-15 22:31:00,112 - INFO - 
━━━━━━━━━━ 取引情報 ━━━━━━━━━━
📅 時刻　　　：2025-02-15 22:30:59
💰 BTC価格　：97,908.03 USDT
📈 価格変動　：+0.01%
💵 USDT残高 ：95.99 USDT
₿ BTC保有量：0.000136 BTC
📊 総資産額 ：109.30 USDT
🔄 取引回数 ：買い0回 / 売り0回
💹 現在の利益：+0.00 USDT (+0.00%)
━━━━━━━━━━━━━━━━━━━━━━━
2025-02-15 22:31:05,366 - INFO - 
━━━━━━━━━━ 取引情報 ━━━━━━━━━━
📅 時刻　　　：2025-02-15 22:31:05
💰 BTC価格　：97,908.03 USDT
📈 価格変動　：+0.01%
💵 USDT残高 ：95.99 USDT
₿ BTC保有量：0.000136 BTC
📊 総資産額 ：109.30 USDT
🔄 取引回数 ：買い0回 / 売り0回
💹 現在の利益：+0.00 USDT (+0.00%)
━━━━━━━━━━━━━━━━━━━━━━━
2025-02-15 22:31:10,766 - INFO - 
━━━━━━━━━━ 取引情報 ━━━━━━━━━━
📅 時刻　　　：2025-02-15 22:31:10
💰 BTC価格　：98,017.76 USDT
📈 価格変動　：+0.12%
💵 USDT残高 ：95.99 USDT
₿ BTC保有量：0.000136 BTC
📊 総資産額 ：109.31 USDT
🔄 取引回数 ：買い0回 / 売り0回
💹 現在の利益：+0.02 USDT (+0.02%)
━━━━━━━━━━━━━━━━━━━━━━━
2025-02-15 22:31:16,021 - INFO - 
━━━━━━━━━━ 取引情報 ━━━━━━━━━━
📅 時刻　　　：2025-02-15 22:31:15
💰 BTC価格　：98,017.76 USDT
📈 価格変動　：+0.04%
💵 USDT残高 ：95.99 USDT
₿ BTC保有量：0.000136 BTC
📊 総資産額 ：109.31 USDT
🔄 取引回数 ：買い0回 / 売り0回
💹 現在の利益：+0.02 USDT (+0.02%)
━━━━━━━━━━━━━━━━━━━━━━━
2025-02-15 22:31:21,405 - INFO - 
━━━━━━━━━━ 取引情報 ━━━━━━━━━━
📅 時刻　　　：2025-02-15 22:31:21
💰 BTC価格　：98,017.76 USDT
📈 価格変動　：+0.04%
💵 USDT残高 ：95.99 USDT
₿ BTC保有量：0.000136 BTC
📊 総資産額 ：109.31 USDT
🔄 取引回数 ：買い0回 / 売り0回
💹 現在の利益：+0.02 USDT (+0.02%)
━━━━━━━━━━━━━━━━━━━━━━━
2025-02-15 22:31:26,663 - INFO - 
━━━━━━━━━━ 取引情報 ━━━━━━━━━━
📅 時刻　　　：2025-02-15 22:31:26
💰 BTC価格　：98,017.76 USDT
📈 価格変動　：+0.04%
💵 USDT残高 ：95.99 USDT
₿ BTC保有量：0.000136 BTC
📊 総資産額 ：109.31 USDT
🔄 取引回数 ：買い0回 / 売り0回
💹 現在の利益：+0.02 USDT (+0.02%)
━━━━━━━━━━━━━━━━━━━━━━━
2025-02-15 22:31:31,919 - INFO - 
━━━━━━━━━━ 取引情報 ━━━━━━━━━━
📅 時刻　　　：2025-02-15 22:31:31
💰 BTC価格　：98,017.76 USDT
📈 価格変動　：+0.04%
💵 USDT残高 ：95.99 USDT
₿ BTC保有量：0.000136 BTC
📊 総資産額 ：109.31 USDT
🔄 取引回数 ：買い0回 / 売り0回
💹 現在の利益：+0.02 USDT (+0.02%)
━━━━━━━━━━━━━━━━━━━━━━━
2025-02-15 22:31:37,174 - INFO - 
━━━━━━━━━━ 取引情報 ━━━━━━━━━━
📅 時刻　　　：2025-02-15 22:31:37
💰 BTC価格　：97,964.34 USDT
📉 価格変動　：-0.01%
💵 USDT残高 ：95.99 USDT
₿ BTC保有量：0.000136 BTC
📊 総資産額 ：109.31 USDT
🔄 取引回数 ：買い0回 / 売り0回
💹 現在の利益：+0.01 USDT (+0.01%)
━━━━━━━━━━━━━━━━━━━━━━━
2025-02-15 22:31:42,429 - INFO - 
━━━━━━━━━━ 取引情報 ━━━━━━━━━━
📅 時刻　　　：2025-02-15 22:31:42
💰 BTC価格　：97,964.34 USDT
📈 価格変動　：+0.03%
💵 USDT残高 ：95.99 USDT
₿ BTC保有量：0.000136 BTC
📊 総資産額 ：109.31 USDT
🔄 取引回数 ：買い0回 / 売り0回
💹 現在の利益：+0.01 USDT (+0.01%)
━━━━━━━━━━━━━━━━━━━━━━━
2025-02-15 22:31:47,819 - INFO - 
━━━━━━━━━━ 取引情報 ━━━━━━━━━━
📅 時刻　　　：2025-02-15 22:31:47
💰 BTC価格　：97,964.34 USDT
📈 価格変動　：+0.02%
💵 USDT残高 ：95.99 USDT
₿ BTC保有量：0.000136 BTC
📊 総資産額 ：109.31 USDT
🔄 取引回数 ：買い0回 / 売り0回
💹 現在の利益：+0.01 USDT (+0.01%)
━━━━━━━━━━━━━━━━━━━━━━━
2025-02-15 22:31:53,216 - INFO - 
━━━━━━━━━━ 取引情報 ━━━━━━━━━━
📅 時刻　　　：2025-02-15 22:31:52
💰 BTC価格　：97,964.34 USDT
📈 価格変動　：+0.02%
💵 USDT残高 ：95.99 USDT
₿ BTC保有量：0.000136 BTC
📊 総資産額 ：109.31 USDT
🔄 取引回数 ：買い0回 / 売り0回
💹 現在の利益：+0.01 USDT (+0.01%)
━━━━━━━━━━━━━━━━━━━━━━━
2025-02-15 22:31:58,620 - INFO - 
━━━━━━━━━━ 取引情報 ━━━━━━━━━━
📅 時刻　　　：2025-02-15 22:31:58
💰 BTC価格　：97,964.34 USDT
📈 価格変動　：+0.02%
💵 USDT残高 ：95.99 USDT
₿ BTC保有量：0.000136 BTC
📊 総資産額 ：109.31 USDT
🔄 取引回数 ：買い0回 / 売り0回
💹 現在の利益：+0.01 USDT (+0.01%)
━━━━━━━━━━━━━━━━━━━━━━━
2025-02-15 22:32:04,015 - INFO - 
━━━━━━━━━━ 取引情報 ━━━━━━━━━━
📅 時刻　　　：2025-02-15 22:32:03
💰 BTC価格　：97,854.17 USDT
📉 価格変動　：-0.10%
💵 USDT残高 ：95.99 USDT
₿ BTC保有量：0.000136 BTC
📊 総資産額 ：109.29 USDT
🔄 取引回数 ：買い0回 / 売り0回
📉 現在の損失：-0.00 USDT (-0.00%)
━━━━━━━━━━━━━━━━━━━━━━━
2025-02-15 22:32:09,273 - INFO - 
━━━━━━━━━━ 取引情報 ━━━━━━━━━━
📅 時刻　　　：2025-02-15 22:32:09
💰 BTC価格　：97,854.17 USDT
📉 価格変動　：-0.05%
💵 USDT残高 ：95.99 USDT
₿ BTC保有量：0.000136 BTC
📊 総資産額 ：109.29 USDT
🔄 取引回数 ：買い0回 / 売り0回
📉 現在の損失：-0.00 USDT (-0.00%)
━━━━━━━━━━━━━━━━━━━━━━━
2025-02-15 22:32:14,664 - INFO - 
━━━━━━━━━━ 取引情報 ━━━━━━━━━━
📅 時刻　　　：2025-02-15 22:32:14
💰 BTC価格　：97,854.17 USDT
📉 価格変動　：-0.05%
💵 USDT残高 ：95.99 USDT
₿ BTC保有量：0.000136 BTC
📊 総資産額 ：109.29 USDT
🔄 取引回数 ：買い0回 / 売り0回
📉 現在の損失：-0.00 USDT (-0.00%)
━━━━━━━━━━━━━━━━━━━━━━━
2025-02-15 22:32:20,072 - INFO - 
━━━━━━━━━━ 取引情報 ━━━━━━━━━━
📅 時刻　　　：2025-02-15 22:32:19
💰 BTC価格　：97,854.17 USDT
📉 価格変動　：-0.05%
💵 USDT残高 ：95.99 USDT
₿ BTC保有量：0.000136 BTC
📊 総資産額 ：109.29 USDT
🔄 取引回数 ：買い0回 / 売り0回
📉 現在の損失：-0.00 USDT (-0.00%)
━━━━━━━━━━━━━━━━━━━━━━━
2025-02-15 22:32:25,327 - INFO - 
━━━━━━━━━━ 取引情報 ━━━━━━━━━━
📅 時刻　　　：2025-02-15 22:32:25
💰 BTC価格　：97,854.17 USDT
📉 価格変動　：-0.05%
💵 USDT残高 ：95.99 USDT
₿ BTC保有量：0.000136 BTC
📊 総資産額 ：109.29 USDT
🔄 取引回数 ：買い0回 / 売り0回
📉 現在の損失：-0.00 USDT (-0.00%)
━━━━━━━━━━━━━━━━━━━━━━━
2025-02-15 22:32:30,855 - INFO - 
━━━━━━━━━━ 取引情報 ━━━━━━━━━━
📅 時刻　　　：2025-02-15 22:32:30
💰 BTC価格　：97,854.17 USDT
📉 価格変動　：-0.05%
💵 USDT残高 ：95.99 USDT
₿ BTC保有量：0.000136 BTC
📊 総資産額 ：109.29 USDT
🔄 取引回数 ：買い0回 / 売り0回
📉 現在の損失：-0.00 USDT (-0.00%)
━━━━━━━━━━━━━━━━━━━━━━━
2025-02-15 22:32:36,117 - INFO - 
━━━━━━━━━━ 取引情報 ━━━━━━━━━━
📅 時刻　　　：2025-02-15 22:32:35
💰 BTC価格　：97,854.17 USDT
📉 価格変動　：-0.03%
💵 USDT残高 ：95.99 USDT
₿ BTC保有量：0.000136 BTC
📊 総資産額 ：109.29 USDT
🔄 取引回数 ：買い0回 / 売り0回
📉 現在の損失：-0.00 USDT (-0.00%)
━━━━━━━━━━━━━━━━━━━━━━━
2025-02-15 22:32:41,509 - INFO - 
━━━━━━━━━━ 取引情報 ━━━━━━━━━━
📅 時刻　　　：2025-02-15 22:32:41
💰 BTC価格　：97,854.17 USDT
📉 価格変動　：-0.03%
💵 USDT残高 ：95.99 USDT
₿ BTC保有量：0.000136 BTC
📊 総資産額 ：109.29 USDT
🔄 取引回数 ：買い0回 / 売り0回
📉 現在の損失：-0.00 USDT (-0.00%)
━━━━━━━━━━━━━━━━━━━━━━━
2025-02-15 22:32:46,898 - INFO - 
━━━━━━━━━━ 取引情報 ━━━━━━━━━━
📅 時刻　　　：2025-02-15 22:32:46
💰 BTC価格　：97,854.17 USDT
📉 価格変動　：-0.03%
💵 USDT残高 ：95.99 USDT
₿ BTC保有量：0.000136 BTC
📊 総資産額 ：109.29 USDT
🔄 取引回数 ：買い0回 / 売り0回
📉 現在の損失：-0.00 USDT (-0.00%)
━━━━━━━━━━━━━━━━━━━━━━━
2025-02-15 22:32:52,154 - INFO - 
━━━━━━━━━━ 取引情報 ━━━━━━━━━━
📅 時刻　　　：2025-02-15 22:32:51
💰 BTC価格　：97,854.17 USDT
📉 価格変動　：-0.03%
💵 USDT残高 ：95.99 USDT
₿ BTC保有量：0.000136 BTC
📊 総資産額 ：109.29 USDT
🔄 取引回数 ：買い0回 / 売り0回
📉 現在の損失：-0.00 USDT (-0.00%)
━━━━━━━━━━━━━━━━━━━━━━━
2025-02-15 22:32:57,542 - INFO - 
━━━━━━━━━━ 取引情報 ━━━━━━━━━━
📅 時刻　　　：2025-02-15 22:32:57
💰 BTC価格　：97,854.17 USDT
📉 価格変動　：-0.03%
💵 USDT残高 ：95.99 USDT
₿ BTC保有量：0.000136 BTC
📊 総資産額 ：109.29 USDT
🔄 取引回数 ：買い0回 / 売り0回
📉 現在の損失：-0.00 USDT (-0.00%)
━━━━━━━━━━━━━━━━━━━━━━━
2025-02-15 22:33:02,798 - INFO - 
━━━━━━━━━━ 取引情報 ━━━━━━━━━━
📅 時刻　　　：2025-02-15 22:33:02
💰 BTC価格　：97,854.17 USDT
📉 価格変動　：0.00%
💵 USDT残高 ：95.99 USDT
₿ BTC保有量：0.000136 BTC
📊 総資産額 ：109.29 USDT
🔄 取引回数 ：買い0回 / 売り0回
📉 現在の損失：-0.00 USDT (-0.00%)
━━━━━━━━━━━━━━━━━━━━━━━
2025-02-15 22:33:08,062 - INFO - 
━━━━━━━━━━ 取引情報 ━━━━━━━━━━
📅 時刻　　　：2025-02-15 22:33:07
💰 BTC価格　：97,848.63 USDT
📉 価格変動　：-0.01%
💵 USDT残高 ：95.99 USDT
₿ BTC保有量：0.000136 BTC
📊 総資産額 ：109.29 USDT
🔄 取引回数 ：買い0回 / 売り0回
📉 現在の損失：-0.00 USDT (-0.00%)
━━━━━━━━━━━━━━━━━━━━━━━
2025-02-15 22:33:13,449 - INFO - 
━━━━━━━━━━ 取引情報 ━━━━━━━━━━
📅 時刻　　　：2025-02-15 22:33:13
💰 BTC価格　：97,848.63 USDT
📉 価格変動　：-0.00%
💵 USDT残高 ：95.99 USDT
₿ BTC保有量：0.000136 BTC
📊 総資産額 ：109.29 USDT
🔄 取引回数 ：買い0回 / 売り0回
📉 現在の損失：-0.00 USDT (-0.00%)
━━━━━━━━━━━━━━━━━━━━━━━
2025-02-15 22:33:18,705 - INFO - 
━━━━━━━━━━ 取引情報 ━━━━━━━━━━
📅 時刻　　　：2025-02-15 22:33:18
💰 BTC価格　：97,848.63 USDT
📉 価格変動　：-0.00%
💵 USDT残高 ：95.99 USDT
₿ BTC保有量：0.000136 BTC
📊 総資産額 ：109.29 USDT
🔄 取引回数 ：買い0回 / 売り0回
📉 現在の損失：-0.00 USDT (-0.00%)
━━━━━━━━━━━━━━━━━━━━━━━
2025-02-15 22:33:24,100 - INFO - 
━━━━━━━━━━ 取引情報 ━━━━━━━━━━
📅 時刻　　　：2025-02-15 22:33:23
💰 BTC価格　：97,848.63 USDT
📉 価格変動　：-0.00%
💵 USDT残高 ：95.99 USDT
₿ BTC保有量：0.000136 BTC
📊 総資産額 ：109.29 USDT
🔄 取引回数 ：買い0回 / 売り0回
📉 現在の損失：-0.00 USDT (-0.00%)
━━━━━━━━━━━━━━━━━━━━━━━
2025-02-15 22:33:29,486 - INFO - 
━━━━━━━━━━ 取引情報 ━━━━━━━━━━
📅 時刻　　　：2025-02-15 22:33:29
💰 BTC価格　：97,848.63 USDT
📉 価格変動　：-0.00%
💵 USDT残高 ：95.99 USDT
₿ BTC保有量：0.000136 BTC
📊 総資産額 ：109.29 USDT
🔄 取引回数 ：買い0回 / 売り0回
📉 現在の損失：-0.00 USDT (-0.00%)
━━━━━━━━━━━━━━━━━━━━━━━
2025-02-15 22:33:34,745 - INFO - 
━━━━━━━━━━ 取引情報 ━━━━━━━━━━
📅 時刻　　　：2025-02-15 22:33:34
💰 BTC価格　：97,959.48 USDT
📈 価格変動　：+0.11%
💵 USDT残高 ：95.99 USDT
₿ BTC保有量：0.000136 BTC
📊 総資産額 ：109.31 USDT
🔄 取引回数 ：買い0回 / 売り0回
💹 現在の利益：+0.01 USDT (+0.01%)
━━━━━━━━━━━━━━━━━━━━━━━
2025-02-15 22:33:40,004 - INFO - 
━━━━━━━━━━ 取引情報 ━━━━━━━━━━
📅 時刻　　　：2025-02-15 22:33:39
💰 BTC価格　：97,959.48 USDT
📈 価格変動　：+0.03%
💵 USDT残高 ：95.99 USDT
₿ BTC保有量：0.000136 BTC
📊 総資産額 ：109.31 USDT
🔄 取引回数 ：買い0回 / 売り0回
💹 現在の利益：+0.01 USDT (+0.01%)
━━━━━━━━━━━━━━━━━━━━━━━
2025-02-15 22:33:45,394 - INFO - 
━━━━━━━━━━ 取引情報 ━━━━━━━━━━
📅 時刻　　　：2025-02-15 22:33:45
💰 BTC価格　：97,959.48 USDT
📈 価格変動　：+0.03%
💵 USDT残高 ：95.99 USDT
₿ BTC保有量：0.000136 BTC
📊 総資産額 ：109.31 USDT
🔄 取引回数 ：買い0回 / 売り0回
💹 現在の利益：+0.01 USDT (+0.01%)
━━━━━━━━━━━━━━━━━━━━━━━
2025-02-15 22:33:50,650 - INFO - 
━━━━━━━━━━ 取引情報 ━━━━━━━━━━
📅 時刻　　　：2025-02-15 22:33:50
💰 BTC価格　：97,959.48 USDT
📈 価格変動　：+0.03%
💵 USDT残高 ：95.99 USDT
₿ BTC保有量：0.000136 BTC
📊 総資産額 ：109.31 USDT
🔄 取引回数 ：買い0回 / 売り0回
💹 現在の利益：+0.01 USDT (+0.01%)
━━━━━━━━━━━━━━━━━━━━━━━
2025-02-15 22:33:56,041 - INFO - 
━━━━━━━━━━ 取引情報 ━━━━━━━━━━
📅 時刻　　　：2025-02-15 22:33:55
💰 BTC価格　：97,917.61 USDT
📉 価格変動　：-0.01%
💵 USDT残高 ：95.99 USDT
₿ BTC保有量：0.000136 BTC
📊 総資産額 ：109.30 USDT
🔄 取引回数 ：買い0回 / 売り0回
💹 現在の利益：+0.01 USDT (+0.01%)
━━━━━━━━━━━━━━━━━━━━━━━
2025-02-15 22:34:01,311 - INFO - 
━━━━━━━━━━ 取引情報 ━━━━━━━━━━
📅 時刻　　　：2025-02-15 22:34:01
💰 BTC価格　：97,917.61 USDT
📈 価格変動　：+0.02%
💵 USDT残高 ：95.99 USDT
₿ BTC保有量：0.000136 BTC
📊 総資産額 ：109.30 USDT
🔄 取引回数 ：買い0回 / 売り0回
💹 現在の利益：+0.01 USDT (+0.01%)
━━━━━━━━━━━━━━━━━━━━━━━
2025-02-15 22:34:06,566 - INFO - 
━━━━━━━━━━ 取引情報 ━━━━━━━━━━
📅 時刻　　　：2025-02-15 22:34:06
💰 BTC価格　：97,917.61 USDT
📈 価格変動　：+0.02%
💵 USDT残高 ：95.99 USDT
₿ BTC保有量：0.000136 BTC
📊 総資産額 ：109.30 USDT
🔄 取引回数 ：買い0回 / 売り0回
💹 現在の利益：+0.01 USDT (+0.01%)
━━━━━━━━━━━━━━━━━━━━━━━
2025-02-15 22:34:11,962 - INFO - 
━━━━━━━━━━ 取引情報 ━━━━━━━━━━
📅 時刻　　　：2025-02-15 22:34:11
💰 BTC価格　：97,917.61 USDT
📈 価格変動　：+0.02%
💵 USDT残高 ：95.99 USDT
₿ BTC保有量：0.000136 BTC
📊 総資産額 ：109.30 USDT
🔄 取引回数 ：買い0回 / 売り0回
💹 現在の利益：+0.01 USDT (+0.01%)
━━━━━━━━━━━━━━━━━━━━━━━
2025-02-15 22:34:17,353 - INFO - 
━━━━━━━━━━ 取引情報 ━━━━━━━━━━
📅 時刻　　　：2025-02-15 22:34:17
💰 BTC価格　：97,917.61 USDT
📈 価格変動　：+0.02%
💵 USDT残高 ：95.99 USDT
₿ BTC保有量：0.000136 BTC
📊 総資産額 ：109.30 USDT
🔄 取引回数 ：買い0回 / 売り0回
💹 現在の利益：+0.01 USDT (+0.01%)
━━━━━━━━━━━━━━━━━━━━━━━
2025-02-15 22:34:22,742 - INFO - 
━━━━━━━━━━ 取引情報 ━━━━━━━━━━
📅 時刻　　　：2025-02-15 22:34:22
💰 BTC価格　：97,917.61 USDT
📈 価格変動　：+0.02%
💵 USDT残高 ：95.99 USDT
₿ BTC保有量：0.000136 BTC
📊 総資産額 ：109.30 USDT
🔄 取引回数 ：買い0回 / 売り0回
💹 現在の利益：+0.01 USDT (+0.01%)
━━━━━━━━━━━━━━━━━━━━━━━
2025-02-15 22:34:28,137 - INFO - 
━━━━━━━━━━ 取引情報 ━━━━━━━━━━
📅 時刻　　　：2025-02-15 22:34:27
💰 BTC価格　：97,917.61 USDT
📈 価格変動　：+0.02%
💵 USDT残高 ：95.99 USDT
₿ BTC保有量：0.000136 BTC
📊 総資産額 ：109.30 USDT
🔄 取引回数 ：買い0回 / 売り0回
💹 現在の利益：+0.01 USDT (+0.01%)
━━━━━━━━━━━━━━━━━━━━━━━
2025-02-15 22:34:33,386 - INFO - 
━━━━━━━━━━ 取引情報 ━━━━━━━━━━
📅 時刻　　　：2025-02-15 22:34:33
💰 BTC価格　：97,917.02 USDT
📉 価格変動　：-0.01%
💵 USDT残高 ：95.99 USDT
₿ BTC保有量：0.000136 BTC
📊 総資産額 ：109.30 USDT
🔄 取引回数 ：買い0回 / 売り0回
💹 現在の利益：+0.01 USDT (+0.01%)
━━━━━━━━━━━━━━━━━━━━━━━
2025-02-15 22:34:38,921 - INFO - 
━━━━━━━━━━ 取引情報 ━━━━━━━━━━
📅 時刻　　　：2025-02-15 22:34:38
💰 BTC価格　：97,917.02 USDT
📉 価格変動　：-0.01%
💵 USDT残高 ：95.99 USDT
₿ BTC保有量：0.000136 BTC
📊 総資産額 ：109.30 USDT
🔄 取引回数 ：買い0回 / 売り0回
💹 現在の利益：+0.01 USDT (+0.01%)
━━━━━━━━━━━━━━━━━━━━━━━
2025-02-15 22:34:44,182 - INFO - 
━━━━━━━━━━ 取引情報 ━━━━━━━━━━
📅 時刻　　　：2025-02-15 22:34:44
💰 BTC価格　：97,917.02 USDT
📉 価格変動　：-0.01%
💵 USDT残高 ：95.99 USDT
₿ BTC保有量：0.000136 BTC
📊 総資産額 ：109.30 USDT
🔄 取引回数 ：買い0回 / 売り0回
💹 現在の利益：+0.01 USDT (+0.01%)
━━━━━━━━━━━━━━━━━━━━━━━
2025-02-15 22:34:49,437 - INFO - 
━━━━━━━━━━ 取引情報 ━━━━━━━━━━
📅 時刻　　　：2025-02-15 22:34:49
💰 BTC価格　：97,917.02 USDT
📉 価格変動　：-0.01%
💵 USDT残高 ：95.99 USDT
₿ BTC保有量：0.000136 BTC
📊 総資産額 ：109.30 USDT
🔄 取引回数 ：買い0回 / 売り0回
💹 現在の利益：+0.01 USDT (+0.01%)
━━━━━━━━━━━━━━━━━━━━━━━
2025-02-15 22:34:54,826 - INFO - 
━━━━━━━━━━ 取引情報 ━━━━━━━━━━
📅 時刻　　　：2025-02-15 22:34:54
💰 BTC価格　：97,917.02 USDT
📉 価格変動　：-0.00%
💵 USDT残高 ：95.99 USDT
₿ BTC保有量：0.000136 BTC
📊 総資産額 ：109.30 USDT
🔄 取引回数 ：買い0回 / 売り0回
💹 現在の利益：+0.01 USDT (+0.01%)
━━━━━━━━━━━━━━━━━━━━━━━
2025-02-15 22:35:00,089 - INFO - 
━━━━━━━━━━ 取引情報 ━━━━━━━━━━
📅 時刻　　　：2025-02-15 22:34:59
💰 BTC価格　：97,917.02 USDT
📉 価格変動　：-0.00%
💵 USDT残高 ：95.99 USDT
₿ BTC保有量：0.000136 BTC
📊 総資産額 ：109.30 USDT
🔄 取引回数 ：買い0回 / 売り0回
💹 現在の利益：+0.01 USDT (+0.01%)
━━━━━━━━━━━━━━━━━━━━━━━
2025-02-15 22:35:05,613 - INFO - 
━━━━━━━━━━ 取引情報 ━━━━━━━━━━
📅 時刻　　　：2025-02-15 22:35:05
💰 BTC価格　：97,917.02 USDT
📉 価格変動　：-0.00%
💵 USDT残高 ：95.99 USDT
₿ BTC保有量：0.000136 BTC
📊 総資産額 ：109.30 USDT
🔄 取引回数 ：買い0回 / 売り0回
💹 現在の利益：+0.01 USDT (+0.01%)
━━━━━━━━━━━━━━━━━━━━━━━
2025-02-15 22:35:10,883 - INFO - 
━━━━━━━━━━ 取引情報 ━━━━━━━━━━
📅 時刻　　　：2025-02-15 22:35:10
💰 BTC価格　：97,917.02 USDT
📉 価格変動　：-0.00%
💵 USDT残高 ：95.99 USDT
₿ BTC保有量：0.000136 BTC
📊 総資産額 ：109.30 USDT
🔄 取引回数 ：買い0回 / 売り0回
💹 現在の利益：+0.01 USDT (+0.01%)
━━━━━━━━━━━━━━━━━━━━━━━
2025-02-15 22:35:16,279 - INFO - 
━━━━━━━━━━ 取引情報 ━━━━━━━━━━
📅 時刻　　　：2025-02-15 22:35:15
💰 BTC価格　：97,917.02 USDT
📉 価格変動　：-0.00%
💵 USDT残高 ：95.99 USDT
₿ BTC保有量：0.000136 BTC
📊 総資産額 ：109.30 USDT
🔄 取引回数 ：買い0回 / 売り0回
💹 現在の利益：+0.01 USDT (+0.01%)
━━━━━━━━━━━━━━━━━━━━━━━
2025-02-15 22:35:21,538 - INFO - 
━━━━━━━━━━ 取引情報 ━━━━━━━━━━
📅 時刻　　　：2025-02-15 22:35:21
💰 BTC価格　：98,000.68 USDT
📈 価格変動　：+0.09%
💵 USDT残高 ：95.99 USDT
₿ BTC保有量：0.000136 BTC
📊 総資産額 ：109.31 USDT
🔄 取引回数 ：買い0回 / 売り0回
💹 現在の利益：+0.02 USDT (+0.02%)
━━━━━━━━━━━━━━━━━━━━━━━
2025-02-15 22:35:26,800 - INFO - 
━━━━━━━━━━ 取引情報 ━━━━━━━━━━
📅 時刻　　　：2025-02-15 22:35:26
💰 BTC価格　：98,000.68 USDT
📈 価格変動　：+0.03%
💵 USDT残高 ：95.99 USDT
₿ BTC保有量：0.000136 BTC
📊 総資産額 ：109.31 USDT
🔄 取引回数 ：買い0回 / 売り0回
💹 現在の利益：+0.02 USDT (+0.02%)
━━━━━━━━━━━━━━━━━━━━━━━
2025-02-15 22:35:32,196 - INFO - 
━━━━━━━━━━ 取引情報 ━━━━━━━━━━
📅 時刻　　　：2025-02-15 22:35:31
💰 BTC価格　：98,000.68 USDT
📈 価格変動　：+0.03%
💵 USDT残高 ：95.99 USDT
₿ BTC保有量：0.000136 BTC
📊 総資産額 ：109.31 USDT
🔄 取引回数 ：買い0回 / 売り0回
💹 現在の利益：+0.02 USDT (+0.02%)
━━━━━━━━━━━━━━━━━━━━━━━
2025-02-15 22:35:37,457 - INFO - 
━━━━━━━━━━ 取引情報 ━━━━━━━━━━
📅 時刻　　　：2025-02-15 22:35:37
💰 BTC価格　：98,000.68 USDT
📈 価格変動　：+0.03%
💵 USDT残高 ：95.99 USDT
₿ BTC保有量：0.000136 BTC
📊 総資産額 ：109.31 USDT
🔄 取引回数 ：買い0回 / 売り0回
💹 現在の利益：+0.02 USDT (+0.02%)
━━━━━━━━━━━━━━━━━━━━━━━
2025-02-15 22:35:42,717 - INFO - 
━━━━━━━━━━ 取引情報 ━━━━━━━━━━
📅 時刻　　　：2025-02-15 22:35:42
💰 BTC価格　：98,000.68 USDT
📈 価格変動　：+0.03%
💵 USDT残高 ：95.99 USDT
₿ BTC保有量：0.000136 BTC
📊 総資産額 ：109.31 USDT
🔄 取引回数 ：買い0回 / 売り0回
💹 現在の利益：+0.02 USDT (+0.02%)
━━━━━━━━━━━━━━━━━━━━━━━
2025-02-15 22:35:47,972 - INFO - 
━━━━━━━━━━ 取引情報 ━━━━━━━━━━
📅 時刻　　　：2025-02-15 22:35:47
💰 BTC価格　：98,000.68 USDT
📈 価格変動　：+0.03%
💵 USDT残高 ：95.99 USDT
₿ BTC保有量：0.000136 BTC
📊 総資産額 ：109.31 USDT
🔄 取引回数 ：買い0回 / 売り0回
💹 現在の利益：+0.02 USDT (+0.02%)
━━━━━━━━━━━━━━━━━━━━━━━
2025-02-15 22:35:53,226 - INFO - 
━━━━━━━━━━ 取引情報 ━━━━━━━━━━
📅 時刻　　　：2025-02-15 22:35:53
💰 BTC価格　：98,000.68 USDT
📈 価格変動　：+0.03%
💵 USDT残高 ：95.99 USDT
₿ BTC保有量：0.000136 BTC
📊 総資産額 ：109.31 USDT
🔄 取引回数 ：買い0回 / 売り0回
💹 現在の利益：+0.02 USDT (+0.02%)
━━━━━━━━━━━━━━━━━━━━━━━
2025-02-15 22:35:58,487 - INFO - 
━━━━━━━━━━ 取引情報 ━━━━━━━━━━
📅 時刻　　　：2025-02-15 22:35:58
💰 BTC価格　：98,000.68 USDT
📈 価格変動　：+0.03%
💵 USDT残高 ：95.99 USDT
₿ BTC保有量：0.000136 BTC
📊 総資産額 ：109.31 USDT
🔄 取引回数 ：買い0回 / 売り0回
💹 現在の利益：+0.02 USDT (+0.02%)
━━━━━━━━━━━━━━━━━━━━━━━
2025-02-15 22:36:03,892 - INFO - 
━━━━━━━━━━ 取引情報 ━━━━━━━━━━
📅 時刻　　　：2025-02-15 22:36:03
💰 BTC価格　：98,000.68 USDT
📈 価格変動　：+0.03%
💵 USDT残高 ：95.99 USDT
₿ BTC保有量：0.000136 BTC
📊 総資産額 ：109.31 USDT
🔄 取引回数 ：買い0回 / 売り0回
💹 現在の利益：+0.02 USDT (+0.02%)
━━━━━━━━━━━━━━━━━━━━━━━
2025-02-15 22:36:09,150 - INFO - 
━━━━━━━━━━ 取引情報 ━━━━━━━━━━
📅 時刻　　　：2025-02-15 22:36:08
💰 BTC価格　：98,000.68 USDT
📈 価格変動　：+0.03%
💵 USDT残高 ：95.99 USDT
₿ BTC保有量：0.000136 BTC
📊 総資産額 ：109.31 USDT
🔄 取引回数 ：買い0回 / 売り0回
💹 現在の利益：+0.02 USDT (+0.02%)
━━━━━━━━━━━━━━━━━━━━━━━
2025-02-15 22:36:14,543 - INFO - 
━━━━━━━━━━ 取引情報 ━━━━━━━━━━
📅 時刻　　　：2025-02-15 22:36:14
💰 BTC価格　：98,000.68 USDT
📈 価格変動　：+0.03%
💵 USDT残高 ：95.99 USDT
₿ BTC保有量：0.000136 BTC
📊 総資産額 ：109.31 USDT
🔄 取引回数 ：買い0回 / 売り0回
💹 現在の利益：+0.02 USDT (+0.02%)
━━━━━━━━━━━━━━━━━━━━━━━
2025-02-15 22:36:19,940 - INFO - 
━━━━━━━━━━ 取引情報 ━━━━━━━━━━
📅 時刻　　　：2025-02-15 22:36:19
💰 BTC価格　：98,079.48 USDT
📈 価格変動　：+0.08%
💵 USDT残高 ：95.99 USDT
₿ BTC保有量：0.000136 BTC
📊 総資産額 ：109.32 USDT
🔄 取引回数 ：買い0回 / 売り0回
💹 現在の利益：+0.03 USDT (+0.03%)
━━━━━━━━━━━━━━━━━━━━━━━
2025-02-15 22:36:25,196 - INFO - 
━━━━━━━━━━ 取引情報 ━━━━━━━━━━
📅 時刻　　　：2025-02-15 22:36:25
💰 BTC価格　：97,927.26 USDT
📉 価格変動　：-0.13%
💵 USDT残高 ：95.99 USDT
₿ BTC保有量：0.000136 BTC
📊 総資産額 ：109.30 USDT
🔄 取引回数 ：買い0回 / 売り0回
💹 現在の利益：+0.01 USDT (+0.01%)
━━━━━━━━━━━━━━━━━━━━━━━
2025-02-15 22:36:30,583 - INFO - 
━━━━━━━━━━ 取引情報 ━━━━━━━━━━
📅 時刻　　　：2025-02-15 22:36:30
💰 BTC価格　：97,927.26 USDT
📉 価格変動　：-0.02%
💵 USDT残高 ：95.99 USDT
₿ BTC保有量：0.000136 BTC
📊 総資産額 ：109.30 USDT
🔄 取引回数 ：買い0回 / 売り0回
💹 現在の利益：+0.01 USDT (+0.01%)
━━━━━━━━━━━━━━━━━━━━━━━
2025-02-15 22:36:35,840 - INFO - 
━━━━━━━━━━ 取引情報 ━━━━━━━━━━
📅 時刻　　　：2025-02-15 22:36:35
💰 BTC価格　：98,024.76 USDT
📈 価格変動　：+0.08%
💵 USDT残高 ：95.99 USDT
₿ BTC保有量：0.000136 BTC
📊 総資産額 ：109.31 USDT
🔄 取引回数 ：買い0回 / 売り0回
💹 現在の利益：+0.02 USDT (+0.02%)
━━━━━━━━━━━━━━━━━━━━━━━
2025-02-15 22:36:41,102 - INFO - 
━━━━━━━━━━ 取引情報 ━━━━━━━━━━
📅 時刻　　　：2025-02-15 22:36:40
💰 BTC価格　：98,024.76 USDT
📈 価格変動　：+0.01%
💵 USDT残高 ：95.99 USDT
₿ BTC保有量：0.000136 BTC
📊 総資産額 ：109.31 USDT
🔄 取引回数 ：買い0回 / 売り0回
💹 現在の利益：+0.02 USDT (+0.02%)
━━━━━━━━━━━━━━━━━━━━━━━
2025-02-15 22:36:46,495 - INFO - 
━━━━━━━━━━ 取引情報 ━━━━━━━━━━
📅 時刻　　　：2025-02-15 22:36:46
💰 BTC価格　：98,074.38 USDT
📈 価格変動　：+0.06%
💵 USDT残高 ：95.99 USDT
₿ BTC保有量：0.000136 BTC
📊 総資産額 ：109.32 USDT
🔄 取引回数 ：買い0回 / 売り0回
💹 現在の利益：+0.03 USDT (+0.03%)
━━━━━━━━━━━━━━━━━━━━━━━
2025-02-15 22:36:51,785 - INFO - 
━━━━━━━━━━ 取引情報 ━━━━━━━━━━
📅 時刻　　　：2025-02-15 22:36:51
💰 BTC価格　：98,074.38 USDT
📈 価格変動　：+0.02%
💵 USDT残高 ：95.99 USDT
₿ BTC保有量：0.000136 BTC
📊 総資産額 ：109.32 USDT
🔄 取引回数 ：買い0回 / 売り0回
💹 現在の利益：+0.03 USDT (+0.03%)
━━━━━━━━━━━━━━━━━━━━━━━
2025-02-15 22:36:57,174 - INFO - 
━━━━━━━━━━ 取引情報 ━━━━━━━━━━
📅 時刻　　　：2025-02-15 22:36:56
💰 BTC価格　：98,074.38 USDT
📈 価格変動　：+0.02%
💵 USDT残高 ：95.99 USDT
₿ BTC保有量：0.000136 BTC
📊 総資産額 ：109.32 USDT
🔄 取引回数 ：買い0回 / 売り0回
💹 現在の利益：+0.03 USDT (+0.03%)
━━━━━━━━━━━━━━━━━━━━━━━
2025-02-15 22:37:02,565 - INFO - 
━━━━━━━━━━ 取引情報 ━━━━━━━━━━
📅 時刻　　　：2025-02-15 22:37:02
💰 BTC価格　：98,074.38 USDT
📈 価格変動　：+0.02%
💵 USDT残高 ：95.99 USDT
₿ BTC保有量：0.000136 BTC
📊 総資産額 ：109.32 USDT
🔄 取引回数 ：買い0回 / 売り0回
💹 現在の利益：+0.03 USDT (+0.03%)
━━━━━━━━━━━━━━━━━━━━━━━
2025-02-15 22:37:07,819 - INFO - 
━━━━━━━━━━ 取引情報 ━━━━━━━━━━
📅 時刻　　　：2025-02-15 22:37:07
💰 BTC価格　：98,074.38 USDT
📈 価格変動　：+0.02%
💵 USDT残高 ：95.99 USDT
₿ BTC保有量：0.000136 BTC
📊 総資産額 ：109.32 USDT
🔄 取引回数 ：買い0回 / 売り0回
💹 現在の利益：+0.03 USDT (+0.03%)
━━━━━━━━━━━━━━━━━━━━━━━
2025-02-15 22:37:13,204 - INFO - 
━━━━━━━━━━ 取引情報 ━━━━━━━━━━
📅 時刻　　　：2025-02-15 22:37:12
💰 BTC価格　：98,074.38 USDT
📈 価格変動　：+0.02%
💵 USDT残高 ：95.99 USDT
₿ BTC保有量：0.000136 BTC
📊 総資産額 ：109.32 USDT
🔄 取引回数 ：買い0回 / 売り0回
💹 現在の利益：+0.03 USDT (+0.03%)
━━━━━━━━━━━━━━━━━━━━━━━
2025-02-15 22:37:18,457 - INFO - 
━━━━━━━━━━ 取引情報 ━━━━━━━━━━
📅 時刻　　　：2025-02-15 22:37:18
💰 BTC価格　：98,074.38 USDT
📉 価格変動　：-0.00%
💵 USDT残高 ：95.99 USDT
₿ BTC保有量：0.000136 BTC
📊 総資産額 ：109.32 USDT
🔄 取引回数 ：買い0回 / 売り0回
💹 現在の利益：+0.03 USDT (+0.03%)
━━━━━━━━━━━━━━━━━━━━━━━
2025-02-15 22:37:23,847 - INFO - 
━━━━━━━━━━ 取引情報 ━━━━━━━━━━
📅 時刻　　　：2025-02-15 22:37:23
💰 BTC価格　：98,074.38 USDT
📈 価格変動　：+0.05%
💵 USDT残高 ：95.99 USDT
₿ BTC保有量：0.000136 BTC
📊 総資産額 ：109.32 USDT
🔄 取引回数 ：買い0回 / 売り0回
💹 現在の利益：+0.03 USDT (+0.03%)
━━━━━━━━━━━━━━━━━━━━━━━
2025-02-15 22:37:29,240 - INFO - 
━━━━━━━━━━ 取引情報 ━━━━━━━━━━
📅 時刻　　　：2025-02-15 22:37:28
💰 BTC価格　：98,074.38 USDT
📈 価格変動　：+0.05%
💵 USDT残高 ：95.99 USDT
₿ BTC保有量：0.000136 BTC
📊 総資産額 ：109.32 USDT
🔄 取引回数 ：買い0回 / 売り0回
💹 現在の利益：+0.03 USDT (+0.03%)
━━━━━━━━━━━━━━━━━━━━━━━
2025-02-15 22:37:34,495 - INFO - 
━━━━━━━━━━ 取引情報 ━━━━━━━━━━
📅 時刻　　　：2025-02-15 22:37:34
💰 BTC価格　：97,915.09 USDT
📉 価格変動　：-0.15%
💵 USDT残高 ：95.99 USDT
₿ BTC保有量：0.000136 BTC
📊 総資産額 ：109.30 USDT
🔄 取引回数 ：買い0回 / 売り0回
💹 現在の利益：+0.01 USDT (+0.01%)
━━━━━━━━━━━━━━━━━━━━━━━
2025-02-15 22:37:39,889 - INFO - 
━━━━━━━━━━ 取引情報 ━━━━━━━━━━
📅 時刻　　　：2025-02-15 22:37:39
💰 BTC価格　：97,915.09 USDT
📉 価格変動　：-0.03%
💵 USDT残高 ：95.99 USDT
₿ BTC保有量：0.000136 BTC
📊 総資産額 ：109.30 USDT
🔄 取引回数 ：買い0回 / 売り0回
💹 現在の利益：+0.01 USDT (+0.01%)
━━━━━━━━━━━━━━━━━━━━━━━
2025-02-15 22:37:45,145 - INFO - 
━━━━━━━━━━ 取引情報 ━━━━━━━━━━
📅 時刻　　　：2025-02-15 22:37:44
💰 BTC価格　：97,915.09 USDT
📉 価格変動　：-0.05%
💵 USDT残高 ：95.99 USDT
₿ BTC保有量：0.000136 BTC
📊 総資産額 ：109.30 USDT
🔄 取引回数 ：買い0回 / 売り0回
💹 現在の利益：+0.01 USDT (+0.01%)
━━━━━━━━━━━━━━━━━━━━━━━
2025-02-15 22:37:50,400 - INFO - 
━━━━━━━━━━ 取引情報 ━━━━━━━━━━
📅 時刻　　　：2025-02-15 22:37:50
💰 BTC価格　：97,892.03 USDT
📉 価格変動　：-0.07%
💵 USDT残高 ：95.99 USDT
₿ BTC保有量：0.000136 BTC
📊 総資産額 ：109.30 USDT
🔄 取引回数 ：買い0回 / 売り0回
💹 現在の利益：+0.00 USDT (+0.00%)
━━━━━━━━━━━━━━━━━━━━━━━
2025-02-15 22:37:55,791 - INFO - 
━━━━━━━━━━ 取引情報 ━━━━━━━━━━
📅 時刻　　　：2025-02-15 22:37:55
💰 BTC価格　：97,892.03 USDT
📉 価格変動　：-0.06%
💵 USDT残高 ：95.99 USDT
₿ BTC保有量：0.000136 BTC
📊 総資産額 ：109.30 USDT
🔄 取引回数 ：買い0回 / 売り0回
💹 現在の利益：+0.00 USDT (+0.00%)
━━━━━━━━━━━━━━━━━━━━━━━
2025-02-15 22:38:01,186 - INFO - 
━━━━━━━━━━ 取引情報 ━━━━━━━━━━
📅 時刻　　　：2025-02-15 22:38:00
💰 BTC価格　：97,892.03 USDT
📉 価格変動　：-0.06%
💵 USDT残高 ：95.99 USDT
₿ BTC保有量：0.000136 BTC
📊 総資産額 ：109.30 USDT
🔄 取引回数 ：買い0回 / 売り0回
💹 現在の利益：+0.00 USDT (+0.00%)
━━━━━━━━━━━━━━━━━━━━━━━
2025-02-15 22:38:06,573 - INFO - 
━━━━━━━━━━ 取引情報 ━━━━━━━━━━
📅 時刻　　　：2025-02-15 22:38:06
💰 BTC価格　：97,892.03 USDT
📉 価格変動　：-0.06%
💵 USDT残高 ：95.99 USDT
₿ BTC保有量：0.000136 BTC
📊 総資産額 ：109.30 USDT
🔄 取引回数 ：買い0回 / 売り0回
💹 現在の利益：+0.00 USDT (+0.00%)
━━━━━━━━━━━━━━━━━━━━━━━
2025-02-15 22:38:11,988 - INFO - 
━━━━━━━━━━ 取引情報 ━━━━━━━━━━
📅 時刻　　　：2025-02-15 22:38:11
💰 BTC価格　：97,892.03 USDT
📉 価格変動　：-0.06%
💵 USDT残高 ：95.99 USDT
₿ BTC保有量：0.000136 BTC
📊 総資産額 ：109.30 USDT
🔄 取引回数 ：買い0回 / 売り0回
💹 現在の利益：+0.00 USDT (+0.00%)
━━━━━━━━━━━━━━━━━━━━━━━
2025-02-15 22:38:17,245 - INFO - 
━━━━━━━━━━ 取引情報 ━━━━━━━━━━
📅 時刻　　　：2025-02-15 22:38:17
💰 BTC価格　：97,892.03 USDT
📉 価格変動　：-0.06%
💵 USDT残高 ：95.99 USDT
₿ BTC保有量：0.000136 BTC
📊 総資産額 ：109.30 USDT
🔄 取引回数 ：買い0回 / 売り0回
💹 現在の利益：+0.00 USDT (+0.00%)
━━━━━━━━━━━━━━━━━━━━━━━
2025-02-15 22:38:22,500 - INFO - 
━━━━━━━━━━ 取引情報 ━━━━━━━━━━
📅 時刻　　　：2025-02-15 22:38:22
💰 BTC価格　：97,892.03 USDT
📉 価格変動　：-0.06%
💵 USDT残高 ：95.99 USDT
₿ BTC保有量：0.000136 BTC
📊 総資産額 ：109.30 USDT
🔄 取引回数 ：買い0回 / 売り0回
💹 現在の利益：+0.00 USDT (+0.00%)
━━━━━━━━━━━━━━━━━━━━━━━
2025-02-15 22:38:27,912 - INFO - 
━━━━━━━━━━ 取引情報 ━━━━━━━━━━
📅 時刻　　　：2025-02-15 22:38:27
💰 BTC価格　：97,892.03 USDT
📉 価格変動　：-0.06%
💵 USDT残高 ：95.99 USDT
₿ BTC保有量：0.000136 BTC
📊 総資産額 ：109.30 USDT
🔄 取引回数 ：買い0回 / 売り0回
💹 現在の利益：+0.00 USDT (+0.00%)
━━━━━━━━━━━━━━━━━━━━━━━
2025-02-15 22:38:33,165 - INFO - 
━━━━━━━━━━ 取引情報 ━━━━━━━━━━
📅 時刻　　　：2025-02-15 22:38:32
💰 BTC価格　：97,892.03 USDT
📉 価格変動　：-0.01%
💵 USDT残高 ：95.99 USDT
₿ BTC保有量：0.000136 BTC
📊 総資産額 ：109.30 USDT
🔄 取引回数 ：買い0回 / 売り0回
💹 現在の利益：+0.00 USDT (+0.00%)
━━━━━━━━━━━━━━━━━━━━━━━
2025-02-15 22:38:38,684 - INFO - 
━━━━━━━━━━ 取引情報 ━━━━━━━━━━
📅 時刻　　　：2025-02-15 22:38:38
💰 BTC価格　：97,892.03 USDT
📉 価格変動　：-0.01%
💵 USDT残高 ：95.99 USDT
₿ BTC保有量：0.000136 BTC
📊 総資産額 ：109.30 USDT
🔄 取引回数 ：買い0回 / 売り0回
💹 現在の利益：+0.00 USDT (+0.00%)
━━━━━━━━━━━━━━━━━━━━━━━
2025-02-15 22:38:43,942 - INFO - 
━━━━━━━━━━ 取引情報 ━━━━━━━━━━
📅 時刻　　　：2025-02-15 22:38:43
💰 BTC価格　：97,892.03 USDT
📉 価格変動　：-0.01%
💵 USDT残高 ：95.99 USDT
₿ BTC保有量：0.000136 BTC
📊 総資産額 ：109.30 USDT
🔄 取引回数 ：買い0回 / 売り0回
💹 現在の利益：+0.00 USDT (+0.00%)
━━━━━━━━━━━━━━━━━━━━━━━
2025-02-15 22:38:49,198 - INFO - 
━━━━━━━━━━ 取引情報 ━━━━━━━━━━
📅 時刻　　　：2025-02-15 22:38:49
💰 BTC価格　：97,892.03 USDT
📉 価格変動　：0.00%
💵 USDT残高 ：95.99 USDT
₿ BTC保有量：0.000136 BTC
📊 総資産額 ：109.30 USDT
🔄 取引回数 ：買い0回 / 売り0回
💹 現在の利益：+0.00 USDT (+0.00%)
━━━━━━━━━━━━━━━━━━━━━━━
2025-02-15 22:38:54,454 - INFO - 
━━━━━━━━━━ 取引情報 ━━━━━━━━━━
📅 時刻　　　：2025-02-15 22:38:54
💰 BTC価格　：97,820.48 USDT
📉 価格変動　：-0.07%
💵 USDT残高 ：95.99 USDT
₿ BTC保有量：0.000136 BTC
📊 総資産額 ：109.29 USDT
🔄 取引回数 ：買い0回 / 売り0回
📉 現在の損失：-0.01 USDT (-0.01%)
━━━━━━━━━━━━━━━━━━━━━━━
2025-02-15 22:38:59,712 - INFO - 
━━━━━━━━━━ 取引情報 ━━━━━━━━━━
📅 時刻　　　：2025-02-15 22:38:59
💰 BTC価格　：97,820.48 USDT
📉 価格変動　：-0.02%
💵 USDT残高 ：95.99 USDT
₿ BTC保有量：0.000136 BTC
📊 総資産額 ：109.29 USDT
🔄 取引回数 ：買い0回 / 売り0回
📉 現在の損失：-0.01 USDT (-0.01%)
━━━━━━━━━━━━━━━━━━━━━━━
2025-02-15 22:39:05,234 - INFO - 
━━━━━━━━━━ 取引情報 ━━━━━━━━━━
📅 時刻　　　：2025-02-15 22:39:04
💰 BTC価格　：97,820.48 USDT
📉 価格変動　：-0.02%
💵 USDT残高 ：95.99 USDT
₿ BTC保有量：0.000136 BTC
📊 総資産額 ：109.29 USDT
🔄 取引回数 ：買い0回 / 売り0回
📉 現在の損失：-0.01 USDT (-0.01%)
━━━━━━━━━━━━━━━━━━━━━━━
2025-02-15 22:39:10,626 - INFO - 
━━━━━━━━━━ 取引情報 ━━━━━━━━━━
📅 時刻　　　：2025-02-15 22:39:10
💰 BTC価格　：97,820.48 USDT
📉 価格変動　：-0.02%
💵 USDT残高 ：95.99 USDT
₿ BTC保有量：0.000136 BTC
📊 総資産額 ：109.29 USDT
🔄 取引回数 ：買い0回 / 売り0回
📉 現在の損失：-0.01 USDT (-0.01%)
━━━━━━━━━━━━━━━━━━━━━━━
2025-02-15 22:39:15,885 - INFO - 
━━━━━━━━━━ 取引情報 ━━━━━━━━━━
📅 時刻　　　：2025-02-15 22:39:15
💰 BTC価格　：97,820.48 USDT
📉 価格変動　：-0.02%
💵 USDT残高 ：95.99 USDT
₿ BTC保有量：0.000136 BTC
📊 総資産額 ：109.29 USDT
🔄 取引回数 ：買い0回 / 売り0回
📉 現在の損失：-0.01 USDT (-0.01%)
━━━━━━━━━━━━━━━━━━━━━━━
2025-02-15 22:39:21,414 - INFO - 
━━━━━━━━━━ 取引情報 ━━━━━━━━━━
📅 時刻　　　：2025-02-15 22:39:20
💰 BTC価格　：97,820.48 USDT
📉 価格変動　：-0.02%
💵 USDT残高 ：95.99 USDT
₿ BTC保有量：0.000136 BTC
📊 総資産額 ：109.29 USDT
🔄 取引回数 ：買い0回 / 売り0回
📉 現在の損失：-0.01 USDT (-0.01%)
━━━━━━━━━━━━━━━━━━━━━━━
2025-02-15 22:39:26,670 - INFO - 
━━━━━━━━━━ 取引情報 ━━━━━━━━━━
📅 時刻　　　：2025-02-15 22:39:26
💰 BTC価格　：97,874.52 USDT
📈 価格変動　：+0.03%
💵 USDT残高 ：95.99 USDT
₿ BTC保有量：0.000136 BTC
📊 総資産額 ：109.29 USDT
🔄 取引回数 ：買い0回 / 売り0回
💹 現在の利益：+0.00 USDT (+0.00%)
━━━━━━━━━━━━━━━━━━━━━━━
2025-02-15 22:39:32,058 - INFO - 
━━━━━━━━━━ 取引情報 ━━━━━━━━━━
📅 時刻　　　：2025-02-15 22:39:31
💰 BTC価格　：97,874.52 USDT
📉 価格変動　：-0.01%
💵 USDT残高 ：95.99 USDT
₿ BTC保有量：0.000136 BTC
📊 総資産額 ：109.29 USDT
🔄 取引回数 ：買い0回 / 売り0回
💹 現在の利益：+0.00 USDT (+0.00%)
━━━━━━━━━━━━━━━━━━━━━━━
2025-02-15 22:39:37,590 - INFO - 
━━━━━━━━━━ 取引情報 ━━━━━━━━━━
📅 時刻　　　：2025-02-15 22:39:37
💰 BTC価格　：97,874.52 USDT
📉 価格変動　：-0.01%
💵 USDT残高 ：95.99 USDT
₿ BTC保有量：0.000136 BTC
📊 総資産額 ：109.29 USDT
🔄 取引回数 ：買い0回 / 売り0回
💹 現在の利益：+0.00 USDT (+0.00%)
━━━━━━━━━━━━━━━━━━━━━━━
2025-02-15 22:39:42,847 - INFO - 
━━━━━━━━━━ 取引情報 ━━━━━━━━━━
📅 時刻　　　：2025-02-15 22:39:42
💰 BTC価格　：97,874.52 USDT
📉 価格変動　：-0.01%
💵 USDT残高 ：95.99 USDT
₿ BTC保有量：0.000136 BTC
📊 総資産額 ：109.29 USDT
🔄 取引回数 ：買い0回 / 売り0回
💹 現在の利益：+0.00 USDT (+0.00%)
━━━━━━━━━━━━━━━━━━━━━━━
2025-02-15 22:39:48,236 - INFO - 
━━━━━━━━━━ 取引情報 ━━━━━━━━━━
📅 時刻　　　：2025-02-15 22:39:47
💰 BTC価格　：97,874.52 USDT
📉 価格変動　：-0.01%
💵 USDT残高 ：95.99 USDT
₿ BTC保有量：0.000136 BTC
📊 総資産額 ：109.29 USDT
🔄 取引回数 ：買い0回 / 売り0回
💹 現在の利益：+0.00 USDT (+0.00%)
━━━━━━━━━━━━━━━━━━━━━━━
2025-02-15 22:39:53,498 - INFO - 
━━━━━━━━━━ 取引情報 ━━━━━━━━━━
📅 時刻　　　：2025-02-15 22:39:53
💰 BTC価格　：97,874.52 USDT
📈 価格変動　：+0.02%
💵 USDT残高 ：95.99 USDT
₿ BTC保有量：0.000136 BTC
📊 総資産額 ：109.29 USDT
🔄 取引回数 ：買い0回 / 売り0回
💹 現在の利益：+0.00 USDT (+0.00%)
━━━━━━━━━━━━━━━━━━━━━━━
2025-02-15 22:39:58,887 - INFO - 
━━━━━━━━━━ 取引情報 ━━━━━━━━━━
📅 時刻　　　：2025-02-15 22:39:58
💰 BTC価格　：97,874.52 USDT
📈 価格変動　：+0.02%
💵 USDT残高 ：95.99 USDT
₿ BTC保有量：0.000136 BTC
📊 総資産額 ：109.29 USDT
🔄 取引回数 ：買い0回 / 売り0回
💹 現在の利益：+0.00 USDT (+0.00%)
━━━━━━━━━━━━━━━━━━━━━━━
2025-02-15 22:40:04,286 - INFO - 
━━━━━━━━━━ 取引情報 ━━━━━━━━━━
📅 時刻　　　：2025-02-15 22:40:03
💰 BTC価格　：97,874.52 USDT
📈 価格変動　：+0.02%
💵 USDT残高 ：95.99 USDT
₿ BTC保有量：0.000136 BTC
📊 総資産額 ：109.29 USDT
🔄 取引回数 ：買い0回 / 売り0回
💹 現在の利益：+0.00 USDT (+0.00%)
━━━━━━━━━━━━━━━━━━━━━━━
2025-02-15 22:40:09,546 - INFO - 
━━━━━━━━━━ 取引情報 ━━━━━━━━━━
📅 時刻　　　：2025-02-15 22:40:09
💰 BTC価格　：97,874.52 USDT
📈 価格変動　：+0.02%
💵 USDT残高 ：95.99 USDT
₿ BTC保有量：0.000136 BTC
📊 総資産額 ：109.29 USDT
🔄 取引回数 ：買い0回 / 売り0回
💹 現在の利益：+0.00 USDT (+0.00%)
━━━━━━━━━━━━━━━━━━━━━━━
2025-02-15 22:40:14,807 - INFO - 
━━━━━━━━━━ 取引情報 ━━━━━━━━━━
📅 時刻　　　：2025-02-15 22:40:14
💰 BTC価格　：97,874.52 USDT
📈 価格変動　：+0.02%
💵 USDT残高 ：95.99 USDT
₿ BTC保有量：0.000136 BTC
📊 総資産額 ：109.29 USDT
🔄 取引回数 ：買い0回 / 売り0回
💹 現在の利益：+0.00 USDT (+0.00%)
━━━━━━━━━━━━━━━━━━━━━━━
2025-02-15 22:40:20,058 - INFO - 
━━━━━━━━━━ 取引情報 ━━━━━━━━━━
📅 時刻　　　：2025-02-15 22:40:19
💰 BTC価格　：97,874.52 USDT
📈 価格変動　：+0.02%
💵 USDT残高 ：95.99 USDT
₿ BTC保有量：0.000136 BTC
📊 総資産額 ：109.29 USDT
🔄 取引回数 ：買い0回 / 売り0回
💹 現在の利益：+0.00 USDT (+0.00%)
━━━━━━━━━━━━━━━━━━━━━━━
2025-02-15 22:40:25,316 - INFO - 
━━━━━━━━━━ 取引情報 ━━━━━━━━━━
📅 時刻　　　：2025-02-15 22:40:25
💰 BTC価格　：97,874.52 USDT
📉 価格変動　：0.00%
💵 USDT残高 ：95.99 USDT
₿ BTC保有量：0.000136 BTC
📊 総資産額 ：109.29 USDT
🔄 取引回数 ：買い0回 / 売り0回
💹 現在の利益：+0.00 USDT (+0.00%)
━━━━━━━━━━━━━━━━━━━━━━━
2025-02-15 22:40:30,705 - INFO - 
━━━━━━━━━━ 取引情報 ━━━━━━━━━━
📅 時刻　　　：2025-02-15 22:40:30
💰 BTC価格　：97,874.52 USDT
📉 価格変動　：0.00%
💵 USDT残高 ：95.99 USDT
₿ BTC保有量：0.000136 BTC
📊 総資産額 ：109.29 USDT
🔄 取引回数 ：買い0回 / 売り0回
💹 現在の利益：+0.00 USDT (+0.00%)
━━━━━━━━━━━━━━━━━━━━━━━
2025-02-15 22:40:35,963 - INFO - 
━━━━━━━━━━ 取引情報 ━━━━━━━━━━
📅 時刻　　　：2025-02-15 22:40:35
💰 BTC価格　：97,874.52 USDT
📉 価格変動　：0.00%
💵 USDT残高 ：95.99 USDT
₿ BTC保有量：0.000136 BTC
📊 総資産額 ：109.29 USDT
🔄 取引回数 ：買い0回 / 売り0回
💹 現在の利益：+0.00 USDT (+0.00%)
━━━━━━━━━━━━━━━━━━━━━━━
2025-02-15 22:40:41,224 - INFO - 
━━━━━━━━━━ 取引情報 ━━━━━━━━━━
📅 時刻　　　：2025-02-15 22:40:41
💰 BTC価格　：97,874.52 USDT
📉 価格変動　：0.00%
💵 USDT残高 ：95.99 USDT
₿ BTC保有量：0.000136 BTC
📊 総資産額 ：109.29 USDT
🔄 取引回数 ：買い0回 / 売り0回
💹 現在の利益：+0.00 USDT (+0.00%)
━━━━━━━━━━━━━━━━━━━━━━━
2025-02-15 22:40:46,616 - INFO - 
━━━━━━━━━━ 取引情報 ━━━━━━━━━━
📅 時刻　　　：2025-02-15 22:40:46
💰 BTC価格　：97,874.52 USDT
📉 価格変動　：0.00%
💵 USDT残高 ：95.99 USDT
₿ BTC保有量：0.000136 BTC
📊 総資産額 ：109.29 USDT
🔄 取引回数 ：買い0回 / 売り0回
💹 現在の利益：+0.00 USDT (+0.00%)
━━━━━━━━━━━━━━━━━━━━━━━
2025-02-15 22:40:51,871 - INFO - 
━━━━━━━━━━ 取引情報 ━━━━━━━━━━
📅 時刻　　　：2025-02-15 22:40:51
💰 BTC価格　：97,956.36 USDT
📈 価格変動　：+0.08%
💵 USDT残高 ：95.99 USDT
₿ BTC保有量：0.000136 BTC
📊 総資産額 ：109.31 USDT
🔄 取引回数 ：買い0回 / 売り0回
💹 現在の利益：+0.01 USDT (+0.01%)
━━━━━━━━━━━━━━━━━━━━━━━
2025-02-15 22:40:57,128 - INFO - 
━━━━━━━━━━ 取引情報 ━━━━━━━━━━
📅 時刻　　　：2025-02-15 22:40:56
💰 BTC価格　：98,235.28 USDT
📈 価格変動　：+0.31%
💵 USDT残高 ：95.99 USDT
₿ BTC保有量：0.000136 BTC
📊 総資産額 ：109.34 USDT
🔄 取引回数 ：買い0回 / 売り0回
💹 現在の利益：+0.05 USDT (+0.05%)
━━━━━━━━━━━━━━━━━━━━━━━
2025-02-15 22:40:57,129 - INFO - 上昇トレンド検出。売り注文を実行中...
2025-02-15 22:40:57,435 - ERROR - 売り注文エラー: Order quantity has too many decimals. (ErrCode: 170137) (ErrTime: 13:40:57).
Request → POST https://api-testnet.bybit.com/v5/order/create: {"category": "spot", "symbol": "BTCUSDT", "side": "Sell", "orderType": "Market", "qty": "0.00013589", "orderFilter": "ORDER"}.
2025-02-15 22:41:02,822 - INFO - 
━━━━━━━━━━ 取引情報 ━━━━━━━━━━
📅 時刻　　　：2025-02-15 22:41:02
💰 BTC価格　：98,235.28 USDT
📈 価格変動　：+0.11%
💵 USDT残高 ：95.99 USDT
₿ BTC保有量：0.000136 BTC
📊 総資産額 ：109.34 USDT
🔄 取引回数 ：買い0回 / 売り0回
💹 現在の利益：+0.05 USDT (+0.05%)
━━━━━━━━━━━━━━━━━━━━━━━
2025-02-15 22:41:08,216 - INFO - 
━━━━━━━━━━ 取引情報 ━━━━━━━━━━
📅 時刻　　　：2025-02-15 22:41:07
💰 BTC価格　：97,953.90 USDT
📉 価格変動　：-0.18%
💵 USDT残高 ：95.99 USDT
₿ BTC保有量：0.000136 BTC
📊 総資産額 ：109.30 USDT
🔄 取引回数 ：買い0回 / 売り0回
💹 現在の利益：+0.01 USDT (+0.01%)
━━━━━━━━━━━━━━━━━━━━━━━
2025-02-15 22:41:08,216 - INFO - 下降トレンド検出。買い注文を実行中...
2025-02-15 22:41:08,383 - ERROR - 買い注文エラー: Order value exceeded lower limit. (ErrCode: 170140) (ErrTime: 13:41:08).
Request → POST https://api-testnet.bybit.com/v5/order/create: {"category": "spot", "symbol": "BTCUSDT", "side": "Buy", "orderType": "Market", "qty": "0.00036", "orderFilter": "ORDER"}.
2025-02-15 22:41:13,774 - INFO - 
━━━━━━━━━━ 取引情報 ━━━━━━━━━━
📅 時刻　　　：2025-02-15 22:41:13
💰 BTC価格　：98,044.77 USDT
📈 価格変動　：+0.12%
💵 USDT残高 ：95.99 USDT
₿ BTC保有量：0.000136 BTC
📊 総資産額 ：109.32 USDT
🔄 取引回数 ：買い0回 / 売り0回
💹 現在の利益：+0.02 USDT (+0.02%)
━━━━━━━━━━━━━━━━━━━━━━━
2025-02-15 22:41:19,168 - INFO - 
━━━━━━━━━━ 取引情報 ━━━━━━━━━━
📅 時刻　　　：2025-02-15 22:41:18
💰 BTC価格　：97,992.96 USDT
📉 価格変動　：-0.00%
💵 USDT残高 ：95.99 USDT
₿ BTC保有量：0.000136 BTC
📊 総資産額 ：109.31 USDT
🔄 取引回数 ：買い0回 / 売り0回
💹 現在の利益：+0.02 USDT (+0.01%)
━━━━━━━━━━━━━━━━━━━━━━━
2025-02-15 22:41:24,421 - INFO - 
━━━━━━━━━━ 取引情報 ━━━━━━━━━━
📅 時刻　　　：2025-02-15 22:41:24
💰 BTC価格　：97,895.20 USDT
📉 価格変動　：-0.06%
💵 USDT残高 ：95.99 USDT
₿ BTC保有量：0.000136 BTC
📊 総資産額 ：109.30 USDT
🔄 取引回数 ：買い0回 / 売り0回
💹 現在の利益：+0.00 USDT (+0.00%)
━━━━━━━━━━━━━━━━━━━━━━━
2025-02-15 22:41:29,811 - INFO - 
━━━━━━━━━━ 取引情報 ━━━━━━━━━━
📅 時刻　　　：2025-02-15 22:41:29
💰 BTC価格　：97,895.20 USDT
📈 価格変動　：+0.01%
💵 USDT残高 ：95.99 USDT
₿ BTC保有量：0.000136 BTC
📊 総資産額 ：109.30 USDT
🔄 取引回数 ：買い0回 / 売り0回
💹 現在の利益：+0.00 USDT (+0.00%)
━━━━━━━━━━━━━━━━━━━━━━━
2025-02-15 22:41:35,068 - INFO - 
━━━━━━━━━━ 取引情報 ━━━━━━━━━━
📅 時刻　　　：2025-02-15 22:41:34
💰 BTC価格　：97,895.20 USDT
📈 価格変動　：+0.01%
💵 USDT残高 ：95.99 USDT
₿ BTC保有量：0.000136 BTC
📊 総資産額 ：109.30 USDT
🔄 取引回数 ：買い0回 / 売り0回
💹 現在の利益：+0.00 USDT (+0.00%)
━━━━━━━━━━━━━━━━━━━━━━━
2025-02-15 22:41:40,459 - INFO - 
━━━━━━━━━━ 取引情報 ━━━━━━━━━━
📅 時刻　　　：2025-02-15 22:41:40
💰 BTC価格　：97,895.20 USDT
📈 価格変動　：+0.01%
💵 USDT残高 ：95.99 USDT
₿ BTC保有量：0.000136 BTC
📊 総資産額 ：109.30 USDT
🔄 取引回数 ：買い0回 / 売り0回
💹 現在の利益：+0.00 USDT (+0.00%)
━━━━━━━━━━━━━━━━━━━━━━━
2025-02-15 22:41:45,850 - INFO - 
━━━━━━━━━━ 取引情報 ━━━━━━━━━━
📅 時刻　　　：2025-02-15 22:41:45
💰 BTC価格　：97,895.20 USDT
📈 価格変動　：+0.01%
💵 USDT残高 ：95.99 USDT
₿ BTC保有量：0.000136 BTC
📊 総資産額 ：109.30 USDT
🔄 取引回数 ：買い0回 / 売り0回
💹 現在の利益：+0.00 USDT (+0.00%)
━━━━━━━━━━━━━━━━━━━━━━━
2025-02-15 22:41:51,100 - INFO - 
━━━━━━━━━━ 取引情報 ━━━━━━━━━━
📅 時刻　　　：2025-02-15 22:41:50
💰 BTC価格　：97,978.98 USDT
📈 価格変動　：+0.07%
💵 USDT残高 ：95.99 USDT
₿ BTC保有量：0.000136 BTC
📊 総資産額 ：109.31 USDT
🔄 取引回数 ：買い0回 / 売り0回
💹 現在の利益：+0.01 USDT (+0.01%)
━━━━━━━━━━━━━━━━━━━━━━━
2025-02-15 22:41:56,487 - INFO - 
━━━━━━━━━━ 取引情報 ━━━━━━━━━━
📅 時刻　　　：2025-02-15 22:41:56
💰 BTC価格　：97,978.98 USDT
📉 価格変動　：-0.08%
💵 USDT残高 ：95.99 USDT
₿ BTC保有量：0.000136 BTC
📊 総資産額 ：109.31 USDT
🔄 取引回数 ：買い0回 / 売り0回
💹 現在の利益：+0.01 USDT (+0.01%)
━━━━━━━━━━━━━━━━━━━━━━━
2025-02-15 22:42:01,739 - INFO - 
━━━━━━━━━━ 取引情報 ━━━━━━━━━━
📅 時刻　　　：2025-02-15 22:42:01
💰 BTC価格　：97,978.98 USDT
📉 価格変動　：-0.08%
💵 USDT残高 ：95.99 USDT
₿ BTC保有量：0.000136 BTC
📊 総資産額 ：109.31 USDT
🔄 取引回数 ：買い0回 / 売り0回
💹 現在の利益：+0.01 USDT (+0.01%)
━━━━━━━━━━━━━━━━━━━━━━━
2025-02-15 22:42:07,257 - INFO - 
━━━━━━━━━━ 取引情報 ━━━━━━━━━━
📅 時刻　　　：2025-02-15 22:42:06
💰 BTC価格　：97,978.98 USDT
📈 価格変動　：+0.01%
💵 USDT残高 ：95.99 USDT
₿ BTC保有量：0.000136 BTC
📊 総資産額 ：109.31 USDT
🔄 取引回数 ：買い0回 / 売り0回
💹 現在の利益：+0.01 USDT (+0.01%)
━━━━━━━━━━━━━━━━━━━━━━━
2025-02-15 22:42:12,651 - INFO - 
━━━━━━━━━━ 取引情報 ━━━━━━━━━━
📅 時刻　　　：2025-02-15 22:42:12
💰 BTC価格　：97,947.26 USDT
📉 価格変動　：-0.05%
💵 USDT残高 ：95.99 USDT
₿ BTC保有量：0.000136 BTC
📊 総資産額 ：109.30 USDT
🔄 取引回数 ：買い0回 / 売り0回
💹 現在の利益：+0.01 USDT (+0.01%)
━━━━━━━━━━━━━━━━━━━━━━━
2025-02-15 22:42:17,910 - INFO - 
━━━━━━━━━━ 取引情報 ━━━━━━━━━━
📅 時刻　　　：2025-02-15 22:42:17
💰 BTC価格　：97,947.26 USDT
📉 価格変動　：-0.01%
💵 USDT残高 ：95.99 USDT
₿ BTC保有量：0.000136 BTC
📊 総資産額 ：109.30 USDT
🔄 取引回数 ：買い0回 / 売り0回
💹 現在の利益：+0.01 USDT (+0.01%)
━━━━━━━━━━━━━━━━━━━━━━━
2025-02-15 22:42:23,435 - INFO - 
━━━━━━━━━━ 取引情報 ━━━━━━━━━━
📅 時刻　　　：2025-02-15 22:42:23
💰 BTC価格　：97,947.26 USDT
📈 価格変動　：+0.02%
💵 USDT残高 ：95.99 USDT
₿ BTC保有量：0.000136 BTC
📊 総資産額 ：109.30 USDT
🔄 取引回数 ：買い0回 / 売り0回
💹 現在の利益：+0.01 USDT (+0.01%)
━━━━━━━━━━━━━━━━━━━━━━━
2025-02-15 22:42:28,696 - INFO - 
━━━━━━━━━━ 取引情報 ━━━━━━━━━━
📅 時刻　　　：2025-02-15 22:42:28
💰 BTC価格　：97,947.26 USDT
📈 価格変動　：+0.02%
💵 USDT残高 ：95.99 USDT
₿ BTC保有量：0.000136 BTC
📊 総資産額 ：109.30 USDT
🔄 取引回数 ：買い0回 / 売り0回
💹 現在の利益：+0.01 USDT (+0.01%)
━━━━━━━━━━━━━━━━━━━━━━━
2025-02-15 22:42:33,951 - INFO - 
━━━━━━━━━━ 取引情報 ━━━━━━━━━━
📅 時刻　　　：2025-02-15 22:42:33
💰 BTC価格　：97,947.26 USDT
📈 価格変動　：+0.02%
💵 USDT残高 ：95.99 USDT
₿ BTC保有量：0.000136 BTC
📊 総資産額 ：109.30 USDT
🔄 取引回数 ：買い0回 / 売り0回
💹 現在の利益：+0.01 USDT (+0.01%)
━━━━━━━━━━━━━━━━━━━━━━━
2025-02-15 22:42:39,203 - INFO - 
━━━━━━━━━━ 取引情報 ━━━━━━━━━━
📅 時刻　　　：2025-02-15 22:42:39
💰 BTC価格　：97,947.26 USDT
📈 価格変動　：+0.02%
💵 USDT残高 ：95.99 USDT
₿ BTC保有量：0.000136 BTC
📊 総資産額 ：109.30 USDT
🔄 取引回数 ：買い0回 / 売り0回
💹 現在の利益：+0.01 USDT (+0.01%)
━━━━━━━━━━━━━━━━━━━━━━━
2025-02-15 22:42:44,459 - INFO - 
━━━━━━━━━━ 取引情報 ━━━━━━━━━━
📅 時刻　　　：2025-02-15 22:42:44
💰 BTC価格　：97,947.26 USDT
📈 価格変動　：+0.02%
💵 USDT残高 ：95.99 USDT
₿ BTC保有量：0.000136 BTC
📊 総資産額 ：109.30 USDT
🔄 取引回数 ：買い0回 / 売り0回
💹 現在の利益：+0.01 USDT (+0.01%)
━━━━━━━━━━━━━━━━━━━━━━━
2025-02-15 22:42:49,863 - INFO - 
━━━━━━━━━━ 取引情報 ━━━━━━━━━━
📅 時刻　　　：2025-02-15 22:42:49
💰 BTC価格　：97,947.26 USDT
📉 価格変動　：-0.01%
💵 USDT残高 ：95.99 USDT
₿ BTC保有量：0.000136 BTC
📊 総資産額 ：109.30 USDT
🔄 取引回数 ：買い0回 / 売り0回
💹 現在の利益：+0.01 USDT (+0.01%)
━━━━━━━━━━━━━━━━━━━━━━━
2025-02-15 22:42:55,255 - INFO - 
━━━━━━━━━━ 取引情報 ━━━━━━━━━━
📅 時刻　　　：2025-02-15 22:42:54
💰 BTC価格　：97,947.26 USDT
📉 価格変動　：-0.01%
💵 USDT残高 ：95.99 USDT
₿ BTC保有量：0.000136 BTC
📊 総資産額 ：109.30 USDT
🔄 取引回数 ：買い0回 / 売り0回
💹 現在の利益：+0.01 USDT (+0.01%)
━━━━━━━━━━━━━━━━━━━━━━━
2025-02-15 22:43:00,648 - INFO - 
━━━━━━━━━━ 取引情報 ━━━━━━━━━━
📅 時刻　　　：2025-02-15 22:43:00
💰 BTC価格　：97,947.26 USDT
📉 価格変動　：-0.01%
💵 USDT残高 ：95.99 USDT
₿ BTC保有量：0.000136 BTC
📊 総資産額 ：109.30 USDT
🔄 取引回数 ：買い0回 / 売り0回
💹 現在の利益：+0.01 USDT (+0.01%)
━━━━━━━━━━━━━━━━━━━━━━━
2025-02-15 22:43:05,908 - INFO - 
━━━━━━━━━━ 取引情報 ━━━━━━━━━━
📅 時刻　　　：2025-02-15 22:43:05
💰 BTC価格　：97,947.26 USDT
📉 価格変動　：-0.01%
💵 USDT残高 ：95.99 USDT
₿ BTC保有量：0.000136 BTC
📊 総資産額 ：109.30 USDT
🔄 取引回数 ：買い0回 / 売り0回
💹 現在の利益：+0.01 USDT (+0.01%)
━━━━━━━━━━━━━━━━━━━━━━━
2025-02-15 22:43:08,389 - INFO - 
プログラムがCtrl+Cにより終了されました。安全に終了します。
