2025-02-13 02:38:15,375 - INFO - 初期価格を取得中...
2025-02-13 02:38:16,085 - INFO - 
━━━━━━━━━━ 取引情報 ━━━━━━━━━━
📅 時刻　　　：2025-02-13 02:38:15
💰 BTC価格　：91,740.86 USDT
📉 価格変動　：0.00%
💵 USDT残高 ：10,078.55 USDT
₿ BTC保有量：0.000999 BTC
📊 総資産額 ：10,170.15 USDT
💹 現在の利益：+0.00 USDT (+0.00%)
━━━━━━━━━━━━━━━━━━━━━━━
2025-02-13 02:38:26,334 - INFO - 
━━━━━━━━━━ 取引情報 ━━━━━━━━━━
📅 時刻　　　：2025-02-13 02:38:26
💰 BTC価格　：91,692.36 USDT
📉 価格変動　：-0.05%
💵 USDT残高 ：10,078.55 USDT
₿ BTC保有量：0.000999 BTC
📊 総資産額 ：10,170.10 USDT
📉 現在の損失：-0.05 USDT (-0.00%)
━━━━━━━━━━━━━━━━━━━━━━━
2025-02-13 02:38:36,594 - INFO - 
━━━━━━━━━━ 取引情報 ━━━━━━━━━━
📅 時刻　　　：2025-02-13 02:38:36
💰 BTC価格　：91,651.09 USDT
📉 価格変動　：-0.10%
💵 USDT残高 ：10,078.55 USDT
₿ BTC保有量：0.000999 BTC
📊 総資産額 ：10,170.06 USDT
📉 現在の損失：-0.09 USDT (-0.00%)
━━━━━━━━━━━━━━━━━━━━━━━
2025-02-13 02:38:46,844 - INFO - 
━━━━━━━━━━ 取引情報 ━━━━━━━━━━
📅 時刻　　　：2025-02-13 02:38:46
💰 BTC価格　：91,740.77 USDT
📉 価格変動　：-0.00%
💵 USDT残高 ：10,078.55 USDT
₿ BTC保有量：0.000999 BTC
📊 総資産額 ：10,170.15 USDT
📉 現在の損失：-0.00 USDT (-0.00%)
━━━━━━━━━━━━━━━━━━━━━━━
2025-02-13 02:38:57,106 - INFO - 
━━━━━━━━━━ 取引情報 ━━━━━━━━━━
📅 時刻　　　：2025-02-13 02:38:56
💰 BTC価格　：91,740.77 USDT
📉 価格変動　：-0.00%
💵 USDT残高 ：10,078.55 USDT
₿ BTC保有量：0.000999 BTC
📊 総資産額 ：10,170.15 USDT
📉 現在の損失：-0.00 USDT (-0.00%)
━━━━━━━━━━━━━━━━━━━━━━━
2025-02-13 02:39:07,358 - INFO - 
━━━━━━━━━━ 取引情報 ━━━━━━━━━━
📅 時刻　　　：2025-02-13 02:39:07
💰 BTC価格　：91,740.77 USDT
📉 価格変動　：-0.00%
💵 USDT残高 ：10,078.55 USDT
₿ BTC保有量：0.000999 BTC
📊 総資産額 ：10,170.15 USDT
📉 現在の損失：-0.00 USDT (-0.00%)
━━━━━━━━━━━━━━━━━━━━━━━
2025-02-13 02:39:17,747 - INFO - 
━━━━━━━━━━ 取引情報 ━━━━━━━━━━
📅 時刻　　　：2025-02-13 02:39:17
💰 BTC価格　：91,740.77 USDT
📉 価格変動　：-0.00%
💵 USDT残高 ：10,078.55 USDT
₿ BTC保有量：0.000999 BTC
📊 総資産額 ：10,170.15 USDT
📉 現在の損失：-0.00 USDT (-0.00%)
━━━━━━━━━━━━━━━━━━━━━━━
2025-02-13 02:39:28,000 - INFO - 
━━━━━━━━━━ 取引情報 ━━━━━━━━━━
📅 時刻　　　：2025-02-13 02:39:27
💰 BTC価格　：91,740.77 USDT
📉 価格変動　：-0.00%
💵 USDT残高 ：10,078.55 USDT
₿ BTC保有量：0.000999 BTC
📊 総資産額 ：10,170.15 USDT
📉 現在の損失：-0.00 USDT (-0.00%)
━━━━━━━━━━━━━━━━━━━━━━━
2025-02-13 02:39:38,251 - INFO - 
━━━━━━━━━━ 取引情報 ━━━━━━━━━━
📅 時刻　　　：2025-02-13 02:39:38
💰 BTC価格　：91,776.42 USDT
📈 価格変動　：+0.04%
💵 USDT残高 ：10,078.55 USDT
₿ BTC保有量：0.000999 BTC
📊 総資産額 ：10,170.19 USDT
💹 現在の利益：+0.04 USDT (+0.00%)
━━━━━━━━━━━━━━━━━━━━━━━
2025-02-13 02:39:48,503 - INFO - 
━━━━━━━━━━ 取引情報 ━━━━━━━━━━
📅 時刻　　　：2025-02-13 02:39:48
💰 BTC価格　：91,649.03 USDT
📉 価格変動　：-0.10%
💵 USDT残高 ：10,078.55 USDT
₿ BTC保有量：0.000999 BTC
📊 総資産額 ：10,170.06 USDT
📉 現在の損失：-0.09 USDT (-0.00%)
━━━━━━━━━━━━━━━━━━━━━━━
2025-02-13 02:39:58,756 - INFO - 
━━━━━━━━━━ 取引情報 ━━━━━━━━━━
📅 時刻　　　：2025-02-13 02:39:58
💰 BTC価格　：91,557.75 USDT
📉 価格変動　：-0.20%
💵 USDT残高 ：10,078.55 USDT
₿ BTC保有量：0.000999 BTC
📊 総資産額 ：10,169.97 USDT
📉 現在の損失：-0.18 USDT (-0.00%)
━━━━━━━━━━━━━━━━━━━━━━━
2025-02-13 02:40:09,007 - INFO - 
━━━━━━━━━━ 取引情報 ━━━━━━━━━━
📅 時刻　　　：2025-02-13 02:40:08
💰 BTC価格　：91,557.75 USDT
📉 価格変動　：-0.20%
💵 USDT残高 ：10,078.55 USDT
₿ BTC保有量：0.000999 BTC
📊 総資産額 ：10,169.97 USDT
📉 現在の損失：-0.18 USDT (-0.00%)
━━━━━━━━━━━━━━━━━━━━━━━
2025-02-13 02:40:19,260 - INFO - 
━━━━━━━━━━ 取引情報 ━━━━━━━━━━
📅 時刻　　　：2025-02-13 02:40:19
💰 BTC価格　：91,740.68 USDT
📉 価格変動　：-0.00%
💵 USDT残高 ：10,078.55 USDT
₿ BTC保有量：0.000999 BTC
📊 総資産額 ：10,170.15 USDT
📉 現在の損失：-0.00 USDT (-0.00%)
━━━━━━━━━━━━━━━━━━━━━━━
2025-02-13 02:40:29,512 - INFO - 
━━━━━━━━━━ 取引情報 ━━━━━━━━━━
📅 時刻　　　：2025-02-13 02:40:29
💰 BTC価格　：91,740.68 USDT
📉 価格変動　：-0.00%
💵 USDT残高 ：10,078.55 USDT
₿ BTC保有量：0.000999 BTC
📊 総資産額 ：10,170.15 USDT
📉 現在の損失：-0.00 USDT (-0.00%)
━━━━━━━━━━━━━━━━━━━━━━━
2025-02-13 02:40:39,763 - INFO - 
━━━━━━━━━━ 取引情報 ━━━━━━━━━━
📅 時刻　　　：2025-02-13 02:40:39
💰 BTC価格　：91,696.27 USDT
📉 価格変動　：-0.05%
💵 USDT残高 ：10,078.55 USDT
₿ BTC保有量：0.000999 BTC
📊 総資産額 ：10,170.11 USDT
📉 現在の損失：-0.04 USDT (-0.00%)
━━━━━━━━━━━━━━━━━━━━━━━
2025-02-13 02:40:50,015 - INFO - 
━━━━━━━━━━ 取引情報 ━━━━━━━━━━
📅 時刻　　　：2025-02-13 02:40:49
💰 BTC価格　：91,676.26 USDT
📉 価格変動　：-0.07%
💵 USDT残高 ：10,078.55 USDT
₿ BTC保有量：0.000999 BTC
📊 総資産額 ：10,170.09 USDT
📉 現在の損失：-0.06 USDT (-0.00%)
━━━━━━━━━━━━━━━━━━━━━━━
2025-02-13 02:41:00,265 - INFO - 
━━━━━━━━━━ 取引情報 ━━━━━━━━━━
📅 時刻　　　：2025-02-13 02:41:00
💰 BTC価格　：92,000.00 USDT
📈 価格変動　：+0.28%
💵 USDT残高 ：10,078.55 USDT
₿ BTC保有量：0.000999 BTC
📊 総資産額 ：10,170.41 USDT
💹 現在の利益：+0.26 USDT (+0.00%)
━━━━━━━━━━━━━━━━━━━━━━━
2025-02-13 02:41:10,515 - INFO - 
━━━━━━━━━━ 取引情報 ━━━━━━━━━━
📅 時刻　　　：2025-02-13 02:41:10
💰 BTC価格　：91,776.42 USDT
📈 価格変動　：+0.04%
💵 USDT残高 ：10,078.55 USDT
₿ BTC保有量：0.000999 BTC
📊 総資産額 ：10,170.19 USDT
💹 現在の利益：+0.04 USDT (+0.00%)
━━━━━━━━━━━━━━━━━━━━━━━
2025-02-13 02:41:20,767 - INFO - 
━━━━━━━━━━ 取引情報 ━━━━━━━━━━
📅 時刻　　　：2025-02-13 02:41:20
💰 BTC価格　：91,924.16 USDT
📈 価格変動　：+0.20%
💵 USDT残高 ：10,078.55 USDT
₿ BTC保有量：0.000999 BTC
📊 総資産額 ：10,170.33 USDT
💹 現在の利益：+0.18 USDT (+0.00%)
━━━━━━━━━━━━━━━━━━━━━━━
2025-02-13 02:41:27,115 - INFO - 
プログラムがCtrl+Cにより終了されました。安全に終了します。
