2025-02-13 16:49:33,109 - INFO - 初期価格を取得中...
2025-02-13 16:49:34,088 - INFO - 
━━━━━━━━━━ 取引情報 ━━━━━━━━━━
📅 時刻　　　：2025-02-13 16:49:33
💰 BTC価格　：96,008.29 USDT
📉 価格変動　：0.00%
💵 USDT残高 ：10,160.26 USDT
₿ BTC保有量：0.000999 BTC
📊 総資産額 ：10,256.13 USDT
💹 現在の利益：+0.00 USDT (+0.00%)
━━━━━━━━━━━━━━━━━━━━━━━
2025-02-13 16:49:44,461 - INFO - 
━━━━━━━━━━ 取引情報 ━━━━━━━━━━
📅 時刻　　　：2025-02-13 16:49:44
💰 BTC価格　：95,825.28 USDT
📉 価格変動　：-0.19%
💵 USDT残高 ：10,160.26 USDT
₿ BTC保有量：0.000999 BTC
📊 総資産額 ：10,255.94 USDT
📉 現在の損失：-0.18 USDT (-0.00%)
━━━━━━━━━━━━━━━━━━━━━━━
2025-02-13 16:49:54,810 - INFO - 
━━━━━━━━━━ 取引情報 ━━━━━━━━━━
📅 時刻　　　：2025-02-13 16:49:54
💰 BTC価格　：95,825.28 USDT
📉 価格変動　：-0.19%
💵 USDT残高 ：10,160.26 USDT
₿ BTC保有量：0.000999 BTC
📊 総資産額 ：10,255.94 USDT
📉 現在の損失：-0.18 USDT (-0.00%)
━━━━━━━━━━━━━━━━━━━━━━━
2025-02-13 16:50:05,078 - INFO - 
━━━━━━━━━━ 取引情報 ━━━━━━━━━━
📅 時刻　　　：2025-02-13 16:50:04
💰 BTC価格　：96,144.16 USDT
📈 価格変動　：+0.14%
💵 USDT残高 ：10,160.26 USDT
₿ BTC保有量：0.000999 BTC
📊 総資産額 ：10,256.26 USDT
💹 現在の利益：+0.14 USDT (+0.00%)
━━━━━━━━━━━━━━━━━━━━━━━
2025-02-13 16:50:15,353 - INFO - 
━━━━━━━━━━ 取引情報 ━━━━━━━━━━
📅 時刻　　　：2025-02-13 16:50:15
💰 BTC価格　：96,144.42 USDT
📈 価格変動　：+0.14%
💵 USDT残高 ：10,160.26 USDT
₿ BTC保有量：0.000999 BTC
📊 総資産額 ：10,256.26 USDT
💹 現在の利益：+0.14 USDT (+0.00%)
━━━━━━━━━━━━━━━━━━━━━━━
2025-02-13 16:50:25,656 - INFO - 
━━━━━━━━━━ 取引情報 ━━━━━━━━━━
📅 時刻　　　：2025-02-13 16:50:25
💰 BTC価格　：96,799.62 USDT
📈 価格変動　：+0.82%
💵 USDT残高 ：10,160.26 USDT
₿ BTC保有量：0.000999 BTC
📊 総資産額 ：10,256.92 USDT
💹 現在の利益：+0.79 USDT (+0.01%)
━━━━━━━━━━━━━━━━━━━━━━━
2025-02-13 16:50:25,659 - INFO - 売りシグナル検出。売り注文を実行中...
2025-02-13 16:50:25,660 - INFO - 最小注文数量の0.001 BTCに調整しました
2025-02-13 16:50:25,750 - INFO - 売り注文を実行: 数量=0.001 BTC
2025-02-13 16:50:25,753 - INFO - 売り注文実行: {'retCode': 0, 'retMsg': 'OK', 'result': {'orderId': 'c993939a-11e6-47a0-b16e-76cf9ca60459', 'orderLinkId': ''}, 'retExtInfo': {}, 'time': 1739433025609}
2025-02-13 16:50:45,863 - INFO - 前回の取引から39秒待機中...
2025-02-13 16:50:55,966 - INFO - 前回の取引から29秒待機中...
2025-02-13 16:51:06,065 - INFO - 前回の取引から19秒待機中...
2025-02-13 16:51:16,166 - INFO - 前回の取引から9秒待機中...
2025-02-13 16:51:26,506 - INFO - 
━━━━━━━━━━ 取引情報 ━━━━━━━━━━
📅 時刻　　　：2025-02-13 16:51:26
💰 BTC価格　：96,749.56 USDT
📉 価格変動　：-0.05%
💵 USDT残高 ：10,164.06 USDT
₿ BTC保有量：0.000999 BTC
📊 総資産額 ：10,260.66 USDT
💹 現在の利益：+4.54 USDT (+0.04%)
━━━━━━━━━━━━━━━━━━━━━━━
2025-02-13 16:51:37,099 - INFO - 
━━━━━━━━━━ 取引情報 ━━━━━━━━━━
📅 時刻　　　：2025-02-13 16:51:36
💰 BTC価格　：96,718.84 USDT
📉 価格変動　：-0.08%
💵 USDT残高 ：10,164.06 USDT
₿ BTC保有量：0.000999 BTC
📊 総資産額 ：10,260.63 USDT
💹 現在の利益：+4.50 USDT (+0.04%)
━━━━━━━━━━━━━━━━━━━━━━━
2025-02-13 16:51:47,420 - INFO - 
━━━━━━━━━━ 取引情報 ━━━━━━━━━━
📅 時刻　　　：2025-02-13 16:51:47
💰 BTC価格　：96,549.21 USDT
📉 価格変動　：-0.26%
💵 USDT残高 ：10,164.06 USDT
₿ BTC保有量：0.000999 BTC
📊 総資産額 ：10,260.46 USDT
💹 現在の利益：+4.34 USDT (+0.04%)
━━━━━━━━━━━━━━━━━━━━━━━
2025-02-13 16:51:57,734 - INFO - 
━━━━━━━━━━ 取引情報 ━━━━━━━━━━
📅 時刻　　　：2025-02-13 16:51:57
💰 BTC価格　：95,707.62 USDT
📉 価格変動　：-1.13%
💵 USDT残高 ：10,164.06 USDT
₿ BTC保有量：0.000999 BTC
📊 総資産額 ：10,259.62 USDT
💹 現在の利益：+3.50 USDT (+0.03%)
━━━━━━━━━━━━━━━━━━━━━━━
2025-02-13 16:51:57,736 - INFO - 買いシグナル検出。買い注文を実行中...
2025-02-13 16:51:57,823 - INFO - 買い注文を実行: 数量=0.106 BTC
2025-02-13 16:51:57,824 - INFO - 買い注文実行: {'retCode': 0, 'retMsg': 'OK', 'result': {'orderId': '92926b1e-b45a-44d3-bc0e-ab0227d83e64', 'orderLinkId': ''}, 'retExtInfo': {}, 'time': 1739433117685}
2025-02-13 16:52:17,955 - INFO - 前回の取引から39秒待機中...
2025-02-13 16:52:28,058 - INFO - 前回の取引から29秒待機中...
2025-02-13 16:52:38,184 - INFO - 前回の取引から19秒待機中...
2025-02-13 16:52:48,275 - INFO - 前回の取引から9秒待機中...
2025-02-13 16:52:58,665 - INFO - 
━━━━━━━━━━ 取引情報 ━━━━━━━━━━
📅 時刻　　　：2025-02-13 16:52:58
💰 BTC価格　：95,921.83 USDT
📈 価格変動　：+0.22%
💵 USDT残高 ：10,160.13 USDT
₿ BTC保有量：1.000998 BTC
📊 総資産額 ：106,177.73 USDT
💹 現在の利益：+95,921.61 USDT (+935.26%)
━━━━━━━━━━━━━━━━━━━━━━━
2025-02-13 16:53:09,058 - INFO - 
━━━━━━━━━━ 取引情報 ━━━━━━━━━━
📅 時刻　　　：2025-02-13 16:53:08
💰 BTC価格　：96,144.41 USDT
📈 価格変動　：+0.46%
💵 USDT残高 ：10,160.13 USDT
₿ BTC保有量：1.000998 BTC
📊 総資産額 ：106,400.54 USDT
💹 現在の利益：+96,144.41 USDT (+937.43%)
━━━━━━━━━━━━━━━━━━━━━━━
2025-02-13 16:53:18,156 - INFO - 
プログラムがCtrl+Cにより終了されました。安全に終了します。
