2025-02-15 21:25:51,354 - INFO - 初期価格を取得中...
2025-02-15 21:25:52,045 - INFO - 
━━━━━━━━━━ 取引情報 ━━━━━━━━━━
📅 時刻　　　：2025-02-15 21:25:51
💰 BTC価格　：97,792.51 USDT
📉 価格変動　：0.00%
💵 USDT残高 ：95.99 USDT
₿ BTC保有量：0.000136 BTC
📊 総資産額 ：109.28 USDT
🔄 取引回数 ：買い0回 / 売り0回
💹 現在の利益：+0.00 USDT (+0.00%)
━━━━━━━━━━━━━━━━━━━━━━━
2025-02-15 21:26:02,297 - INFO - 
━━━━━━━━━━ 取引情報 ━━━━━━━━━━
📅 時刻　　　：2025-02-15 21:26:02
💰 BTC価格　：97,792.51 USDT
📉 価格変動　：0.00%
💵 USDT残高 ：95.99 USDT
₿ BTC保有量：0.000136 BTC
📊 総資産額 ：109.28 USDT
🔄 取引回数 ：買い0回 / 売り0回
💹 現在の利益：+0.00 USDT (+0.00%)
━━━━━━━━━━━━━━━━━━━━━━━
2025-02-15 21:26:12,561 - INFO - 
━━━━━━━━━━ 取引情報 ━━━━━━━━━━
📅 時刻　　　：2025-02-15 21:26:12
💰 BTC価格　：97,792.51 USDT
📉 価格変動　：0.00%
💵 USDT残高 ：95.99 USDT
₿ BTC保有量：0.000136 BTC
📊 総資産額 ：109.28 USDT
🔄 取引回数 ：買い0回 / 売り0回
💹 現在の利益：+0.00 USDT (+0.00%)
━━━━━━━━━━━━━━━━━━━━━━━
2025-02-15 21:26:22,815 - INFO - 
━━━━━━━━━━ 取引情報 ━━━━━━━━━━
📅 時刻　　　：2025-02-15 21:26:22
💰 BTC価格　：97,495.34 USDT
📉 価格変動　：-0.30%
💵 USDT残高 ：95.99 USDT
₿ BTC保有量：0.000136 BTC
📊 総資産額 ：109.24 USDT
🔄 取引回数 ：買い0回 / 売り0回
📉 現在の損失：-0.04 USDT (-0.04%)
━━━━━━━━━━━━━━━━━━━━━━━
2025-02-15 21:26:33,076 - INFO - 
━━━━━━━━━━ 取引情報 ━━━━━━━━━━
📅 時刻　　　：2025-02-15 21:26:32
💰 BTC価格　：97,495.34 USDT
📉 価格変動　：-0.30%
💵 USDT残高 ：95.99 USDT
₿ BTC保有量：0.000136 BTC
📊 総資産額 ：109.24 USDT
🔄 取引回数 ：買い0回 / 売り0回
📉 現在の損失：-0.04 USDT (-0.04%)
━━━━━━━━━━━━━━━━━━━━━━━
2025-02-15 21:26:43,331 - INFO - 
━━━━━━━━━━ 取引情報 ━━━━━━━━━━
📅 時刻　　　：2025-02-15 21:26:43
💰 BTC価格　：97,631.83 USDT
📉 価格変動　：-0.16%
💵 USDT残高 ：95.99 USDT
₿ BTC保有量：0.000136 BTC
📊 総資産額 ：109.26 USDT
🔄 取引回数 ：買い0回 / 売り0回
📉 現在の損失：-0.02 USDT (-0.02%)
━━━━━━━━━━━━━━━━━━━━━━━
2025-02-15 21:26:53,587 - INFO - 
━━━━━━━━━━ 取引情報 ━━━━━━━━━━
📅 時刻　　　：2025-02-15 21:26:53
💰 BTC価格　：97,631.83 USDT
📉 価格変動　：-0.16%
💵 USDT残高 ：95.99 USDT
₿ BTC保有量：0.000136 BTC
📊 総資産額 ：109.26 USDT
🔄 取引回数 ：買い0回 / 売り0回
📉 現在の損失：-0.02 USDT (-0.02%)
━━━━━━━━━━━━━━━━━━━━━━━
2025-02-15 21:27:03,851 - INFO - 
━━━━━━━━━━ 取引情報 ━━━━━━━━━━
📅 時刻　　　：2025-02-15 21:27:03
💰 BTC価格　：97,683.01 USDT
📉 価格変動　：-0.11%
💵 USDT残高 ：95.99 USDT
₿ BTC保有量：0.000136 BTC
📊 総資産額 ：109.27 USDT
🔄 取引回数 ：買い0回 / 売り0回
📉 現在の損失：-0.01 USDT (-0.01%)
━━━━━━━━━━━━━━━━━━━━━━━
2025-02-15 21:27:14,111 - INFO - 
━━━━━━━━━━ 取引情報 ━━━━━━━━━━
📅 時刻　　　：2025-02-15 21:27:13
💰 BTC価格　：97,683.01 USDT
📉 価格変動　：-0.11%
💵 USDT残高 ：95.99 USDT
₿ BTC保有量：0.000136 BTC
📊 総資産額 ：109.27 USDT
🔄 取引回数 ：買い0回 / 売り0回
📉 現在の損失：-0.01 USDT (-0.01%)
━━━━━━━━━━━━━━━━━━━━━━━
2025-02-15 21:27:24,368 - INFO - 
━━━━━━━━━━ 取引情報 ━━━━━━━━━━
📅 時刻　　　：2025-02-15 21:27:24
💰 BTC価格　：97,683.01 USDT
📉 価格変動　：-0.11%
💵 USDT残高 ：95.99 USDT
₿ BTC保有量：0.000136 BTC
📊 総資産額 ：109.27 USDT
🔄 取引回数 ：買い0回 / 売り0回
📉 現在の損失：-0.01 USDT (-0.01%)
━━━━━━━━━━━━━━━━━━━━━━━
2025-02-15 21:27:34,620 - INFO - 
━━━━━━━━━━ 取引情報 ━━━━━━━━━━
📅 時刻　　　：2025-02-15 21:27:34
💰 BTC価格　：97,683.01 USDT
📉 価格変動　：-0.11%
💵 USDT残高 ：95.99 USDT
₿ BTC保有量：0.000136 BTC
📊 総資産額 ：109.27 USDT
🔄 取引回数 ：買い0回 / 売り0回
📉 現在の損失：-0.01 USDT (-0.01%)
━━━━━━━━━━━━━━━━━━━━━━━
2025-02-15 21:27:44,878 - INFO - 
━━━━━━━━━━ 取引情報 ━━━━━━━━━━
📅 時刻　　　：2025-02-15 21:27:44
💰 BTC価格　：97,683.01 USDT
📉 価格変動　：-0.11%
💵 USDT残高 ：95.99 USDT
₿ BTC保有量：0.000136 BTC
📊 総資産額 ：109.27 USDT
🔄 取引回数 ：買い0回 / 売り0回
📉 現在の損失：-0.01 USDT (-0.01%)
━━━━━━━━━━━━━━━━━━━━━━━
2025-02-15 21:27:55,143 - INFO - 
━━━━━━━━━━ 取引情報 ━━━━━━━━━━
📅 時刻　　　：2025-02-15 21:27:54
💰 BTC価格　：97,683.01 USDT
📉 価格変動　：-0.11%
💵 USDT残高 ：95.99 USDT
₿ BTC保有量：0.000136 BTC
📊 総資産額 ：109.27 USDT
🔄 取引回数 ：買い0回 / 売り0回
📉 現在の損失：-0.01 USDT (-0.01%)
━━━━━━━━━━━━━━━━━━━━━━━
2025-02-15 21:28:05,397 - INFO - 
━━━━━━━━━━ 取引情報 ━━━━━━━━━━
📅 時刻　　　：2025-02-15 21:28:05
💰 BTC価格　：97,683.01 USDT
📉 価格変動　：-0.11%
💵 USDT残高 ：95.99 USDT
₿ BTC保有量：0.000136 BTC
📊 総資産額 ：109.27 USDT
🔄 取引回数 ：買い0回 / 売り0回
📉 現在の損失：-0.01 USDT (-0.01%)
━━━━━━━━━━━━━━━━━━━━━━━
2025-02-15 21:28:15,666 - INFO - 
━━━━━━━━━━ 取引情報 ━━━━━━━━━━
📅 時刻　　　：2025-02-15 21:28:15
💰 BTC価格　：97,699.72 USDT
📉 価格変動　：-0.09%
💵 USDT残高 ：95.99 USDT
₿ BTC保有量：0.000136 BTC
📊 総資産額 ：109.27 USDT
🔄 取引回数 ：買い0回 / 売り0回
📉 現在の損失：-0.01 USDT (-0.01%)
━━━━━━━━━━━━━━━━━━━━━━━
2025-02-15 21:28:25,920 - INFO - 
━━━━━━━━━━ 取引情報 ━━━━━━━━━━
📅 時刻　　　：2025-02-15 21:28:25
💰 BTC価格　：97,714.52 USDT
📉 価格変動　：-0.08%
💵 USDT残高 ：95.99 USDT
₿ BTC保有量：0.000136 BTC
📊 総資産額 ：109.27 USDT
🔄 取引回数 ：買い0回 / 売り0回
📉 現在の損失：-0.01 USDT (-0.01%)
━━━━━━━━━━━━━━━━━━━━━━━
2025-02-15 21:28:36,175 - INFO - 
━━━━━━━━━━ 取引情報 ━━━━━━━━━━
📅 時刻　　　：2025-02-15 21:28:36
💰 BTC価格　：97,714.52 USDT
📉 価格変動　：-0.08%
💵 USDT残高 ：95.99 USDT
₿ BTC保有量：0.000136 BTC
📊 総資産額 ：109.27 USDT
🔄 取引回数 ：買い0回 / 売り0回
📉 現在の損失：-0.01 USDT (-0.01%)
━━━━━━━━━━━━━━━━━━━━━━━
2025-02-15 21:28:46,433 - INFO - 
━━━━━━━━━━ 取引情報 ━━━━━━━━━━
📅 時刻　　　：2025-02-15 21:28:46
💰 BTC価格　：97,714.52 USDT
📉 価格変動　：-0.08%
💵 USDT残高 ：95.99 USDT
₿ BTC保有量：0.000136 BTC
📊 総資産額 ：109.27 USDT
🔄 取引回数 ：買い0回 / 売り0回
📉 現在の損失：-0.01 USDT (-0.01%)
━━━━━━━━━━━━━━━━━━━━━━━
2025-02-15 21:28:56,687 - INFO - 
━━━━━━━━━━ 取引情報 ━━━━━━━━━━
📅 時刻　　　：2025-02-15 21:28:56
💰 BTC価格　：97,714.52 USDT
📉 価格変動　：-0.08%
💵 USDT残高 ：95.99 USDT
₿ BTC保有量：0.000136 BTC
📊 総資産額 ：109.27 USDT
🔄 取引回数 ：買い0回 / 売り0回
📉 現在の損失：-0.01 USDT (-0.01%)
━━━━━━━━━━━━━━━━━━━━━━━
2025-02-15 21:29:06,946 - INFO - 
━━━━━━━━━━ 取引情報 ━━━━━━━━━━
📅 時刻　　　：2025-02-15 21:29:06
💰 BTC価格　：97,714.52 USDT
📉 価格変動　：-0.08%
💵 USDT残高 ：95.99 USDT
₿ BTC保有量：0.000136 BTC
📊 総資産額 ：109.27 USDT
🔄 取引回数 ：買い0回 / 売り0回
📉 現在の損失：-0.01 USDT (-0.01%)
━━━━━━━━━━━━━━━━━━━━━━━
2025-02-15 21:29:17,210 - INFO - 
━━━━━━━━━━ 取引情報 ━━━━━━━━━━
📅 時刻　　　：2025-02-15 21:29:17
💰 BTC価格　：97,714.52 USDT
📉 価格変動　：-0.08%
💵 USDT残高 ：95.99 USDT
₿ BTC保有量：0.000136 BTC
📊 総資産額 ：109.27 USDT
🔄 取引回数 ：買い0回 / 売り0回
📉 現在の損失：-0.01 USDT (-0.01%)
━━━━━━━━━━━━━━━━━━━━━━━
2025-02-15 21:29:27,467 - INFO - 
━━━━━━━━━━ 取引情報 ━━━━━━━━━━
📅 時刻　　　：2025-02-15 21:29:27
💰 BTC価格　：97,714.52 USDT
📉 価格変動　：-0.08%
💵 USDT残高 ：95.99 USDT
₿ BTC保有量：0.000136 BTC
📊 総資産額 ：109.27 USDT
🔄 取引回数 ：買い0回 / 売り0回
📉 現在の損失：-0.01 USDT (-0.01%)
━━━━━━━━━━━━━━━━━━━━━━━
2025-02-15 21:29:37,723 - INFO - 
━━━━━━━━━━ 取引情報 ━━━━━━━━━━
📅 時刻　　　：2025-02-15 21:29:37
💰 BTC価格　：97,714.52 USDT
📉 価格変動　：-0.08%
💵 USDT残高 ：95.99 USDT
₿ BTC保有量：0.000136 BTC
📊 総資産額 ：109.27 USDT
🔄 取引回数 ：買い0回 / 売り0回
📉 現在の損失：-0.01 USDT (-0.01%)
━━━━━━━━━━━━━━━━━━━━━━━
2025-02-15 21:29:47,974 - INFO - 
━━━━━━━━━━ 取引情報 ━━━━━━━━━━
📅 時刻　　　：2025-02-15 21:29:47
💰 BTC価格　：97,714.52 USDT
📉 価格変動　：-0.08%
💵 USDT残高 ：95.99 USDT
₿ BTC保有量：0.000136 BTC
📊 総資産額 ：109.27 USDT
🔄 取引回数 ：買い0回 / 売り0回
📉 現在の損失：-0.01 USDT (-0.01%)
━━━━━━━━━━━━━━━━━━━━━━━
2025-02-15 21:29:58,232 - INFO - 
━━━━━━━━━━ 取引情報 ━━━━━━━━━━
📅 時刻　　　：2025-02-15 21:29:58
💰 BTC価格　：97,692.20 USDT
📉 価格変動　：-0.10%
💵 USDT残高 ：95.99 USDT
₿ BTC保有量：0.000136 BTC
📊 総資産額 ：109.27 USDT
🔄 取引回数 ：買い0回 / 売り0回
📉 現在の損失：-0.01 USDT (-0.01%)
━━━━━━━━━━━━━━━━━━━━━━━
2025-02-15 21:30:08,491 - INFO - 
━━━━━━━━━━ 取引情報 ━━━━━━━━━━
📅 時刻　　　：2025-02-15 21:30:08
💰 BTC価格　：97,692.20 USDT
📉 価格変動　：-0.10%
💵 USDT残高 ：95.99 USDT
₿ BTC保有量：0.000136 BTC
📊 総資産額 ：109.27 USDT
🔄 取引回数 ：買い0回 / 売り0回
📉 現在の損失：-0.01 USDT (-0.01%)
━━━━━━━━━━━━━━━━━━━━━━━
2025-02-15 21:30:18,741 - INFO - 
━━━━━━━━━━ 取引情報 ━━━━━━━━━━
📅 時刻　　　：2025-02-15 21:30:18
💰 BTC価格　：97,692.20 USDT
📉 価格変動　：-0.10%
💵 USDT残高 ：95.99 USDT
₿ BTC保有量：0.000136 BTC
📊 総資産額 ：109.27 USDT
🔄 取引回数 ：買い0回 / 売り0回
📉 現在の損失：-0.01 USDT (-0.01%)
━━━━━━━━━━━━━━━━━━━━━━━
2025-02-15 21:30:29,010 - INFO - 
━━━━━━━━━━ 取引情報 ━━━━━━━━━━
📅 時刻　　　：2025-02-15 21:30:28
💰 BTC価格　：97,692.20 USDT
📉 価格変動　：-0.10%
💵 USDT残高 ：95.99 USDT
₿ BTC保有量：0.000136 BTC
📊 総資産額 ：109.27 USDT
🔄 取引回数 ：買い0回 / 売り0回
📉 現在の損失：-0.01 USDT (-0.01%)
━━━━━━━━━━━━━━━━━━━━━━━
2025-02-15 21:30:39,261 - INFO - 
━━━━━━━━━━ 取引情報 ━━━━━━━━━━
📅 時刻　　　：2025-02-15 21:30:39
💰 BTC価格　：97,692.20 USDT
📉 価格変動　：-0.10%
💵 USDT残高 ：95.99 USDT
₿ BTC保有量：0.000136 BTC
📊 総資産額 ：109.27 USDT
🔄 取引回数 ：買い0回 / 売り0回
📉 現在の損失：-0.01 USDT (-0.01%)
━━━━━━━━━━━━━━━━━━━━━━━
2025-02-15 21:30:49,514 - INFO - 
━━━━━━━━━━ 取引情報 ━━━━━━━━━━
📅 時刻　　　：2025-02-15 21:30:49
💰 BTC価格　：97,615.18 USDT
📉 価格変動　：-0.18%
💵 USDT残高 ：95.99 USDT
₿ BTC保有量：0.000136 BTC
📊 総資産額 ：109.26 USDT
🔄 取引回数 ：買い0回 / 売り0回
📉 現在の損失：-0.02 USDT (-0.02%)
━━━━━━━━━━━━━━━━━━━━━━━
2025-02-15 21:30:59,772 - INFO - 
━━━━━━━━━━ 取引情報 ━━━━━━━━━━
📅 時刻　　　：2025-02-15 21:30:59
💰 BTC価格　：97,615.18 USDT
📉 価格変動　：-0.18%
💵 USDT残高 ：95.99 USDT
₿ BTC保有量：0.000136 BTC
📊 総資産額 ：109.26 USDT
🔄 取引回数 ：買い0回 / 売り0回
📉 現在の損失：-0.02 USDT (-0.02%)
━━━━━━━━━━━━━━━━━━━━━━━
2025-02-15 21:31:10,023 - INFO - 
━━━━━━━━━━ 取引情報 ━━━━━━━━━━
📅 時刻　　　：2025-02-15 21:31:09
💰 BTC価格　：97,822.23 USDT
📈 価格変動　：+0.03%
💵 USDT残高 ：95.99 USDT
₿ BTC保有量：0.000136 BTC
📊 総資産額 ：109.29 USDT
🔄 取引回数 ：買い0回 / 売り0回
💹 現在の利益：+0.00 USDT (+0.00%)
━━━━━━━━━━━━━━━━━━━━━━━
2025-02-15 21:31:20,286 - INFO - 
━━━━━━━━━━ 取引情報 ━━━━━━━━━━
📅 時刻　　　：2025-02-15 21:31:20
💰 BTC価格　：97,822.23 USDT
📈 価格変動　：+0.03%
💵 USDT残高 ：95.99 USDT
₿ BTC保有量：0.000136 BTC
📊 総資産額 ：109.29 USDT
🔄 取引回数 ：買い0回 / 売り0回
💹 現在の利益：+0.00 USDT (+0.00%)
━━━━━━━━━━━━━━━━━━━━━━━
2025-02-15 21:31:30,543 - INFO - 
━━━━━━━━━━ 取引情報 ━━━━━━━━━━
📅 時刻　　　：2025-02-15 21:31:30
💰 BTC価格　：97,822.23 USDT
📈 価格変動　：+0.03%
💵 USDT残高 ：95.99 USDT
₿ BTC保有量：0.000136 BTC
📊 総資産額 ：109.29 USDT
🔄 取引回数 ：買い0回 / 売り0回
💹 現在の利益：+0.00 USDT (+0.00%)
━━━━━━━━━━━━━━━━━━━━━━━
2025-02-15 21:31:40,802 - INFO - 
━━━━━━━━━━ 取引情報 ━━━━━━━━━━
📅 時刻　　　：2025-02-15 21:31:40
💰 BTC価格　：97,615.93 USDT
📉 価格変動　：-0.18%
💵 USDT残高 ：95.99 USDT
₿ BTC保有量：0.000136 BTC
📊 総資産額 ：109.26 USDT
🔄 取引回数 ：買い0回 / 売り0回
📉 現在の損失：-0.02 USDT (-0.02%)
━━━━━━━━━━━━━━━━━━━━━━━
2025-02-15 21:31:51,055 - INFO - 
━━━━━━━━━━ 取引情報 ━━━━━━━━━━
📅 時刻　　　：2025-02-15 21:31:50
💰 BTC価格　：97,615.93 USDT
📉 価格変動　：-0.18%
💵 USDT残高 ：95.99 USDT
₿ BTC保有量：0.000136 BTC
📊 総資産額 ：109.26 USDT
🔄 取引回数 ：買い0回 / 売り0回
📉 現在の損失：-0.02 USDT (-0.02%)
━━━━━━━━━━━━━━━━━━━━━━━
2025-02-15 21:32:01,310 - INFO - 
━━━━━━━━━━ 取引情報 ━━━━━━━━━━
📅 時刻　　　：2025-02-15 21:32:01
💰 BTC価格　：97,628.67 USDT
📉 価格変動　：-0.17%
💵 USDT残高 ：95.99 USDT
₿ BTC保有量：0.000136 BTC
📊 総資産額 ：109.26 USDT
🔄 取引回数 ：買い0回 / 売り0回
📉 現在の損失：-0.02 USDT (-0.02%)
━━━━━━━━━━━━━━━━━━━━━━━
2025-02-15 21:32:11,568 - INFO - 
━━━━━━━━━━ 取引情報 ━━━━━━━━━━
📅 時刻　　　：2025-02-15 21:32:11
💰 BTC価格　：97,630.57 USDT
📉 価格変動　：-0.17%
💵 USDT残高 ：95.99 USDT
₿ BTC保有量：0.000136 BTC
📊 総資産額 ：109.26 USDT
🔄 取引回数 ：買い0回 / 売り0回
📉 現在の損失：-0.02 USDT (-0.02%)
━━━━━━━━━━━━━━━━━━━━━━━
2025-02-15 21:32:21,820 - INFO - 
━━━━━━━━━━ 取引情報 ━━━━━━━━━━
📅 時刻　　　：2025-02-15 21:32:21
💰 BTC価格　：97,630.57 USDT
📉 価格変動　：-0.17%
💵 USDT残高 ：95.99 USDT
₿ BTC保有量：0.000136 BTC
📊 総資産額 ：109.26 USDT
🔄 取引回数 ：買い0回 / 売り0回
📉 現在の損失：-0.02 USDT (-0.02%)
━━━━━━━━━━━━━━━━━━━━━━━
2025-02-15 21:32:32,073 - INFO - 
━━━━━━━━━━ 取引情報 ━━━━━━━━━━
📅 時刻　　　：2025-02-15 21:32:31
💰 BTC価格　：97,626.75 USDT
📉 価格変動　：-0.17%
💵 USDT残高 ：95.99 USDT
₿ BTC保有量：0.000136 BTC
📊 総資産額 ：109.26 USDT
🔄 取引回数 ：買い0回 / 売り0回
📉 現在の損失：-0.02 USDT (-0.02%)
━━━━━━━━━━━━━━━━━━━━━━━
2025-02-15 21:32:42,324 - INFO - 
━━━━━━━━━━ 取引情報 ━━━━━━━━━━
📅 時刻　　　：2025-02-15 21:32:42
💰 BTC価格　：97,627.86 USDT
📉 価格変動　：-0.17%
💵 USDT残高 ：95.99 USDT
₿ BTC保有量：0.000136 BTC
📊 総資産額 ：109.26 USDT
🔄 取引回数 ：買い0回 / 売り0回
📉 現在の損失：-0.02 USDT (-0.02%)
━━━━━━━━━━━━━━━━━━━━━━━
2025-02-15 21:32:52,576 - INFO - 
━━━━━━━━━━ 取引情報 ━━━━━━━━━━
📅 時刻　　　：2025-02-15 21:32:52
💰 BTC価格　：97,625.32 USDT
📉 価格変動　：-0.17%
💵 USDT残高 ：95.99 USDT
₿ BTC保有量：0.000136 BTC
📊 総資産額 ：109.26 USDT
🔄 取引回数 ：買い0回 / 売り0回
📉 現在の損失：-0.02 USDT (-0.02%)
━━━━━━━━━━━━━━━━━━━━━━━
2025-02-15 21:33:02,841 - INFO - 
━━━━━━━━━━ 取引情報 ━━━━━━━━━━
📅 時刻　　　：2025-02-15 21:33:02
💰 BTC価格　：97,625.32 USDT
📉 価格変動　：-0.17%
💵 USDT残高 ：95.99 USDT
₿ BTC保有量：0.000136 BTC
📊 総資産額 ：109.26 USDT
🔄 取引回数 ：買い0回 / 売り0回
📉 現在の損失：-0.02 USDT (-0.02%)
━━━━━━━━━━━━━━━━━━━━━━━
2025-02-15 21:33:13,099 - INFO - 
━━━━━━━━━━ 取引情報 ━━━━━━━━━━
📅 時刻　　　：2025-02-15 21:33:12
💰 BTC価格　：97,625.32 USDT
📉 価格変動　：-0.17%
💵 USDT残高 ：95.99 USDT
₿ BTC保有量：0.000136 BTC
📊 総資産額 ：109.26 USDT
🔄 取引回数 ：買い0回 / 売り0回
📉 現在の損失：-0.02 USDT (-0.02%)
━━━━━━━━━━━━━━━━━━━━━━━
2025-02-15 21:33:23,359 - INFO - 
━━━━━━━━━━ 取引情報 ━━━━━━━━━━
📅 時刻　　　：2025-02-15 21:33:23
💰 BTC価格　：97,625.32 USDT
📉 価格変動　：-0.17%
💵 USDT残高 ：95.99 USDT
₿ BTC保有量：0.000136 BTC
📊 総資産額 ：109.26 USDT
🔄 取引回数 ：買い0回 / 売り0回
📉 現在の損失：-0.02 USDT (-0.02%)
━━━━━━━━━━━━━━━━━━━━━━━
2025-02-15 21:33:33,620 - INFO - 
━━━━━━━━━━ 取引情報 ━━━━━━━━━━
📅 時刻　　　：2025-02-15 21:33:33
💰 BTC価格　：97,660.06 USDT
📉 価格変動　：-0.14%
💵 USDT残高 ：95.99 USDT
₿ BTC保有量：0.000136 BTC
📊 総資産額 ：109.26 USDT
🔄 取引回数 ：買い0回 / 売り0回
📉 現在の損失：-0.02 USDT (-0.02%)
━━━━━━━━━━━━━━━━━━━━━━━
2025-02-15 21:33:43,882 - INFO - 
━━━━━━━━━━ 取引情報 ━━━━━━━━━━
📅 時刻　　　：2025-02-15 21:33:43
💰 BTC価格　：97,660.06 USDT
📉 価格変動　：-0.14%
💵 USDT残高 ：95.99 USDT
₿ BTC保有量：0.000136 BTC
📊 総資産額 ：109.26 USDT
🔄 取引回数 ：買い0回 / 売り0回
📉 現在の損失：-0.02 USDT (-0.02%)
━━━━━━━━━━━━━━━━━━━━━━━
2025-02-15 21:33:54,139 - INFO - 
━━━━━━━━━━ 取引情報 ━━━━━━━━━━
📅 時刻　　　：2025-02-15 21:33:53
💰 BTC価格　：97,660.06 USDT
📉 価格変動　：-0.14%
💵 USDT残高 ：95.99 USDT
₿ BTC保有量：0.000136 BTC
📊 総資産額 ：109.26 USDT
🔄 取引回数 ：買い0回 / 売り0回
📉 現在の損失：-0.02 USDT (-0.02%)
━━━━━━━━━━━━━━━━━━━━━━━
2025-02-15 21:34:04,533 - INFO - 
━━━━━━━━━━ 取引情報 ━━━━━━━━━━
📅 時刻　　　：2025-02-15 21:34:04
💰 BTC価格　：97,660.06 USDT
📉 価格変動　：-0.14%
💵 USDT残高 ：95.99 USDT
₿ BTC保有量：0.000136 BTC
📊 総資産額 ：109.26 USDT
🔄 取引回数 ：買い0回 / 売り0回
📉 現在の損失：-0.02 USDT (-0.02%)
━━━━━━━━━━━━━━━━━━━━━━━
2025-02-15 21:34:14,786 - INFO - 
━━━━━━━━━━ 取引情報 ━━━━━━━━━━
📅 時刻　　　：2025-02-15 21:34:14
💰 BTC価格　：97,660.06 USDT
📉 価格変動　：-0.14%
💵 USDT残高 ：95.99 USDT
₿ BTC保有量：0.000136 BTC
📊 総資産額 ：109.26 USDT
🔄 取引回数 ：買い0回 / 売り0回
📉 現在の損失：-0.02 USDT (-0.02%)
━━━━━━━━━━━━━━━━━━━━━━━
2025-02-15 21:34:25,039 - INFO - 
━━━━━━━━━━ 取引情報 ━━━━━━━━━━
📅 時刻　　　：2025-02-15 21:34:24
💰 BTC価格　：97,625.32 USDT
📉 価格変動　：-0.17%
💵 USDT残高 ：95.99 USDT
₿ BTC保有量：0.000136 BTC
📊 総資産額 ：109.26 USDT
🔄 取引回数 ：買い0回 / 売り0回
📉 現在の損失：-0.02 USDT (-0.02%)
━━━━━━━━━━━━━━━━━━━━━━━
2025-02-15 21:34:35,300 - INFO - 
━━━━━━━━━━ 取引情報 ━━━━━━━━━━
📅 時刻　　　：2025-02-15 21:34:35
💰 BTC価格　：97,625.32 USDT
📉 価格変動　：-0.17%
💵 USDT残高 ：95.99 USDT
₿ BTC保有量：0.000136 BTC
📊 総資産額 ：109.26 USDT
🔄 取引回数 ：買い0回 / 売り0回
📉 現在の損失：-0.02 USDT (-0.02%)
━━━━━━━━━━━━━━━━━━━━━━━
2025-02-15 21:34:45,556 - INFO - 
━━━━━━━━━━ 取引情報 ━━━━━━━━━━
📅 時刻　　　：2025-02-15 21:34:45
💰 BTC価格　：97,625.32 USDT
📉 価格変動　：-0.17%
💵 USDT残高 ：95.99 USDT
₿ BTC保有量：0.000136 BTC
📊 総資産額 ：109.26 USDT
🔄 取引回数 ：買い0回 / 売り0回
📉 現在の損失：-0.02 USDT (-0.02%)
━━━━━━━━━━━━━━━━━━━━━━━
2025-02-15 21:34:55,816 - INFO - 
━━━━━━━━━━ 取引情報 ━━━━━━━━━━
📅 時刻　　　：2025-02-15 21:34:55
💰 BTC価格　：97,625.32 USDT
📉 価格変動　：-0.17%
💵 USDT残高 ：95.99 USDT
₿ BTC保有量：0.000136 BTC
📊 総資産額 ：109.26 USDT
🔄 取引回数 ：買い0回 / 売り0回
📉 現在の損失：-0.02 USDT (-0.02%)
━━━━━━━━━━━━━━━━━━━━━━━
2025-02-15 21:35:06,073 - INFO - 
━━━━━━━━━━ 取引情報 ━━━━━━━━━━
📅 時刻　　　：2025-02-15 21:35:05
💰 BTC価格　：97,645.25 USDT
📉 価格変動　：-0.15%
💵 USDT残高 ：95.99 USDT
₿ BTC保有量：0.000136 BTC
📊 総資産額 ：109.26 USDT
🔄 取引回数 ：買い0回 / 売り0回
📉 現在の損失：-0.02 USDT (-0.02%)
━━━━━━━━━━━━━━━━━━━━━━━
2025-02-15 21:35:16,326 - INFO - 
━━━━━━━━━━ 取引情報 ━━━━━━━━━━
📅 時刻　　　：2025-02-15 21:35:16
💰 BTC価格　：97,625.32 USDT
📉 価格変動　：-0.17%
💵 USDT残高 ：95.99 USDT
₿ BTC保有量：0.000136 BTC
📊 総資産額 ：109.26 USDT
🔄 取引回数 ：買い0回 / 売り0回
📉 現在の損失：-0.02 USDT (-0.02%)
━━━━━━━━━━━━━━━━━━━━━━━
2025-02-15 21:35:26,584 - INFO - 
━━━━━━━━━━ 取引情報 ━━━━━━━━━━
📅 時刻　　　：2025-02-15 21:35:26
💰 BTC価格　：97,625.32 USDT
📉 価格変動　：-0.17%
💵 USDT残高 ：95.99 USDT
₿ BTC保有量：0.000136 BTC
📊 総資産額 ：109.26 USDT
🔄 取引回数 ：買い0回 / 売り0回
📉 現在の損失：-0.02 USDT (-0.02%)
━━━━━━━━━━━━━━━━━━━━━━━
2025-02-15 21:35:36,839 - INFO - 
━━━━━━━━━━ 取引情報 ━━━━━━━━━━
📅 時刻　　　：2025-02-15 21:35:36
💰 BTC価格　：97,625.32 USDT
📉 価格変動　：-0.17%
💵 USDT残高 ：95.99 USDT
₿ BTC保有量：0.000136 BTC
📊 総資産額 ：109.26 USDT
🔄 取引回数 ：買い0回 / 売り0回
📉 現在の損失：-0.02 USDT (-0.02%)
━━━━━━━━━━━━━━━━━━━━━━━
2025-02-15 21:35:47,096 - INFO - 
━━━━━━━━━━ 取引情報 ━━━━━━━━━━
📅 時刻　　　：2025-02-15 21:35:46
💰 BTC価格　：97,526.37 USDT
📉 価格変動　：-0.27%
💵 USDT残高 ：95.99 USDT
₿ BTC保有量：0.000136 BTC
📊 総資産額 ：109.25 USDT
🔄 取引回数 ：買い0回 / 売り0回
📉 現在の損失：-0.04 USDT (-0.03%)
━━━━━━━━━━━━━━━━━━━━━━━
2025-02-15 21:35:57,355 - INFO - 
━━━━━━━━━━ 取引情報 ━━━━━━━━━━
📅 時刻　　　：2025-02-15 21:35:57
💰 BTC価格　：97,526.37 USDT
📉 価格変動　：-0.27%
💵 USDT残高 ：95.99 USDT
₿ BTC保有量：0.000136 BTC
📊 総資産額 ：109.25 USDT
🔄 取引回数 ：買い0回 / 売り0回
📉 現在の損失：-0.04 USDT (-0.03%)
━━━━━━━━━━━━━━━━━━━━━━━
2025-02-15 21:36:07,613 - INFO - 
━━━━━━━━━━ 取引情報 ━━━━━━━━━━
📅 時刻　　　：2025-02-15 21:36:07
💰 BTC価格　：97,526.37 USDT
📉 価格変動　：-0.27%
💵 USDT残高 ：95.99 USDT
₿ BTC保有量：0.000136 BTC
📊 総資産額 ：109.25 USDT
🔄 取引回数 ：買い0回 / 売り0回
📉 現在の損失：-0.04 USDT (-0.03%)
━━━━━━━━━━━━━━━━━━━━━━━
2025-02-15 21:36:17,872 - INFO - 
━━━━━━━━━━ 取引情報 ━━━━━━━━━━
📅 時刻　　　：2025-02-15 21:36:17
💰 BTC価格　：97,696.86 USDT
📉 価格変動　：-0.10%
💵 USDT残高 ：95.99 USDT
₿ BTC保有量：0.000136 BTC
📊 総資産額 ：109.27 USDT
🔄 取引回数 ：買い0回 / 売り0回
📉 現在の損失：-0.01 USDT (-0.01%)
━━━━━━━━━━━━━━━━━━━━━━━
2025-02-15 21:36:28,123 - INFO - 
━━━━━━━━━━ 取引情報 ━━━━━━━━━━
📅 時刻　　　：2025-02-15 21:36:27
💰 BTC価格　：97,696.86 USDT
📉 価格変動　：-0.10%
💵 USDT残高 ：95.99 USDT
₿ BTC保有量：0.000136 BTC
📊 総資産額 ：109.27 USDT
🔄 取引回数 ：買い0回 / 売り0回
📉 現在の損失：-0.01 USDT (-0.01%)
━━━━━━━━━━━━━━━━━━━━━━━
2025-02-15 21:36:38,375 - INFO - 
━━━━━━━━━━ 取引情報 ━━━━━━━━━━
📅 時刻　　　：2025-02-15 21:36:38
💰 BTC価格　：97,596.74 USDT
📉 価格変動　：-0.20%
💵 USDT残高 ：95.99 USDT
₿ BTC保有量：0.000136 BTC
📊 総資産額 ：109.26 USDT
🔄 取引回数 ：買い0回 / 売り0回
📉 現在の損失：-0.03 USDT (-0.02%)
━━━━━━━━━━━━━━━━━━━━━━━
2025-02-15 21:36:48,627 - INFO - 
━━━━━━━━━━ 取引情報 ━━━━━━━━━━
📅 時刻　　　：2025-02-15 21:36:48
💰 BTC価格　：97,711.88 USDT
📉 価格変動　：-0.08%
💵 USDT残高 ：95.99 USDT
₿ BTC保有量：0.000136 BTC
📊 総資産額 ：109.27 USDT
🔄 取引回数 ：買い0回 / 売り0回
📉 現在の損失：-0.01 USDT (-0.01%)
━━━━━━━━━━━━━━━━━━━━━━━
2025-02-15 21:36:58,878 - INFO - 
━━━━━━━━━━ 取引情報 ━━━━━━━━━━
📅 時刻　　　：2025-02-15 21:36:58
💰 BTC価格　：97,711.88 USDT
📉 価格変動　：-0.08%
💵 USDT残高 ：95.99 USDT
₿ BTC保有量：0.000136 BTC
📊 総資産額 ：109.27 USDT
🔄 取引回数 ：買い0回 / 売り0回
📉 現在の損失：-0.01 USDT (-0.01%)
━━━━━━━━━━━━━━━━━━━━━━━
2025-02-15 21:37:09,134 - INFO - 
━━━━━━━━━━ 取引情報 ━━━━━━━━━━
📅 時刻　　　：2025-02-15 21:37:08
💰 BTC価格　：97,711.88 USDT
📉 価格変動　：-0.08%
💵 USDT残高 ：95.99 USDT
₿ BTC保有量：0.000136 BTC
📊 総資産額 ：109.27 USDT
🔄 取引回数 ：買い0回 / 売り0回
📉 現在の損失：-0.01 USDT (-0.01%)
━━━━━━━━━━━━━━━━━━━━━━━
2025-02-15 21:37:19,391 - INFO - 
━━━━━━━━━━ 取引情報 ━━━━━━━━━━
📅 時刻　　　：2025-02-15 21:37:19
💰 BTC価格　：97,711.88 USDT
📉 価格変動　：-0.08%
💵 USDT残高 ：95.99 USDT
₿ BTC保有量：0.000136 BTC
📊 総資産額 ：109.27 USDT
🔄 取引回数 ：買い0回 / 売り0回
📉 現在の損失：-0.01 USDT (-0.01%)
━━━━━━━━━━━━━━━━━━━━━━━
2025-02-15 21:37:29,657 - INFO - 
━━━━━━━━━━ 取引情報 ━━━━━━━━━━
📅 時刻　　　：2025-02-15 21:37:29
💰 BTC価格　：97,711.88 USDT
📉 価格変動　：-0.08%
💵 USDT残高 ：95.99 USDT
₿ BTC保有量：0.000136 BTC
📊 総資産額 ：109.27 USDT
🔄 取引回数 ：買い0回 / 売り0回
📉 現在の損失：-0.01 USDT (-0.01%)
━━━━━━━━━━━━━━━━━━━━━━━
2025-02-15 21:37:40,045 - INFO - 
━━━━━━━━━━ 取引情報 ━━━━━━━━━━
📅 時刻　　　：2025-02-15 21:37:39
💰 BTC価格　：97,711.88 USDT
📉 価格変動　：-0.08%
💵 USDT残高 ：95.99 USDT
₿ BTC保有量：0.000136 BTC
📊 総資産額 ：109.27 USDT
🔄 取引回数 ：買い0回 / 売り0回
📉 現在の損失：-0.01 USDT (-0.01%)
━━━━━━━━━━━━━━━━━━━━━━━
2025-02-15 21:37:50,300 - INFO - 
━━━━━━━━━━ 取引情報 ━━━━━━━━━━
📅 時刻　　　：2025-02-15 21:37:50
💰 BTC価格　：97,711.88 USDT
📉 価格変動　：-0.08%
💵 USDT残高 ：95.99 USDT
₿ BTC保有量：0.000136 BTC
📊 総資産額 ：109.27 USDT
🔄 取引回数 ：買い0回 / 売り0回
📉 現在の損失：-0.01 USDT (-0.01%)
━━━━━━━━━━━━━━━━━━━━━━━
2025-02-15 21:38:00,552 - INFO - 
━━━━━━━━━━ 取引情報 ━━━━━━━━━━
📅 時刻　　　：2025-02-15 21:38:00
💰 BTC価格　：97,717.10 USDT
📉 価格変動　：-0.08%
💵 USDT残高 ：95.99 USDT
₿ BTC保有量：0.000136 BTC
📊 総資産額 ：109.27 USDT
🔄 取引回数 ：買い0回 / 売り0回
📉 現在の損失：-0.01 USDT (-0.01%)
━━━━━━━━━━━━━━━━━━━━━━━
2025-02-15 21:38:10,803 - INFO - 
━━━━━━━━━━ 取引情報 ━━━━━━━━━━
📅 時刻　　　：2025-02-15 21:38:10
💰 BTC価格　：97,717.10 USDT
📉 価格変動　：-0.08%
💵 USDT残高 ：95.99 USDT
₿ BTC保有量：0.000136 BTC
📊 総資産額 ：109.27 USDT
🔄 取引回数 ：買い0回 / 売り0回
📉 現在の損失：-0.01 USDT (-0.01%)
━━━━━━━━━━━━━━━━━━━━━━━
2025-02-15 21:38:21,201 - INFO - 
━━━━━━━━━━ 取引情報 ━━━━━━━━━━
📅 時刻　　　：2025-02-15 21:38:20
💰 BTC価格　：97,717.10 USDT
📉 価格変動　：-0.08%
💵 USDT残高 ：95.99 USDT
₿ BTC保有量：0.000136 BTC
📊 総資産額 ：109.27 USDT
🔄 取引回数 ：買い0回 / 売り0回
📉 現在の損失：-0.01 USDT (-0.01%)
━━━━━━━━━━━━━━━━━━━━━━━
2025-02-15 21:38:31,457 - INFO - 
━━━━━━━━━━ 取引情報 ━━━━━━━━━━
📅 時刻　　　：2025-02-15 21:38:31
💰 BTC価格　：97,717.10 USDT
📉 価格変動　：-0.08%
💵 USDT残高 ：95.99 USDT
₿ BTC保有量：0.000136 BTC
📊 総資産額 ：109.27 USDT
🔄 取引回数 ：買い0回 / 売り0回
📉 現在の損失：-0.01 USDT (-0.01%)
━━━━━━━━━━━━━━━━━━━━━━━
2025-02-15 21:38:41,711 - INFO - 
━━━━━━━━━━ 取引情報 ━━━━━━━━━━
📅 時刻　　　：2025-02-15 21:38:41
💰 BTC価格　：97,717.10 USDT
📉 価格変動　：-0.08%
💵 USDT残高 ：95.99 USDT
₿ BTC保有量：0.000136 BTC
📊 総資産額 ：109.27 USDT
🔄 取引回数 ：買い0回 / 売り0回
📉 現在の損失：-0.01 USDT (-0.01%)
━━━━━━━━━━━━━━━━━━━━━━━
2025-02-15 21:38:51,964 - INFO - 
━━━━━━━━━━ 取引情報 ━━━━━━━━━━
📅 時刻　　　：2025-02-15 21:38:51
💰 BTC価格　：97,717.10 USDT
📉 価格変動　：-0.08%
💵 USDT残高 ：95.99 USDT
₿ BTC保有量：0.000136 BTC
📊 総資産額 ：109.27 USDT
🔄 取引回数 ：買い0回 / 売り0回
📉 現在の損失：-0.01 USDT (-0.01%)
━━━━━━━━━━━━━━━━━━━━━━━
2025-02-15 21:39:02,255 - INFO - 
━━━━━━━━━━ 取引情報 ━━━━━━━━━━
📅 時刻　　　：2025-02-15 21:39:02
💰 BTC価格　：97,717.10 USDT
📉 価格変動　：-0.08%
💵 USDT残高 ：95.99 USDT
₿ BTC保有量：0.000136 BTC
📊 総資産額 ：109.27 USDT
🔄 取引回数 ：買い0回 / 売り0回
📉 現在の損失：-0.01 USDT (-0.01%)
━━━━━━━━━━━━━━━━━━━━━━━
2025-02-15 21:39:12,511 - INFO - 
━━━━━━━━━━ 取引情報 ━━━━━━━━━━
📅 時刻　　　：2025-02-15 21:39:12
💰 BTC価格　：97,777.58 USDT
📉 価格変動　：-0.02%
💵 USDT残高 ：95.99 USDT
₿ BTC保有量：0.000136 BTC
📊 総資産額 ：109.28 USDT
🔄 取引回数 ：買い0回 / 売り0回
📉 現在の損失：-0.00 USDT (-0.00%)
━━━━━━━━━━━━━━━━━━━━━━━
2025-02-15 21:39:22,901 - INFO - 
━━━━━━━━━━ 取引情報 ━━━━━━━━━━
📅 時刻　　　：2025-02-15 21:39:22
💰 BTC価格　：97,777.58 USDT
📉 価格変動　：-0.02%
💵 USDT残高 ：95.99 USDT
₿ BTC保有量：0.000136 BTC
📊 総資産額 ：109.28 USDT
🔄 取引回数 ：買い0回 / 売り0回
📉 現在の損失：-0.00 USDT (-0.00%)
━━━━━━━━━━━━━━━━━━━━━━━
2025-02-15 21:39:33,150 - INFO - 
━━━━━━━━━━ 取引情報 ━━━━━━━━━━
📅 時刻　　　：2025-02-15 21:39:32
💰 BTC価格　：97,777.58 USDT
📉 価格変動　：-0.02%
💵 USDT残高 ：95.99 USDT
₿ BTC保有量：0.000136 BTC
📊 総資産額 ：109.28 USDT
🔄 取引回数 ：買い0回 / 売り0回
📉 現在の損失：-0.00 USDT (-0.00%)
━━━━━━━━━━━━━━━━━━━━━━━
2025-02-15 21:39:43,406 - INFO - 
━━━━━━━━━━ 取引情報 ━━━━━━━━━━
📅 時刻　　　：2025-02-15 21:39:43
💰 BTC価格　：97,777.58 USDT
📉 価格変動　：-0.02%
💵 USDT残高 ：95.99 USDT
₿ BTC保有量：0.000136 BTC
📊 総資産額 ：109.28 USDT
🔄 取引回数 ：買い0回 / 売り0回
📉 現在の損失：-0.00 USDT (-0.00%)
━━━━━━━━━━━━━━━━━━━━━━━
2025-02-15 21:39:53,667 - INFO - 
━━━━━━━━━━ 取引情報 ━━━━━━━━━━
📅 時刻　　　：2025-02-15 21:39:53
💰 BTC価格　：97,753.05 USDT
📉 価格変動　：-0.04%
💵 USDT残高 ：95.99 USDT
₿ BTC保有量：0.000136 BTC
📊 総資産額 ：109.28 USDT
🔄 取引回数 ：買い0回 / 売り0回
📉 現在の損失：-0.01 USDT (-0.00%)
━━━━━━━━━━━━━━━━━━━━━━━
2025-02-15 21:40:03,925 - INFO - 
━━━━━━━━━━ 取引情報 ━━━━━━━━━━
📅 時刻　　　：2025-02-15 21:40:03
💰 BTC価格　：97,753.05 USDT
📉 価格変動　：-0.04%
💵 USDT残高 ：95.99 USDT
₿ BTC保有量：0.000136 BTC
📊 総資産額 ：109.28 USDT
🔄 取引回数 ：買い0回 / 売り0回
📉 現在の損失：-0.01 USDT (-0.00%)
━━━━━━━━━━━━━━━━━━━━━━━
2025-02-15 21:40:14,187 - INFO - 
━━━━━━━━━━ 取引情報 ━━━━━━━━━━
📅 時刻　　　：2025-02-15 21:40:14
💰 BTC価格　：97,753.05 USDT
📉 価格変動　：-0.04%
💵 USDT残高 ：95.99 USDT
₿ BTC保有量：0.000136 BTC
📊 総資産額 ：109.28 USDT
🔄 取引回数 ：買い0回 / 売り0回
📉 現在の損失：-0.01 USDT (-0.00%)
━━━━━━━━━━━━━━━━━━━━━━━
2025-02-15 21:40:24,443 - INFO - 
━━━━━━━━━━ 取引情報 ━━━━━━━━━━
📅 時刻　　　：2025-02-15 21:40:24
💰 BTC価格　：97,753.05 USDT
📉 価格変動　：-0.04%
💵 USDT残高 ：95.99 USDT
₿ BTC保有量：0.000136 BTC
📊 総資産額 ：109.28 USDT
🔄 取引回数 ：買い0回 / 売り0回
📉 現在の損失：-0.01 USDT (-0.00%)
━━━━━━━━━━━━━━━━━━━━━━━
2025-02-15 21:40:34,701 - INFO - 
━━━━━━━━━━ 取引情報 ━━━━━━━━━━
📅 時刻　　　：2025-02-15 21:40:34
💰 BTC価格　：97,485.79 USDT
📉 価格変動　：-0.31%
💵 USDT残高 ：95.99 USDT
₿ BTC保有量：0.000136 BTC
📊 総資産額 ：109.24 USDT
🔄 取引回数 ：買い0回 / 売り0回
📉 現在の損失：-0.04 USDT (-0.04%)
━━━━━━━━━━━━━━━━━━━━━━━
2025-02-15 21:40:44,955 - INFO - 
━━━━━━━━━━ 取引情報 ━━━━━━━━━━
📅 時刻　　　：2025-02-15 21:40:44
💰 BTC価格　：97,485.79 USDT
📉 価格変動　：-0.31%
💵 USDT残高 ：95.99 USDT
₿ BTC保有量：0.000136 BTC
📊 総資産額 ：109.24 USDT
🔄 取引回数 ：買い0回 / 売り0回
📉 現在の損失：-0.04 USDT (-0.04%)
━━━━━━━━━━━━━━━━━━━━━━━
2025-02-15 21:40:55,209 - INFO - 
━━━━━━━━━━ 取引情報 ━━━━━━━━━━
📅 時刻　　　：2025-02-15 21:40:55
💰 BTC価格　：97,809.34 USDT
📈 価格変動　：+0.02%
💵 USDT残高 ：95.99 USDT
₿ BTC保有量：0.000136 BTC
📊 総資産額 ：109.29 USDT
🔄 取引回数 ：買い0回 / 売り0回
💹 現在の利益：+0.00 USDT (+0.00%)
━━━━━━━━━━━━━━━━━━━━━━━
2025-02-15 21:41:05,463 - INFO - 
━━━━━━━━━━ 取引情報 ━━━━━━━━━━
📅 時刻　　　：2025-02-15 21:41:05
💰 BTC価格　：97,809.34 USDT
📈 価格変動　：+0.02%
💵 USDT残高 ：95.99 USDT
₿ BTC保有量：0.000136 BTC
📊 総資産額 ：109.29 USDT
🔄 取引回数 ：買い0回 / 売り0回
💹 現在の利益：+0.00 USDT (+0.00%)
━━━━━━━━━━━━━━━━━━━━━━━
2025-02-15 21:41:15,719 - INFO - 
━━━━━━━━━━ 取引情報 ━━━━━━━━━━
📅 時刻　　　：2025-02-15 21:41:15
💰 BTC価格　：97,809.34 USDT
📈 価格変動　：+0.02%
💵 USDT残高 ：95.99 USDT
₿ BTC保有量：0.000136 BTC
📊 総資産額 ：109.29 USDT
🔄 取引回数 ：買い0回 / 売り0回
💹 現在の利益：+0.00 USDT (+0.00%)
━━━━━━━━━━━━━━━━━━━━━━━
2025-02-15 21:41:25,973 - INFO - 
━━━━━━━━━━ 取引情報 ━━━━━━━━━━
📅 時刻　　　：2025-02-15 21:41:25
💰 BTC価格　：97,733.62 USDT
📉 価格変動　：-0.06%
💵 USDT残高 ：95.99 USDT
₿ BTC保有量：0.000136 BTC
📊 総資産額 ：109.27 USDT
🔄 取引回数 ：買い0回 / 売り0回
📉 現在の損失：-0.01 USDT (-0.01%)
━━━━━━━━━━━━━━━━━━━━━━━
2025-02-15 21:41:36,242 - INFO - 
━━━━━━━━━━ 取引情報 ━━━━━━━━━━
📅 時刻　　　：2025-02-15 21:41:36
💰 BTC価格　：97,778.07 USDT
📉 価格変動　：-0.01%
💵 USDT残高 ：95.99 USDT
₿ BTC保有量：0.000136 BTC
📊 総資産額 ：109.28 USDT
🔄 取引回数 ：買い0回 / 売り0回
📉 現在の損失：-0.00 USDT (-0.00%)
━━━━━━━━━━━━━━━━━━━━━━━
2025-02-15 21:41:46,629 - INFO - 
━━━━━━━━━━ 取引情報 ━━━━━━━━━━
📅 時刻　　　：2025-02-15 21:41:46
💰 BTC価格　：97,778.07 USDT
📉 価格変動　：-0.01%
💵 USDT残高 ：95.99 USDT
₿ BTC保有量：0.000136 BTC
📊 総資産額 ：109.28 USDT
🔄 取引回数 ：買い0回 / 売り0回
📉 現在の損失：-0.00 USDT (-0.00%)
━━━━━━━━━━━━━━━━━━━━━━━
2025-02-15 21:41:56,923 - INFO - 
━━━━━━━━━━ 取引情報 ━━━━━━━━━━
📅 時刻　　　：2025-02-15 21:41:56
💰 BTC価格　：97,778.07 USDT
📉 価格変動　：-0.01%
💵 USDT残高 ：95.99 USDT
₿ BTC保有量：0.000136 BTC
📊 総資産額 ：109.28 USDT
🔄 取引回数 ：買い0回 / 売り0回
📉 現在の損失：-0.00 USDT (-0.00%)
━━━━━━━━━━━━━━━━━━━━━━━
2025-02-15 21:42:07,321 - INFO - 
━━━━━━━━━━ 取引情報 ━━━━━━━━━━
📅 時刻　　　：2025-02-15 21:42:07
💰 BTC価格　：97,778.07 USDT
📉 価格変動　：-0.01%
💵 USDT残高 ：95.99 USDT
₿ BTC保有量：0.000136 BTC
📊 総資産額 ：109.28 USDT
🔄 取引回数 ：買い0回 / 売り0回
📉 現在の損失：-0.00 USDT (-0.00%)
━━━━━━━━━━━━━━━━━━━━━━━
2025-02-15 21:42:17,579 - INFO - 
━━━━━━━━━━ 取引情報 ━━━━━━━━━━
📅 時刻　　　：2025-02-15 21:42:17
💰 BTC価格　：97,778.07 USDT
📉 価格変動　：-0.01%
💵 USDT残高 ：95.99 USDT
₿ BTC保有量：0.000136 BTC
📊 総資産額 ：109.28 USDT
🔄 取引回数 ：買い0回 / 売り0回
📉 現在の損失：-0.00 USDT (-0.00%)
━━━━━━━━━━━━━━━━━━━━━━━
2025-02-15 21:42:27,837 - INFO - 
━━━━━━━━━━ 取引情報 ━━━━━━━━━━
📅 時刻　　　：2025-02-15 21:42:27
💰 BTC価格　：97,778.07 USDT
📉 価格変動　：-0.01%
💵 USDT残高 ：95.99 USDT
₿ BTC保有量：0.000136 BTC
📊 総資産額 ：109.28 USDT
🔄 取引回数 ：買い0回 / 売り0回
📉 現在の損失：-0.00 USDT (-0.00%)
━━━━━━━━━━━━━━━━━━━━━━━
2025-02-15 21:42:38,092 - INFO - 
━━━━━━━━━━ 取引情報 ━━━━━━━━━━
📅 時刻　　　：2025-02-15 21:42:37
💰 BTC価格　：97,778.07 USDT
📉 価格変動　：-0.01%
💵 USDT残高 ：95.99 USDT
₿ BTC保有量：0.000136 BTC
📊 総資産額 ：109.28 USDT
🔄 取引回数 ：買い0回 / 売り0回
📉 現在の損失：-0.00 USDT (-0.00%)
━━━━━━━━━━━━━━━━━━━━━━━
2025-02-15 21:42:48,349 - INFO - 
━━━━━━━━━━ 取引情報 ━━━━━━━━━━
📅 時刻　　　：2025-02-15 21:42:48
💰 BTC価格　：97,778.07 USDT
📉 価格変動　：-0.01%
💵 USDT残高 ：95.99 USDT
₿ BTC保有量：0.000136 BTC
📊 総資産額 ：109.28 USDT
🔄 取引回数 ：買い0回 / 売り0回
📉 現在の損失：-0.00 USDT (-0.00%)
━━━━━━━━━━━━━━━━━━━━━━━
2025-02-15 21:42:58,623 - INFO - 
━━━━━━━━━━ 取引情報 ━━━━━━━━━━
📅 時刻　　　：2025-02-15 21:42:58
💰 BTC価格　：97,778.07 USDT
📉 価格変動　：-0.01%
💵 USDT残高 ：95.99 USDT
₿ BTC保有量：0.000136 BTC
📊 総資産額 ：109.28 USDT
🔄 取引回数 ：買い0回 / 売り0回
📉 現在の損失：-0.00 USDT (-0.00%)
━━━━━━━━━━━━━━━━━━━━━━━
2025-02-15 21:43:08,885 - INFO - 
━━━━━━━━━━ 取引情報 ━━━━━━━━━━
📅 時刻　　　：2025-02-15 21:43:08
💰 BTC価格　：97,778.07 USDT
📉 価格変動　：-0.01%
💵 USDT残高 ：95.99 USDT
₿ BTC保有量：0.000136 BTC
📊 総資産額 ：109.28 USDT
🔄 取引回数 ：買い0回 / 売り0回
📉 現在の損失：-0.00 USDT (-0.00%)
━━━━━━━━━━━━━━━━━━━━━━━
2025-02-15 21:43:19,136 - INFO - 
━━━━━━━━━━ 取引情報 ━━━━━━━━━━
📅 時刻　　　：2025-02-15 21:43:18
💰 BTC価格　：97,778.07 USDT
📉 価格変動　：-0.01%
💵 USDT残高 ：95.99 USDT
₿ BTC保有量：0.000136 BTC
📊 総資産額 ：109.28 USDT
🔄 取引回数 ：買い0回 / 売り0回
📉 現在の損失：-0.00 USDT (-0.00%)
━━━━━━━━━━━━━━━━━━━━━━━
2025-02-15 21:43:29,392 - INFO - 
━━━━━━━━━━ 取引情報 ━━━━━━━━━━
📅 時刻　　　：2025-02-15 21:43:29
💰 BTC価格　：97,778.07 USDT
📉 価格変動　：-0.01%
💵 USDT残高 ：95.99 USDT
₿ BTC保有量：0.000136 BTC
📊 総資産額 ：109.28 USDT
🔄 取引回数 ：買い0回 / 売り0回
📉 現在の損失：-0.00 USDT (-0.00%)
━━━━━━━━━━━━━━━━━━━━━━━
2025-02-15 21:43:39,657 - INFO - 
━━━━━━━━━━ 取引情報 ━━━━━━━━━━
📅 時刻　　　：2025-02-15 21:43:39
💰 BTC価格　：97,726.64 USDT
📉 価格変動　：-0.07%
💵 USDT残高 ：95.99 USDT
₿ BTC保有量：0.000136 BTC
📊 総資産額 ：109.27 USDT
🔄 取引回数 ：買い0回 / 売り0回
📉 現在の損失：-0.01 USDT (-0.01%)
━━━━━━━━━━━━━━━━━━━━━━━
2025-02-15 21:43:49,915 - INFO - 
━━━━━━━━━━ 取引情報 ━━━━━━━━━━
📅 時刻　　　：2025-02-15 21:43:49
💰 BTC価格　：97,776.39 USDT
📉 価格変動　：-0.02%
💵 USDT残高 ：95.99 USDT
₿ BTC保有量：0.000136 BTC
📊 総資産額 ：109.28 USDT
🔄 取引回数 ：買い0回 / 売り0回
📉 現在の損失：-0.00 USDT (-0.00%)
━━━━━━━━━━━━━━━━━━━━━━━
2025-02-15 21:44:00,172 - INFO - 
━━━━━━━━━━ 取引情報 ━━━━━━━━━━
📅 時刻　　　：2025-02-15 21:43:59
💰 BTC価格　：97,776.39 USDT
📉 価格変動　：-0.02%
💵 USDT残高 ：95.99 USDT
₿ BTC保有量：0.000136 BTC
📊 総資産額 ：109.28 USDT
🔄 取引回数 ：買い0回 / 売り0回
📉 現在の損失：-0.00 USDT (-0.00%)
━━━━━━━━━━━━━━━━━━━━━━━
2025-02-15 21:44:10,566 - INFO - 
━━━━━━━━━━ 取引情報 ━━━━━━━━━━
📅 時刻　　　：2025-02-15 21:44:10
💰 BTC価格　：97,776.39 USDT
📉 価格変動　：-0.02%
💵 USDT残高 ：95.99 USDT
₿ BTC保有量：0.000136 BTC
📊 総資産額 ：109.28 USDT
🔄 取引回数 ：買い0回 / 売り0回
📉 現在の損失：-0.00 USDT (-0.00%)
━━━━━━━━━━━━━━━━━━━━━━━
2025-02-15 21:44:20,836 - INFO - 
━━━━━━━━━━ 取引情報 ━━━━━━━━━━
📅 時刻　　　：2025-02-15 21:44:20
💰 BTC価格　：97,776.39 USDT
📉 価格変動　：-0.02%
💵 USDT残高 ：95.99 USDT
₿ BTC保有量：0.000136 BTC
📊 総資産額 ：109.28 USDT
🔄 取引回数 ：買い0回 / 売り0回
📉 現在の損失：-0.00 USDT (-0.00%)
━━━━━━━━━━━━━━━━━━━━━━━
2025-02-15 21:44:31,093 - INFO - 
━━━━━━━━━━ 取引情報 ━━━━━━━━━━
📅 時刻　　　：2025-02-15 21:44:30
💰 BTC価格　：97,776.39 USDT
📉 価格変動　：-0.02%
💵 USDT残高 ：95.99 USDT
₿ BTC保有量：0.000136 BTC
📊 総資産額 ：109.28 USDT
🔄 取引回数 ：買い0回 / 売り0回
📉 現在の損失：-0.00 USDT (-0.00%)
━━━━━━━━━━━━━━━━━━━━━━━
2025-02-15 21:44:41,351 - INFO - 
━━━━━━━━━━ 取引情報 ━━━━━━━━━━
📅 時刻　　　：2025-02-15 21:44:41
💰 BTC価格　：97,750.21 USDT
📉 価格変動　：-0.04%
💵 USDT残高 ：95.99 USDT
₿ BTC保有量：0.000136 BTC
📊 総資産額 ：109.28 USDT
🔄 取引回数 ：買い0回 / 売り0回
📉 現在の損失：-0.01 USDT (-0.01%)
━━━━━━━━━━━━━━━━━━━━━━━
2025-02-15 21:44:51,603 - INFO - 
━━━━━━━━━━ 取引情報 ━━━━━━━━━━
📅 時刻　　　：2025-02-15 21:44:51
💰 BTC価格　：97,750.21 USDT
📉 価格変動　：-0.04%
💵 USDT残高 ：95.99 USDT
₿ BTC保有量：0.000136 BTC
📊 総資産額 ：109.28 USDT
🔄 取引回数 ：買い0回 / 売り0回
📉 現在の損失：-0.01 USDT (-0.01%)
━━━━━━━━━━━━━━━━━━━━━━━
2025-02-15 21:45:01,875 - INFO - 
━━━━━━━━━━ 取引情報 ━━━━━━━━━━
📅 時刻　　　：2025-02-15 21:45:01
💰 BTC価格　：97,750.21 USDT
📉 価格変動　：-0.04%
💵 USDT残高 ：95.99 USDT
₿ BTC保有量：0.000136 BTC
📊 総資産額 ：109.28 USDT
🔄 取引回数 ：買い0回 / 売り0回
📉 現在の損失：-0.01 USDT (-0.01%)
━━━━━━━━━━━━━━━━━━━━━━━
2025-02-15 21:45:12,133 - INFO - 
━━━━━━━━━━ 取引情報 ━━━━━━━━━━
📅 時刻　　　：2025-02-15 21:45:11
💰 BTC価格　：97,750.21 USDT
📉 価格変動　：-0.04%
💵 USDT残高 ：95.99 USDT
₿ BTC保有量：0.000136 BTC
📊 総資産額 ：109.28 USDT
🔄 取引回数 ：買い0回 / 売り0回
📉 現在の損失：-0.01 USDT (-0.01%)
━━━━━━━━━━━━━━━━━━━━━━━
2025-02-15 21:45:22,389 - INFO - 
━━━━━━━━━━ 取引情報 ━━━━━━━━━━
📅 時刻　　　：2025-02-15 21:45:22
💰 BTC価格　：97,750.21 USDT
📉 価格変動　：-0.04%
💵 USDT残高 ：95.99 USDT
₿ BTC保有量：0.000136 BTC
📊 総資産額 ：109.28 USDT
🔄 取引回数 ：買い0回 / 売り0回
📉 現在の損失：-0.01 USDT (-0.01%)
━━━━━━━━━━━━━━━━━━━━━━━
2025-02-15 21:45:32,642 - INFO - 
━━━━━━━━━━ 取引情報 ━━━━━━━━━━
📅 時刻　　　：2025-02-15 21:45:32
💰 BTC価格　：97,750.21 USDT
📉 価格変動　：-0.04%
💵 USDT残高 ：95.99 USDT
₿ BTC保有量：0.000136 BTC
📊 総資産額 ：109.28 USDT
🔄 取引回数 ：買い0回 / 売り0回
📉 現在の損失：-0.01 USDT (-0.01%)
━━━━━━━━━━━━━━━━━━━━━━━
2025-02-15 21:45:42,908 - INFO - 
━━━━━━━━━━ 取引情報 ━━━━━━━━━━
📅 時刻　　　：2025-02-15 21:45:42
💰 BTC価格　：97,750.21 USDT
📉 価格変動　：-0.04%
💵 USDT残高 ：95.99 USDT
₿ BTC保有量：0.000136 BTC
📊 総資産額 ：109.28 USDT
🔄 取引回数 ：買い0回 / 売り0回
📉 現在の損失：-0.01 USDT (-0.01%)
━━━━━━━━━━━━━━━━━━━━━━━
2025-02-15 21:45:53,166 - INFO - 
━━━━━━━━━━ 取引情報 ━━━━━━━━━━
📅 時刻　　　：2025-02-15 21:45:52
💰 BTC価格　：97,718.32 USDT
📉 価格変動　：-0.08%
💵 USDT残高 ：95.99 USDT
₿ BTC保有量：0.000136 BTC
📊 総資産額 ：109.27 USDT
🔄 取引回数 ：買い0回 / 売り0回
📉 現在の損失：-0.01 USDT (-0.01%)
━━━━━━━━━━━━━━━━━━━━━━━
2025-02-15 21:46:03,421 - INFO - 
━━━━━━━━━━ 取引情報 ━━━━━━━━━━
📅 時刻　　　：2025-02-15 21:46:03
💰 BTC価格　：97,718.32 USDT
📉 価格変動　：-0.08%
💵 USDT残高 ：95.99 USDT
₿ BTC保有量：0.000136 BTC
📊 総資産額 ：109.27 USDT
🔄 取引回数 ：買い0回 / 売り0回
📉 現在の損失：-0.01 USDT (-0.01%)
━━━━━━━━━━━━━━━━━━━━━━━
2025-02-15 21:46:13,681 - INFO - 
━━━━━━━━━━ 取引情報 ━━━━━━━━━━
📅 時刻　　　：2025-02-15 21:46:13
💰 BTC価格　：97,718.32 USDT
📉 価格変動　：-0.08%
💵 USDT残高 ：95.99 USDT
₿ BTC保有量：0.000136 BTC
📊 総資産額 ：109.27 USDT
🔄 取引回数 ：買い0回 / 売り0回
📉 現在の損失：-0.01 USDT (-0.01%)
━━━━━━━━━━━━━━━━━━━━━━━
2025-02-15 21:46:23,935 - INFO - 
━━━━━━━━━━ 取引情報 ━━━━━━━━━━
📅 時刻　　　：2025-02-15 21:46:23
💰 BTC価格　：97,740.37 USDT
📉 価格変動　：-0.05%
💵 USDT残高 ：95.99 USDT
₿ BTC保有量：0.000136 BTC
📊 総資産額 ：109.28 USDT
🔄 取引回数 ：買い0回 / 売り0回
📉 現在の損失：-0.01 USDT (-0.01%)
━━━━━━━━━━━━━━━━━━━━━━━
2025-02-15 21:46:34,196 - INFO - 
━━━━━━━━━━ 取引情報 ━━━━━━━━━━
📅 時刻　　　：2025-02-15 21:46:34
💰 BTC価格　：97,740.37 USDT
📉 価格変動　：-0.05%
💵 USDT残高 ：95.99 USDT
₿ BTC保有量：0.000136 BTC
📊 総資産額 ：109.28 USDT
🔄 取引回数 ：買い0回 / 売り0回
📉 現在の損失：-0.01 USDT (-0.01%)
━━━━━━━━━━━━━━━━━━━━━━━
2025-02-15 21:46:44,462 - INFO - 
━━━━━━━━━━ 取引情報 ━━━━━━━━━━
📅 時刻　　　：2025-02-15 21:46:44
💰 BTC価格　：97,840.05 USDT
📈 価格変動　：+0.05%
💵 USDT残高 ：95.99 USDT
₿ BTC保有量：0.000136 BTC
📊 総資産額 ：109.29 USDT
🔄 取引回数 ：買い0回 / 売り0回
💹 現在の利益：+0.01 USDT (+0.01%)
━━━━━━━━━━━━━━━━━━━━━━━
2025-02-15 21:46:54,717 - INFO - 
━━━━━━━━━━ 取引情報 ━━━━━━━━━━
📅 時刻　　　：2025-02-15 21:46:54
💰 BTC価格　：97,795.44 USDT
📈 価格変動　：+0.00%
💵 USDT残高 ：95.99 USDT
₿ BTC保有量：0.000136 BTC
📊 総資産額 ：109.28 USDT
🔄 取引回数 ：買い0回 / 売り0回
💹 現在の利益：+0.00 USDT (+0.00%)
━━━━━━━━━━━━━━━━━━━━━━━
2025-02-15 21:47:04,972 - INFO - 
━━━━━━━━━━ 取引情報 ━━━━━━━━━━
📅 時刻　　　：2025-02-15 21:47:04
💰 BTC価格　：97,795.44 USDT
📈 価格変動　：+0.00%
💵 USDT残高 ：95.99 USDT
₿ BTC保有量：0.000136 BTC
📊 総資産額 ：109.28 USDT
🔄 取引回数 ：買い0回 / 売り0回
💹 現在の利益：+0.00 USDT (+0.00%)
━━━━━━━━━━━━━━━━━━━━━━━
2025-02-15 21:47:15,225 - INFO - 
━━━━━━━━━━ 取引情報 ━━━━━━━━━━
📅 時刻　　　：2025-02-15 21:47:15
💰 BTC価格　：97,795.44 USDT
📈 価格変動　：+0.00%
💵 USDT残高 ：95.99 USDT
₿ BTC保有量：0.000136 BTC
📊 総資産額 ：109.28 USDT
🔄 取引回数 ：買い0回 / 売り0回
💹 現在の利益：+0.00 USDT (+0.00%)
━━━━━━━━━━━━━━━━━━━━━━━
2025-02-15 21:47:25,481 - INFO - 
━━━━━━━━━━ 取引情報 ━━━━━━━━━━
📅 時刻　　　：2025-02-15 21:47:25
💰 BTC価格　：97,795.44 USDT
📈 価格変動　：+0.00%
💵 USDT残高 ：95.99 USDT
₿ BTC保有量：0.000136 BTC
📊 総資産額 ：109.28 USDT
🔄 取引回数 ：買い0回 / 売り0回
💹 現在の利益：+0.00 USDT (+0.00%)
━━━━━━━━━━━━━━━━━━━━━━━
2025-02-15 21:47:35,731 - INFO - 
━━━━━━━━━━ 取引情報 ━━━━━━━━━━
📅 時刻　　　：2025-02-15 21:47:35
💰 BTC価格　：97,795.44 USDT
📈 価格変動　：+0.00%
💵 USDT残高 ：95.99 USDT
₿ BTC保有量：0.000136 BTC
📊 総資産額 ：109.28 USDT
🔄 取引回数 ：買い0回 / 売り0回
💹 現在の利益：+0.00 USDT (+0.00%)
━━━━━━━━━━━━━━━━━━━━━━━
2025-02-15 21:47:45,987 - INFO - 
━━━━━━━━━━ 取引情報 ━━━━━━━━━━
📅 時刻　　　：2025-02-15 21:47:45
💰 BTC価格　：97,795.44 USDT
📈 価格変動　：+0.00%
💵 USDT残高 ：95.99 USDT
₿ BTC保有量：0.000136 BTC
📊 総資産額 ：109.28 USDT
🔄 取引回数 ：買い0回 / 売り0回
💹 現在の利益：+0.00 USDT (+0.00%)
━━━━━━━━━━━━━━━━━━━━━━━
2025-02-15 21:47:56,239 - INFO - 
━━━━━━━━━━ 取引情報 ━━━━━━━━━━
📅 時刻　　　：2025-02-15 21:47:56
💰 BTC価格　：97,795.44 USDT
📈 価格変動　：+0.00%
💵 USDT残高 ：95.99 USDT
₿ BTC保有量：0.000136 BTC
📊 総資産額 ：109.28 USDT
🔄 取引回数 ：買い0回 / 売り0回
💹 現在の利益：+0.00 USDT (+0.00%)
━━━━━━━━━━━━━━━━━━━━━━━
2025-02-15 21:48:06,493 - INFO - 
━━━━━━━━━━ 取引情報 ━━━━━━━━━━
📅 時刻　　　：2025-02-15 21:48:06
💰 BTC価格　：97,807.67 USDT
📈 価格変動　：+0.02%
💵 USDT残高 ：95.99 USDT
₿ BTC保有量：0.000136 BTC
📊 総資産額 ：109.28 USDT
🔄 取引回数 ：買い0回 / 売り0回
💹 現在の利益：+0.00 USDT (+0.00%)
━━━━━━━━━━━━━━━━━━━━━━━
2025-02-15 21:48:16,756 - INFO - 
━━━━━━━━━━ 取引情報 ━━━━━━━━━━
📅 時刻　　　：2025-02-15 21:48:16
💰 BTC価格　：97,811.02 USDT
📈 価格変動　：+0.02%
💵 USDT残高 ：95.99 USDT
₿ BTC保有量：0.000136 BTC
📊 総資産額 ：109.29 USDT
🔄 取引回数 ：買い0回 / 売り0回
💹 現在の利益：+0.00 USDT (+0.00%)
━━━━━━━━━━━━━━━━━━━━━━━
2025-02-15 21:48:27,146 - INFO - 
━━━━━━━━━━ 取引情報 ━━━━━━━━━━
📅 時刻　　　：2025-02-15 21:48:26
💰 BTC価格　：97,811.02 USDT
📈 価格変動　：+0.02%
💵 USDT残高 ：95.99 USDT
₿ BTC保有量：0.000136 BTC
📊 総資産額 ：109.29 USDT
🔄 取引回数 ：買い0回 / 売り0回
💹 現在の利益：+0.00 USDT (+0.00%)
━━━━━━━━━━━━━━━━━━━━━━━
2025-02-15 21:48:37,408 - INFO - 
━━━━━━━━━━ 取引情報 ━━━━━━━━━━
📅 時刻　　　：2025-02-15 21:48:37
💰 BTC価格　：97,811.02 USDT
📈 価格変動　：+0.02%
💵 USDT残高 ：95.99 USDT
₿ BTC保有量：0.000136 BTC
📊 総資産額 ：109.29 USDT
🔄 取引回数 ：買い0回 / 売り0回
💹 現在の利益：+0.00 USDT (+0.00%)
━━━━━━━━━━━━━━━━━━━━━━━
2025-02-15 21:48:47,664 - INFO - 
━━━━━━━━━━ 取引情報 ━━━━━━━━━━
📅 時刻　　　：2025-02-15 21:48:47
💰 BTC価格　：97,811.02 USDT
📈 価格変動　：+0.02%
💵 USDT残高 ：95.99 USDT
₿ BTC保有量：0.000136 BTC
📊 総資産額 ：109.29 USDT
🔄 取引回数 ：買い0回 / 売り0回
💹 現在の利益：+0.00 USDT (+0.00%)
━━━━━━━━━━━━━━━━━━━━━━━
2025-02-15 21:48:57,915 - INFO - 
━━━━━━━━━━ 取引情報 ━━━━━━━━━━
📅 時刻　　　：2025-02-15 21:48:57
💰 BTC価格　：97,811.02 USDT
📈 価格変動　：+0.02%
💵 USDT残高 ：95.99 USDT
₿ BTC保有量：0.000136 BTC
📊 総資産額 ：109.29 USDT
🔄 取引回数 ：買い0回 / 売り0回
💹 現在の利益：+0.00 USDT (+0.00%)
━━━━━━━━━━━━━━━━━━━━━━━
2025-02-15 21:49:08,171 - INFO - 
━━━━━━━━━━ 取引情報 ━━━━━━━━━━
📅 時刻　　　：2025-02-15 21:49:07
💰 BTC価格　：97,811.02 USDT
📈 価格変動　：+0.02%
💵 USDT残高 ：95.99 USDT
₿ BTC保有量：0.000136 BTC
📊 総資産額 ：109.29 USDT
🔄 取引回数 ：買い0回 / 売り0回
💹 現在の利益：+0.00 USDT (+0.00%)
━━━━━━━━━━━━━━━━━━━━━━━
2025-02-15 21:49:18,432 - INFO - 
━━━━━━━━━━ 取引情報 ━━━━━━━━━━
📅 時刻　　　：2025-02-15 21:49:18
💰 BTC価格　：97,811.02 USDT
📈 価格変動　：+0.02%
💵 USDT残高 ：95.99 USDT
₿ BTC保有量：0.000136 BTC
📊 総資産額 ：109.29 USDT
🔄 取引回数 ：買い0回 / 売り0回
💹 現在の利益：+0.00 USDT (+0.00%)
━━━━━━━━━━━━━━━━━━━━━━━
2025-02-15 21:49:28,688 - INFO - 
━━━━━━━━━━ 取引情報 ━━━━━━━━━━
📅 時刻　　　：2025-02-15 21:49:28
💰 BTC価格　：97,811.02 USDT
📈 価格変動　：+0.02%
💵 USDT残高 ：95.99 USDT
₿ BTC保有量：0.000136 BTC
📊 総資産額 ：109.29 USDT
🔄 取引回数 ：買い0回 / 売り0回
💹 現在の利益：+0.00 USDT (+0.00%)
━━━━━━━━━━━━━━━━━━━━━━━
2025-02-15 21:49:38,939 - INFO - 
━━━━━━━━━━ 取引情報 ━━━━━━━━━━
📅 時刻　　　：2025-02-15 21:49:38
💰 BTC価格　：97,811.02 USDT
📈 価格変動　：+0.02%
💵 USDT残高 ：95.99 USDT
₿ BTC保有量：0.000136 BTC
📊 総資産額 ：109.29 USDT
🔄 取引回数 ：買い0回 / 売り0回
💹 現在の利益：+0.00 USDT (+0.00%)
━━━━━━━━━━━━━━━━━━━━━━━
2025-02-15 21:49:49,194 - INFO - 
━━━━━━━━━━ 取引情報 ━━━━━━━━━━
📅 時刻　　　：2025-02-15 21:49:49
💰 BTC価格　：97,811.02 USDT
📈 価格変動　：+0.02%
💵 USDT残高 ：95.99 USDT
₿ BTC保有量：0.000136 BTC
📊 総資産額 ：109.29 USDT
🔄 取引回数 ：買い0回 / 売り0回
💹 現在の利益：+0.00 USDT (+0.00%)
━━━━━━━━━━━━━━━━━━━━━━━
2025-02-15 21:49:59,590 - INFO - 
━━━━━━━━━━ 取引情報 ━━━━━━━━━━
📅 時刻　　　：2025-02-15 21:49:59
💰 BTC価格　：97,811.02 USDT
📈 価格変動　：+0.02%
💵 USDT残高 ：95.99 USDT
₿ BTC保有量：0.000136 BTC
📊 総資産額 ：109.29 USDT
🔄 取引回数 ：買い0回 / 売り0回
💹 現在の利益：+0.00 USDT (+0.00%)
━━━━━━━━━━━━━━━━━━━━━━━
2025-02-15 21:50:09,845 - INFO - 
━━━━━━━━━━ 取引情報 ━━━━━━━━━━
📅 時刻　　　：2025-02-15 21:50:09
💰 BTC価格　：97,811.02 USDT
📈 価格変動　：+0.02%
💵 USDT残高 ：95.99 USDT
₿ BTC保有量：0.000136 BTC
📊 総資産額 ：109.29 USDT
🔄 取引回数 ：買い0回 / 売り0回
💹 現在の利益：+0.00 USDT (+0.00%)
━━━━━━━━━━━━━━━━━━━━━━━
2025-02-15 21:50:20,102 - INFO - 
━━━━━━━━━━ 取引情報 ━━━━━━━━━━
📅 時刻　　　：2025-02-15 21:50:19
💰 BTC価格　：97,837.54 USDT
📈 価格変動　：+0.05%
💵 USDT残高 ：95.99 USDT
₿ BTC保有量：0.000136 BTC
📊 総資産額 ：109.29 USDT
🔄 取引回数 ：買い0回 / 売り0回
💹 現在の利益：+0.01 USDT (+0.01%)
━━━━━━━━━━━━━━━━━━━━━━━
2025-02-15 21:50:30,356 - INFO - 
━━━━━━━━━━ 取引情報 ━━━━━━━━━━
📅 時刻　　　：2025-02-15 21:50:30
💰 BTC価格　：97,934.78 USDT
📈 価格変動　：+0.15%
💵 USDT残高 ：95.99 USDT
₿ BTC保有量：0.000136 BTC
📊 総資産額 ：109.30 USDT
🔄 取引回数 ：買い0回 / 売り0回
💹 現在の利益：+0.02 USDT (+0.02%)
━━━━━━━━━━━━━━━━━━━━━━━
2025-02-15 21:50:40,616 - INFO - 
━━━━━━━━━━ 取引情報 ━━━━━━━━━━
📅 時刻　　　：2025-02-15 21:50:40
💰 BTC価格　：97,872.69 USDT
📈 価格変動　：+0.08%
💵 USDT残高 ：95.99 USDT
₿ BTC保有量：0.000136 BTC
📊 総資産額 ：109.29 USDT
🔄 取引回数 ：買い0回 / 売り0回
💹 現在の利益：+0.01 USDT (+0.01%)
━━━━━━━━━━━━━━━━━━━━━━━
2025-02-15 21:50:50,868 - INFO - 
━━━━━━━━━━ 取引情報 ━━━━━━━━━━
📅 時刻　　　：2025-02-15 21:50:50
💰 BTC価格　：97,872.69 USDT
📈 価格変動　：+0.08%
💵 USDT残高 ：95.99 USDT
₿ BTC保有量：0.000136 BTC
📊 総資産額 ：109.29 USDT
🔄 取引回数 ：買い0回 / 売り0回
💹 現在の利益：+0.01 USDT (+0.01%)
━━━━━━━━━━━━━━━━━━━━━━━
2025-02-15 21:51:01,124 - INFO - 
━━━━━━━━━━ 取引情報 ━━━━━━━━━━
📅 時刻　　　：2025-02-15 21:51:00
💰 BTC価格　：97,872.69 USDT
📈 価格変動　：+0.08%
💵 USDT残高 ：95.99 USDT
₿ BTC保有量：0.000136 BTC
📊 総資産額 ：109.29 USDT
🔄 取引回数 ：買い0回 / 売り0回
💹 現在の利益：+0.01 USDT (+0.01%)
━━━━━━━━━━━━━━━━━━━━━━━
2025-02-15 21:51:11,376 - INFO - 
━━━━━━━━━━ 取引情報 ━━━━━━━━━━
📅 時刻　　　：2025-02-15 21:51:11
💰 BTC価格　：97,984.50 USDT
📈 価格変動　：+0.20%
💵 USDT残高 ：95.99 USDT
₿ BTC保有量：0.000136 BTC
📊 総資産額 ：109.31 USDT
🔄 取引回数 ：買い0回 / 売り0回
💹 現在の利益：+0.03 USDT (+0.02%)
━━━━━━━━━━━━━━━━━━━━━━━
2025-02-15 21:51:21,634 - INFO - 
━━━━━━━━━━ 取引情報 ━━━━━━━━━━
📅 時刻　　　：2025-02-15 21:51:21
💰 BTC価格　：97,984.50 USDT
📈 価格変動　：+0.20%
💵 USDT残高 ：95.99 USDT
₿ BTC保有量：0.000136 BTC
📊 総資産額 ：109.31 USDT
🔄 取引回数 ：買い0回 / 売り0回
💹 現在の利益：+0.03 USDT (+0.02%)
━━━━━━━━━━━━━━━━━━━━━━━
2025-02-15 21:51:31,902 - INFO - 
━━━━━━━━━━ 取引情報 ━━━━━━━━━━
📅 時刻　　　：2025-02-15 21:51:31
💰 BTC価格　：97,866.34 USDT
📈 価格変動　：+0.08%
💵 USDT残高 ：95.99 USDT
₿ BTC保有量：0.000136 BTC
📊 総資産額 ：109.29 USDT
🔄 取引回数 ：買い0回 / 売り0回
💹 現在の利益：+0.01 USDT (+0.01%)
━━━━━━━━━━━━━━━━━━━━━━━
2025-02-15 21:51:42,156 - INFO - 
━━━━━━━━━━ 取引情報 ━━━━━━━━━━
📅 時刻　　　：2025-02-15 21:51:41
💰 BTC価格　：97,847.45 USDT
📈 価格変動　：+0.06%
💵 USDT残高 ：95.99 USDT
₿ BTC保有量：0.000136 BTC
📊 総資産額 ：109.29 USDT
🔄 取引回数 ：買い0回 / 売り0回
💹 現在の利益：+0.01 USDT (+0.01%)
━━━━━━━━━━━━━━━━━━━━━━━
2025-02-15 21:51:52,414 - INFO - 
━━━━━━━━━━ 取引情報 ━━━━━━━━━━
📅 時刻　　　：2025-02-15 21:51:52
💰 BTC価格　：97,847.45 USDT
📈 価格変動　：+0.06%
💵 USDT残高 ：95.99 USDT
₿ BTC保有量：0.000136 BTC
📊 総資産額 ：109.29 USDT
🔄 取引回数 ：買い0回 / 売り0回
💹 現在の利益：+0.01 USDT (+0.01%)
━━━━━━━━━━━━━━━━━━━━━━━
2025-02-15 21:52:02,670 - INFO - 
━━━━━━━━━━ 取引情報 ━━━━━━━━━━
📅 時刻　　　：2025-02-15 21:52:02
💰 BTC価格　：97,944.81 USDT
📈 価格変動　：+0.16%
💵 USDT残高 ：95.99 USDT
₿ BTC保有量：0.000136 BTC
📊 総資産額 ：109.30 USDT
🔄 取引回数 ：買い0回 / 売り0回
💹 現在の利益：+0.02 USDT (+0.02%)
━━━━━━━━━━━━━━━━━━━━━━━
2025-02-15 21:52:12,920 - INFO - 
━━━━━━━━━━ 取引情報 ━━━━━━━━━━
📅 時刻　　　：2025-02-15 21:52:12
💰 BTC価格　：97,944.81 USDT
📈 価格変動　：+0.16%
💵 USDT残高 ：95.99 USDT
₿ BTC保有量：0.000136 BTC
📊 総資産額 ：109.30 USDT
🔄 取引回数 ：買い0回 / 売り0回
💹 現在の利益：+0.02 USDT (+0.02%)
━━━━━━━━━━━━━━━━━━━━━━━
2025-02-15 21:52:23,174 - INFO - 
━━━━━━━━━━ 取引情報 ━━━━━━━━━━
📅 時刻　　　：2025-02-15 21:52:23
💰 BTC価格　：97,855.20 USDT
📈 価格変動　：+0.06%
💵 USDT残高 ：95.99 USDT
₿ BTC保有量：0.000136 BTC
📊 総資産額 ：109.29 USDT
🔄 取引回数 ：買い0回 / 売り0回
💹 現在の利益：+0.01 USDT (+0.01%)
━━━━━━━━━━━━━━━━━━━━━━━
2025-02-15 21:52:33,439 - INFO - 
━━━━━━━━━━ 取引情報 ━━━━━━━━━━
📅 時刻　　　：2025-02-15 21:52:33
💰 BTC価格　：97,855.20 USDT
📈 価格変動　：+0.06%
💵 USDT残高 ：95.99 USDT
₿ BTC保有量：0.000136 BTC
📊 総資産額 ：109.29 USDT
🔄 取引回数 ：買い0回 / 売り0回
💹 現在の利益：+0.01 USDT (+0.01%)
━━━━━━━━━━━━━━━━━━━━━━━
2025-02-15 21:52:43,690 - INFO - 
━━━━━━━━━━ 取引情報 ━━━━━━━━━━
📅 時刻　　　：2025-02-15 21:52:43
💰 BTC価格　：97,994.74 USDT
📈 価格変動　：+0.21%
💵 USDT残高 ：95.99 USDT
₿ BTC保有量：0.000136 BTC
📊 総資産額 ：109.31 USDT
🔄 取引回数 ：買い0回 / 売り0回
💹 現在の利益：+0.03 USDT (+0.03%)
━━━━━━━━━━━━━━━━━━━━━━━
2025-02-15 21:52:53,949 - INFO - 
━━━━━━━━━━ 取引情報 ━━━━━━━━━━
📅 時刻　　　：2025-02-15 21:52:53
💰 BTC価格　：97,954.95 USDT
📈 価格変動　：+0.17%
💵 USDT残高 ：95.99 USDT
₿ BTC保有量：0.000136 BTC
📊 総資産額 ：109.30 USDT
🔄 取引回数 ：買い0回 / 売り0回
💹 現在の利益：+0.02 USDT (+0.02%)
━━━━━━━━━━━━━━━━━━━━━━━
2025-02-15 21:53:04,211 - INFO - 
━━━━━━━━━━ 取引情報 ━━━━━━━━━━
📅 時刻　　　：2025-02-15 21:53:04
💰 BTC価格　：97,954.95 USDT
📈 価格変動　：+0.17%
💵 USDT残高 ：95.99 USDT
₿ BTC保有量：0.000136 BTC
📊 総資産額 ：109.30 USDT
🔄 取引回数 ：買い0回 / 売り0回
💹 現在の利益：+0.02 USDT (+0.02%)
━━━━━━━━━━━━━━━━━━━━━━━
2025-02-15 21:53:14,464 - INFO - 
━━━━━━━━━━ 取引情報 ━━━━━━━━━━
📅 時刻　　　：2025-02-15 21:53:14
💰 BTC価格　：97,954.95 USDT
📈 価格変動　：+0.17%
💵 USDT残高 ：95.99 USDT
₿ BTC保有量：0.000136 BTC
📊 総資産額 ：109.30 USDT
🔄 取引回数 ：買い0回 / 売り0回
💹 現在の利益：+0.02 USDT (+0.02%)
━━━━━━━━━━━━━━━━━━━━━━━
2025-02-15 21:53:24,717 - INFO - 
━━━━━━━━━━ 取引情報 ━━━━━━━━━━
📅 時刻　　　：2025-02-15 21:53:24
💰 BTC価格　：97,954.95 USDT
📈 価格変動　：+0.17%
💵 USDT残高 ：95.99 USDT
₿ BTC保有量：0.000136 BTC
📊 総資産額 ：109.30 USDT
🔄 取引回数 ：買い0回 / 売り0回
💹 現在の利益：+0.02 USDT (+0.02%)
━━━━━━━━━━━━━━━━━━━━━━━
2025-02-15 21:53:34,974 - INFO - 
━━━━━━━━━━ 取引情報 ━━━━━━━━━━
📅 時刻　　　：2025-02-15 21:53:34
💰 BTC価格　：97,954.95 USDT
📈 価格変動　：+0.17%
💵 USDT残高 ：95.99 USDT
₿ BTC保有量：0.000136 BTC
📊 総資産額 ：109.30 USDT
🔄 取引回数 ：買い0回 / 売り0回
💹 現在の利益：+0.02 USDT (+0.02%)
━━━━━━━━━━━━━━━━━━━━━━━
2025-02-15 21:53:45,224 - INFO - 
━━━━━━━━━━ 取引情報 ━━━━━━━━━━
📅 時刻　　　：2025-02-15 21:53:45
💰 BTC価格　：97,954.95 USDT
📈 価格変動　：+0.17%
💵 USDT残高 ：95.99 USDT
₿ BTC保有量：0.000136 BTC
📊 総資産額 ：109.30 USDT
🔄 取引回数 ：買い0回 / 売り0回
💹 現在の利益：+0.02 USDT (+0.02%)
━━━━━━━━━━━━━━━━━━━━━━━
2025-02-15 21:53:55,481 - INFO - 
━━━━━━━━━━ 取引情報 ━━━━━━━━━━
📅 時刻　　　：2025-02-15 21:53:55
💰 BTC価格　：97,954.95 USDT
📈 価格変動　：+0.17%
💵 USDT残高 ：95.99 USDT
₿ BTC保有量：0.000136 BTC
📊 総資産額 ：109.30 USDT
🔄 取引回数 ：買い0回 / 売り0回
💹 現在の利益：+0.02 USDT (+0.02%)
━━━━━━━━━━━━━━━━━━━━━━━
2025-02-15 21:54:05,734 - INFO - 
━━━━━━━━━━ 取引情報 ━━━━━━━━━━
📅 時刻　　　：2025-02-15 21:54:05
💰 BTC価格　：98,040.05 USDT
📈 価格変動　：+0.25%
💵 USDT残高 ：95.99 USDT
₿ BTC保有量：0.000136 BTC
📊 総資産額 ：109.32 USDT
🔄 取引回数 ：買い0回 / 売り0回
💹 現在の利益：+0.03 USDT (+0.03%)
━━━━━━━━━━━━━━━━━━━━━━━
2025-02-15 21:54:15,985 - INFO - 
━━━━━━━━━━ 取引情報 ━━━━━━━━━━
📅 時刻　　　：2025-02-15 21:54:15
💰 BTC価格　：97,980.57 USDT
📈 価格変動　：+0.19%
💵 USDT残高 ：95.99 USDT
₿ BTC保有量：0.000136 BTC
📊 総資産額 ：109.31 USDT
🔄 取引回数 ：買い0回 / 売り0回
💹 現在の利益：+0.03 USDT (+0.02%)
━━━━━━━━━━━━━━━━━━━━━━━
2025-02-15 21:54:26,246 - INFO - 
━━━━━━━━━━ 取引情報 ━━━━━━━━━━
📅 時刻　　　：2025-02-15 21:54:26
💰 BTC価格　：97,903.18 USDT
📈 価格変動　：+0.11%
💵 USDT残高 ：95.99 USDT
₿ BTC保有量：0.000136 BTC
📊 総資産額 ：109.30 USDT
🔄 取引回数 ：買い0回 / 売り0回
💹 現在の利益：+0.02 USDT (+0.01%)
━━━━━━━━━━━━━━━━━━━━━━━
2025-02-15 21:54:36,500 - INFO - 
━━━━━━━━━━ 取引情報 ━━━━━━━━━━
📅 時刻　　　：2025-02-15 21:54:36
💰 BTC価格　：97,903.18 USDT
📈 価格変動　：+0.11%
💵 USDT残高 ：95.99 USDT
₿ BTC保有量：0.000136 BTC
📊 総資産額 ：109.30 USDT
🔄 取引回数 ：買い0回 / 売り0回
💹 現在の利益：+0.02 USDT (+0.01%)
━━━━━━━━━━━━━━━━━━━━━━━
2025-02-15 21:54:46,756 - INFO - 
━━━━━━━━━━ 取引情報 ━━━━━━━━━━
📅 時刻　　　：2025-02-15 21:54:46
💰 BTC価格　：97,815.65 USDT
📈 価格変動　：+0.02%
💵 USDT残高 ：95.99 USDT
₿ BTC保有量：0.000136 BTC
📊 総資産額 ：109.29 USDT
🔄 取引回数 ：買い0回 / 売り0回
💹 現在の利益：+0.00 USDT (+0.00%)
━━━━━━━━━━━━━━━━━━━━━━━
2025-02-15 21:54:57,016 - INFO - 
━━━━━━━━━━ 取引情報 ━━━━━━━━━━
📅 時刻　　　：2025-02-15 21:54:56
💰 BTC価格　：97,719.71 USDT
📉 価格変動　：-0.07%
💵 USDT残高 ：95.99 USDT
₿ BTC保有量：0.000136 BTC
📊 総資産額 ：109.27 USDT
🔄 取引回数 ：買い0回 / 売り0回
📉 現在の損失：-0.01 USDT (-0.01%)
━━━━━━━━━━━━━━━━━━━━━━━
2025-02-15 21:55:07,267 - INFO - 
━━━━━━━━━━ 取引情報 ━━━━━━━━━━
📅 時刻　　　：2025-02-15 21:55:07
💰 BTC価格　：97,719.71 USDT
📉 価格変動　：-0.07%
💵 USDT残高 ：95.99 USDT
₿ BTC保有量：0.000136 BTC
📊 総資産額 ：109.27 USDT
🔄 取引回数 ：買い0回 / 売り0回
📉 現在の損失：-0.01 USDT (-0.01%)
━━━━━━━━━━━━━━━━━━━━━━━
2025-02-15 21:55:17,522 - INFO - 
━━━━━━━━━━ 取引情報 ━━━━━━━━━━
📅 時刻　　　：2025-02-15 21:55:17
💰 BTC価格　：98,040.05 USDT
📈 価格変動　：+0.25%
💵 USDT残高 ：95.99 USDT
₿ BTC保有量：0.000136 BTC
📊 総資産額 ：109.32 USDT
🔄 取引回数 ：買い0回 / 売り0回
💹 現在の利益：+0.03 USDT (+0.03%)
━━━━━━━━━━━━━━━━━━━━━━━
2025-02-15 21:55:27,778 - INFO - 
━━━━━━━━━━ 取引情報 ━━━━━━━━━━
📅 時刻　　　：2025-02-15 21:55:27
💰 BTC価格　：98,040.05 USDT
📈 価格変動　：+0.25%
💵 USDT残高 ：95.99 USDT
₿ BTC保有量：0.000136 BTC
📊 総資産額 ：109.32 USDT
🔄 取引回数 ：買い0回 / 売り0回
💹 現在の利益：+0.03 USDT (+0.03%)
━━━━━━━━━━━━━━━━━━━━━━━
2025-02-15 21:55:38,031 - INFO - 
━━━━━━━━━━ 取引情報 ━━━━━━━━━━
📅 時刻　　　：2025-02-15 21:55:37
💰 BTC価格　：98,040.05 USDT
📈 価格変動　：+0.25%
💵 USDT残高 ：95.99 USDT
₿ BTC保有量：0.000136 BTC
📊 総資産額 ：109.32 USDT
🔄 取引回数 ：買い0回 / 売り0回
💹 現在の利益：+0.03 USDT (+0.03%)
━━━━━━━━━━━━━━━━━━━━━━━
2025-02-15 21:55:48,283 - INFO - 
━━━━━━━━━━ 取引情報 ━━━━━━━━━━
📅 時刻　　　：2025-02-15 21:55:48
💰 BTC価格　：98,040.05 USDT
📈 価格変動　：+0.25%
💵 USDT残高 ：95.99 USDT
₿ BTC保有量：0.000136 BTC
📊 総資産額 ：109.32 USDT
🔄 取引回数 ：買い0回 / 売り0回
💹 現在の利益：+0.03 USDT (+0.03%)
━━━━━━━━━━━━━━━━━━━━━━━
2025-02-15 21:55:58,537 - INFO - 
━━━━━━━━━━ 取引情報 ━━━━━━━━━━
📅 時刻　　　：2025-02-15 21:55:58
💰 BTC価格　：98,040.05 USDT
📈 価格変動　：+0.25%
💵 USDT残高 ：95.99 USDT
₿ BTC保有量：0.000136 BTC
📊 総資産額 ：109.32 USDT
🔄 取引回数 ：買い0回 / 売り0回
💹 現在の利益：+0.03 USDT (+0.03%)
━━━━━━━━━━━━━━━━━━━━━━━
2025-02-15 21:56:08,799 - INFO - 
━━━━━━━━━━ 取引情報 ━━━━━━━━━━
📅 時刻　　　：2025-02-15 21:56:08
💰 BTC価格　：97,917.12 USDT
📈 価格変動　：+0.13%
💵 USDT残高 ：95.99 USDT
₿ BTC保有量：0.000136 BTC
📊 総資産額 ：109.30 USDT
🔄 取引回数 ：買い0回 / 売り0回
💹 現在の利益：+0.02 USDT (+0.02%)
━━━━━━━━━━━━━━━━━━━━━━━
2025-02-15 21:56:19,057 - INFO - 
━━━━━━━━━━ 取引情報 ━━━━━━━━━━
📅 時刻　　　：2025-02-15 21:56:18
💰 BTC価格　：97,986.18 USDT
📈 価格変動　：+0.20%
💵 USDT残高 ：95.99 USDT
₿ BTC保有量：0.000136 BTC
📊 総資産額 ：109.31 USDT
🔄 取引回数 ：買い0回 / 売り0回
💹 現在の利益：+0.03 USDT (+0.02%)
━━━━━━━━━━━━━━━━━━━━━━━
2025-02-15 21:56:29,308 - INFO - 
━━━━━━━━━━ 取引情報 ━━━━━━━━━━
📅 時刻　　　：2025-02-15 21:56:29
💰 BTC価格　：97,986.18 USDT
📈 価格変動　：+0.20%
💵 USDT残高 ：95.99 USDT
₿ BTC保有量：0.000136 BTC
📊 総資産額 ：109.31 USDT
🔄 取引回数 ：買い0回 / 売り0回
💹 現在の利益：+0.03 USDT (+0.02%)
━━━━━━━━━━━━━━━━━━━━━━━
2025-02-15 21:56:39,560 - INFO - 
━━━━━━━━━━ 取引情報 ━━━━━━━━━━
📅 時刻　　　：2025-02-15 21:56:39
💰 BTC価格　：97,926.00 USDT
📈 価格変動　：+0.14%
💵 USDT残高 ：95.99 USDT
₿ BTC保有量：0.000136 BTC
📊 総資産額 ：109.30 USDT
🔄 取引回数 ：買い0回 / 売り0回
💹 現在の利益：+0.02 USDT (+0.02%)
━━━━━━━━━━━━━━━━━━━━━━━
2025-02-15 21:56:49,817 - INFO - 
━━━━━━━━━━ 取引情報 ━━━━━━━━━━
📅 時刻　　　：2025-02-15 21:56:49
💰 BTC価格　：97,986.18 USDT
📈 価格変動　：+0.20%
💵 USDT残高 ：95.99 USDT
₿ BTC保有量：0.000136 BTC
📊 総資産額 ：109.31 USDT
🔄 取引回数 ：買い0回 / 売り0回
💹 現在の利益：+0.03 USDT (+0.02%)
━━━━━━━━━━━━━━━━━━━━━━━
2025-02-15 21:57:00,075 - INFO - 
━━━━━━━━━━ 取引情報 ━━━━━━━━━━
📅 時刻　　　：2025-02-15 21:56:59
💰 BTC価格　：97,793.95 USDT
📈 価格変動　：+0.00%
💵 USDT残高 ：95.99 USDT
₿ BTC保有量：0.000136 BTC
📊 総資産額 ：109.28 USDT
🔄 取引回数 ：買い0回 / 売り0回
💹 現在の利益：+0.00 USDT (+0.00%)
━━━━━━━━━━━━━━━━━━━━━━━
2025-02-15 21:57:10,331 - INFO - 
━━━━━━━━━━ 取引情報 ━━━━━━━━━━
📅 時刻　　　：2025-02-15 21:57:10
💰 BTC価格　：97,793.95 USDT
📈 価格変動　：+0.00%
💵 USDT残高 ：95.99 USDT
₿ BTC保有量：0.000136 BTC
📊 総資産額 ：109.28 USDT
🔄 取引回数 ：買い0回 / 売り0回
💹 現在の利益：+0.00 USDT (+0.00%)
━━━━━━━━━━━━━━━━━━━━━━━
2025-02-15 21:57:20,586 - INFO - 
━━━━━━━━━━ 取引情報 ━━━━━━━━━━
📅 時刻　　　：2025-02-15 21:57:20
💰 BTC価格　：97,793.95 USDT
📈 価格変動　：+0.00%
💵 USDT残高 ：95.99 USDT
₿ BTC保有量：0.000136 BTC
📊 総資産額 ：109.28 USDT
🔄 取引回数 ：買い0回 / 売り0回
💹 現在の利益：+0.00 USDT (+0.00%)
━━━━━━━━━━━━━━━━━━━━━━━
2025-02-15 21:57:30,837 - INFO - 
━━━━━━━━━━ 取引情報 ━━━━━━━━━━
📅 時刻　　　：2025-02-15 21:57:30
💰 BTC価格　：97,805.67 USDT
📈 価格変動　：+0.01%
💵 USDT残高 ：95.99 USDT
₿ BTC保有量：0.000136 BTC
📊 総資産額 ：109.28 USDT
🔄 取引回数 ：買い0回 / 売り0回
💹 現在の利益：+0.00 USDT (+0.00%)
━━━━━━━━━━━━━━━━━━━━━━━
2025-02-15 21:57:41,101 - INFO - 
━━━━━━━━━━ 取引情報 ━━━━━━━━━━
📅 時刻　　　：2025-02-15 21:57:40
💰 BTC価格　：97,983.10 USDT
📈 価格変動　：+0.19%
💵 USDT残高 ：95.99 USDT
₿ BTC保有量：0.000136 BTC
📊 総資産額 ：109.31 USDT
🔄 取引回数 ：買い0回 / 売り0回
💹 現在の利益：+0.03 USDT (+0.02%)
━━━━━━━━━━━━━━━━━━━━━━━
2025-02-15 21:57:51,353 - INFO - 
━━━━━━━━━━ 取引情報 ━━━━━━━━━━
📅 時刻　　　：2025-02-15 21:57:51
💰 BTC価格　：97,983.10 USDT
📈 価格変動　：+0.19%
💵 USDT残高 ：95.99 USDT
₿ BTC保有量：0.000136 BTC
📊 総資産額 ：109.31 USDT
🔄 取引回数 ：買い0回 / 売り0回
💹 現在の利益：+0.03 USDT (+0.02%)
━━━━━━━━━━━━━━━━━━━━━━━
2025-02-15 21:58:01,611 - INFO - 
━━━━━━━━━━ 取引情報 ━━━━━━━━━━
📅 時刻　　　：2025-02-15 21:58:01
💰 BTC価格　：97,983.10 USDT
📈 価格変動　：+0.19%
💵 USDT残高 ：95.99 USDT
₿ BTC保有量：0.000136 BTC
📊 総資産額 ：109.31 USDT
🔄 取引回数 ：買い0回 / 売り0回
💹 現在の利益：+0.03 USDT (+0.02%)
━━━━━━━━━━━━━━━━━━━━━━━
2025-02-15 21:58:11,872 - INFO - 
━━━━━━━━━━ 取引情報 ━━━━━━━━━━
📅 時刻　　　：2025-02-15 21:58:11
💰 BTC価格　：97,782.19 USDT
📉 価格変動　：-0.01%
💵 USDT残高 ：95.99 USDT
₿ BTC保有量：0.000136 BTC
📊 総資産額 ：109.28 USDT
🔄 取引回数 ：買い0回 / 売り0回
📉 現在の損失：-0.00 USDT (-0.00%)
━━━━━━━━━━━━━━━━━━━━━━━
2025-02-15 21:58:22,122 - INFO - 
━━━━━━━━━━ 取引情報 ━━━━━━━━━━
📅 時刻　　　：2025-02-15 21:58:21
💰 BTC価格　：97,782.19 USDT
📉 価格変動　：-0.01%
💵 USDT残高 ：95.99 USDT
₿ BTC保有量：0.000136 BTC
📊 総資産額 ：109.28 USDT
🔄 取引回数 ：買い0回 / 売り0回
📉 現在の損失：-0.00 USDT (-0.00%)
━━━━━━━━━━━━━━━━━━━━━━━
2025-02-15 21:58:32,376 - INFO - 
━━━━━━━━━━ 取引情報 ━━━━━━━━━━
📅 時刻　　　：2025-02-15 21:58:32
💰 BTC価格　：97,888.04 USDT
📈 価格変動　：+0.10%
💵 USDT残高 ：95.99 USDT
₿ BTC保有量：0.000136 BTC
📊 総資産額 ：109.30 USDT
🔄 取引回数 ：買い0回 / 売り0回
💹 現在の利益：+0.01 USDT (+0.01%)
━━━━━━━━━━━━━━━━━━━━━━━
2025-02-15 21:58:42,628 - INFO - 
━━━━━━━━━━ 取引情報 ━━━━━━━━━━
📅 時刻　　　：2025-02-15 21:58:42
💰 BTC価格　：97,782.19 USDT
📉 価格変動　：-0.01%
💵 USDT残高 ：95.99 USDT
₿ BTC保有量：0.000136 BTC
📊 総資産額 ：109.28 USDT
🔄 取引回数 ：買い0回 / 売り0回
📉 現在の損失：-0.00 USDT (-0.00%)
━━━━━━━━━━━━━━━━━━━━━━━
2025-02-15 21:58:52,881 - INFO - 
━━━━━━━━━━ 取引情報 ━━━━━━━━━━
📅 時刻　　　：2025-02-15 21:58:52
💰 BTC価格　：97,843.56 USDT
📈 価格変動　：+0.05%
💵 USDT残高 ：95.99 USDT
₿ BTC保有量：0.000136 BTC
📊 総資産額 ：109.29 USDT
🔄 取引回数 ：買い0回 / 売り0回
💹 現在の利益：+0.01 USDT (+0.01%)
━━━━━━━━━━━━━━━━━━━━━━━
2025-02-15 21:59:03,155 - INFO - 
━━━━━━━━━━ 取引情報 ━━━━━━━━━━
📅 時刻　　　：2025-02-15 21:59:02
💰 BTC価格　：97,843.56 USDT
📈 価格変動　：+0.05%
💵 USDT残高 ：95.99 USDT
₿ BTC保有量：0.000136 BTC
📊 総資産額 ：109.29 USDT
🔄 取引回数 ：買い0回 / 売り0回
💹 現在の利益：+0.01 USDT (+0.01%)
━━━━━━━━━━━━━━━━━━━━━━━
2025-02-15 21:59:13,410 - INFO - 
━━━━━━━━━━ 取引情報 ━━━━━━━━━━
📅 時刻　　　：2025-02-15 21:59:13
💰 BTC価格　：97,843.56 USDT
📈 価格変動　：+0.05%
💵 USDT残高 ：95.99 USDT
₿ BTC保有量：0.000136 BTC
📊 総資産額 ：109.29 USDT
🔄 取引回数 ：買い0回 / 売り0回
💹 現在の利益：+0.01 USDT (+0.01%)
━━━━━━━━━━━━━━━━━━━━━━━
2025-02-15 21:59:23,662 - INFO - 
━━━━━━━━━━ 取引情報 ━━━━━━━━━━
📅 時刻　　　：2025-02-15 21:59:23
💰 BTC価格　：97,901.81 USDT
📈 価格変動　：+0.11%
💵 USDT残高 ：95.99 USDT
₿ BTC保有量：0.000136 BTC
📊 総資産額 ：109.30 USDT
🔄 取引回数 ：買い0回 / 売り0回
💹 現在の利益：+0.01 USDT (+0.01%)
━━━━━━━━━━━━━━━━━━━━━━━
2025-02-15 21:59:33,919 - INFO - 
━━━━━━━━━━ 取引情報 ━━━━━━━━━━
📅 時刻　　　：2025-02-15 21:59:33
💰 BTC価格　：97,900.37 USDT
📈 価格変動　：+0.11%
💵 USDT残高 ：95.99 USDT
₿ BTC保有量：0.000136 BTC
📊 総資産額 ：109.30 USDT
🔄 取引回数 ：買い0回 / 売り0回
💹 現在の利益：+0.01 USDT (+0.01%)
━━━━━━━━━━━━━━━━━━━━━━━
2025-02-15 21:59:44,307 - INFO - 
━━━━━━━━━━ 取引情報 ━━━━━━━━━━
📅 時刻　　　：2025-02-15 21:59:44
💰 BTC価格　：97,900.37 USDT
📈 価格変動　：+0.11%
💵 USDT残高 ：95.99 USDT
₿ BTC保有量：0.000136 BTC
📊 総資産額 ：109.30 USDT
🔄 取引回数 ：買い0回 / 売り0回
💹 現在の利益：+0.01 USDT (+0.01%)
━━━━━━━━━━━━━━━━━━━━━━━
2025-02-15 21:59:54,560 - INFO - 
━━━━━━━━━━ 取引情報 ━━━━━━━━━━
📅 時刻　　　：2025-02-15 21:59:54
💰 BTC価格　：97,900.37 USDT
📈 価格変動　：+0.11%
💵 USDT残高 ：95.99 USDT
₿ BTC保有量：0.000136 BTC
📊 総資産額 ：109.30 USDT
🔄 取引回数 ：買い0回 / 売り0回
💹 現在の利益：+0.01 USDT (+0.01%)
━━━━━━━━━━━━━━━━━━━━━━━
2025-02-15 22:00:04,837 - INFO - 
━━━━━━━━━━ 取引情報 ━━━━━━━━━━
📅 時刻　　　：2025-02-15 22:00:04
💰 BTC価格　：97,900.37 USDT
📈 価格変動　：+0.11%
💵 USDT残高 ：95.99 USDT
₿ BTC保有量：0.000136 BTC
📊 総資産額 ：109.30 USDT
🔄 取引回数 ：買い0回 / 売り0回
💹 現在の利益：+0.01 USDT (+0.01%)
━━━━━━━━━━━━━━━━━━━━━━━
2025-02-15 22:00:15,126 - INFO - 
━━━━━━━━━━ 取引情報 ━━━━━━━━━━
📅 時刻　　　：2025-02-15 22:00:14
💰 BTC価格　：97,990.52 USDT
📈 価格変動　：+0.20%
💵 USDT残高 ：95.99 USDT
₿ BTC保有量：0.000136 BTC
📊 総資産額 ：109.31 USDT
🔄 取引回数 ：買い0回 / 売り0回
💹 現在の利益：+0.03 USDT (+0.02%)
━━━━━━━━━━━━━━━━━━━━━━━
2025-02-15 22:00:25,388 - INFO - 
━━━━━━━━━━ 取引情報 ━━━━━━━━━━
📅 時刻　　　：2025-02-15 22:00:25
💰 BTC価格　：97,990.52 USDT
📈 価格変動　：+0.20%
💵 USDT残高 ：95.99 USDT
₿ BTC保有量：0.000136 BTC
📊 総資産額 ：109.31 USDT
🔄 取引回数 ：買い0回 / 売り0回
💹 現在の利益：+0.03 USDT (+0.02%)
━━━━━━━━━━━━━━━━━━━━━━━
2025-02-15 22:00:35,640 - INFO - 
━━━━━━━━━━ 取引情報 ━━━━━━━━━━
📅 時刻　　　：2025-02-15 22:00:35
💰 BTC価格　：97,898.89 USDT
📈 価格変動　：+0.11%
💵 USDT残高 ：95.99 USDT
₿ BTC保有量：0.000136 BTC
📊 総資産額 ：109.30 USDT
🔄 取引回数 ：買い0回 / 売り0回
💹 現在の利益：+0.01 USDT (+0.01%)
━━━━━━━━━━━━━━━━━━━━━━━
2025-02-15 22:00:45,902 - INFO - 
━━━━━━━━━━ 取引情報 ━━━━━━━━━━
📅 時刻　　　：2025-02-15 22:00:45
💰 BTC価格　：97,898.89 USDT
📈 価格変動　：+0.11%
💵 USDT残高 ：95.99 USDT
₿ BTC保有量：0.000136 BTC
📊 総資産額 ：109.30 USDT
🔄 取引回数 ：買い0回 / 売り0回
💹 現在の利益：+0.01 USDT (+0.01%)
━━━━━━━━━━━━━━━━━━━━━━━
2025-02-15 22:00:56,155 - INFO - 
━━━━━━━━━━ 取引情報 ━━━━━━━━━━
📅 時刻　　　：2025-02-15 22:00:55
💰 BTC価格　：97,898.89 USDT
📈 価格変動　：+0.11%
💵 USDT残高 ：95.99 USDT
₿ BTC保有量：0.000136 BTC
📊 総資産額 ：109.30 USDT
🔄 取引回数 ：買い0回 / 売り0回
💹 現在の利益：+0.01 USDT (+0.01%)
━━━━━━━━━━━━━━━━━━━━━━━
2025-02-15 22:01:06,408 - INFO - 
━━━━━━━━━━ 取引情報 ━━━━━━━━━━
📅 時刻　　　：2025-02-15 22:01:06
💰 BTC価格　：97,906.95 USDT
📈 価格変動　：+0.12%
💵 USDT残高 ：95.99 USDT
₿ BTC保有量：0.000136 BTC
📊 総資産額 ：109.30 USDT
🔄 取引回数 ：買い0回 / 売り0回
💹 現在の利益：+0.02 USDT (+0.01%)
━━━━━━━━━━━━━━━━━━━━━━━
2025-02-15 22:01:16,667 - INFO - 
━━━━━━━━━━ 取引情報 ━━━━━━━━━━
📅 時刻　　　：2025-02-15 22:01:16
💰 BTC価格　：98,010.75 USDT
📈 価格変動　：+0.22%
💵 USDT残高 ：95.99 USDT
₿ BTC保有量：0.000136 BTC
📊 総資産額 ：109.31 USDT
🔄 取引回数 ：買い0回 / 売り0回
💹 現在の利益：+0.03 USDT (+0.03%)
━━━━━━━━━━━━━━━━━━━━━━━
2025-02-15 22:01:26,922 - INFO - 
━━━━━━━━━━ 取引情報 ━━━━━━━━━━
📅 時刻　　　：2025-02-15 22:01:26
💰 BTC価格　：98,010.75 USDT
📈 価格変動　：+0.22%
💵 USDT残高 ：95.99 USDT
₿ BTC保有量：0.000136 BTC
📊 総資産額 ：109.31 USDT
🔄 取引回数 ：買い0回 / 売り0回
💹 現在の利益：+0.03 USDT (+0.03%)
━━━━━━━━━━━━━━━━━━━━━━━
2025-02-15 22:01:37,175 - INFO - 
━━━━━━━━━━ 取引情報 ━━━━━━━━━━
📅 時刻　　　：2025-02-15 22:01:37
💰 BTC価格　：98,010.75 USDT
📈 価格変動　：+0.22%
💵 USDT残高 ：95.99 USDT
₿ BTC保有量：0.000136 BTC
📊 総資産額 ：109.31 USDT
🔄 取引回数 ：買い0回 / 売り0回
💹 現在の利益：+0.03 USDT (+0.03%)
━━━━━━━━━━━━━━━━━━━━━━━
2025-02-15 22:01:47,435 - INFO - 
━━━━━━━━━━ 取引情報 ━━━━━━━━━━
📅 時刻　　　：2025-02-15 22:01:47
💰 BTC価格　：98,010.75 USDT
📈 価格変動　：+0.22%
💵 USDT残高 ：95.99 USDT
₿ BTC保有量：0.000136 BTC
📊 総資産額 ：109.31 USDT
🔄 取引回数 ：買い0回 / 売り0回
💹 現在の利益：+0.03 USDT (+0.03%)
━━━━━━━━━━━━━━━━━━━━━━━
2025-02-15 22:01:57,687 - INFO - 
━━━━━━━━━━ 取引情報 ━━━━━━━━━━
📅 時刻　　　：2025-02-15 22:01:57
💰 BTC価格　：97,951.25 USDT
📈 価格変動　：+0.16%
💵 USDT残高 ：95.99 USDT
₿ BTC保有量：0.000136 BTC
📊 総資産額 ：109.30 USDT
🔄 取引回数 ：買い0回 / 売り0回
💹 現在の利益：+0.02 USDT (+0.02%)
━━━━━━━━━━━━━━━━━━━━━━━
2025-02-15 22:02:07,936 - INFO - 
━━━━━━━━━━ 取引情報 ━━━━━━━━━━
📅 時刻　　　：2025-02-15 22:02:07
💰 BTC価格　：97,951.25 USDT
📈 価格変動　：+0.16%
💵 USDT残高 ：95.99 USDT
₿ BTC保有量：0.000136 BTC
📊 総資産額 ：109.30 USDT
🔄 取引回数 ：買い0回 / 売り0回
💹 現在の利益：+0.02 USDT (+0.02%)
━━━━━━━━━━━━━━━━━━━━━━━
2025-02-15 22:02:18,184 - INFO - 
━━━━━━━━━━ 取引情報 ━━━━━━━━━━
📅 時刻　　　：2025-02-15 22:02:18
💰 BTC価格　：97,926.30 USDT
📈 価格変動　：+0.14%
💵 USDT残高 ：95.99 USDT
₿ BTC保有量：0.000136 BTC
📊 総資産額 ：109.30 USDT
🔄 取引回数 ：買い0回 / 売り0回
💹 現在の利益：+0.02 USDT (+0.02%)
━━━━━━━━━━━━━━━━━━━━━━━
2025-02-15 22:02:28,435 - INFO - 
━━━━━━━━━━ 取引情報 ━━━━━━━━━━
📅 時刻　　　：2025-02-15 22:02:28
💰 BTC価格　：97,926.30 USDT
📈 価格変動　：+0.14%
💵 USDT残高 ：95.99 USDT
₿ BTC保有量：0.000136 BTC
📊 総資産額 ：109.30 USDT
🔄 取引回数 ：買い0回 / 売り0回
💹 現在の利益：+0.02 USDT (+0.02%)
━━━━━━━━━━━━━━━━━━━━━━━
2025-02-15 22:02:38,695 - INFO - 
━━━━━━━━━━ 取引情報 ━━━━━━━━━━
📅 時刻　　　：2025-02-15 22:02:38
💰 BTC価格　：98,066.89 USDT
📈 価格変動　：+0.28%
💵 USDT残高 ：95.99 USDT
₿ BTC保有量：0.000136 BTC
📊 総資産額 ：109.32 USDT
🔄 取引回数 ：買い0回 / 売り0回
💹 現在の利益：+0.04 USDT (+0.03%)
━━━━━━━━━━━━━━━━━━━━━━━
2025-02-15 22:02:48,965 - INFO - 
━━━━━━━━━━ 取引情報 ━━━━━━━━━━
📅 時刻　　　：2025-02-15 22:02:48
💰 BTC価格　：98,066.89 USDT
📈 価格変動　：+0.28%
💵 USDT残高 ：95.99 USDT
₿ BTC保有量：0.000136 BTC
📊 総資産額 ：109.32 USDT
🔄 取引回数 ：買い0回 / 売り0回
💹 現在の利益：+0.04 USDT (+0.03%)
━━━━━━━━━━━━━━━━━━━━━━━
2025-02-15 22:02:59,235 - INFO - 
━━━━━━━━━━ 取引情報 ━━━━━━━━━━
📅 時刻　　　：2025-02-15 22:02:59
💰 BTC価格　：98,066.89 USDT
📈 価格変動　：+0.28%
💵 USDT残高 ：95.99 USDT
₿ BTC保有量：0.000136 BTC
📊 総資産額 ：109.32 USDT
🔄 取引回数 ：買い0回 / 売り0回
💹 現在の利益：+0.04 USDT (+0.03%)
━━━━━━━━━━━━━━━━━━━━━━━
2025-02-15 22:03:09,491 - INFO - 
━━━━━━━━━━ 取引情報 ━━━━━━━━━━
📅 時刻　　　：2025-02-15 22:03:09
💰 BTC価格　：98,066.89 USDT
📈 価格変動　：+0.28%
💵 USDT残高 ：95.99 USDT
₿ BTC保有量：0.000136 BTC
📊 総資産額 ：109.32 USDT
🔄 取引回数 ：買い0回 / 売り0回
💹 現在の利益：+0.04 USDT (+0.03%)
━━━━━━━━━━━━━━━━━━━━━━━
2025-02-15 22:03:19,744 - INFO - 
━━━━━━━━━━ 取引情報 ━━━━━━━━━━
📅 時刻　　　：2025-02-15 22:03:19
💰 BTC価格　：98,066.89 USDT
📈 価格変動　：+0.28%
💵 USDT残高 ：95.99 USDT
₿ BTC保有量：0.000136 BTC
📊 総資産額 ：109.32 USDT
🔄 取引回数 ：買い0回 / 売り0回
💹 現在の利益：+0.04 USDT (+0.03%)
━━━━━━━━━━━━━━━━━━━━━━━
2025-02-15 22:03:29,997 - INFO - 
━━━━━━━━━━ 取引情報 ━━━━━━━━━━
📅 時刻　　　：2025-02-15 22:03:29
💰 BTC価格　：97,926.89 USDT
📈 価格変動　：+0.14%
💵 USDT残高 ：95.99 USDT
₿ BTC保有量：0.000136 BTC
📊 総資産額 ：109.30 USDT
🔄 取引回数 ：買い0回 / 売り0回
💹 現在の利益：+0.02 USDT (+0.02%)
━━━━━━━━━━━━━━━━━━━━━━━
2025-02-15 22:03:40,248 - INFO - 
━━━━━━━━━━ 取引情報 ━━━━━━━━━━
📅 時刻　　　：2025-02-15 22:03:40
💰 BTC価格　：97,926.89 USDT
📈 価格変動　：+0.14%
💵 USDT残高 ：95.99 USDT
₿ BTC保有量：0.000136 BTC
📊 総資産額 ：109.30 USDT
🔄 取引回数 ：買い0回 / 売り0回
💹 現在の利益：+0.02 USDT (+0.02%)
━━━━━━━━━━━━━━━━━━━━━━━
2025-02-15 22:03:50,556 - INFO - 
━━━━━━━━━━ 取引情報 ━━━━━━━━━━
📅 時刻　　　：2025-02-15 22:03:50
💰 BTC価格　：98,013.07 USDT
📈 価格変動　：+0.23%
💵 USDT残高 ：95.99 USDT
₿ BTC保有量：0.000136 BTC
📊 総資産額 ：109.31 USDT
🔄 取引回数 ：買い0回 / 売り0回
💹 現在の利益：+0.03 USDT (+0.03%)
━━━━━━━━━━━━━━━━━━━━━━━
2025-02-15 22:04:00,814 - INFO - 
━━━━━━━━━━ 取引情報 ━━━━━━━━━━
📅 時刻　　　：2025-02-15 22:04:00
💰 BTC価格　：98,013.07 USDT
📈 価格変動　：+0.23%
💵 USDT残高 ：95.99 USDT
₿ BTC保有量：0.000136 BTC
📊 総資産額 ：109.31 USDT
🔄 取引回数 ：買い0回 / 売り0回
💹 現在の利益：+0.03 USDT (+0.03%)
━━━━━━━━━━━━━━━━━━━━━━━
2025-02-15 22:04:11,068 - INFO - 
━━━━━━━━━━ 取引情報 ━━━━━━━━━━
📅 時刻　　　：2025-02-15 22:04:10
💰 BTC価格　：98,013.07 USDT
📈 価格変動　：+0.23%
💵 USDT残高 ：95.99 USDT
₿ BTC保有量：0.000136 BTC
📊 総資産額 ：109.31 USDT
🔄 取引回数 ：買い0回 / 売り0回
💹 現在の利益：+0.03 USDT (+0.03%)
━━━━━━━━━━━━━━━━━━━━━━━
2025-02-15 22:04:21,325 - INFO - 
━━━━━━━━━━ 取引情報 ━━━━━━━━━━
📅 時刻　　　：2025-02-15 22:04:21
💰 BTC価格　：98,013.07 USDT
📈 価格変動　：+0.23%
💵 USDT残高 ：95.99 USDT
₿ BTC保有量：0.000136 BTC
📊 総資産額 ：109.31 USDT
🔄 取引回数 ：買い0回 / 売り0回
💹 現在の利益：+0.03 USDT (+0.03%)
━━━━━━━━━━━━━━━━━━━━━━━
2025-02-15 22:04:31,579 - INFO - 
━━━━━━━━━━ 取引情報 ━━━━━━━━━━
📅 時刻　　　：2025-02-15 22:04:31
💰 BTC価格　：97,891.51 USDT
📈 価格変動　：+0.10%
💵 USDT残高 ：95.99 USDT
₿ BTC保有量：0.000136 BTC
📊 総資産額 ：109.30 USDT
🔄 取引回数 ：買い0回 / 売り0回
💹 現在の利益：+0.01 USDT (+0.01%)
━━━━━━━━━━━━━━━━━━━━━━━
2025-02-15 22:04:41,834 - INFO - 
━━━━━━━━━━ 取引情報 ━━━━━━━━━━
📅 時刻　　　：2025-02-15 22:04:41
💰 BTC価格　：97,891.51 USDT
📈 価格変動　：+0.10%
💵 USDT残高 ：95.99 USDT
₿ BTC保有量：0.000136 BTC
📊 総資産額 ：109.30 USDT
🔄 取引回数 ：買い0回 / 売り0回
💹 現在の利益：+0.01 USDT (+0.01%)
━━━━━━━━━━━━━━━━━━━━━━━
2025-02-15 22:04:52,085 - INFO - 
━━━━━━━━━━ 取引情報 ━━━━━━━━━━
📅 時刻　　　：2025-02-15 22:04:51
💰 BTC価格　：97,891.51 USDT
📈 価格変動　：+0.10%
💵 USDT残高 ：95.99 USDT
₿ BTC保有量：0.000136 BTC
📊 総資産額 ：109.30 USDT
🔄 取引回数 ：買い0回 / 売り0回
💹 現在の利益：+0.01 USDT (+0.01%)
━━━━━━━━━━━━━━━━━━━━━━━
2025-02-15 22:05:02,351 - INFO - 
━━━━━━━━━━ 取引情報 ━━━━━━━━━━
📅 時刻　　　：2025-02-15 22:05:02
💰 BTC価格　：98,017.93 USDT
📈 価格変動　：+0.23%
💵 USDT残高 ：95.99 USDT
₿ BTC保有量：0.000136 BTC
📊 総資産額 ：109.31 USDT
🔄 取引回数 ：買い0回 / 売り0回
💹 現在の利益：+0.03 USDT (+0.03%)
━━━━━━━━━━━━━━━━━━━━━━━
2025-02-15 22:05:12,608 - INFO - 
━━━━━━━━━━ 取引情報 ━━━━━━━━━━
📅 時刻　　　：2025-02-15 22:05:12
💰 BTC価格　：98,017.93 USDT
📈 価格変動　：+0.23%
💵 USDT残高 ：95.99 USDT
₿ BTC保有量：0.000136 BTC
📊 総資産額 ：109.31 USDT
🔄 取引回数 ：買い0回 / 売り0回
💹 現在の利益：+0.03 USDT (+0.03%)
━━━━━━━━━━━━━━━━━━━━━━━
2025-02-15 22:05:22,862 - INFO - 
━━━━━━━━━━ 取引情報 ━━━━━━━━━━
📅 時刻　　　：2025-02-15 22:05:22
💰 BTC価格　：98,017.93 USDT
📈 価格変動　：+0.23%
💵 USDT残高 ：95.99 USDT
₿ BTC保有量：0.000136 BTC
📊 総資産額 ：109.31 USDT
🔄 取引回数 ：買い0回 / 売り0回
💹 現在の利益：+0.03 USDT (+0.03%)
━━━━━━━━━━━━━━━━━━━━━━━
2025-02-15 22:05:33,119 - INFO - 
━━━━━━━━━━ 取引情報 ━━━━━━━━━━
📅 時刻　　　：2025-02-15 22:05:32
💰 BTC価格　：97,904.08 USDT
📈 価格変動　：+0.11%
💵 USDT残高 ：95.99 USDT
₿ BTC保有量：0.000136 BTC
📊 総資産額 ：109.30 USDT
🔄 取引回数 ：買い0回 / 売り0回
💹 現在の利益：+0.02 USDT (+0.01%)
━━━━━━━━━━━━━━━━━━━━━━━
2025-02-15 22:05:43,374 - INFO - 
━━━━━━━━━━ 取引情報 ━━━━━━━━━━
📅 時刻　　　：2025-02-15 22:05:43
💰 BTC価格　：97,955.49 USDT
📈 価格変動　：+0.17%
💵 USDT残高 ：95.99 USDT
₿ BTC保有量：0.000136 BTC
📊 総資産額 ：109.30 USDT
🔄 取引回数 ：買い0回 / 売り0回
💹 現在の利益：+0.02 USDT (+0.02%)
━━━━━━━━━━━━━━━━━━━━━━━
2025-02-15 22:05:53,629 - INFO - 
━━━━━━━━━━ 取引情報 ━━━━━━━━━━
📅 時刻　　　：2025-02-15 22:05:53
💰 BTC価格　：97,955.49 USDT
📈 価格変動　：+0.17%
💵 USDT残高 ：95.99 USDT
₿ BTC保有量：0.000136 BTC
📊 総資産額 ：109.30 USDT
🔄 取引回数 ：買い0回 / 売り0回
💹 現在の利益：+0.02 USDT (+0.02%)
━━━━━━━━━━━━━━━━━━━━━━━
2025-02-15 22:06:03,884 - INFO - 
━━━━━━━━━━ 取引情報 ━━━━━━━━━━
📅 時刻　　　：2025-02-15 22:06:03
💰 BTC価格　：97,955.49 USDT
📈 価格変動　：+0.17%
💵 USDT残高 ：95.99 USDT
₿ BTC保有量：0.000136 BTC
📊 総資産額 ：109.30 USDT
🔄 取引回数 ：買い0回 / 売り0回
💹 現在の利益：+0.02 USDT (+0.02%)
━━━━━━━━━━━━━━━━━━━━━━━
2025-02-15 22:06:14,142 - INFO - 
━━━━━━━━━━ 取引情報 ━━━━━━━━━━
📅 時刻　　　：2025-02-15 22:06:13
💰 BTC価格　：98,012.49 USDT
📈 価格変動　：+0.22%
💵 USDT残高 ：95.99 USDT
₿ BTC保有量：0.000136 BTC
📊 総資産額 ：109.31 USDT
🔄 取引回数 ：買い0回 / 売り0回
💹 現在の利益：+0.03 USDT (+0.03%)
━━━━━━━━━━━━━━━━━━━━━━━
2025-02-15 22:06:24,404 - INFO - 
━━━━━━━━━━ 取引情報 ━━━━━━━━━━
📅 時刻　　　：2025-02-15 22:06:24
💰 BTC価格　：98,019.11 USDT
📈 価格変動　：+0.23%
💵 USDT残高 ：95.99 USDT
₿ BTC保有量：0.000136 BTC
📊 総資産額 ：109.31 USDT
🔄 取引回数 ：買い0回 / 売り0回
💹 現在の利益：+0.03 USDT (+0.03%)
━━━━━━━━━━━━━━━━━━━━━━━
2025-02-15 22:06:34,657 - INFO - 
━━━━━━━━━━ 取引情報 ━━━━━━━━━━
📅 時刻　　　：2025-02-15 22:06:34
💰 BTC価格　：97,964.39 USDT
📈 価格変動　：+0.18%
💵 USDT残高 ：95.99 USDT
₿ BTC保有量：0.000136 BTC
📊 総資産額 ：109.31 USDT
🔄 取引回数 ：買い0回 / 売り0回
💹 現在の利益：+0.02 USDT (+0.02%)
━━━━━━━━━━━━━━━━━━━━━━━
2025-02-15 22:06:44,918 - INFO - 
━━━━━━━━━━ 取引情報 ━━━━━━━━━━
📅 時刻　　　：2025-02-15 22:06:44
💰 BTC価格　：98,019.11 USDT
📈 価格変動　：+0.23%
💵 USDT残高 ：95.99 USDT
₿ BTC保有量：0.000136 BTC
📊 総資産額 ：109.31 USDT
🔄 取引回数 ：買い0回 / 売り0回
💹 現在の利益：+0.03 USDT (+0.03%)
━━━━━━━━━━━━━━━━━━━━━━━
2025-02-15 22:06:55,168 - INFO - 
━━━━━━━━━━ 取引情報 ━━━━━━━━━━
📅 時刻　　　：2025-02-15 22:06:54
💰 BTC価格　：98,019.11 USDT
📈 価格変動　：+0.23%
💵 USDT残高 ：95.99 USDT
₿ BTC保有量：0.000136 BTC
📊 総資産額 ：109.31 USDT
🔄 取引回数 ：買い0回 / 売り0回
💹 現在の利益：+0.03 USDT (+0.03%)
━━━━━━━━━━━━━━━━━━━━━━━
2025-02-15 22:07:05,422 - INFO - 
━━━━━━━━━━ 取引情報 ━━━━━━━━━━
📅 時刻　　　：2025-02-15 22:07:05
💰 BTC価格　：97,898.96 USDT
📈 価格変動　：+0.11%
💵 USDT残高 ：95.99 USDT
₿ BTC保有量：0.000136 BTC
📊 総資産額 ：109.30 USDT
🔄 取引回数 ：買い0回 / 売り0回
💹 現在の利益：+0.01 USDT (+0.01%)
━━━━━━━━━━━━━━━━━━━━━━━
2025-02-15 22:07:15,673 - INFO - 
━━━━━━━━━━ 取引情報 ━━━━━━━━━━
📅 時刻　　　：2025-02-15 22:07:15
💰 BTC価格　：97,898.96 USDT
📈 価格変動　：+0.11%
💵 USDT残高 ：95.99 USDT
₿ BTC保有量：0.000136 BTC
📊 総資産額 ：109.30 USDT
🔄 取引回数 ：買い0回 / 売り0回
💹 現在の利益：+0.01 USDT (+0.01%)
━━━━━━━━━━━━━━━━━━━━━━━
2025-02-15 22:07:25,926 - INFO - 
━━━━━━━━━━ 取引情報 ━━━━━━━━━━
📅 時刻　　　：2025-02-15 22:07:25
💰 BTC価格　：97,898.96 USDT
📈 価格変動　：+0.11%
💵 USDT残高 ：95.99 USDT
₿ BTC保有量：0.000136 BTC
📊 総資産額 ：109.30 USDT
🔄 取引回数 ：買い0回 / 売り0回
💹 現在の利益：+0.01 USDT (+0.01%)
━━━━━━━━━━━━━━━━━━━━━━━
2025-02-15 22:07:36,319 - INFO - 
━━━━━━━━━━ 取引情報 ━━━━━━━━━━
📅 時刻　　　：2025-02-15 22:07:36
💰 BTC価格　：98,005.17 USDT
📈 価格変動　：+0.22%
💵 USDT残高 ：95.99 USDT
₿ BTC保有量：0.000136 BTC
📊 総資産額 ：109.31 USDT
🔄 取引回数 ：買い0回 / 売り0回
💹 現在の利益：+0.03 USDT (+0.03%)
━━━━━━━━━━━━━━━━━━━━━━━
2025-02-15 22:07:46,572 - INFO - 
━━━━━━━━━━ 取引情報 ━━━━━━━━━━
📅 時刻　　　：2025-02-15 22:07:46
💰 BTC価格　：97,833.53 USDT
📈 価格変動　：+0.04%
💵 USDT残高 ：95.99 USDT
₿ BTC保有量：0.000136 BTC
📊 総資産額 ：109.29 USDT
🔄 取引回数 ：買い0回 / 売り0回
💹 現在の利益：+0.01 USDT (+0.01%)
━━━━━━━━━━━━━━━━━━━━━━━
2025-02-15 22:07:56,837 - INFO - 
━━━━━━━━━━ 取引情報 ━━━━━━━━━━
📅 時刻　　　：2025-02-15 22:07:56
💰 BTC価格　：97,833.53 USDT
📈 価格変動　：+0.04%
💵 USDT残高 ：95.99 USDT
₿ BTC保有量：0.000136 BTC
📊 総資産額 ：109.29 USDT
🔄 取引回数 ：買い0回 / 売り0回
💹 現在の利益：+0.01 USDT (+0.01%)
━━━━━━━━━━━━━━━━━━━━━━━
2025-02-15 22:08:07,087 - INFO - 
━━━━━━━━━━ 取引情報 ━━━━━━━━━━
📅 時刻　　　：2025-02-15 22:08:06
💰 BTC価格　：97,896.30 USDT
📈 価格変動　：+0.11%
💵 USDT残高 ：95.99 USDT
₿ BTC保有量：0.000136 BTC
📊 総資産額 ：109.30 USDT
🔄 取引回数 ：買い0回 / 売り0回
💹 現在の利益：+0.01 USDT (+0.01%)
━━━━━━━━━━━━━━━━━━━━━━━
2025-02-15 22:08:17,337 - INFO - 
━━━━━━━━━━ 取引情報 ━━━━━━━━━━
📅 時刻　　　：2025-02-15 22:08:17
💰 BTC価格　：97,896.30 USDT
📈 価格変動　：+0.11%
💵 USDT残高 ：95.99 USDT
₿ BTC保有量：0.000136 BTC
📊 総資産額 ：109.30 USDT
🔄 取引回数 ：買い0回 / 売り0回
💹 現在の利益：+0.01 USDT (+0.01%)
━━━━━━━━━━━━━━━━━━━━━━━
2025-02-15 22:08:27,725 - INFO - 
━━━━━━━━━━ 取引情報 ━━━━━━━━━━
📅 時刻　　　：2025-02-15 22:08:27
💰 BTC価格　：97,896.30 USDT
📈 価格変動　：+0.11%
💵 USDT残高 ：95.99 USDT
₿ BTC保有量：0.000136 BTC
📊 総資産額 ：109.30 USDT
🔄 取引回数 ：買い0回 / 売り0回
💹 現在の利益：+0.01 USDT (+0.01%)
━━━━━━━━━━━━━━━━━━━━━━━
2025-02-15 22:08:37,977 - INFO - 
━━━━━━━━━━ 取引情報 ━━━━━━━━━━
📅 時刻　　　：2025-02-15 22:08:37
💰 BTC価格　：97,904.55 USDT
📈 価格変動　：+0.11%
💵 USDT残高 ：95.99 USDT
₿ BTC保有量：0.000136 BTC
📊 総資産額 ：109.30 USDT
🔄 取引回数 ：買い0回 / 売り0回
💹 現在の利益：+0.02 USDT (+0.01%)
━━━━━━━━━━━━━━━━━━━━━━━
2025-02-15 22:08:48,233 - INFO - 
━━━━━━━━━━ 取引情報 ━━━━━━━━━━
📅 時刻　　　：2025-02-15 22:08:48
💰 BTC価格　：97,972.72 USDT
📈 価格変動　：+0.18%
💵 USDT残高 ：95.99 USDT
₿ BTC保有量：0.000136 BTC
📊 総資産額 ：109.31 USDT
🔄 取引回数 ：買い0回 / 売り0回
💹 現在の利益：+0.02 USDT (+0.02%)
━━━━━━━━━━━━━━━━━━━━━━━
2025-02-15 22:08:58,482 - INFO - 
━━━━━━━━━━ 取引情報 ━━━━━━━━━━
📅 時刻　　　：2025-02-15 22:08:58
💰 BTC価格　：97,972.72 USDT
📈 価格変動　：+0.18%
💵 USDT残高 ：95.99 USDT
₿ BTC保有量：0.000136 BTC
📊 総資産額 ：109.31 USDT
🔄 取引回数 ：買い0回 / 売り0回
💹 現在の利益：+0.02 USDT (+0.02%)
━━━━━━━━━━━━━━━━━━━━━━━
2025-02-15 22:09:08,735 - INFO - 
━━━━━━━━━━ 取引情報 ━━━━━━━━━━
📅 時刻　　　：2025-02-15 22:09:08
💰 BTC価格　：97,972.72 USDT
📈 価格変動　：+0.18%
💵 USDT残高 ：95.99 USDT
₿ BTC保有量：0.000136 BTC
📊 総資産額 ：109.31 USDT
🔄 取引回数 ：買い0回 / 売り0回
💹 現在の利益：+0.02 USDT (+0.02%)
━━━━━━━━━━━━━━━━━━━━━━━
2025-02-15 22:09:18,987 - INFO - 
━━━━━━━━━━ 取引情報 ━━━━━━━━━━
📅 時刻　　　：2025-02-15 22:09:18
💰 BTC価格　：97,972.72 USDT
📈 価格変動　：+0.18%
💵 USDT残高 ：95.99 USDT
₿ BTC保有量：0.000136 BTC
📊 総資産額 ：109.31 USDT
🔄 取引回数 ：買い0回 / 売り0回
💹 現在の利益：+0.02 USDT (+0.02%)
━━━━━━━━━━━━━━━━━━━━━━━
2025-02-15 22:09:29,238 - INFO - 
━━━━━━━━━━ 取引情報 ━━━━━━━━━━
📅 時刻　　　：2025-02-15 22:09:29
💰 BTC価格　：97,972.72 USDT
📈 価格変動　：+0.18%
💵 USDT残高 ：95.99 USDT
₿ BTC保有量：0.000136 BTC
📊 総資産額 ：109.31 USDT
🔄 取引回数 ：買い0回 / 売り0回
💹 現在の利益：+0.02 USDT (+0.02%)
━━━━━━━━━━━━━━━━━━━━━━━
2025-02-15 22:09:39,489 - INFO - 
━━━━━━━━━━ 取引情報 ━━━━━━━━━━
📅 時刻　　　：2025-02-15 22:09:39
💰 BTC価格　：97,972.72 USDT
📈 価格変動　：+0.18%
💵 USDT残高 ：95.99 USDT
₿ BTC保有量：0.000136 BTC
📊 総資産額 ：109.31 USDT
🔄 取引回数 ：買い0回 / 売り0回
💹 現在の利益：+0.02 USDT (+0.02%)
━━━━━━━━━━━━━━━━━━━━━━━
2025-02-15 22:09:49,743 - INFO - 
━━━━━━━━━━ 取引情報 ━━━━━━━━━━
📅 時刻　　　：2025-02-15 22:09:49
💰 BTC価格　：97,972.72 USDT
📈 価格変動　：+0.18%
💵 USDT残高 ：95.99 USDT
₿ BTC保有量：0.000136 BTC
📊 総資産額 ：109.31 USDT
🔄 取引回数 ：買い0回 / 売り0回
💹 現在の利益：+0.02 USDT (+0.02%)
━━━━━━━━━━━━━━━━━━━━━━━
2025-02-15 22:09:59,999 - INFO - 
━━━━━━━━━━ 取引情報 ━━━━━━━━━━
📅 時刻　　　：2025-02-15 22:09:59
💰 BTC価格　：97,891.41 USDT
📈 価格変動　：+0.10%
💵 USDT残高 ：95.99 USDT
₿ BTC保有量：0.000136 BTC
📊 総資産額 ：109.30 USDT
🔄 取引回数 ：買い0回 / 売り0回
💹 現在の利益：+0.01 USDT (+0.01%)
━━━━━━━━━━━━━━━━━━━━━━━
2025-02-15 22:10:10,254 - INFO - 
━━━━━━━━━━ 取引情報 ━━━━━━━━━━
📅 時刻　　　：2025-02-15 22:10:10
💰 BTC価格　：97,891.41 USDT
📈 価格変動　：+0.10%
💵 USDT残高 ：95.99 USDT
₿ BTC保有量：0.000136 BTC
📊 総資産額 ：109.30 USDT
🔄 取引回数 ：買い0回 / 売り0回
💹 現在の利益：+0.01 USDT (+0.01%)
━━━━━━━━━━━━━━━━━━━━━━━
2025-02-15 22:10:20,509 - INFO - 
━━━━━━━━━━ 取引情報 ━━━━━━━━━━
📅 時刻　　　：2025-02-15 22:10:20
💰 BTC価格　：97,891.41 USDT
📈 価格変動　：+0.10%
💵 USDT残高 ：95.99 USDT
₿ BTC保有量：0.000136 BTC
📊 総資産額 ：109.30 USDT
🔄 取引回数 ：買い0回 / 売り0回
💹 現在の利益：+0.01 USDT (+0.01%)
━━━━━━━━━━━━━━━━━━━━━━━
2025-02-15 22:10:30,764 - INFO - 
━━━━━━━━━━ 取引情報 ━━━━━━━━━━
📅 時刻　　　：2025-02-15 22:10:30
💰 BTC価格　：97,891.41 USDT
📈 価格変動　：+0.10%
💵 USDT残高 ：95.99 USDT
₿ BTC保有量：0.000136 BTC
📊 総資産額 ：109.30 USDT
🔄 取引回数 ：買い0回 / 売り0回
💹 現在の利益：+0.01 USDT (+0.01%)
━━━━━━━━━━━━━━━━━━━━━━━
2025-02-15 22:10:41,019 - INFO - 
━━━━━━━━━━ 取引情報 ━━━━━━━━━━
📅 時刻　　　：2025-02-15 22:10:40
💰 BTC価格　：97,894.11 USDT
📈 価格変動　：+0.10%
💵 USDT残高 ：95.99 USDT
₿ BTC保有量：0.000136 BTC
📊 総資産額 ：109.30 USDT
🔄 取引回数 ：買い0回 / 売り0回
💹 現在の利益：+0.01 USDT (+0.01%)
━━━━━━━━━━━━━━━━━━━━━━━
2025-02-15 22:10:51,273 - INFO - 
━━━━━━━━━━ 取引情報 ━━━━━━━━━━
📅 時刻　　　：2025-02-15 22:10:51
💰 BTC価格　：97,894.11 USDT
📈 価格変動　：+0.10%
💵 USDT残高 ：95.99 USDT
₿ BTC保有量：0.000136 BTC
📊 総資産額 ：109.30 USDT
🔄 取引回数 ：買い0回 / 売り0回
💹 現在の利益：+0.01 USDT (+0.01%)
━━━━━━━━━━━━━━━━━━━━━━━
2025-02-15 22:11:01,528 - INFO - 
━━━━━━━━━━ 取引情報 ━━━━━━━━━━
📅 時刻　　　：2025-02-15 22:11:01
💰 BTC価格　：97,894.11 USDT
📈 価格変動　：+0.10%
💵 USDT残高 ：95.99 USDT
₿ BTC保有量：0.000136 BTC
📊 総資産額 ：109.30 USDT
🔄 取引回数 ：買い0回 / 売り0回
💹 現在の利益：+0.01 USDT (+0.01%)
━━━━━━━━━━━━━━━━━━━━━━━
2025-02-15 22:11:11,786 - INFO - 
━━━━━━━━━━ 取引情報 ━━━━━━━━━━
📅 時刻　　　：2025-02-15 22:11:11
💰 BTC価格　：97,962.98 USDT
📈 価格変動　：+0.17%
💵 USDT残高 ：95.99 USDT
₿ BTC保有量：0.000136 BTC
📊 総資産額 ：109.31 USDT
🔄 取引回数 ：買い0回 / 売り0回
💹 現在の利益：+0.02 USDT (+0.02%)
━━━━━━━━━━━━━━━━━━━━━━━
2025-02-15 22:11:22,048 - INFO - 
━━━━━━━━━━ 取引情報 ━━━━━━━━━━
📅 時刻　　　：2025-02-15 22:11:21
💰 BTC価格　：97,962.98 USDT
📈 価格変動　：+0.17%
💵 USDT残高 ：95.99 USDT
₿ BTC保有量：0.000136 BTC
📊 総資産額 ：109.31 USDT
🔄 取引回数 ：買い0回 / 売り0回
💹 現在の利益：+0.02 USDT (+0.02%)
━━━━━━━━━━━━━━━━━━━━━━━
2025-02-15 22:11:32,301 - INFO - 
━━━━━━━━━━ 取引情報 ━━━━━━━━━━
📅 時刻　　　：2025-02-15 22:11:32
💰 BTC価格　：97,962.98 USDT
📈 価格変動　：+0.17%
💵 USDT残高 ：95.99 USDT
₿ BTC保有量：0.000136 BTC
📊 総資産額 ：109.31 USDT
🔄 取引回数 ：買い0回 / 売り0回
💹 現在の利益：+0.02 USDT (+0.02%)
━━━━━━━━━━━━━━━━━━━━━━━
2025-02-15 22:11:42,552 - INFO - 
━━━━━━━━━━ 取引情報 ━━━━━━━━━━
📅 時刻　　　：2025-02-15 22:11:42
💰 BTC価格　：97,962.98 USDT
📈 価格変動　：+0.17%
💵 USDT残高 ：95.99 USDT
₿ BTC保有量：0.000136 BTC
📊 総資産額 ：109.31 USDT
🔄 取引回数 ：買い0回 / 売り0回
💹 現在の利益：+0.02 USDT (+0.02%)
━━━━━━━━━━━━━━━━━━━━━━━
2025-02-15 22:11:52,811 - INFO - 
━━━━━━━━━━ 取引情報 ━━━━━━━━━━
📅 時刻　　　：2025-02-15 22:11:52
💰 BTC価格　：97,863.11 USDT
📈 価格変動　：+0.07%
💵 USDT残高 ：95.99 USDT
₿ BTC保有量：0.000136 BTC
📊 総資産額 ：109.29 USDT
🔄 取引回数 ：買い0回 / 売り0回
💹 現在の利益：+0.01 USDT (+0.01%)
━━━━━━━━━━━━━━━━━━━━━━━
2025-02-15 22:12:03,061 - INFO - 
━━━━━━━━━━ 取引情報 ━━━━━━━━━━
📅 時刻　　　：2025-02-15 22:12:02
💰 BTC価格　：97,863.11 USDT
📈 価格変動　：+0.07%
💵 USDT残高 ：95.99 USDT
₿ BTC保有量：0.000136 BTC
📊 総資産額 ：109.29 USDT
🔄 取引回数 ：買い0回 / 売り0回
💹 現在の利益：+0.01 USDT (+0.01%)
━━━━━━━━━━━━━━━━━━━━━━━
2025-02-15 22:12:13,318 - INFO - 
━━━━━━━━━━ 取引情報 ━━━━━━━━━━
📅 時刻　　　：2025-02-15 22:12:13
💰 BTC価格　：97,863.11 USDT
📈 価格変動　：+0.07%
💵 USDT残高 ：95.99 USDT
₿ BTC保有量：0.000136 BTC
📊 総資産額 ：109.29 USDT
🔄 取引回数 ：買い0回 / 売り0回
💹 現在の利益：+0.01 USDT (+0.01%)
━━━━━━━━━━━━━━━━━━━━━━━
2025-02-15 22:12:23,574 - INFO - 
━━━━━━━━━━ 取引情報 ━━━━━━━━━━
📅 時刻　　　：2025-02-15 22:12:23
💰 BTC価格　：97,939.78 USDT
📈 価格変動　：+0.15%
💵 USDT残高 ：95.99 USDT
₿ BTC保有量：0.000136 BTC
📊 総資産額 ：109.30 USDT
🔄 取引回数 ：買い0回 / 売り0回
💹 現在の利益：+0.02 USDT (+0.02%)
━━━━━━━━━━━━━━━━━━━━━━━
2025-02-15 22:12:33,828 - INFO - 
━━━━━━━━━━ 取引情報 ━━━━━━━━━━
📅 時刻　　　：2025-02-15 22:12:33
💰 BTC価格　：97,939.78 USDT
📈 価格変動　：+0.15%
💵 USDT残高 ：95.99 USDT
₿ BTC保有量：0.000136 BTC
📊 総資産額 ：109.30 USDT
🔄 取引回数 ：買い0回 / 売り0回
💹 現在の利益：+0.02 USDT (+0.02%)
━━━━━━━━━━━━━━━━━━━━━━━
2025-02-15 22:12:44,077 - INFO - 
━━━━━━━━━━ 取引情報 ━━━━━━━━━━
📅 時刻　　　：2025-02-15 22:12:43
💰 BTC価格　：97,939.78 USDT
📈 価格変動　：+0.15%
💵 USDT残高 ：95.99 USDT
₿ BTC保有量：0.000136 BTC
📊 総資産額 ：109.30 USDT
🔄 取引回数 ：買い0回 / 売り0回
💹 現在の利益：+0.02 USDT (+0.02%)
━━━━━━━━━━━━━━━━━━━━━━━
2025-02-15 22:12:54,332 - INFO - 
━━━━━━━━━━ 取引情報 ━━━━━━━━━━
📅 時刻　　　：2025-02-15 22:12:54
💰 BTC価格　：97,854.84 USDT
📈 価格変動　：+0.06%
💵 USDT残高 ：95.99 USDT
₿ BTC保有量：0.000136 BTC
📊 総資産額 ：109.29 USDT
🔄 取引回数 ：買い0回 / 売り0回
💹 現在の利益：+0.01 USDT (+0.01%)
━━━━━━━━━━━━━━━━━━━━━━━
2025-02-15 22:13:04,583 - INFO - 
━━━━━━━━━━ 取引情報 ━━━━━━━━━━
📅 時刻　　　：2025-02-15 22:13:04
💰 BTC価格　：97,854.84 USDT
📈 価格変動　：+0.06%
💵 USDT残高 ：95.99 USDT
₿ BTC保有量：0.000136 BTC
📊 総資産額 ：109.29 USDT
🔄 取引回数 ：買い0回 / 売り0回
💹 現在の利益：+0.01 USDT (+0.01%)
━━━━━━━━━━━━━━━━━━━━━━━
2025-02-15 22:13:14,855 - INFO - 
━━━━━━━━━━ 取引情報 ━━━━━━━━━━
📅 時刻　　　：2025-02-15 22:13:14
💰 BTC価格　：97,854.84 USDT
📈 価格変動　：+0.06%
💵 USDT残高 ：95.99 USDT
₿ BTC保有量：0.000136 BTC
📊 総資産額 ：109.29 USDT
🔄 取引回数 ：買い0回 / 売り0回
💹 現在の利益：+0.01 USDT (+0.01%)
━━━━━━━━━━━━━━━━━━━━━━━
2025-02-15 22:13:25,110 - INFO - 
━━━━━━━━━━ 取引情報 ━━━━━━━━━━
📅 時刻　　　：2025-02-15 22:13:24
💰 BTC価格　：97,905.80 USDT
📈 価格変動　：+0.12%
💵 USDT残高 ：95.99 USDT
₿ BTC保有量：0.000136 BTC
📊 総資産額 ：109.30 USDT
🔄 取引回数 ：買い0回 / 売り0回
💹 現在の利益：+0.02 USDT (+0.01%)
━━━━━━━━━━━━━━━━━━━━━━━
2025-02-15 22:13:35,362 - INFO - 
━━━━━━━━━━ 取引情報 ━━━━━━━━━━
📅 時刻　　　：2025-02-15 22:13:35
💰 BTC価格　：97,905.80 USDT
📈 価格変動　：+0.12%
💵 USDT残高 ：95.99 USDT
₿ BTC保有量：0.000136 BTC
📊 総資産額 ：109.30 USDT
🔄 取引回数 ：買い0回 / 売り0回
💹 現在の利益：+0.02 USDT (+0.01%)
━━━━━━━━━━━━━━━━━━━━━━━
2025-02-15 22:13:45,616 - INFO - 
━━━━━━━━━━ 取引情報 ━━━━━━━━━━
📅 時刻　　　：2025-02-15 22:13:45
💰 BTC価格　：97,905.80 USDT
📈 価格変動　：+0.12%
💵 USDT残高 ：95.99 USDT
₿ BTC保有量：0.000136 BTC
📊 総資産額 ：109.30 USDT
🔄 取引回数 ：買い0回 / 売り0回
💹 現在の利益：+0.02 USDT (+0.01%)
━━━━━━━━━━━━━━━━━━━━━━━
2025-02-15 22:13:55,870 - INFO - 
━━━━━━━━━━ 取引情報 ━━━━━━━━━━
📅 時刻　　　：2025-02-15 22:13:55
💰 BTC価格　：97,905.80 USDT
📈 価格変動　：+0.12%
💵 USDT残高 ：95.99 USDT
₿ BTC保有量：0.000136 BTC
📊 総資産額 ：109.30 USDT
🔄 取引回数 ：買い0回 / 売り0回
💹 現在の利益：+0.02 USDT (+0.01%)
━━━━━━━━━━━━━━━━━━━━━━━
2025-02-15 22:14:06,123 - INFO - 
━━━━━━━━━━ 取引情報 ━━━━━━━━━━
📅 時刻　　　：2025-02-15 22:14:05
💰 BTC価格　：97,905.80 USDT
📈 価格変動　：+0.12%
💵 USDT残高 ：95.99 USDT
₿ BTC保有量：0.000136 BTC
📊 総資産額 ：109.30 USDT
🔄 取引回数 ：買い0回 / 売り0回
💹 現在の利益：+0.02 USDT (+0.01%)
━━━━━━━━━━━━━━━━━━━━━━━
2025-02-15 22:14:16,387 - INFO - 
━━━━━━━━━━ 取引情報 ━━━━━━━━━━
📅 時刻　　　：2025-02-15 22:14:16
💰 BTC価格　：97,905.80 USDT
📈 価格変動　：+0.12%
💵 USDT残高 ：95.99 USDT
₿ BTC保有量：0.000136 BTC
📊 総資産額 ：109.30 USDT
🔄 取引回数 ：買い0回 / 売り0回
💹 現在の利益：+0.02 USDT (+0.01%)
━━━━━━━━━━━━━━━━━━━━━━━
2025-02-15 22:14:26,642 - INFO - 
━━━━━━━━━━ 取引情報 ━━━━━━━━━━
📅 時刻　　　：2025-02-15 22:14:26
💰 BTC価格　：97,905.80 USDT
📈 価格変動　：+0.12%
💵 USDT残高 ：95.99 USDT
₿ BTC保有量：0.000136 BTC
📊 総資産額 ：109.30 USDT
🔄 取引回数 ：買い0回 / 売り0回
💹 現在の利益：+0.02 USDT (+0.01%)
━━━━━━━━━━━━━━━━━━━━━━━
2025-02-15 22:14:36,901 - INFO - 
━━━━━━━━━━ 取引情報 ━━━━━━━━━━
📅 時刻　　　：2025-02-15 22:14:36
💰 BTC価格　：97,839.70 USDT
📈 価格変動　：+0.05%
💵 USDT残高 ：95.99 USDT
₿ BTC保有量：0.000136 BTC
📊 総資産額 ：109.29 USDT
🔄 取引回数 ：買い0回 / 売り0回
💹 現在の利益：+0.01 USDT (+0.01%)
━━━━━━━━━━━━━━━━━━━━━━━
2025-02-15 22:14:47,152 - INFO - 
━━━━━━━━━━ 取引情報 ━━━━━━━━━━
📅 時刻　　　：2025-02-15 22:14:46
💰 BTC価格　：97,839.70 USDT
📈 価格変動　：+0.05%
💵 USDT残高 ：95.99 USDT
₿ BTC保有量：0.000136 BTC
📊 総資産額 ：109.29 USDT
🔄 取引回数 ：買い0回 / 売り0回
💹 現在の利益：+0.01 USDT (+0.01%)
━━━━━━━━━━━━━━━━━━━━━━━
2025-02-15 22:14:57,401 - INFO - 
━━━━━━━━━━ 取引情報 ━━━━━━━━━━
📅 時刻　　　：2025-02-15 22:14:57
💰 BTC価格　：97,965.68 USDT
📈 価格変動　：+0.18%
💵 USDT残高 ：95.99 USDT
₿ BTC保有量：0.000136 BTC
📊 総資産額 ：109.31 USDT
🔄 取引回数 ：買い0回 / 売り0回
💹 現在の利益：+0.02 USDT (+0.02%)
━━━━━━━━━━━━━━━━━━━━━━━
2025-02-15 22:15:07,653 - INFO - 
━━━━━━━━━━ 取引情報 ━━━━━━━━━━
📅 時刻　　　：2025-02-15 22:15:07
💰 BTC価格　：97,965.68 USDT
📈 価格変動　：+0.18%
💵 USDT残高 ：95.99 USDT
₿ BTC保有量：0.000136 BTC
📊 総資産額 ：109.31 USDT
🔄 取引回数 ：買い0回 / 売り0回
💹 現在の利益：+0.02 USDT (+0.02%)
━━━━━━━━━━━━━━━━━━━━━━━
2025-02-15 22:15:17,917 - INFO - 
━━━━━━━━━━ 取引情報 ━━━━━━━━━━
📅 時刻　　　：2025-02-15 22:15:17
💰 BTC価格　：97,965.68 USDT
📈 価格変動　：+0.18%
💵 USDT残高 ：95.99 USDT
₿ BTC保有量：0.000136 BTC
📊 総資産額 ：109.31 USDT
🔄 取引回数 ：買い0回 / 売り0回
💹 現在の利益：+0.02 USDT (+0.02%)
━━━━━━━━━━━━━━━━━━━━━━━
2025-02-15 22:15:28,168 - INFO - 
━━━━━━━━━━ 取引情報 ━━━━━━━━━━
📅 時刻　　　：2025-02-15 22:15:27
💰 BTC価格　：97,850.20 USDT
📈 価格変動　：+0.06%
💵 USDT残高 ：95.99 USDT
₿ BTC保有量：0.000136 BTC
📊 総資産額 ：109.29 USDT
🔄 取引回数 ：買い0回 / 売り0回
💹 現在の利益：+0.01 USDT (+0.01%)
━━━━━━━━━━━━━━━━━━━━━━━
2025-02-15 22:15:38,418 - INFO - 
━━━━━━━━━━ 取引情報 ━━━━━━━━━━
📅 時刻　　　：2025-02-15 22:15:38
💰 BTC価格　：97,850.20 USDT
📈 価格変動　：+0.06%
💵 USDT残高 ：95.99 USDT
₿ BTC保有量：0.000136 BTC
📊 総資産額 ：109.29 USDT
🔄 取引回数 ：買い0回 / 売り0回
💹 現在の利益：+0.01 USDT (+0.01%)
━━━━━━━━━━━━━━━━━━━━━━━
2025-02-15 22:15:48,671 - INFO - 
━━━━━━━━━━ 取引情報 ━━━━━━━━━━
📅 時刻　　　：2025-02-15 22:15:48
💰 BTC価格　：97,850.20 USDT
📈 価格変動　：+0.06%
💵 USDT残高 ：95.99 USDT
₿ BTC保有量：0.000136 BTC
📊 総資産額 ：109.29 USDT
🔄 取引回数 ：買い0回 / 売り0回
💹 現在の利益：+0.01 USDT (+0.01%)
━━━━━━━━━━━━━━━━━━━━━━━
2025-02-15 22:15:58,924 - INFO - 
━━━━━━━━━━ 取引情報 ━━━━━━━━━━
📅 時刻　　　：2025-02-15 22:15:58
💰 BTC価格　：97,850.20 USDT
📈 価格変動　：+0.06%
💵 USDT残高 ：95.99 USDT
₿ BTC保有量：0.000136 BTC
📊 総資産額 ：109.29 USDT
🔄 取引回数 ：買い0回 / 売り0回
💹 現在の利益：+0.01 USDT (+0.01%)
━━━━━━━━━━━━━━━━━━━━━━━
2025-02-15 22:16:09,175 - INFO - 
━━━━━━━━━━ 取引情報 ━━━━━━━━━━
📅 時刻　　　：2025-02-15 22:16:09
💰 BTC価格　：97,850.20 USDT
📈 価格変動　：+0.06%
💵 USDT残高 ：95.99 USDT
₿ BTC保有量：0.000136 BTC
📊 総資産額 ：109.29 USDT
🔄 取引回数 ：買い0回 / 売り0回
💹 現在の利益：+0.01 USDT (+0.01%)
━━━━━━━━━━━━━━━━━━━━━━━
2025-02-15 22:16:19,428 - INFO - 
━━━━━━━━━━ 取引情報 ━━━━━━━━━━
📅 時刻　　　：2025-02-15 22:16:19
💰 BTC価格　：97,961.60 USDT
📈 価格変動　：+0.17%
💵 USDT残高 ：95.99 USDT
₿ BTC保有量：0.000136 BTC
📊 総資産額 ：109.31 USDT
🔄 取引回数 ：買い0回 / 売り0回
💹 現在の利益：+0.02 USDT (+0.02%)
━━━━━━━━━━━━━━━━━━━━━━━
2025-02-15 22:16:29,683 - INFO - 
━━━━━━━━━━ 取引情報 ━━━━━━━━━━
📅 時刻　　　：2025-02-15 22:16:29
💰 BTC価格　：97,877.36 USDT
📈 価格変動　：+0.09%
💵 USDT残高 ：95.99 USDT
₿ BTC保有量：0.000136 BTC
📊 総資産額 ：109.29 USDT
🔄 取引回数 ：買い0回 / 売り0回
💹 現在の利益：+0.01 USDT (+0.01%)
━━━━━━━━━━━━━━━━━━━━━━━
2025-02-15 22:16:39,939 - INFO - 
━━━━━━━━━━ 取引情報 ━━━━━━━━━━
📅 時刻　　　：2025-02-15 22:16:39
💰 BTC価格　：97,877.36 USDT
📈 価格変動　：+0.09%
💵 USDT残高 ：95.99 USDT
₿ BTC保有量：0.000136 BTC
📊 総資産額 ：109.29 USDT
🔄 取引回数 ：買い0回 / 売り0回
💹 現在の利益：+0.01 USDT (+0.01%)
━━━━━━━━━━━━━━━━━━━━━━━
2025-02-15 22:16:50,192 - INFO - 
━━━━━━━━━━ 取引情報 ━━━━━━━━━━
📅 時刻　　　：2025-02-15 22:16:50
💰 BTC価格　：97,965.64 USDT
📈 価格変動　：+0.18%
💵 USDT残高 ：95.99 USDT
₿ BTC保有量：0.000136 BTC
📊 総資産額 ：109.31 USDT
🔄 取引回数 ：買い0回 / 売り0回
💹 現在の利益：+0.02 USDT (+0.02%)
━━━━━━━━━━━━━━━━━━━━━━━
2025-02-15 22:17:00,447 - INFO - 
━━━━━━━━━━ 取引情報 ━━━━━━━━━━
📅 時刻　　　：2025-02-15 22:17:00
💰 BTC価格　：97,965.64 USDT
📈 価格変動　：+0.18%
💵 USDT残高 ：95.99 USDT
₿ BTC保有量：0.000136 BTC
📊 総資産額 ：109.31 USDT
🔄 取引回数 ：買い0回 / 売り0回
💹 現在の利益：+0.02 USDT (+0.02%)
━━━━━━━━━━━━━━━━━━━━━━━
2025-02-15 22:17:10,702 - INFO - 
━━━━━━━━━━ 取引情報 ━━━━━━━━━━
📅 時刻　　　：2025-02-15 22:17:10
💰 BTC価格　：97,965.64 USDT
📈 価格変動　：+0.18%
💵 USDT残高 ：95.99 USDT
₿ BTC保有量：0.000136 BTC
📊 総資産額 ：109.31 USDT
🔄 取引回数 ：買い0回 / 売り0回
💹 現在の利益：+0.02 USDT (+0.02%)
━━━━━━━━━━━━━━━━━━━━━━━
2025-02-15 22:17:20,952 - INFO - 
━━━━━━━━━━ 取引情報 ━━━━━━━━━━
📅 時刻　　　：2025-02-15 22:17:20
💰 BTC価格　：97,892.84 USDT
📈 価格変動　：+0.10%
💵 USDT残高 ：95.99 USDT
₿ BTC保有量：0.000136 BTC
📊 総資産額 ：109.30 USDT
🔄 取引回数 ：買い0回 / 売り0回
💹 現在の利益：+0.01 USDT (+0.01%)
━━━━━━━━━━━━━━━━━━━━━━━
2025-02-15 22:17:31,209 - INFO - 
━━━━━━━━━━ 取引情報 ━━━━━━━━━━
📅 時刻　　　：2025-02-15 22:17:31
💰 BTC価格　：97,834.16 USDT
📈 価格変動　：+0.04%
💵 USDT残高 ：95.99 USDT
₿ BTC保有量：0.000136 BTC
📊 総資産額 ：109.29 USDT
🔄 取引回数 ：買い0回 / 売り0回
💹 現在の利益：+0.01 USDT (+0.01%)
━━━━━━━━━━━━━━━━━━━━━━━
2025-02-15 22:17:41,462 - INFO - 
━━━━━━━━━━ 取引情報 ━━━━━━━━━━
📅 時刻　　　：2025-02-15 22:17:41
💰 BTC価格　：97,798.30 USDT
📈 価格変動　：+0.01%
💵 USDT残高 ：95.99 USDT
₿ BTC保有量：0.000136 BTC
📊 総資産額 ：109.28 USDT
🔄 取引回数 ：買い0回 / 売り0回
💹 現在の利益：+0.00 USDT (+0.00%)
━━━━━━━━━━━━━━━━━━━━━━━
2025-02-15 22:17:51,721 - INFO - 
━━━━━━━━━━ 取引情報 ━━━━━━━━━━
📅 時刻　　　：2025-02-15 22:17:51
💰 BTC価格　：97,798.30 USDT
📈 価格変動　：+0.01%
💵 USDT残高 ：95.99 USDT
₿ BTC保有量：0.000136 BTC
📊 総資産額 ：109.28 USDT
🔄 取引回数 ：買い0回 / 売り0回
💹 現在の利益：+0.00 USDT (+0.00%)
━━━━━━━━━━━━━━━━━━━━━━━
2025-02-15 22:18:01,974 - INFO - 
━━━━━━━━━━ 取引情報 ━━━━━━━━━━
📅 時刻　　　：2025-02-15 22:18:01
💰 BTC価格　：97,798.30 USDT
📈 価格変動　：+0.01%
💵 USDT残高 ：95.99 USDT
₿ BTC保有量：0.000136 BTC
📊 総資産額 ：109.28 USDT
🔄 取引回数 ：買い0回 / 売り0回
💹 現在の利益：+0.00 USDT (+0.00%)
━━━━━━━━━━━━━━━━━━━━━━━
2025-02-15 22:18:12,234 - INFO - 
━━━━━━━━━━ 取引情報 ━━━━━━━━━━
📅 時刻　　　：2025-02-15 22:18:12
💰 BTC価格　：97,798.30 USDT
📈 価格変動　：+0.01%
💵 USDT残高 ：95.99 USDT
₿ BTC保有量：0.000136 BTC
📊 総資産額 ：109.28 USDT
🔄 取引回数 ：買い0回 / 売り0回
💹 現在の利益：+0.00 USDT (+0.00%)
━━━━━━━━━━━━━━━━━━━━━━━
2025-02-15 22:18:22,490 - INFO - 
━━━━━━━━━━ 取引情報 ━━━━━━━━━━
📅 時刻　　　：2025-02-15 22:18:22
💰 BTC価格　：97,798.30 USDT
📈 価格変動　：+0.01%
💵 USDT残高 ：95.99 USDT
₿ BTC保有量：0.000136 BTC
📊 総資産額 ：109.28 USDT
🔄 取引回数 ：買い0回 / 売り0回
💹 現在の利益：+0.00 USDT (+0.00%)
━━━━━━━━━━━━━━━━━━━━━━━
2025-02-15 22:18:32,746 - INFO - 
━━━━━━━━━━ 取引情報 ━━━━━━━━━━
📅 時刻　　　：2025-02-15 22:18:32
💰 BTC価格　：97,872.09 USDT
📈 価格変動　：+0.08%
💵 USDT残高 ：95.99 USDT
₿ BTC保有量：0.000136 BTC
📊 総資産額 ：109.29 USDT
🔄 取引回数 ：買い0回 / 売り0回
💹 現在の利益：+0.01 USDT (+0.01%)
━━━━━━━━━━━━━━━━━━━━━━━
2025-02-15 22:18:43,004 - INFO - 
━━━━━━━━━━ 取引情報 ━━━━━━━━━━
📅 時刻　　　：2025-02-15 22:18:42
💰 BTC価格　：97,872.09 USDT
📈 価格変動　：+0.08%
💵 USDT残高 ：95.99 USDT
₿ BTC保有量：0.000136 BTC
📊 総資産額 ：109.29 USDT
🔄 取引回数 ：買い0回 / 売り0回
💹 現在の利益：+0.01 USDT (+0.01%)
━━━━━━━━━━━━━━━━━━━━━━━
2025-02-15 22:18:53,261 - INFO - 
━━━━━━━━━━ 取引情報 ━━━━━━━━━━
📅 時刻　　　：2025-02-15 22:18:53
💰 BTC価格　：97,853.39 USDT
📈 価格変動　：+0.06%
💵 USDT残高 ：95.99 USDT
₿ BTC保有量：0.000136 BTC
📊 総資産額 ：109.29 USDT
🔄 取引回数 ：買い0回 / 売り0回
💹 現在の利益：+0.01 USDT (+0.01%)
━━━━━━━━━━━━━━━━━━━━━━━
2025-02-15 22:19:03,519 - INFO - 
━━━━━━━━━━ 取引情報 ━━━━━━━━━━
📅 時刻　　　：2025-02-15 22:19:03
💰 BTC価格　：97,853.39 USDT
📈 価格変動　：+0.06%
💵 USDT残高 ：95.99 USDT
₿ BTC保有量：0.000136 BTC
📊 総資産額 ：109.29 USDT
🔄 取引回数 ：買い0回 / 売り0回
💹 現在の利益：+0.01 USDT (+0.01%)
━━━━━━━━━━━━━━━━━━━━━━━
2025-02-15 22:19:13,771 - INFO - 
━━━━━━━━━━ 取引情報 ━━━━━━━━━━
📅 時刻　　　：2025-02-15 22:19:13
💰 BTC価格　：97,853.39 USDT
📈 価格変動　：+0.06%
💵 USDT残高 ：95.99 USDT
₿ BTC保有量：0.000136 BTC
📊 総資産額 ：109.29 USDT
🔄 取引回数 ：買い0回 / 売り0回
💹 現在の利益：+0.01 USDT (+0.01%)
━━━━━━━━━━━━━━━━━━━━━━━
2025-02-15 22:19:24,025 - INFO - 
━━━━━━━━━━ 取引情報 ━━━━━━━━━━
📅 時刻　　　：2025-02-15 22:19:23
💰 BTC価格　：97,853.39 USDT
📈 価格変動　：+0.06%
💵 USDT残高 ：95.99 USDT
₿ BTC保有量：0.000136 BTC
📊 総資産額 ：109.29 USDT
🔄 取引回数 ：買い0回 / 売り0回
💹 現在の利益：+0.01 USDT (+0.01%)
━━━━━━━━━━━━━━━━━━━━━━━
2025-02-15 22:19:34,283 - INFO - 
━━━━━━━━━━ 取引情報 ━━━━━━━━━━
📅 時刻　　　：2025-02-15 22:19:34
💰 BTC価格　：97,853.39 USDT
📈 価格変動　：+0.06%
💵 USDT残高 ：95.99 USDT
₿ BTC保有量：0.000136 BTC
📊 総資産額 ：109.29 USDT
🔄 取引回数 ：買い0回 / 売り0回
💹 現在の利益：+0.01 USDT (+0.01%)
━━━━━━━━━━━━━━━━━━━━━━━
2025-02-15 22:19:44,540 - INFO - 
━━━━━━━━━━ 取引情報 ━━━━━━━━━━
📅 時刻　　　：2025-02-15 22:19:44
💰 BTC価格　：97,972.79 USDT
📈 価格変動　：+0.18%
💵 USDT残高 ：95.99 USDT
₿ BTC保有量：0.000136 BTC
📊 総資産額 ：109.31 USDT
🔄 取引回数 ：買い0回 / 売り0回
💹 現在の利益：+0.02 USDT (+0.02%)
━━━━━━━━━━━━━━━━━━━━━━━
2025-02-15 22:19:54,792 - INFO - 
━━━━━━━━━━ 取引情報 ━━━━━━━━━━
📅 時刻　　　：2025-02-15 22:19:54
💰 BTC価格　：97,972.79 USDT
📈 価格変動　：+0.18%
💵 USDT残高 ：95.99 USDT
₿ BTC保有量：0.000136 BTC
📊 総資産額 ：109.31 USDT
🔄 取引回数 ：買い0回 / 売り0回
💹 現在の利益：+0.02 USDT (+0.02%)
━━━━━━━━━━━━━━━━━━━━━━━
2025-02-15 22:20:05,045 - INFO - 
━━━━━━━━━━ 取引情報 ━━━━━━━━━━
📅 時刻　　　：2025-02-15 22:20:04
💰 BTC価格　：97,972.79 USDT
📈 価格変動　：+0.18%
💵 USDT残高 ：95.99 USDT
₿ BTC保有量：0.000136 BTC
📊 総資産額 ：109.31 USDT
🔄 取引回数 ：買い0回 / 売り0回
💹 現在の利益：+0.02 USDT (+0.02%)
━━━━━━━━━━━━━━━━━━━━━━━
2025-02-15 22:20:15,301 - INFO - 
━━━━━━━━━━ 取引情報 ━━━━━━━━━━
📅 時刻　　　：2025-02-15 22:20:15
💰 BTC価格　：97,972.79 USDT
📈 価格変動　：+0.18%
💵 USDT残高 ：95.99 USDT
₿ BTC保有量：0.000136 BTC
📊 総資産額 ：109.31 USDT
🔄 取引回数 ：買い0回 / 売り0回
💹 現在の利益：+0.02 USDT (+0.02%)
━━━━━━━━━━━━━━━━━━━━━━━
2025-02-15 22:20:25,553 - INFO - 
━━━━━━━━━━ 取引情報 ━━━━━━━━━━
📅 時刻　　　：2025-02-15 22:20:25
💰 BTC価格　：97,972.79 USDT
📈 価格変動　：+0.18%
💵 USDT残高 ：95.99 USDT
₿ BTC保有量：0.000136 BTC
📊 総資産額 ：109.31 USDT
🔄 取引回数 ：買い0回 / 売り0回
💹 現在の利益：+0.02 USDT (+0.02%)
━━━━━━━━━━━━━━━━━━━━━━━
2025-02-15 22:20:35,808 - INFO - 
━━━━━━━━━━ 取引情報 ━━━━━━━━━━
📅 時刻　　　：2025-02-15 22:20:35
💰 BTC価格　：97,853.04 USDT
📈 価格変動　：+0.06%
💵 USDT残高 ：95.99 USDT
₿ BTC保有量：0.000136 BTC
📊 総資産額 ：109.29 USDT
🔄 取引回数 ：買い0回 / 売り0回
💹 現在の利益：+0.01 USDT (+0.01%)
━━━━━━━━━━━━━━━━━━━━━━━
2025-02-15 22:20:46,069 - INFO - 
━━━━━━━━━━ 取引情報 ━━━━━━━━━━
📅 時刻　　　：2025-02-15 22:20:45
💰 BTC価格　：97,977.48 USDT
📈 価格変動　：+0.19%
💵 USDT残高 ：95.99 USDT
₿ BTC保有量：0.000136 BTC
📊 総資産額 ：109.31 USDT
🔄 取引回数 ：買い0回 / 売り0回
💹 現在の利益：+0.03 USDT (+0.02%)
━━━━━━━━━━━━━━━━━━━━━━━
2025-02-15 22:20:56,326 - INFO - 
━━━━━━━━━━ 取引情報 ━━━━━━━━━━
📅 時刻　　　：2025-02-15 22:20:56
💰 BTC価格　：97,977.48 USDT
📈 価格変動　：+0.19%
💵 USDT残高 ：95.99 USDT
₿ BTC保有量：0.000136 BTC
📊 総資産額 ：109.31 USDT
🔄 取引回数 ：買い0回 / 売り0回
💹 現在の利益：+0.03 USDT (+0.02%)
━━━━━━━━━━━━━━━━━━━━━━━
2025-02-15 22:21:06,578 - INFO - 
━━━━━━━━━━ 取引情報 ━━━━━━━━━━
📅 時刻　　　：2025-02-15 22:21:06
💰 BTC価格　：97,977.48 USDT
📈 価格変動　：+0.19%
💵 USDT残高 ：95.99 USDT
₿ BTC保有量：0.000136 BTC
📊 総資産額 ：109.31 USDT
🔄 取引回数 ：買い0回 / 売り0回
💹 現在の利益：+0.03 USDT (+0.02%)
━━━━━━━━━━━━━━━━━━━━━━━
2025-02-15 22:21:16,831 - INFO - 
━━━━━━━━━━ 取引情報 ━━━━━━━━━━
📅 時刻　　　：2025-02-15 22:21:16
💰 BTC価格　：97,862.73 USDT
📈 価格変動　：+0.07%
💵 USDT残高 ：95.99 USDT
₿ BTC保有量：0.000136 BTC
📊 総資産額 ：109.29 USDT
🔄 取引回数 ：買い0回 / 売り0回
💹 現在の利益：+0.01 USDT (+0.01%)
━━━━━━━━━━━━━━━━━━━━━━━
2025-02-15 22:21:27,109 - INFO - 
━━━━━━━━━━ 取引情報 ━━━━━━━━━━
📅 時刻　　　：2025-02-15 22:21:26
💰 BTC価格　：97,862.73 USDT
📈 価格変動　：+0.07%
💵 USDT残高 ：95.99 USDT
₿ BTC保有量：0.000136 BTC
📊 総資産額 ：109.29 USDT
🔄 取引回数 ：買い0回 / 売り0回
💹 現在の利益：+0.01 USDT (+0.01%)
━━━━━━━━━━━━━━━━━━━━━━━
2025-02-15 22:21:37,366 - INFO - 
━━━━━━━━━━ 取引情報 ━━━━━━━━━━
📅 時刻　　　：2025-02-15 22:21:37
💰 BTC価格　：97,862.73 USDT
📈 価格変動　：+0.07%
💵 USDT残高 ：95.99 USDT
₿ BTC保有量：0.000136 BTC
📊 総資産額 ：109.29 USDT
🔄 取引回数 ：買い0回 / 売り0回
💹 現在の利益：+0.01 USDT (+0.01%)
━━━━━━━━━━━━━━━━━━━━━━━
2025-02-15 22:21:47,622 - INFO - 
━━━━━━━━━━ 取引情報 ━━━━━━━━━━
📅 時刻　　　：2025-02-15 22:21:47
💰 BTC価格　：97,891.95 USDT
📈 価格変動　：+0.10%
💵 USDT残高 ：95.99 USDT
₿ BTC保有量：0.000136 BTC
📊 総資産額 ：109.30 USDT
🔄 取引回数 ：買い0回 / 売り0回
💹 現在の利益：+0.01 USDT (+0.01%)
━━━━━━━━━━━━━━━━━━━━━━━
2025-02-15 22:21:57,876 - INFO - 
━━━━━━━━━━ 取引情報 ━━━━━━━━━━
📅 時刻　　　：2025-02-15 22:21:57
💰 BTC価格　：97,891.95 USDT
📈 価格変動　：+0.10%
💵 USDT残高 ：95.99 USDT
₿ BTC保有量：0.000136 BTC
📊 総資産額 ：109.30 USDT
🔄 取引回数 ：買い0回 / 売り0回
💹 現在の利益：+0.01 USDT (+0.01%)
━━━━━━━━━━━━━━━━━━━━━━━
2025-02-15 22:22:08,140 - INFO - 
━━━━━━━━━━ 取引情報 ━━━━━━━━━━
📅 時刻　　　：2025-02-15 22:22:07
💰 BTC価格　：97,813.51 USDT
📈 価格変動　：+0.02%
💵 USDT残高 ：95.99 USDT
₿ BTC保有量：0.000136 BTC
📊 総資産額 ：109.29 USDT
🔄 取引回数 ：買い0回 / 売り0回
💹 現在の利益：+0.00 USDT (+0.00%)
━━━━━━━━━━━━━━━━━━━━━━━
2025-02-15 22:22:18,408 - INFO - 
━━━━━━━━━━ 取引情報 ━━━━━━━━━━
📅 時刻　　　：2025-02-15 22:22:18
💰 BTC価格　：97,813.51 USDT
📈 価格変動　：+0.02%
💵 USDT残高 ：95.99 USDT
₿ BTC保有量：0.000136 BTC
📊 総資産額 ：109.29 USDT
🔄 取引回数 ：買い0回 / 売り0回
💹 現在の利益：+0.00 USDT (+0.00%)
━━━━━━━━━━━━━━━━━━━━━━━
2025-02-15 22:22:28,663 - INFO - 
━━━━━━━━━━ 取引情報 ━━━━━━━━━━
📅 時刻　　　：2025-02-15 22:22:28
💰 BTC価格　：97,813.51 USDT
📈 価格変動　：+0.02%
💵 USDT残高 ：95.99 USDT
₿ BTC保有量：0.000136 BTC
📊 総資産額 ：109.29 USDT
🔄 取引回数 ：買い0回 / 売り0回
💹 現在の利益：+0.00 USDT (+0.00%)
━━━━━━━━━━━━━━━━━━━━━━━
2025-02-15 22:22:38,916 - INFO - 
━━━━━━━━━━ 取引情報 ━━━━━━━━━━
📅 時刻　　　：2025-02-15 22:22:38
💰 BTC価格　：97,813.51 USDT
📈 価格変動　：+0.02%
💵 USDT残高 ：95.99 USDT
₿ BTC保有量：0.000136 BTC
📊 総資産額 ：109.29 USDT
🔄 取引回数 ：買い0回 / 売り0回
💹 現在の利益：+0.00 USDT (+0.00%)
━━━━━━━━━━━━━━━━━━━━━━━
2025-02-15 22:22:49,170 - INFO - 
━━━━━━━━━━ 取引情報 ━━━━━━━━━━
📅 時刻　　　：2025-02-15 22:22:48
💰 BTC価格　：97,813.51 USDT
📈 価格変動　：+0.02%
💵 USDT残高 ：95.99 USDT
₿ BTC保有量：0.000136 BTC
📊 総資産額 ：109.29 USDT
🔄 取引回数 ：買い0回 / 売り0回
💹 現在の利益：+0.00 USDT (+0.00%)
━━━━━━━━━━━━━━━━━━━━━━━
