2025-02-14 00:16:38,641 - INFO - 初期価格を取得中...
2025-02-14 00:16:39,343 - INFO - 
━━━━━━━━━━ 取引情報 ━━━━━━━━━━
📅 時刻　　　：2025-02-14 00:16:39
💰 BTC価格　：92,935.35 USDT
📉 価格変動　：0.00%
💵 USDT残高 ：100.00 USDT
₿ BTC保有量：0.000000 BTC
📊 総資産額 ：100.00 USDT
💹 現在の利益：+0.00 USDT (+0.00%)
━━━━━━━━━━━━━━━━━━━━━━━
2025-02-14 00:16:49,592 - INFO - 
━━━━━━━━━━ 取引情報 ━━━━━━━━━━
📅 時刻　　　：2025-02-14 00:16:49
💰 BTC価格　：92,935.35 USDT
📉 価格変動　：0.00%
💵 USDT残高 ：100.00 USDT
₿ BTC保有量：0.000000 BTC
📊 総資産額 ：100.00 USDT
💹 現在の利益：+0.00 USDT (+0.00%)
━━━━━━━━━━━━━━━━━━━━━━━
2025-02-14 00:16:59,846 - INFO - 
━━━━━━━━━━ 取引情報 ━━━━━━━━━━
📅 時刻　　　：2025-02-14 00:16:59
💰 BTC価格　：92,935.35 USDT
📉 価格変動　：0.00%
💵 USDT残高 ：100.00 USDT
₿ BTC保有量：0.000000 BTC
📊 総資産額 ：100.00 USDT
💹 現在の利益：+0.00 USDT (+0.00%)
━━━━━━━━━━━━━━━━━━━━━━━
2025-02-14 00:17:10,102 - INFO - 
━━━━━━━━━━ 取引情報 ━━━━━━━━━━
📅 時刻　　　：2025-02-14 00:17:09
💰 BTC価格　：92,935.35 USDT
📉 価格変動　：0.00%
💵 USDT残高 ：100.00 USDT
₿ BTC保有量：0.000000 BTC
📊 総資産額 ：100.00 USDT
💹 現在の利益：+0.00 USDT (+0.00%)
━━━━━━━━━━━━━━━━━━━━━━━
2025-02-14 00:17:20,357 - INFO - 
━━━━━━━━━━ 取引情報 ━━━━━━━━━━
📅 時刻　　　：2025-02-14 00:17:20
💰 BTC価格　：92,935.35 USDT
📉 価格変動　：0.00%
💵 USDT残高 ：100.00 USDT
₿ BTC保有量：0.000000 BTC
📊 総資産額 ：100.00 USDT
💹 現在の利益：+0.00 USDT (+0.00%)
━━━━━━━━━━━━━━━━━━━━━━━
2025-02-14 00:17:30,611 - INFO - 
━━━━━━━━━━ 取引情報 ━━━━━━━━━━
📅 時刻　　　：2025-02-14 00:17:30
💰 BTC価格　：92,829.33 USDT
📉 価格変動　：-0.11%
💵 USDT残高 ：100.00 USDT
₿ BTC保有量：0.000000 BTC
📊 総資産額 ：100.00 USDT
💹 現在の利益：+0.00 USDT (+0.00%)
━━━━━━━━━━━━━━━━━━━━━━━
2025-02-14 00:17:40,866 - INFO - 
━━━━━━━━━━ 取引情報 ━━━━━━━━━━
📅 時刻　　　：2025-02-14 00:17:40
💰 BTC価格　：92,829.33 USDT
📉 価格変動　：-0.11%
💵 USDT残高 ：100.00 USDT
₿ BTC保有量：0.000000 BTC
📊 総資産額 ：100.00 USDT
💹 現在の利益：+0.00 USDT (+0.00%)
━━━━━━━━━━━━━━━━━━━━━━━
2025-02-14 00:17:51,126 - INFO - 
━━━━━━━━━━ 取引情報 ━━━━━━━━━━
📅 時刻　　　：2025-02-14 00:17:50
💰 BTC価格　：92,829.33 USDT
📉 価格変動　：-0.11%
💵 USDT残高 ：100.00 USDT
₿ BTC保有量：0.000000 BTC
📊 総資産額 ：100.00 USDT
💹 現在の利益：+0.00 USDT (+0.00%)
━━━━━━━━━━━━━━━━━━━━━━━
2025-02-14 00:18:01,381 - INFO - 
━━━━━━━━━━ 取引情報 ━━━━━━━━━━
📅 時刻　　　：2025-02-14 00:18:01
💰 BTC価格　：92,838.38 USDT
📉 価格変動　：-0.10%
💵 USDT残高 ：100.00 USDT
₿ BTC保有量：0.000000 BTC
📊 総資産額 ：100.00 USDT
💹 現在の利益：+0.00 USDT (+0.00%)
━━━━━━━━━━━━━━━━━━━━━━━
2025-02-14 00:18:11,635 - INFO - 
━━━━━━━━━━ 取引情報 ━━━━━━━━━━
📅 時刻　　　：2025-02-14 00:18:11
💰 BTC価格　：92,838.38 USDT
📉 価格変動　：-0.10%
💵 USDT残高 ：100.00 USDT
₿ BTC保有量：0.000000 BTC
📊 総資産額 ：100.00 USDT
💹 現在の利益：+0.00 USDT (+0.00%)
━━━━━━━━━━━━━━━━━━━━━━━
2025-02-14 00:18:21,905 - INFO - 
━━━━━━━━━━ 取引情報 ━━━━━━━━━━
📅 時刻　　　：2025-02-14 00:18:21
💰 BTC価格　：92,838.38 USDT
📉 価格変動　：-0.10%
💵 USDT残高 ：100.00 USDT
₿ BTC保有量：0.000000 BTC
📊 総資産額 ：100.00 USDT
💹 現在の利益：+0.00 USDT (+0.00%)
━━━━━━━━━━━━━━━━━━━━━━━
2025-02-14 00:18:32,157 - INFO - 
━━━━━━━━━━ 取引情報 ━━━━━━━━━━
📅 時刻　　　：2025-02-14 00:18:31
💰 BTC価格　：92,838.38 USDT
📉 価格変動　：-0.10%
💵 USDT残高 ：100.00 USDT
₿ BTC保有量：0.000000 BTC
📊 総資産額 ：100.00 USDT
💹 現在の利益：+0.00 USDT (+0.00%)
━━━━━━━━━━━━━━━━━━━━━━━
2025-02-14 00:18:42,414 - INFO - 
━━━━━━━━━━ 取引情報 ━━━━━━━━━━
📅 時刻　　　：2025-02-14 00:18:42
💰 BTC価格　：92,838.38 USDT
📉 価格変動　：-0.10%
💵 USDT残高 ：100.00 USDT
₿ BTC保有量：0.000000 BTC
📊 総資産額 ：100.00 USDT
💹 現在の利益：+0.00 USDT (+0.00%)
━━━━━━━━━━━━━━━━━━━━━━━
2025-02-14 00:18:52,801 - INFO - 
━━━━━━━━━━ 取引情報 ━━━━━━━━━━
📅 時刻　　　：2025-02-14 00:18:52
💰 BTC価格　：92,838.38 USDT
📉 価格変動　：-0.10%
💵 USDT残高 ：100.00 USDT
₿ BTC保有量：0.000000 BTC
📊 総資産額 ：100.00 USDT
💹 現在の利益：+0.00 USDT (+0.00%)
━━━━━━━━━━━━━━━━━━━━━━━
2025-02-14 00:19:03,060 - INFO - 
━━━━━━━━━━ 取引情報 ━━━━━━━━━━
📅 時刻　　　：2025-02-14 00:19:02
💰 BTC価格　：92,838.38 USDT
📉 価格変動　：-0.10%
💵 USDT残高 ：100.00 USDT
₿ BTC保有量：0.000000 BTC
📊 総資産額 ：100.00 USDT
💹 現在の利益：+0.00 USDT (+0.00%)
━━━━━━━━━━━━━━━━━━━━━━━
2025-02-14 00:19:13,316 - INFO - 
━━━━━━━━━━ 取引情報 ━━━━━━━━━━
📅 時刻　　　：2025-02-14 00:19:13
💰 BTC価格　：92,838.38 USDT
📉 価格変動　：-0.10%
💵 USDT残高 ：100.00 USDT
₿ BTC保有量：0.000000 BTC
📊 総資産額 ：100.00 USDT
💹 現在の利益：+0.00 USDT (+0.00%)
━━━━━━━━━━━━━━━━━━━━━━━
2025-02-14 00:19:23,569 - INFO - 
━━━━━━━━━━ 取引情報 ━━━━━━━━━━
📅 時刻　　　：2025-02-14 00:19:23
💰 BTC価格　：92,838.38 USDT
📉 価格変動　：-0.10%
💵 USDT残高 ：100.00 USDT
₿ BTC保有量：0.000000 BTC
📊 総資産額 ：100.00 USDT
💹 現在の利益：+0.00 USDT (+0.00%)
━━━━━━━━━━━━━━━━━━━━━━━
2025-02-14 00:19:33,823 - INFO - 
━━━━━━━━━━ 取引情報 ━━━━━━━━━━
📅 時刻　　　：2025-02-14 00:19:33
💰 BTC価格　：92,748.77 USDT
📉 価格変動　：-0.20%
💵 USDT残高 ：100.00 USDT
₿ BTC保有量：0.000000 BTC
📊 総資産額 ：100.00 USDT
💹 現在の利益：+0.00 USDT (+0.00%)
━━━━━━━━━━━━━━━━━━━━━━━
2025-02-14 00:19:44,075 - INFO - 
━━━━━━━━━━ 取引情報 ━━━━━━━━━━
📅 時刻　　　：2025-02-14 00:19:43
💰 BTC価格　：92,838.55 USDT
📉 価格変動　：-0.10%
💵 USDT残高 ：100.00 USDT
₿ BTC保有量：0.000000 BTC
📊 総資産額 ：100.00 USDT
💹 現在の利益：+0.00 USDT (+0.00%)
━━━━━━━━━━━━━━━━━━━━━━━
2025-02-14 00:19:54,337 - INFO - 
━━━━━━━━━━ 取引情報 ━━━━━━━━━━
📅 時刻　　　：2025-02-14 00:19:54
💰 BTC価格　：92,838.55 USDT
📉 価格変動　：-0.10%
💵 USDT残高 ：100.00 USDT
₿ BTC保有量：0.000000 BTC
📊 総資産額 ：100.00 USDT
💹 現在の利益：+0.00 USDT (+0.00%)
━━━━━━━━━━━━━━━━━━━━━━━
2025-02-14 00:20:04,594 - INFO - 
━━━━━━━━━━ 取引情報 ━━━━━━━━━━
📅 時刻　　　：2025-02-14 00:20:04
💰 BTC価格　：92,838.55 USDT
📉 価格変動　：-0.10%
💵 USDT残高 ：100.00 USDT
₿ BTC保有量：0.000000 BTC
📊 総資産額 ：100.00 USDT
💹 現在の利益：+0.00 USDT (+0.00%)
━━━━━━━━━━━━━━━━━━━━━━━
2025-02-14 00:20:14,849 - INFO - 
━━━━━━━━━━ 取引情報 ━━━━━━━━━━
📅 時刻　　　：2025-02-14 00:20:14
💰 BTC価格　：92,838.55 USDT
📉 価格変動　：-0.10%
💵 USDT残高 ：100.00 USDT
₿ BTC保有量：0.000000 BTC
📊 総資産額 ：100.00 USDT
💹 現在の利益：+0.00 USDT (+0.00%)
━━━━━━━━━━━━━━━━━━━━━━━
2025-02-14 00:20:25,103 - INFO - 
━━━━━━━━━━ 取引情報 ━━━━━━━━━━
📅 時刻　　　：2025-02-14 00:20:24
💰 BTC価格　：92,838.55 USDT
📉 価格変動　：-0.10%
💵 USDT残高 ：100.00 USDT
₿ BTC保有量：0.000000 BTC
📊 総資産額 ：100.00 USDT
💹 現在の利益：+0.00 USDT (+0.00%)
━━━━━━━━━━━━━━━━━━━━━━━
2025-02-14 00:20:35,357 - INFO - 
━━━━━━━━━━ 取引情報 ━━━━━━━━━━
📅 時刻　　　：2025-02-14 00:20:35
💰 BTC価格　：92,838.55 USDT
📉 価格変動　：-0.10%
💵 USDT残高 ：100.00 USDT
₿ BTC保有量：0.000000 BTC
📊 総資産額 ：100.00 USDT
💹 現在の利益：+0.00 USDT (+0.00%)
━━━━━━━━━━━━━━━━━━━━━━━
2025-02-14 00:20:45,610 - INFO - 
━━━━━━━━━━ 取引情報 ━━━━━━━━━━
📅 時刻　　　：2025-02-14 00:20:45
💰 BTC価格　：92,838.55 USDT
📉 価格変動　：-0.10%
💵 USDT残高 ：100.00 USDT
₿ BTC保有量：0.000000 BTC
📊 総資産額 ：100.00 USDT
💹 現在の利益：+0.00 USDT (+0.00%)
━━━━━━━━━━━━━━━━━━━━━━━
2025-02-14 00:20:55,866 - INFO - 
━━━━━━━━━━ 取引情報 ━━━━━━━━━━
📅 時刻　　　：2025-02-14 00:20:55
💰 BTC価格　：92,935.35 USDT
📉 価格変動　：0.00%
💵 USDT残高 ：100.00 USDT
₿ BTC保有量：0.000000 BTC
📊 総資産額 ：100.00 USDT
💹 現在の利益：+0.00 USDT (+0.00%)
━━━━━━━━━━━━━━━━━━━━━━━
2025-02-14 00:21:06,123 - INFO - 
━━━━━━━━━━ 取引情報 ━━━━━━━━━━
📅 時刻　　　：2025-02-14 00:21:05
💰 BTC価格　：92,935.35 USDT
📉 価格変動　：0.00%
💵 USDT残高 ：100.00 USDT
₿ BTC保有量：0.000000 BTC
📊 総資産額 ：100.00 USDT
💹 現在の利益：+0.00 USDT (+0.00%)
━━━━━━━━━━━━━━━━━━━━━━━
2025-02-14 00:21:16,380 - INFO - 
━━━━━━━━━━ 取引情報 ━━━━━━━━━━
📅 時刻　　　：2025-02-14 00:21:16
💰 BTC価格　：92,935.35 USDT
📉 価格変動　：0.00%
💵 USDT残高 ：100.00 USDT
₿ BTC保有量：0.000000 BTC
📊 総資産額 ：100.00 USDT
💹 現在の利益：+0.00 USDT (+0.00%)
━━━━━━━━━━━━━━━━━━━━━━━
2025-02-14 00:21:26,636 - INFO - 
━━━━━━━━━━ 取引情報 ━━━━━━━━━━
📅 時刻　　　：2025-02-14 00:21:26
💰 BTC価格　：92,935.35 USDT
📉 価格変動　：0.00%
💵 USDT残高 ：100.00 USDT
₿ BTC保有量：0.000000 BTC
📊 総資産額 ：100.00 USDT
💹 現在の利益：+0.00 USDT (+0.00%)
━━━━━━━━━━━━━━━━━━━━━━━
2025-02-14 00:21:36,889 - INFO - 
━━━━━━━━━━ 取引情報 ━━━━━━━━━━
📅 時刻　　　：2025-02-14 00:21:36
💰 BTC価格　：92,935.35 USDT
📉 価格変動　：0.00%
💵 USDT残高 ：100.00 USDT
₿ BTC保有量：0.000000 BTC
📊 総資産額 ：100.00 USDT
💹 現在の利益：+0.00 USDT (+0.00%)
━━━━━━━━━━━━━━━━━━━━━━━
2025-02-14 00:21:47,140 - INFO - 
━━━━━━━━━━ 取引情報 ━━━━━━━━━━
📅 時刻　　　：2025-02-14 00:21:46
💰 BTC価格　：92,797.83 USDT
📉 価格変動　：-0.15%
💵 USDT残高 ：100.00 USDT
₿ BTC保有量：0.000000 BTC
📊 総資産額 ：100.00 USDT
💹 現在の利益：+0.00 USDT (+0.00%)
━━━━━━━━━━━━━━━━━━━━━━━
2025-02-14 00:21:57,394 - INFO - 
━━━━━━━━━━ 取引情報 ━━━━━━━━━━
📅 時刻　　　：2025-02-14 00:21:57
💰 BTC価格　：92,838.55 USDT
📉 価格変動　：-0.10%
💵 USDT残高 ：100.00 USDT
₿ BTC保有量：0.000000 BTC
📊 総資産額 ：100.00 USDT
💹 現在の利益：+0.00 USDT (+0.00%)
━━━━━━━━━━━━━━━━━━━━━━━
2025-02-14 00:22:07,649 - INFO - 
━━━━━━━━━━ 取引情報 ━━━━━━━━━━
📅 時刻　　　：2025-02-14 00:22:07
💰 BTC価格　：92,838.55 USDT
📉 価格変動　：-0.10%
💵 USDT残高 ：100.00 USDT
₿ BTC保有量：0.000000 BTC
📊 総資産額 ：100.00 USDT
💹 現在の利益：+0.00 USDT (+0.00%)
━━━━━━━━━━━━━━━━━━━━━━━
2025-02-14 00:22:17,907 - INFO - 
━━━━━━━━━━ 取引情報 ━━━━━━━━━━
📅 時刻　　　：2025-02-14 00:22:17
💰 BTC価格　：92,768.72 USDT
📉 価格変動　：-0.18%
💵 USDT残高 ：100.00 USDT
₿ BTC保有量：0.000000 BTC
📊 総資産額 ：100.00 USDT
💹 現在の利益：+0.00 USDT (+0.00%)
━━━━━━━━━━━━━━━━━━━━━━━
2025-02-14 00:22:28,159 - INFO - 
━━━━━━━━━━ 取引情報 ━━━━━━━━━━
📅 時刻　　　：2025-02-14 00:22:27
💰 BTC価格　：92,768.72 USDT
📉 価格変動　：-0.18%
💵 USDT残高 ：100.00 USDT
₿ BTC保有量：0.000000 BTC
📊 総資産額 ：100.00 USDT
💹 現在の利益：+0.00 USDT (+0.00%)
━━━━━━━━━━━━━━━━━━━━━━━
2025-02-14 00:22:38,453 - INFO - 
━━━━━━━━━━ 取引情報 ━━━━━━━━━━
📅 時刻　　　：2025-02-14 00:22:38
💰 BTC価格　：92,758.45 USDT
📉 価格変動　：-0.19%
💵 USDT残高 ：100.00 USDT
₿ BTC保有量：0.000000 BTC
📊 総資産額 ：100.00 USDT
💹 現在の利益：+0.00 USDT (+0.00%)
━━━━━━━━━━━━━━━━━━━━━━━
2025-02-14 00:22:48,709 - INFO - 
━━━━━━━━━━ 取引情報 ━━━━━━━━━━
📅 時刻　　　：2025-02-14 00:22:48
💰 BTC価格　：92,758.45 USDT
📉 価格変動　：-0.19%
💵 USDT残高 ：100.00 USDT
₿ BTC保有量：0.000000 BTC
📊 総資産額 ：100.00 USDT
💹 現在の利益：+0.00 USDT (+0.00%)
━━━━━━━━━━━━━━━━━━━━━━━
2025-02-14 00:22:58,964 - INFO - 
━━━━━━━━━━ 取引情報 ━━━━━━━━━━
📅 時刻　　　：2025-02-14 00:22:58
💰 BTC価格　：92,772.14 USDT
📉 価格変動　：-0.18%
💵 USDT残高 ：100.00 USDT
₿ BTC保有量：0.000000 BTC
📊 総資産額 ：100.00 USDT
💹 現在の利益：+0.00 USDT (+0.00%)
━━━━━━━━━━━━━━━━━━━━━━━
2025-02-14 00:23:09,219 - INFO - 
━━━━━━━━━━ 取引情報 ━━━━━━━━━━
📅 時刻　　　：2025-02-14 00:23:09
💰 BTC価格　：92,772.14 USDT
📉 価格変動　：-0.18%
💵 USDT残高 ：100.00 USDT
₿ BTC保有量：0.000000 BTC
📊 総資産額 ：100.00 USDT
💹 現在の利益：+0.00 USDT (+0.00%)
━━━━━━━━━━━━━━━━━━━━━━━
2025-02-14 00:23:19,470 - INFO - 
━━━━━━━━━━ 取引情報 ━━━━━━━━━━
📅 時刻　　　：2025-02-14 00:23:19
💰 BTC価格　：92,740.03 USDT
📉 価格変動　：-0.21%
💵 USDT残高 ：100.00 USDT
₿ BTC保有量：0.000000 BTC
📊 総資産額 ：100.00 USDT
💹 現在の利益：+0.00 USDT (+0.00%)
━━━━━━━━━━━━━━━━━━━━━━━
2025-02-14 00:23:29,721 - INFO - 
━━━━━━━━━━ 取引情報 ━━━━━━━━━━
📅 時刻　　　：2025-02-14 00:23:29
💰 BTC価格　：92,739.77 USDT
📉 価格変動　：-0.21%
💵 USDT残高 ：100.00 USDT
₿ BTC保有量：0.000000 BTC
📊 総資産額 ：100.00 USDT
💹 現在の利益：+0.00 USDT (+0.00%)
━━━━━━━━━━━━━━━━━━━━━━━
2025-02-14 00:23:39,975 - INFO - 
━━━━━━━━━━ 取引情報 ━━━━━━━━━━
📅 時刻　　　：2025-02-14 00:23:39
💰 BTC価格　：92,777.28 USDT
📉 価格変動　：-0.17%
💵 USDT残高 ：100.00 USDT
₿ BTC保有量：0.000000 BTC
📊 総資産額 ：100.00 USDT
💹 現在の利益：+0.00 USDT (+0.00%)
━━━━━━━━━━━━━━━━━━━━━━━
2025-02-14 00:23:50,229 - INFO - 
━━━━━━━━━━ 取引情報 ━━━━━━━━━━
📅 時刻　　　：2025-02-14 00:23:50
💰 BTC価格　：92,784.13 USDT
📉 価格変動　：-0.16%
💵 USDT残高 ：100.00 USDT
₿ BTC保有量：0.000000 BTC
📊 総資産額 ：100.00 USDT
💹 現在の利益：+0.00 USDT (+0.00%)
━━━━━━━━━━━━━━━━━━━━━━━
2025-02-14 00:24:00,482 - INFO - 
━━━━━━━━━━ 取引情報 ━━━━━━━━━━
📅 時刻　　　：2025-02-14 00:24:00
💰 BTC価格　：92,784.13 USDT
📉 価格変動　：-0.16%
💵 USDT残高 ：100.00 USDT
₿ BTC保有量：0.000000 BTC
📊 総資産額 ：100.00 USDT
💹 現在の利益：+0.00 USDT (+0.00%)
━━━━━━━━━━━━━━━━━━━━━━━
2025-02-14 00:24:10,735 - INFO - 
━━━━━━━━━━ 取引情報 ━━━━━━━━━━
📅 時刻　　　：2025-02-14 00:24:10
💰 BTC価格　：92,782.41 USDT
📉 価格変動　：-0.16%
💵 USDT残高 ：100.00 USDT
₿ BTC保有量：0.000000 BTC
📊 総資産額 ：100.00 USDT
💹 現在の利益：+0.00 USDT (+0.00%)
━━━━━━━━━━━━━━━━━━━━━━━
2025-02-14 00:24:20,987 - INFO - 
━━━━━━━━━━ 取引情報 ━━━━━━━━━━
📅 時刻　　　：2025-02-14 00:24:20
💰 BTC価格　：92,755.02 USDT
📉 価格変動　：-0.19%
💵 USDT残高 ：100.00 USDT
₿ BTC保有量：0.000000 BTC
📊 総資産額 ：100.00 USDT
💹 現在の利益：+0.00 USDT (+0.00%)
━━━━━━━━━━━━━━━━━━━━━━━
2025-02-14 00:24:31,240 - INFO - 
━━━━━━━━━━ 取引情報 ━━━━━━━━━━
📅 時刻　　　：2025-02-14 00:24:31
💰 BTC価格　：92,770.43 USDT
📉 価格変動　：-0.18%
💵 USDT残高 ：100.00 USDT
₿ BTC保有量：0.000000 BTC
📊 総資産額 ：100.00 USDT
💹 現在の利益：+0.00 USDT (+0.00%)
━━━━━━━━━━━━━━━━━━━━━━━
2025-02-14 00:24:41,489 - INFO - 
━━━━━━━━━━ 取引情報 ━━━━━━━━━━
📅 時刻　　　：2025-02-14 00:24:41
💰 BTC価格　：92,765.29 USDT
📉 価格変動　：-0.18%
💵 USDT残高 ：100.00 USDT
₿ BTC保有量：0.000000 BTC
📊 総資産額 ：100.00 USDT
💹 現在の利益：+0.00 USDT (+0.00%)
━━━━━━━━━━━━━━━━━━━━━━━
2025-02-14 00:24:51,742 - INFO - 
━━━━━━━━━━ 取引情報 ━━━━━━━━━━
📅 時刻　　　：2025-02-14 00:24:51
💰 BTC価格　：92,786.45 USDT
📉 価格変動　：-0.16%
💵 USDT残高 ：100.00 USDT
₿ BTC保有量：0.000000 BTC
📊 総資産額 ：100.00 USDT
💹 現在の利益：+0.00 USDT (+0.00%)
━━━━━━━━━━━━━━━━━━━━━━━
2025-02-14 00:25:01,997 - INFO - 
━━━━━━━━━━ 取引情報 ━━━━━━━━━━
📅 時刻　　　：2025-02-14 00:25:01
💰 BTC価格　：92,760.16 USDT
📉 価格変動　：-0.19%
💵 USDT残高 ：100.00 USDT
₿ BTC保有量：0.000000 BTC
📊 総資産額 ：100.00 USDT
💹 現在の利益：+0.00 USDT (+0.00%)
━━━━━━━━━━━━━━━━━━━━━━━
2025-02-14 00:25:12,251 - INFO - 
━━━━━━━━━━ 取引情報 ━━━━━━━━━━
📅 時刻　　　：2025-02-14 00:25:12
💰 BTC価格　：92,760.16 USDT
📉 価格変動　：-0.19%
💵 USDT残高 ：100.00 USDT
₿ BTC保有量：0.000000 BTC
📊 総資産額 ：100.00 USDT
💹 現在の利益：+0.00 USDT (+0.00%)
━━━━━━━━━━━━━━━━━━━━━━━
2025-02-14 00:25:22,506 - INFO - 
━━━━━━━━━━ 取引情報 ━━━━━━━━━━
📅 時刻　　　：2025-02-14 00:25:22
💰 BTC価格　：92,760.16 USDT
📉 価格変動　：-0.19%
💵 USDT残高 ：100.00 USDT
₿ BTC保有量：0.000000 BTC
📊 総資産額 ：100.00 USDT
💹 現在の利益：+0.00 USDT (+0.00%)
━━━━━━━━━━━━━━━━━━━━━━━
2025-02-14 00:25:32,758 - INFO - 
━━━━━━━━━━ 取引情報 ━━━━━━━━━━
📅 時刻　　　：2025-02-14 00:25:32
💰 BTC価格　：92,760.16 USDT
📉 価格変動　：-0.19%
💵 USDT残高 ：100.00 USDT
₿ BTC保有量：0.000000 BTC
📊 総資産額 ：100.00 USDT
💹 現在の利益：+0.00 USDT (+0.00%)
━━━━━━━━━━━━━━━━━━━━━━━
2025-02-14 00:25:43,009 - INFO - 
━━━━━━━━━━ 取引情報 ━━━━━━━━━━
📅 時刻　　　：2025-02-14 00:25:42
💰 BTC価格　：92,761.87 USDT
📉 価格変動　：-0.19%
💵 USDT残高 ：100.00 USDT
₿ BTC保有量：0.000000 BTC
📊 総資産額 ：100.00 USDT
💹 現在の利益：+0.00 USDT (+0.00%)
━━━━━━━━━━━━━━━━━━━━━━━
2025-02-14 00:25:53,260 - INFO - 
━━━━━━━━━━ 取引情報 ━━━━━━━━━━
📅 時刻　　　：2025-02-14 00:25:53
💰 BTC価格　：92,772.14 USDT
📉 価格変動　：-0.18%
💵 USDT残高 ：100.00 USDT
₿ BTC保有量：0.000000 BTC
📊 総資産額 ：100.00 USDT
💹 現在の利益：+0.00 USDT (+0.00%)
━━━━━━━━━━━━━━━━━━━━━━━
2025-02-14 00:26:03,514 - INFO - 
━━━━━━━━━━ 取引情報 ━━━━━━━━━━
📅 時刻　　　：2025-02-14 00:26:03
💰 BTC価格　：92,760.16 USDT
📉 価格変動　：-0.19%
💵 USDT残高 ：100.00 USDT
₿ BTC保有量：0.000000 BTC
📊 総資産額 ：100.00 USDT
💹 現在の利益：+0.00 USDT (+0.00%)
━━━━━━━━━━━━━━━━━━━━━━━
2025-02-14 00:26:13,765 - INFO - 
━━━━━━━━━━ 取引情報 ━━━━━━━━━━
📅 時刻　　　：2025-02-14 00:26:13
💰 BTC価格　：92,768.72 USDT
📉 価格変動　：-0.18%
💵 USDT残高 ：100.00 USDT
₿ BTC保有量：0.000000 BTC
📊 総資産額 ：100.00 USDT
💹 現在の利益：+0.00 USDT (+0.00%)
━━━━━━━━━━━━━━━━━━━━━━━
2025-02-14 00:26:24,017 - INFO - 
━━━━━━━━━━ 取引情報 ━━━━━━━━━━
📅 時刻　　　：2025-02-14 00:26:23
💰 BTC価格　：92,935.35 USDT
📉 価格変動　：0.00%
💵 USDT残高 ：100.00 USDT
₿ BTC保有量：0.000000 BTC
📊 総資産額 ：100.00 USDT
💹 現在の利益：+0.00 USDT (+0.00%)
━━━━━━━━━━━━━━━━━━━━━━━
2025-02-14 00:26:34,269 - INFO - 
━━━━━━━━━━ 取引情報 ━━━━━━━━━━
📅 時刻　　　：2025-02-14 00:26:34
💰 BTC価格　：92,782.41 USDT
📉 価格変動　：-0.16%
💵 USDT残高 ：100.00 USDT
₿ BTC保有量：0.000000 BTC
📊 総資産額 ：100.00 USDT
💹 現在の利益：+0.00 USDT (+0.00%)
━━━━━━━━━━━━━━━━━━━━━━━
2025-02-14 00:26:44,528 - INFO - 
━━━━━━━━━━ 取引情報 ━━━━━━━━━━
📅 時刻　　　：2025-02-14 00:26:44
💰 BTC価格　：92,763.58 USDT
📉 価格変動　：-0.18%
💵 USDT残高 ：100.00 USDT
₿ BTC保有量：0.000000 BTC
📊 総資産額 ：100.00 USDT
💹 現在の利益：+0.00 USDT (+0.00%)
━━━━━━━━━━━━━━━━━━━━━━━
2025-02-14 00:26:54,783 - INFO - 
━━━━━━━━━━ 取引情報 ━━━━━━━━━━
📅 時刻　　　：2025-02-14 00:26:54
💰 BTC価格　：92,935.35 USDT
📉 価格変動　：0.00%
💵 USDT残高 ：100.00 USDT
₿ BTC保有量：0.000000 BTC
📊 総資産額 ：100.00 USDT
💹 現在の利益：+0.00 USDT (+0.00%)
━━━━━━━━━━━━━━━━━━━━━━━
2025-02-14 00:27:05,038 - INFO - 
━━━━━━━━━━ 取引情報 ━━━━━━━━━━
📅 時刻　　　：2025-02-14 00:27:04
💰 BTC価格　：92,650.02 USDT
📉 価格変動　：-0.31%
💵 USDT残高 ：100.00 USDT
₿ BTC保有量：0.000000 BTC
📊 総資産額 ：100.00 USDT
💹 現在の利益：+0.00 USDT (+0.00%)
━━━━━━━━━━━━━━━━━━━━━━━
2025-02-14 00:27:15,293 - INFO - 
━━━━━━━━━━ 取引情報 ━━━━━━━━━━
📅 時刻　　　：2025-02-14 00:27:15
💰 BTC価格　：92,758.45 USDT
📉 価格変動　：-0.19%
💵 USDT残高 ：100.00 USDT
₿ BTC保有量：0.000000 BTC
📊 総資産額 ：100.00 USDT
💹 現在の利益：+0.00 USDT (+0.00%)
━━━━━━━━━━━━━━━━━━━━━━━
2025-02-14 00:27:25,689 - INFO - 
━━━━━━━━━━ 取引情報 ━━━━━━━━━━
📅 時刻　　　：2025-02-14 00:27:25
💰 BTC価格　：92,758.45 USDT
📉 価格変動　：-0.19%
💵 USDT残高 ：100.00 USDT
₿ BTC保有量：0.000000 BTC
📊 総資産額 ：100.00 USDT
💹 現在の利益：+0.00 USDT (+0.00%)
━━━━━━━━━━━━━━━━━━━━━━━
2025-02-14 00:27:35,943 - INFO - 
━━━━━━━━━━ 取引情報 ━━━━━━━━━━
📅 時刻　　　：2025-02-14 00:27:35
💰 BTC価格　：92,758.45 USDT
📉 価格変動　：-0.19%
💵 USDT残高 ：100.00 USDT
₿ BTC保有量：0.000000 BTC
📊 総資産額 ：100.00 USDT
💹 現在の利益：+0.00 USDT (+0.00%)
━━━━━━━━━━━━━━━━━━━━━━━
2025-02-14 00:27:46,197 - INFO - 
━━━━━━━━━━ 取引情報 ━━━━━━━━━━
📅 時刻　　　：2025-02-14 00:27:46
💰 BTC価格　：92,772.14 USDT
📉 価格変動　：-0.18%
💵 USDT残高 ：100.00 USDT
₿ BTC保有量：0.000000 BTC
📊 総資産額 ：100.00 USDT
💹 現在の利益：+0.00 USDT (+0.00%)
━━━━━━━━━━━━━━━━━━━━━━━
2025-02-14 00:27:56,460 - INFO - 
━━━━━━━━━━ 取引情報 ━━━━━━━━━━
📅 時刻　　　：2025-02-14 00:27:56
💰 BTC価格　：92,772.14 USDT
📉 価格変動　：-0.18%
💵 USDT残高 ：100.00 USDT
₿ BTC保有量：0.000000 BTC
📊 総資産額 ：100.00 USDT
💹 現在の利益：+0.00 USDT (+0.00%)
━━━━━━━━━━━━━━━━━━━━━━━
2025-02-14 00:28:06,714 - INFO - 
━━━━━━━━━━ 取引情報 ━━━━━━━━━━
📅 時刻　　　：2025-02-14 00:28:06
💰 BTC価格　：92,765.29 USDT
📉 価格変動　：-0.18%
💵 USDT残高 ：100.00 USDT
₿ BTC保有量：0.000000 BTC
📊 総資産額 ：100.00 USDT
💹 現在の利益：+0.00 USDT (+0.00%)
━━━━━━━━━━━━━━━━━━━━━━━
2025-02-14 00:28:16,968 - INFO - 
━━━━━━━━━━ 取引情報 ━━━━━━━━━━
📅 時刻　　　：2025-02-14 00:28:16
💰 BTC価格　：92,650.02 USDT
📉 価格変動　：-0.31%
💵 USDT残高 ：100.00 USDT
₿ BTC保有量：0.000000 BTC
📊 総資産額 ：100.00 USDT
💹 現在の利益：+0.00 USDT (+0.00%)
━━━━━━━━━━━━━━━━━━━━━━━
2025-02-14 00:28:27,218 - INFO - 
━━━━━━━━━━ 取引情報 ━━━━━━━━━━
📅 時刻　　　：2025-02-14 00:28:27
💰 BTC価格　：92,650.02 USDT
📉 価格変動　：-0.31%
💵 USDT残高 ：100.00 USDT
₿ BTC保有量：0.000000 BTC
📊 総資産額 ：100.00 USDT
💹 現在の利益：+0.00 USDT (+0.00%)
━━━━━━━━━━━━━━━━━━━━━━━
2025-02-14 00:28:37,468 - INFO - 
━━━━━━━━━━ 取引情報 ━━━━━━━━━━
📅 時刻　　　：2025-02-14 00:28:37
💰 BTC価格　：92,756.73 USDT
📉 価格変動　：-0.19%
💵 USDT残高 ：100.00 USDT
₿ BTC保有量：0.000000 BTC
📊 総資産額 ：100.00 USDT
💹 現在の利益：+0.00 USDT (+0.00%)
━━━━━━━━━━━━━━━━━━━━━━━
2025-02-14 00:28:47,722 - INFO - 
━━━━━━━━━━ 取引情報 ━━━━━━━━━━
📅 時刻　　　：2025-02-14 00:28:47
💰 BTC価格　：92,773.85 USDT
📉 価格変動　：-0.17%
💵 USDT残高 ：100.00 USDT
₿ BTC保有量：0.000000 BTC
📊 総資産額 ：100.00 USDT
💹 現在の利益：+0.00 USDT (+0.00%)
━━━━━━━━━━━━━━━━━━━━━━━
2025-02-14 00:28:57,976 - INFO - 
━━━━━━━━━━ 取引情報 ━━━━━━━━━━
📅 時刻　　　：2025-02-14 00:28:57
💰 BTC価格　：92,770.43 USDT
📉 価格変動　：-0.18%
💵 USDT残高 ：100.00 USDT
₿ BTC保有量：0.000000 BTC
📊 総資産額 ：100.00 USDT
💹 現在の利益：+0.00 USDT (+0.00%)
━━━━━━━━━━━━━━━━━━━━━━━
2025-02-14 00:29:08,369 - INFO - 
━━━━━━━━━━ 取引情報 ━━━━━━━━━━
📅 時刻　　　：2025-02-14 00:29:08
💰 BTC価格　：92,770.43 USDT
📉 価格変動　：-0.18%
💵 USDT残高 ：100.00 USDT
₿ BTC保有量：0.000000 BTC
📊 総資産額 ：100.00 USDT
💹 現在の利益：+0.00 USDT (+0.00%)
━━━━━━━━━━━━━━━━━━━━━━━
2025-02-14 00:29:18,761 - INFO - 
━━━━━━━━━━ 取引情報 ━━━━━━━━━━
📅 時刻　　　：2025-02-14 00:29:18
💰 BTC価格　：92,772.14 USDT
📉 価格変動　：-0.18%
💵 USDT残高 ：100.00 USDT
₿ BTC保有量：0.000000 BTC
📊 総資産額 ：100.00 USDT
💹 現在の利益：+0.00 USDT (+0.00%)
━━━━━━━━━━━━━━━━━━━━━━━
2025-02-14 00:29:29,017 - INFO - 
━━━━━━━━━━ 取引情報 ━━━━━━━━━━
📅 時刻　　　：2025-02-14 00:29:28
💰 BTC価格　：92,770.27 USDT
📉 価格変動　：-0.18%
💵 USDT残高 ：100.00 USDT
₿ BTC保有量：0.000000 BTC
📊 総資産額 ：100.00 USDT
💹 現在の利益：+0.00 USDT (+0.00%)
━━━━━━━━━━━━━━━━━━━━━━━
2025-02-14 00:29:39,270 - INFO - 
━━━━━━━━━━ 取引情報 ━━━━━━━━━━
📅 時刻　　　：2025-02-14 00:29:39
💰 BTC価格　：92,765.29 USDT
📉 価格変動　：-0.18%
💵 USDT残高 ：100.00 USDT
₿ BTC保有量：0.000000 BTC
📊 総資産額 ：100.00 USDT
💹 現在の利益：+0.00 USDT (+0.00%)
━━━━━━━━━━━━━━━━━━━━━━━
2025-02-14 00:29:49,526 - INFO - 
━━━━━━━━━━ 取引情報 ━━━━━━━━━━
📅 時刻　　　：2025-02-14 00:29:49
💰 BTC価格　：92,765.29 USDT
📉 価格変動　：-0.18%
💵 USDT残高 ：100.00 USDT
₿ BTC保有量：0.000000 BTC
📊 総資産額 ：100.00 USDT
💹 現在の利益：+0.00 USDT (+0.00%)
━━━━━━━━━━━━━━━━━━━━━━━
2025-02-14 00:29:59,780 - INFO - 
━━━━━━━━━━ 取引情報 ━━━━━━━━━━
📅 時刻　　　：2025-02-14 00:29:59
💰 BTC価格　：92,763.58 USDT
📉 価格変動　：-0.18%
💵 USDT残高 ：100.00 USDT
₿ BTC保有量：0.000000 BTC
📊 総資産額 ：100.00 USDT
💹 現在の利益：+0.00 USDT (+0.00%)
━━━━━━━━━━━━━━━━━━━━━━━
2025-02-14 00:30:10,036 - INFO - 
━━━━━━━━━━ 取引情報 ━━━━━━━━━━
📅 時刻　　　：2025-02-14 00:30:09
💰 BTC価格　：92,935.35 USDT
📉 価格変動　：0.00%
💵 USDT残高 ：100.00 USDT
₿ BTC保有量：0.000000 BTC
📊 総資産額 ：100.00 USDT
💹 現在の利益：+0.00 USDT (+0.00%)
━━━━━━━━━━━━━━━━━━━━━━━
2025-02-14 00:30:20,287 - INFO - 
━━━━━━━━━━ 取引情報 ━━━━━━━━━━
📅 時刻　　　：2025-02-14 00:30:20
💰 BTC価格　：92,763.58 USDT
📉 価格変動　：-0.18%
💵 USDT残高 ：100.00 USDT
₿ BTC保有量：0.000000 BTC
📊 総資産額 ：100.00 USDT
💹 現在の利益：+0.00 USDT (+0.00%)
━━━━━━━━━━━━━━━━━━━━━━━
2025-02-14 00:30:30,545 - INFO - 
━━━━━━━━━━ 取引情報 ━━━━━━━━━━
📅 時刻　　　：2025-02-14 00:30:30
💰 BTC価格　：92,743.45 USDT
📉 価格変動　：-0.21%
💵 USDT残高 ：100.00 USDT
₿ BTC保有量：0.000000 BTC
📊 総資産額 ：100.00 USDT
💹 現在の利益：+0.00 USDT (+0.00%)
━━━━━━━━━━━━━━━━━━━━━━━
2025-02-14 00:30:40,796 - INFO - 
━━━━━━━━━━ 取引情報 ━━━━━━━━━━
📅 時刻　　　：2025-02-14 00:30:40
💰 BTC価格　：92,743.45 USDT
📉 価格変動　：-0.21%
💵 USDT残高 ：100.00 USDT
₿ BTC保有量：0.000000 BTC
📊 総資産額 ：100.00 USDT
💹 現在の利益：+0.00 USDT (+0.00%)
━━━━━━━━━━━━━━━━━━━━━━━
2025-02-14 00:30:51,049 - INFO - 
━━━━━━━━━━ 取引情報 ━━━━━━━━━━
📅 時刻　　　：2025-02-14 00:30:50
💰 BTC価格　：92,833.10 USDT
📉 価格変動　：-0.11%
💵 USDT残高 ：100.00 USDT
₿ BTC保有量：0.000000 BTC
📊 総資産額 ：100.00 USDT
💹 現在の利益：+0.00 USDT (+0.00%)
━━━━━━━━━━━━━━━━━━━━━━━
2025-02-14 00:31:01,438 - INFO - 
━━━━━━━━━━ 取引情報 ━━━━━━━━━━
📅 時刻　　　：2025-02-14 00:31:01
💰 BTC価格　：92,833.10 USDT
📉 価格変動　：-0.11%
💵 USDT残高 ：100.00 USDT
₿ BTC保有量：0.000000 BTC
📊 総資産額 ：100.00 USDT
💹 現在の利益：+0.00 USDT (+0.00%)
━━━━━━━━━━━━━━━━━━━━━━━
2025-02-14 00:31:11,692 - INFO - 
━━━━━━━━━━ 取引情報 ━━━━━━━━━━
📅 時刻　　　：2025-02-14 00:31:11
💰 BTC価格　：92,935.35 USDT
📉 価格変動　：0.00%
💵 USDT残高 ：100.00 USDT
₿ BTC保有量：0.000000 BTC
📊 総資産額 ：100.00 USDT
💹 現在の利益：+0.00 USDT (+0.00%)
━━━━━━━━━━━━━━━━━━━━━━━
2025-02-14 00:31:21,943 - INFO - 
━━━━━━━━━━ 取引情報 ━━━━━━━━━━
📅 時刻　　　：2025-02-14 00:31:21
💰 BTC価格　：92,784.13 USDT
📉 価格変動　：-0.16%
💵 USDT残高 ：100.00 USDT
₿ BTC保有量：0.000000 BTC
📊 総資産額 ：100.00 USDT
💹 現在の利益：+0.00 USDT (+0.00%)
━━━━━━━━━━━━━━━━━━━━━━━
2025-02-14 00:31:32,197 - INFO - 
━━━━━━━━━━ 取引情報 ━━━━━━━━━━
📅 時刻　　　：2025-02-14 00:31:32
💰 BTC価格　：92,784.13 USDT
📉 価格変動　：-0.16%
💵 USDT残高 ：100.00 USDT
₿ BTC保有量：0.000000 BTC
📊 総資産額 ：100.00 USDT
💹 現在の利益：+0.00 USDT (+0.00%)
━━━━━━━━━━━━━━━━━━━━━━━
2025-02-14 00:31:42,454 - INFO - 
━━━━━━━━━━ 取引情報 ━━━━━━━━━━
📅 時刻　　　：2025-02-14 00:31:42
💰 BTC価格　：92,784.13 USDT
📉 価格変動　：-0.16%
💵 USDT残高 ：100.00 USDT
₿ BTC保有量：0.000000 BTC
📊 総資産額 ：100.00 USDT
💹 現在の利益：+0.00 USDT (+0.00%)
━━━━━━━━━━━━━━━━━━━━━━━
2025-02-14 00:31:52,704 - INFO - 
━━━━━━━━━━ 取引情報 ━━━━━━━━━━
📅 時刻　　　：2025-02-14 00:31:52
💰 BTC価格　：92,782.41 USDT
📉 価格変動　：-0.16%
💵 USDT残高 ：100.00 USDT
₿ BTC保有量：0.000000 BTC
📊 総資産額 ：100.00 USDT
💹 現在の利益：+0.00 USDT (+0.00%)
━━━━━━━━━━━━━━━━━━━━━━━
2025-02-14 00:32:02,963 - INFO - 
━━━━━━━━━━ 取引情報 ━━━━━━━━━━
📅 時刻　　　：2025-02-14 00:32:02
💰 BTC価格　：92,650.02 USDT
📉 価格変動　：-0.31%
💵 USDT残高 ：100.00 USDT
₿ BTC保有量：0.000000 BTC
📊 総資産額 ：100.00 USDT
💹 現在の利益：+0.00 USDT (+0.00%)
━━━━━━━━━━━━━━━━━━━━━━━
2025-02-14 00:32:13,355 - INFO - 
━━━━━━━━━━ 取引情報 ━━━━━━━━━━
📅 時刻　　　：2025-02-14 00:32:13
💰 BTC価格　：92,834.27 USDT
📉 価格変動　：-0.11%
💵 USDT残高 ：100.00 USDT
₿ BTC保有量：0.000000 BTC
📊 総資産額 ：100.00 USDT
💹 現在の利益：+0.00 USDT (+0.00%)
━━━━━━━━━━━━━━━━━━━━━━━
2025-02-14 00:32:23,606 - INFO - 
━━━━━━━━━━ 取引情報 ━━━━━━━━━━
📅 時刻　　　：2025-02-14 00:32:23
💰 BTC価格　：92,650.02 USDT
📉 価格変動　：-0.31%
💵 USDT残高 ：100.00 USDT
₿ BTC保有量：0.000000 BTC
📊 総資産額 ：100.00 USDT
💹 現在の利益：+0.00 USDT (+0.00%)
━━━━━━━━━━━━━━━━━━━━━━━
2025-02-14 00:32:33,994 - INFO - 
━━━━━━━━━━ 取引情報 ━━━━━━━━━━
📅 時刻　　　：2025-02-14 00:32:33
💰 BTC価格　：92,650.02 USDT
📉 価格変動　：-0.31%
💵 USDT残高 ：100.00 USDT
₿ BTC保有量：0.000000 BTC
📊 総資産額 ：100.00 USDT
💹 現在の利益：+0.00 USDT (+0.00%)
━━━━━━━━━━━━━━━━━━━━━━━
2025-02-14 00:32:44,247 - INFO - 
━━━━━━━━━━ 取引情報 ━━━━━━━━━━
📅 時刻　　　：2025-02-14 00:32:44
💰 BTC価格　：92,775.72 USDT
📉 価格変動　：-0.17%
💵 USDT残高 ：100.00 USDT
₿ BTC保有量：0.000000 BTC
📊 総資産額 ：100.00 USDT
💹 現在の利益：+0.00 USDT (+0.00%)
━━━━━━━━━━━━━━━━━━━━━━━
2025-02-14 00:32:54,500 - INFO - 
━━━━━━━━━━ 取引情報 ━━━━━━━━━━
📅 時刻　　　：2025-02-14 00:32:54
💰 BTC価格　：92,772.14 USDT
📉 価格変動　：-0.18%
💵 USDT残高 ：100.00 USDT
₿ BTC保有量：0.000000 BTC
📊 総資産額 ：100.00 USDT
💹 現在の利益：+0.00 USDT (+0.00%)
━━━━━━━━━━━━━━━━━━━━━━━
2025-02-14 00:33:04,750 - INFO - 
━━━━━━━━━━ 取引情報 ━━━━━━━━━━
📅 時刻　　　：2025-02-14 00:33:04
💰 BTC価格　：92,756.73 USDT
📉 価格変動　：-0.19%
💵 USDT残高 ：100.00 USDT
₿ BTC保有量：0.000000 BTC
📊 総資産額 ：100.00 USDT
💹 現在の利益：+0.00 USDT (+0.00%)
━━━━━━━━━━━━━━━━━━━━━━━
2025-02-14 00:33:15,002 - INFO - 
━━━━━━━━━━ 取引情報 ━━━━━━━━━━
📅 時刻　　　：2025-02-14 00:33:14
💰 BTC価格　：92,650.02 USDT
📉 価格変動　：-0.31%
💵 USDT残高 ：100.00 USDT
₿ BTC保有量：0.000000 BTC
📊 総資産額 ：100.00 USDT
💹 現在の利益：+0.00 USDT (+0.00%)
━━━━━━━━━━━━━━━━━━━━━━━
2025-02-14 00:33:25,257 - INFO - 
━━━━━━━━━━ 取引情報 ━━━━━━━━━━
📅 時刻　　　：2025-02-14 00:33:25
💰 BTC価格　：92,650.02 USDT
📉 価格変動　：-0.31%
💵 USDT残高 ：100.00 USDT
₿ BTC保有量：0.000000 BTC
📊 総資産額 ：100.00 USDT
💹 現在の利益：+0.00 USDT (+0.00%)
━━━━━━━━━━━━━━━━━━━━━━━
2025-02-14 00:33:35,511 - INFO - 
━━━━━━━━━━ 取引情報 ━━━━━━━━━━
📅 時刻　　　：2025-02-14 00:33:35
💰 BTC価格　：92,777.28 USDT
📉 価格変動　：-0.17%
💵 USDT残高 ：100.00 USDT
₿ BTC保有量：0.000000 BTC
📊 総資産額 ：100.00 USDT
💹 現在の利益：+0.00 USDT (+0.00%)
━━━━━━━━━━━━━━━━━━━━━━━
2025-02-14 00:33:45,761 - INFO - 
━━━━━━━━━━ 取引情報 ━━━━━━━━━━
📅 時刻　　　：2025-02-14 00:33:45
💰 BTC価格　：92,789.26 USDT
📉 価格変動　：-0.16%
💵 USDT残高 ：100.00 USDT
₿ BTC保有量：0.000000 BTC
📊 総資産額 ：100.00 USDT
💹 現在の利益：+0.00 USDT (+0.00%)
━━━━━━━━━━━━━━━━━━━━━━━
2025-02-14 00:33:56,014 - INFO - 
━━━━━━━━━━ 取引情報 ━━━━━━━━━━
📅 時刻　　　：2025-02-14 00:33:55
💰 BTC価格　：92,806.20 USDT
📉 価格変動　：-0.14%
💵 USDT残高 ：100.00 USDT
₿ BTC保有量：0.000000 BTC
📊 総資産額 ：100.00 USDT
💹 現在の利益：+0.00 USDT (+0.00%)
━━━━━━━━━━━━━━━━━━━━━━━
2025-02-14 00:34:06,268 - INFO - 
━━━━━━━━━━ 取引情報 ━━━━━━━━━━
📅 時刻　　　：2025-02-14 00:34:06
💰 BTC価格　：92,806.20 USDT
📉 価格変動　：-0.14%
💵 USDT残高 ：100.00 USDT
₿ BTC保有量：0.000000 BTC
📊 総資産額 ：100.00 USDT
💹 現在の利益：+0.00 USDT (+0.00%)
━━━━━━━━━━━━━━━━━━━━━━━
2025-02-14 00:34:16,524 - INFO - 
━━━━━━━━━━ 取引情報 ━━━━━━━━━━
📅 時刻　　　：2025-02-14 00:34:16
💰 BTC価格　：92,787.55 USDT
📉 価格変動　：-0.16%
💵 USDT残高 ：100.00 USDT
₿ BTC保有量：0.000000 BTC
📊 総資産額 ：100.00 USDT
💹 現在の利益：+0.00 USDT (+0.00%)
━━━━━━━━━━━━━━━━━━━━━━━
2025-02-14 00:34:26,777 - INFO - 
━━━━━━━━━━ 取引情報 ━━━━━━━━━━
📅 時刻　　　：2025-02-14 00:34:26
💰 BTC価格　：92,749.94 USDT
📉 価格変動　：-0.20%
💵 USDT残高 ：100.00 USDT
₿ BTC保有量：0.000000 BTC
📊 総資産額 ：100.00 USDT
💹 現在の利益：+0.00 USDT (+0.00%)
━━━━━━━━━━━━━━━━━━━━━━━
2025-02-14 00:34:37,027 - INFO - 
━━━━━━━━━━ 取引情報 ━━━━━━━━━━
📅 時刻　　　：2025-02-14 00:34:36
💰 BTC価格　：92,755.02 USDT
📉 価格変動　：-0.19%
💵 USDT残高 ：100.00 USDT
₿ BTC保有量：0.000000 BTC
📊 総資産額 ：100.00 USDT
💹 現在の利益：+0.00 USDT (+0.00%)
━━━━━━━━━━━━━━━━━━━━━━━
2025-02-14 00:34:47,282 - INFO - 
━━━━━━━━━━ 取引情報 ━━━━━━━━━━
📅 時刻　　　：2025-02-14 00:34:47
💰 BTC価格　：92,755.02 USDT
📉 価格変動　：-0.19%
💵 USDT残高 ：100.00 USDT
₿ BTC保有量：0.000000 BTC
📊 総資産額 ：100.00 USDT
💹 現在の利益：+0.00 USDT (+0.00%)
━━━━━━━━━━━━━━━━━━━━━━━
2025-02-14 00:34:57,540 - INFO - 
━━━━━━━━━━ 取引情報 ━━━━━━━━━━
📅 時刻　　　：2025-02-14 00:34:57
💰 BTC価格　：92,765.29 USDT
📉 価格変動　：-0.18%
💵 USDT残高 ：100.00 USDT
₿ BTC保有量：0.000000 BTC
📊 総資産額 ：100.00 USDT
💹 現在の利益：+0.00 USDT (+0.00%)
━━━━━━━━━━━━━━━━━━━━━━━
2025-02-14 00:35:07,797 - INFO - 
━━━━━━━━━━ 取引情報 ━━━━━━━━━━
📅 時刻　　　：2025-02-14 00:35:07
💰 BTC価格　：92,765.29 USDT
📉 価格変動　：-0.18%
💵 USDT残高 ：100.00 USDT
₿ BTC保有量：0.000000 BTC
📊 総資産額 ：100.00 USDT
💹 現在の利益：+0.00 USDT (+0.00%)
━━━━━━━━━━━━━━━━━━━━━━━
2025-02-14 00:35:18,050 - INFO - 
━━━━━━━━━━ 取引情報 ━━━━━━━━━━
📅 時刻　　　：2025-02-14 00:35:17
💰 BTC価格　：92,650.02 USDT
📉 価格変動　：-0.31%
💵 USDT残高 ：100.00 USDT
₿ BTC保有量：0.000000 BTC
📊 総資産額 ：100.00 USDT
💹 現在の利益：+0.00 USDT (+0.00%)
━━━━━━━━━━━━━━━━━━━━━━━
2025-02-14 00:35:28,303 - INFO - 
━━━━━━━━━━ 取引情報 ━━━━━━━━━━
📅 時刻　　　：2025-02-14 00:35:28
💰 BTC価格　：92,499.75 USDT
📉 価格変動　：-0.47%
💵 USDT残高 ：100.00 USDT
₿ BTC保有量：0.000000 BTC
📊 総資産額 ：100.00 USDT
💹 現在の利益：+0.00 USDT (+0.00%)
━━━━━━━━━━━━━━━━━━━━━━━
2025-02-14 00:35:38,555 - INFO - 
━━━━━━━━━━ 取引情報 ━━━━━━━━━━
📅 時刻　　　：2025-02-14 00:35:38
💰 BTC価格　：92,499.75 USDT
📉 価格変動　：-0.47%
💵 USDT残高 ：100.00 USDT
₿ BTC保有量：0.000000 BTC
📊 総資産額 ：100.00 USDT
💹 現在の利益：+0.00 USDT (+0.00%)
━━━━━━━━━━━━━━━━━━━━━━━
2025-02-14 00:35:48,811 - INFO - 
━━━━━━━━━━ 取引情報 ━━━━━━━━━━
📅 時刻　　　：2025-02-14 00:35:48
💰 BTC価格　：92,675.24 USDT
📉 価格変動　：-0.28%
💵 USDT残高 ：100.00 USDT
₿ BTC保有量：0.000000 BTC
📊 総資産額 ：100.00 USDT
💹 現在の利益：+0.00 USDT (+0.00%)
━━━━━━━━━━━━━━━━━━━━━━━
2025-02-14 00:35:59,065 - INFO - 
━━━━━━━━━━ 取引情報 ━━━━━━━━━━
📅 時刻　　　：2025-02-14 00:35:58
💰 BTC価格　：92,499.75 USDT
📉 価格変動　：-0.47%
💵 USDT残高 ：100.00 USDT
₿ BTC保有量：0.000000 BTC
📊 総資産額 ：100.00 USDT
💹 現在の利益：+0.00 USDT (+0.00%)
━━━━━━━━━━━━━━━━━━━━━━━
2025-02-14 00:36:09,318 - INFO - 
━━━━━━━━━━ 取引情報 ━━━━━━━━━━
📅 時刻　　　：2025-02-14 00:36:09
💰 BTC価格　：92,734.31 USDT
📉 価格変動　：-0.22%
💵 USDT残高 ：100.00 USDT
₿ BTC保有量：0.000000 BTC
📊 総資産額 ：100.00 USDT
💹 現在の利益：+0.00 USDT (+0.00%)
━━━━━━━━━━━━━━━━━━━━━━━
2025-02-14 00:36:19,569 - INFO - 
━━━━━━━━━━ 取引情報 ━━━━━━━━━━
📅 時刻　　　：2025-02-14 00:36:19
💰 BTC価格　：92,868.42 USDT
📉 価格変動　：-0.07%
💵 USDT残高 ：100.00 USDT
₿ BTC保有量：0.000000 BTC
📊 総資産額 ：100.00 USDT
💹 現在の利益：+0.00 USDT (+0.00%)
━━━━━━━━━━━━━━━━━━━━━━━
2025-02-14 00:36:29,824 - INFO - 
━━━━━━━━━━ 取引情報 ━━━━━━━━━━
📅 時刻　　　：2025-02-14 00:36:29
💰 BTC価格　：92,653.12 USDT
📉 価格変動　：-0.30%
💵 USDT残高 ：100.00 USDT
₿ BTC保有量：0.000000 BTC
📊 総資産額 ：100.00 USDT
💹 現在の利益：+0.00 USDT (+0.00%)
━━━━━━━━━━━━━━━━━━━━━━━
2025-02-14 00:36:40,077 - INFO - 
━━━━━━━━━━ 取引情報 ━━━━━━━━━━
📅 時刻　　　：2025-02-14 00:36:39
💰 BTC価格　：92,868.42 USDT
📉 価格変動　：-0.07%
💵 USDT残高 ：100.00 USDT
₿ BTC保有量：0.000000 BTC
📊 総資産額 ：100.00 USDT
💹 現在の利益：+0.00 USDT (+0.00%)
━━━━━━━━━━━━━━━━━━━━━━━
2025-02-14 00:36:50,329 - INFO - 
━━━━━━━━━━ 取引情報 ━━━━━━━━━━
📅 時刻　　　：2025-02-14 00:36:50
💰 BTC価格　：92,499.75 USDT
📉 価格変動　：-0.47%
💵 USDT残高 ：100.00 USDT
₿ BTC保有量：0.000000 BTC
📊 総資産額 ：100.00 USDT
💹 現在の利益：+0.00 USDT (+0.00%)
━━━━━━━━━━━━━━━━━━━━━━━
2025-02-14 00:37:00,583 - INFO - 
━━━━━━━━━━ 取引情報 ━━━━━━━━━━
📅 時刻　　　：2025-02-14 00:37:00
💰 BTC価格　：92,670.81 USDT
📉 価格変動　：-0.28%
💵 USDT残高 ：100.00 USDT
₿ BTC保有量：0.000000 BTC
📊 総資産額 ：100.00 USDT
💹 現在の利益：+0.00 USDT (+0.00%)
━━━━━━━━━━━━━━━━━━━━━━━
2025-02-14 00:37:10,837 - INFO - 
━━━━━━━━━━ 取引情報 ━━━━━━━━━━
📅 時刻　　　：2025-02-14 00:37:10
💰 BTC価格　：92,670.81 USDT
📉 価格変動　：-0.28%
💵 USDT残高 ：100.00 USDT
₿ BTC保有量：0.000000 BTC
📊 総資産額 ：100.00 USDT
💹 現在の利益：+0.00 USDT (+0.00%)
━━━━━━━━━━━━━━━━━━━━━━━
2025-02-14 00:37:21,091 - INFO - 
━━━━━━━━━━ 取引情報 ━━━━━━━━━━
📅 時刻　　　：2025-02-14 00:37:20
💰 BTC価格　：92,670.81 USDT
📉 価格変動　：-0.28%
💵 USDT残高 ：100.00 USDT
₿ BTC保有量：0.000000 BTC
📊 総資産額 ：100.00 USDT
💹 現在の利益：+0.00 USDT (+0.00%)
━━━━━━━━━━━━━━━━━━━━━━━
2025-02-14 00:37:31,344 - INFO - 
━━━━━━━━━━ 取引情報 ━━━━━━━━━━
📅 時刻　　　：2025-02-14 00:37:31
💰 BTC価格　：92,499.75 USDT
📉 価格変動　：-0.47%
💵 USDT残高 ：100.00 USDT
₿ BTC保有量：0.000000 BTC
📊 総資産額 ：100.00 USDT
💹 現在の利益：+0.00 USDT (+0.00%)
━━━━━━━━━━━━━━━━━━━━━━━
2025-02-14 00:37:41,598 - INFO - 
━━━━━━━━━━ 取引情報 ━━━━━━━━━━
📅 時刻　　　：2025-02-14 00:37:41
💰 BTC価格　：92,499.75 USDT
📉 価格変動　：-0.47%
💵 USDT残高 ：100.00 USDT
₿ BTC保有量：0.000000 BTC
📊 総資産額 ：100.00 USDT
💹 現在の利益：+0.00 USDT (+0.00%)
━━━━━━━━━━━━━━━━━━━━━━━
2025-02-14 00:37:51,853 - INFO - 
━━━━━━━━━━ 取引情報 ━━━━━━━━━━
📅 時刻　　　：2025-02-14 00:37:51
💰 BTC価格　：92,499.75 USDT
📉 価格変動　：-0.47%
💵 USDT残高 ：100.00 USDT
₿ BTC保有量：0.000000 BTC
📊 総資産額 ：100.00 USDT
💹 現在の利益：+0.00 USDT (+0.00%)
━━━━━━━━━━━━━━━━━━━━━━━
2025-02-14 00:38:02,109 - INFO - 
━━━━━━━━━━ 取引情報 ━━━━━━━━━━
📅 時刻　　　：2025-02-14 00:38:01
💰 BTC価格　：92,644.41 USDT
📉 価格変動　：-0.31%
💵 USDT残高 ：100.00 USDT
₿ BTC保有量：0.000000 BTC
📊 総資産額 ：100.00 USDT
💹 現在の利益：+0.00 USDT (+0.00%)
━━━━━━━━━━━━━━━━━━━━━━━
2025-02-14 00:38:12,363 - INFO - 
━━━━━━━━━━ 取引情報 ━━━━━━━━━━
📅 時刻　　　：2025-02-14 00:38:12
💰 BTC価格　：92,431.62 USDT
📉 価格変動　：-0.54%
💵 USDT残高 ：100.00 USDT
₿ BTC保有量：0.000000 BTC
📊 総資産額 ：100.00 USDT
💹 現在の利益：+0.00 USDT (+0.00%)
━━━━━━━━━━━━━━━━━━━━━━━
2025-02-14 00:38:12,364 - INFO - 買いシグナル検出。買い注文を実行中...
2025-02-14 00:38:12,448 - INFO - 買い注文を実行: 数量=0.001 BTC
2025-02-14 00:38:12,448 - INFO - 買い注文実行: {'retCode': 0, 'retMsg': 'OK', 'result': {'orderId': '0167ae51-8300-4506-97a8-b59507ef4789', 'orderLinkId': ''}, 'retExtInfo': {}, 'time': 1739461092428}
2025-02-14 00:38:32,532 - INFO - 前回の取引から39秒待機中...
2025-02-14 00:38:42,615 - INFO - 前回の取引から29秒待機中...
2025-02-14 00:38:52,698 - INFO - 前回の取引から19秒待機中...
2025-02-14 00:39:02,781 - INFO - 前回の取引から9秒待機中...
2025-02-14 00:39:13,035 - INFO - 
━━━━━━━━━━ 取引情報 ━━━━━━━━━━
📅 時刻　　　：2025-02-14 00:39:12
💰 BTC価格　：92,560.67 USDT
📈 価格変動　：+0.14%
💵 USDT残高 ：99.98 USDT
₿ BTC保有量：0.000000 BTC
📊 総資産額 ：99.98 USDT
📉 現在の損失：-0.02 USDT (-0.02%)
━━━━━━━━━━━━━━━━━━━━━━━
2025-02-14 00:39:23,288 - INFO - 
━━━━━━━━━━ 取引情報 ━━━━━━━━━━
📅 時刻　　　：2025-02-14 00:39:23
💰 BTC価格　：92,549.79 USDT
📈 価格変動　：+0.13%
💵 USDT残高 ：99.98 USDT
₿ BTC保有量：0.000000 BTC
📊 総資産額 ：99.98 USDT
📉 現在の損失：-0.02 USDT (-0.02%)
━━━━━━━━━━━━━━━━━━━━━━━
2025-02-14 00:39:33,540 - INFO - 
━━━━━━━━━━ 取引情報 ━━━━━━━━━━
📅 時刻　　　：2025-02-14 00:39:33
💰 BTC価格　：92,755.12 USDT
📈 価格変動　：+0.35%
💵 USDT残高 ：99.98 USDT
₿ BTC保有量：0.000000 BTC
📊 総資産額 ：99.98 USDT
📉 現在の損失：-0.02 USDT (-0.02%)
━━━━━━━━━━━━━━━━━━━━━━━
2025-02-14 00:39:43,794 - INFO - 
━━━━━━━━━━ 取引情報 ━━━━━━━━━━
📅 時刻　　　：2025-02-14 00:39:43
💰 BTC価格　：92,684.09 USDT
📈 価格変動　：+0.27%
💵 USDT残高 ：99.98 USDT
₿ BTC保有量：0.000000 BTC
📊 総資産額 ：99.98 USDT
📉 現在の損失：-0.02 USDT (-0.02%)
━━━━━━━━━━━━━━━━━━━━━━━
2025-02-14 00:39:54,048 - INFO - 
━━━━━━━━━━ 取引情報 ━━━━━━━━━━
📅 時刻　　　：2025-02-14 00:39:53
💰 BTC価格　：92,684.09 USDT
📈 価格変動　：+0.27%
💵 USDT残高 ：99.98 USDT
₿ BTC保有量：0.000000 BTC
📊 総資産額 ：99.98 USDT
📉 現在の損失：-0.02 USDT (-0.02%)
━━━━━━━━━━━━━━━━━━━━━━━
2025-02-14 00:40:04,305 - INFO - 
━━━━━━━━━━ 取引情報 ━━━━━━━━━━
📅 時刻　　　：2025-02-14 00:40:04
💰 BTC価格　：92,673.02 USDT
📈 価格変動　：+0.26%
💵 USDT残高 ：99.98 USDT
₿ BTC保有量：0.000000 BTC
📊 総資産額 ：99.98 USDT
📉 現在の損失：-0.02 USDT (-0.02%)
━━━━━━━━━━━━━━━━━━━━━━━
2025-02-14 00:40:14,557 - INFO - 
━━━━━━━━━━ 取引情報 ━━━━━━━━━━
📅 時刻　　　：2025-02-14 00:40:14
💰 BTC価格　：92,673.02 USDT
📈 価格変動　：+0.26%
💵 USDT残高 ：99.98 USDT
₿ BTC保有量：0.000000 BTC
📊 総資産額 ：99.98 USDT
📉 現在の損失：-0.02 USDT (-0.02%)
━━━━━━━━━━━━━━━━━━━━━━━
2025-02-14 00:40:24,810 - INFO - 
━━━━━━━━━━ 取引情報 ━━━━━━━━━━
📅 時刻　　　：2025-02-14 00:40:24
💰 BTC価格　：92,684.65 USDT
📈 価格変動　：+0.27%
💵 USDT残高 ：99.98 USDT
₿ BTC保有量：0.000000 BTC
📊 総資産額 ：99.98 USDT
📉 現在の損失：-0.02 USDT (-0.02%)
━━━━━━━━━━━━━━━━━━━━━━━
2025-02-14 00:40:35,200 - INFO - 
━━━━━━━━━━ 取引情報 ━━━━━━━━━━
📅 時刻　　　：2025-02-14 00:40:35
💰 BTC価格　：92,684.09 USDT
📈 価格変動　：+0.27%
💵 USDT残高 ：99.98 USDT
₿ BTC保有量：0.000000 BTC
📊 総資産額 ：99.98 USDT
📉 現在の損失：-0.02 USDT (-0.02%)
━━━━━━━━━━━━━━━━━━━━━━━
2025-02-14 00:40:45,463 - INFO - 
━━━━━━━━━━ 取引情報 ━━━━━━━━━━
📅 時刻　　　：2025-02-14 00:40:45
💰 BTC価格　：92,733.08 USDT
📈 価格変動　：+0.33%
💵 USDT残高 ：99.98 USDT
₿ BTC保有量：0.000000 BTC
📊 総資産額 ：99.98 USDT
📉 現在の損失：-0.02 USDT (-0.02%)
━━━━━━━━━━━━━━━━━━━━━━━
2025-02-14 00:40:55,717 - INFO - 
━━━━━━━━━━ 取引情報 ━━━━━━━━━━
📅 時刻　　　：2025-02-14 00:40:55
💰 BTC価格　：92,935.35 USDT
📈 価格変動　：+0.54%
💵 USDT残高 ：99.98 USDT
₿ BTC保有量：0.000000 BTC
📊 総資産額 ：99.98 USDT
📉 現在の損失：-0.02 USDT (-0.02%)
━━━━━━━━━━━━━━━━━━━━━━━
2025-02-14 00:41:05,969 - INFO - 
━━━━━━━━━━ 取引情報 ━━━━━━━━━━
📅 時刻　　　：2025-02-14 00:41:05
💰 BTC価格　：92,935.35 USDT
📈 価格変動　：+0.54%
💵 USDT残高 ：99.98 USDT
₿ BTC保有量：0.000000 BTC
📊 総資産額 ：99.98 USDT
📉 現在の損失：-0.02 USDT (-0.02%)
━━━━━━━━━━━━━━━━━━━━━━━
2025-02-14 00:41:16,223 - INFO - 
━━━━━━━━━━ 取引情報 ━━━━━━━━━━
📅 時刻　　　：2025-02-14 00:41:16
💰 BTC価格　：92,935.35 USDT
📈 価格変動　：+0.54%
💵 USDT残高 ：99.98 USDT
₿ BTC保有量：0.000000 BTC
📊 総資産額 ：99.98 USDT
📉 現在の損失：-0.02 USDT (-0.02%)
━━━━━━━━━━━━━━━━━━━━━━━
2025-02-14 00:41:26,473 - INFO - 
━━━━━━━━━━ 取引情報 ━━━━━━━━━━
📅 時刻　　　：2025-02-14 00:41:26
💰 BTC価格　：92,777.28 USDT
📈 価格変動　：+0.37%
💵 USDT残高 ：99.98 USDT
₿ BTC保有量：0.000000 BTC
📊 総資産額 ：99.98 USDT
📉 現在の損失：-0.02 USDT (-0.02%)
━━━━━━━━━━━━━━━━━━━━━━━
2025-02-14 00:41:36,862 - INFO - 
━━━━━━━━━━ 取引情報 ━━━━━━━━━━
📅 時刻　　　：2025-02-14 00:41:36
💰 BTC価格　：92,778.99 USDT
📈 価格変動　：+0.38%
💵 USDT残高 ：99.98 USDT
₿ BTC保有量：0.000000 BTC
📊 総資産額 ：99.98 USDT
📉 現在の損失：-0.02 USDT (-0.02%)
━━━━━━━━━━━━━━━━━━━━━━━
2025-02-14 00:41:47,116 - INFO - 
━━━━━━━━━━ 取引情報 ━━━━━━━━━━
📅 時刻　　　：2025-02-14 00:41:46
💰 BTC価格　：92,747.38 USDT
📈 価格変動　：+0.34%
💵 USDT残高 ：99.98 USDT
₿ BTC保有量：0.000000 BTC
📊 総資産額 ：99.98 USDT
📉 現在の損失：-0.02 USDT (-0.02%)
━━━━━━━━━━━━━━━━━━━━━━━
2025-02-14 00:41:57,373 - INFO - 
━━━━━━━━━━ 取引情報 ━━━━━━━━━━
📅 時刻　　　：2025-02-14 00:41:57
💰 BTC価格　：92,768.72 USDT
📈 価格変動　：+0.36%
💵 USDT残高 ：99.98 USDT
₿ BTC保有量：0.000000 BTC
📊 総資産額 ：99.98 USDT
📉 現在の損失：-0.02 USDT (-0.02%)
━━━━━━━━━━━━━━━━━━━━━━━
2025-02-14 00:42:07,628 - INFO - 
━━━━━━━━━━ 取引情報 ━━━━━━━━━━
📅 時刻　　　：2025-02-14 00:42:07
💰 BTC価格　：92,768.72 USDT
📈 価格変動　：+0.36%
💵 USDT残高 ：99.98 USDT
₿ BTC保有量：0.000000 BTC
📊 総資産額 ：99.98 USDT
📉 現在の損失：-0.02 USDT (-0.02%)
━━━━━━━━━━━━━━━━━━━━━━━
2025-02-14 00:42:17,882 - INFO - 
━━━━━━━━━━ 取引情報 ━━━━━━━━━━
📅 時刻　　　：2025-02-14 00:42:17
💰 BTC価格　：92,787.55 USDT
📈 価格変動　：+0.39%
💵 USDT残高 ：99.98 USDT
₿ BTC保有量：0.000000 BTC
📊 総資産額 ：99.98 USDT
📉 現在の損失：-0.02 USDT (-0.02%)
━━━━━━━━━━━━━━━━━━━━━━━
2025-02-14 00:42:28,136 - INFO - 
━━━━━━━━━━ 取引情報 ━━━━━━━━━━
📅 時刻　　　：2025-02-14 00:42:27
💰 BTC価格　：92,787.55 USDT
📈 価格変動　：+0.39%
💵 USDT残高 ：99.98 USDT
₿ BTC保有量：0.000000 BTC
📊 総資産額 ：99.98 USDT
📉 現在の損失：-0.02 USDT (-0.02%)
━━━━━━━━━━━━━━━━━━━━━━━
2025-02-14 00:42:38,388 - INFO - 
━━━━━━━━━━ 取引情報 ━━━━━━━━━━
📅 時刻　　　：2025-02-14 00:42:38
💰 BTC価格　：92,787.55 USDT
📈 価格変動　：+0.39%
💵 USDT残高 ：99.98 USDT
₿ BTC保有量：0.000000 BTC
📊 総資産額 ：99.98 USDT
📉 現在の損失：-0.02 USDT (-0.02%)
━━━━━━━━━━━━━━━━━━━━━━━
2025-02-14 00:42:48,640 - INFO - 
━━━━━━━━━━ 取引情報 ━━━━━━━━━━
📅 時刻　　　：2025-02-14 00:42:48
💰 BTC価格　：92,650.02 USDT
📈 価格変動　：+0.24%
💵 USDT残高 ：99.98 USDT
₿ BTC保有量：0.000000 BTC
📊 総資産額 ：99.98 USDT
📉 現在の損失：-0.02 USDT (-0.02%)
━━━━━━━━━━━━━━━━━━━━━━━
2025-02-14 00:42:58,894 - INFO - 
━━━━━━━━━━ 取引情報 ━━━━━━━━━━
📅 時刻　　　：2025-02-14 00:42:58
💰 BTC価格　：92,650.02 USDT
📈 価格変動　：+0.24%
💵 USDT残高 ：99.98 USDT
₿ BTC保有量：0.000000 BTC
📊 総資産額 ：99.98 USDT
📉 現在の損失：-0.02 USDT (-0.02%)
━━━━━━━━━━━━━━━━━━━━━━━
2025-02-14 00:43:09,151 - INFO - 
━━━━━━━━━━ 取引情報 ━━━━━━━━━━
📅 時刻　　　：2025-02-14 00:43:08
💰 BTC価格　：92,935.35 USDT
📈 価格変動　：+0.54%
💵 USDT残高 ：99.98 USDT
₿ BTC保有量：0.000000 BTC
📊 総資産額 ：99.98 USDT
📉 現在の損失：-0.02 USDT (-0.02%)
━━━━━━━━━━━━━━━━━━━━━━━
2025-02-14 00:43:19,408 - INFO - 
━━━━━━━━━━ 取引情報 ━━━━━━━━━━
📅 時刻　　　：2025-02-14 00:43:19
💰 BTC価格　：92,935.35 USDT
📈 価格変動　：+0.54%
💵 USDT残高 ：99.98 USDT
₿ BTC保有量：0.000000 BTC
📊 総資産額 ：99.98 USDT
📉 現在の損失：-0.02 USDT (-0.02%)
━━━━━━━━━━━━━━━━━━━━━━━
2025-02-14 00:43:29,662 - INFO - 
━━━━━━━━━━ 取引情報 ━━━━━━━━━━
📅 時刻　　　：2025-02-14 00:43:29
💰 BTC価格　：92,782.41 USDT
📈 価格変動　：+0.38%
💵 USDT残高 ：99.98 USDT
₿ BTC保有量：0.000000 BTC
📊 総資産額 ：99.98 USDT
📉 現在の損失：-0.02 USDT (-0.02%)
━━━━━━━━━━━━━━━━━━━━━━━
2025-02-14 00:43:39,918 - INFO - 
━━━━━━━━━━ 取引情報 ━━━━━━━━━━
📅 時刻　　　：2025-02-14 00:43:39
💰 BTC価格　：92,782.41 USDT
📈 価格変動　：+0.38%
💵 USDT残高 ：99.98 USDT
₿ BTC保有量：0.000000 BTC
📊 総資産額 ：99.98 USDT
📉 現在の損失：-0.02 USDT (-0.02%)
━━━━━━━━━━━━━━━━━━━━━━━
2025-02-14 00:43:50,178 - INFO - 
━━━━━━━━━━ 取引情報 ━━━━━━━━━━
📅 時刻　　　：2025-02-14 00:43:50
💰 BTC価格　：92,787.55 USDT
📈 価格変動　：+0.39%
💵 USDT残高 ：99.98 USDT
₿ BTC保有量：0.000000 BTC
📊 総資産額 ：99.98 USDT
📉 現在の損失：-0.02 USDT (-0.02%)
━━━━━━━━━━━━━━━━━━━━━━━
2025-02-14 00:44:00,431 - INFO - 
━━━━━━━━━━ 取引情報 ━━━━━━━━━━
📅 時刻　　　：2025-02-14 00:44:00
💰 BTC価格　：92,790.97 USDT
📈 価格変動　：+0.39%
💵 USDT残高 ：99.98 USDT
₿ BTC保有量：0.000000 BTC
📊 総資産額 ：99.98 USDT
📉 現在の損失：-0.02 USDT (-0.02%)
━━━━━━━━━━━━━━━━━━━━━━━
2025-02-14 00:44:10,902 - INFO - 
━━━━━━━━━━ 取引情報 ━━━━━━━━━━
📅 時刻　　　：2025-02-14 00:44:10
💰 BTC価格　：92,499.75 USDT
📈 価格変動　：+0.07%
💵 USDT残高 ：99.98 USDT
₿ BTC保有量：0.000000 BTC
📊 総資産額 ：99.98 USDT
📉 現在の損失：-0.02 USDT (-0.02%)
━━━━━━━━━━━━━━━━━━━━━━━
2025-02-14 00:44:21,158 - INFO - 
━━━━━━━━━━ 取引情報 ━━━━━━━━━━
📅 時刻　　　：2025-02-14 00:44:20
💰 BTC価格　：92,686.30 USDT
📈 価格変動　：+0.28%
💵 USDT残高 ：99.98 USDT
₿ BTC保有量：0.000000 BTC
📊 総資産額 ：99.98 USDT
📉 現在の損失：-0.02 USDT (-0.02%)
━━━━━━━━━━━━━━━━━━━━━━━
2025-02-14 00:44:31,410 - INFO - 
━━━━━━━━━━ 取引情報 ━━━━━━━━━━
📅 時刻　　　：2025-02-14 00:44:31
💰 BTC価格　：92,768.73 USDT
📈 価格変動　：+0.36%
💵 USDT残高 ：99.98 USDT
₿ BTC保有量：0.000000 BTC
📊 総資産額 ：99.98 USDT
📉 現在の損失：-0.02 USDT (-0.02%)
━━━━━━━━━━━━━━━━━━━━━━━
2025-02-14 00:44:41,664 - INFO - 
━━━━━━━━━━ 取引情報 ━━━━━━━━━━
📅 時刻　　　：2025-02-14 00:44:41
💰 BTC価格　：92,697.36 USDT
📈 価格変動　：+0.29%
💵 USDT残高 ：99.98 USDT
₿ BTC保有量：0.000000 BTC
📊 総資産額 ：99.98 USDT
📉 現在の損失：-0.02 USDT (-0.02%)
━━━━━━━━━━━━━━━━━━━━━━━
2025-02-14 00:44:51,916 - INFO - 
━━━━━━━━━━ 取引情報 ━━━━━━━━━━
📅 時刻　　　：2025-02-14 00:44:51
💰 BTC価格　：92,697.36 USDT
📈 価格変動　：+0.29%
💵 USDT残高 ：99.98 USDT
₿ BTC保有量：0.000000 BTC
📊 総資産額 ：99.98 USDT
📉 現在の損失：-0.02 USDT (-0.02%)
━━━━━━━━━━━━━━━━━━━━━━━
2025-02-14 00:45:02,173 - INFO - 
━━━━━━━━━━ 取引情報 ━━━━━━━━━━
📅 時刻　　　：2025-02-14 00:45:01
💰 BTC価格　：92,697.36 USDT
📈 価格変動　：+0.29%
💵 USDT残高 ：99.98 USDT
₿ BTC保有量：0.000000 BTC
📊 総資産額 ：99.98 USDT
📉 現在の損失：-0.02 USDT (-0.02%)
━━━━━━━━━━━━━━━━━━━━━━━
2025-02-14 00:45:12,428 - INFO - 
━━━━━━━━━━ 取引情報 ━━━━━━━━━━
📅 時刻　　　：2025-02-14 00:45:12
💰 BTC価格　：92,697.36 USDT
📈 価格変動　：+0.29%
💵 USDT残高 ：99.98 USDT
₿ BTC保有量：0.000000 BTC
📊 総資産額 ：99.98 USDT
📉 現在の損失：-0.02 USDT (-0.02%)
━━━━━━━━━━━━━━━━━━━━━━━
2025-02-14 00:45:22,686 - INFO - 
━━━━━━━━━━ 取引情報 ━━━━━━━━━━
📅 時刻　　　：2025-02-14 00:45:22
💰 BTC価格　：92,369.98 USDT
📉 価格変動　：-0.07%
💵 USDT残高 ：99.98 USDT
₿ BTC保有量：0.000000 BTC
📊 総資産額 ：99.98 USDT
📉 現在の損失：-0.02 USDT (-0.02%)
━━━━━━━━━━━━━━━━━━━━━━━
2025-02-14 00:45:32,939 - INFO - 
━━━━━━━━━━ 取引情報 ━━━━━━━━━━
📅 時刻　　　：2025-02-14 00:45:32
💰 BTC価格　：92,650.02 USDT
📈 価格変動　：+0.24%
💵 USDT残高 ：99.98 USDT
₿ BTC保有量：0.000000 BTC
📊 総資産額 ：99.98 USDT
📉 現在の損失：-0.02 USDT (-0.02%)
━━━━━━━━━━━━━━━━━━━━━━━
2025-02-14 00:45:43,191 - INFO - 
━━━━━━━━━━ 取引情報 ━━━━━━━━━━
📅 時刻　　　：2025-02-14 00:45:43
💰 BTC価格　：92,489.84 USDT
📈 価格変動　：+0.06%
💵 USDT残高 ：99.98 USDT
₿ BTC保有量：0.000000 BTC
📊 総資産額 ：99.98 USDT
📉 現在の損失：-0.02 USDT (-0.02%)
━━━━━━━━━━━━━━━━━━━━━━━
2025-02-14 00:45:53,581 - INFO - 
━━━━━━━━━━ 取引情報 ━━━━━━━━━━
📅 時刻　　　：2025-02-14 00:45:53
💰 BTC価格　：92,650.02 USDT
📈 価格変動　：+0.24%
💵 USDT残高 ：99.98 USDT
₿ BTC保有量：0.000000 BTC
📊 総資産額 ：99.98 USDT
📉 現在の損失：-0.02 USDT (-0.02%)
━━━━━━━━━━━━━━━━━━━━━━━
2025-02-14 00:46:03,837 - INFO - 
━━━━━━━━━━ 取引情報 ━━━━━━━━━━
📅 時刻　　　：2025-02-14 00:46:03
💰 BTC価格　：92,506.64 USDT
📈 価格変動　：+0.08%
💵 USDT残高 ：99.98 USDT
₿ BTC保有量：0.000000 BTC
📊 総資産額 ：99.98 USDT
📉 現在の損失：-0.02 USDT (-0.02%)
━━━━━━━━━━━━━━━━━━━━━━━
2025-02-14 00:46:14,092 - INFO - 
━━━━━━━━━━ 取引情報 ━━━━━━━━━━
📅 時刻　　　：2025-02-14 00:46:13
💰 BTC価格　：92,506.64 USDT
📈 価格変動　：+0.08%
💵 USDT残高 ：99.98 USDT
₿ BTC保有量：0.000000 BTC
📊 総資産額 ：99.98 USDT
📉 現在の損失：-0.02 USDT (-0.02%)
━━━━━━━━━━━━━━━━━━━━━━━
2025-02-14 00:46:24,348 - INFO - 
━━━━━━━━━━ 取引情報 ━━━━━━━━━━
📅 時刻　　　：2025-02-14 00:46:24
💰 BTC価格　：92,541.89 USDT
📈 価格変動　：+0.12%
💵 USDT残高 ：99.98 USDT
₿ BTC保有量：0.000000 BTC
📊 総資産額 ：99.98 USDT
📉 現在の損失：-0.02 USDT (-0.02%)
━━━━━━━━━━━━━━━━━━━━━━━
2025-02-14 00:46:34,734 - INFO - 
━━━━━━━━━━ 取引情報 ━━━━━━━━━━
📅 時刻　　　：2025-02-14 00:46:34
💰 BTC価格　：92,456.34 USDT
📈 価格変動　：+0.03%
💵 USDT残高 ：99.98 USDT
₿ BTC保有量：0.000000 BTC
📊 総資産額 ：99.98 USDT
📉 現在の損失：-0.02 USDT (-0.02%)
━━━━━━━━━━━━━━━━━━━━━━━
2025-02-14 00:46:44,987 - INFO - 
━━━━━━━━━━ 取引情報 ━━━━━━━━━━
📅 時刻　　　：2025-02-14 00:46:44
💰 BTC価格　：92,341.01 USDT
📉 価格変動　：-0.10%
💵 USDT残高 ：99.98 USDT
₿ BTC保有量：0.000000 BTC
📊 総資産額 ：99.98 USDT
📉 現在の損失：-0.02 USDT (-0.02%)
━━━━━━━━━━━━━━━━━━━━━━━
2025-02-14 00:46:55,242 - INFO - 
━━━━━━━━━━ 取引情報 ━━━━━━━━━━
📅 時刻　　　：2025-02-14 00:46:55
💰 BTC価格　：93,000.00 USDT
📈 価格変動　：+0.61%
💵 USDT残高 ：99.98 USDT
₿ BTC保有量：0.000000 BTC
📊 総資産額 ：99.98 USDT
📉 現在の損失：-0.02 USDT (-0.02%)
━━━━━━━━━━━━━━━━━━━━━━━
2025-02-14 00:47:05,496 - INFO - 
━━━━━━━━━━ 取引情報 ━━━━━━━━━━
📅 時刻　　　：2025-02-14 00:47:05
💰 BTC価格　：93,000.00 USDT
📈 価格変動　：+0.61%
💵 USDT残高 ：99.98 USDT
₿ BTC保有量：0.000000 BTC
📊 総資産額 ：99.98 USDT
📉 現在の損失：-0.02 USDT (-0.02%)
━━━━━━━━━━━━━━━━━━━━━━━
2025-02-14 00:47:15,882 - INFO - 
━━━━━━━━━━ 取引情報 ━━━━━━━━━━
📅 時刻　　　：2025-02-14 00:47:15
💰 BTC価格　：93,023.43 USDT
📈 価格変動　：+0.64%
💵 USDT残高 ：99.98 USDT
₿ BTC保有量：0.000000 BTC
📊 総資産額 ：99.98 USDT
📉 現在の損失：-0.02 USDT (-0.02%)
━━━━━━━━━━━━━━━━━━━━━━━
2025-02-14 00:47:26,139 - INFO - 
━━━━━━━━━━ 取引情報 ━━━━━━━━━━
📅 時刻　　　：2025-02-14 00:47:25
💰 BTC価格　：93,030.27 USDT
📈 価格変動　：+0.65%
💵 USDT残高 ：99.98 USDT
₿ BTC保有量：0.000000 BTC
📊 総資産額 ：99.98 USDT
📉 現在の損失：-0.02 USDT (-0.02%)
━━━━━━━━━━━━━━━━━━━━━━━
2025-02-14 00:47:36,394 - INFO - 
━━━━━━━━━━ 取引情報 ━━━━━━━━━━
📅 時刻　　　：2025-02-14 00:47:36
💰 BTC価格　：93,020.90 USDT
📈 価格変動　：+0.64%
💵 USDT残高 ：99.98 USDT
₿ BTC保有量：0.000000 BTC
📊 総資産額 ：99.98 USDT
📉 現在の損失：-0.02 USDT (-0.02%)
━━━━━━━━━━━━━━━━━━━━━━━
2025-02-14 00:47:46,646 - INFO - 
━━━━━━━━━━ 取引情報 ━━━━━━━━━━
📅 時刻　　　：2025-02-14 00:47:46
💰 BTC価格　：93,020.90 USDT
📈 価格変動　：+0.64%
💵 USDT残高 ：99.98 USDT
₿ BTC保有量：0.000000 BTC
📊 総資産額 ：99.98 USDT
📉 現在の損失：-0.02 USDT (-0.02%)
━━━━━━━━━━━━━━━━━━━━━━━
2025-02-14 00:47:56,904 - INFO - 
━━━━━━━━━━ 取引情報 ━━━━━━━━━━
📅 時刻　　　：2025-02-14 00:47:56
💰 BTC価格　：93,086.82 USDT
📈 価格変動　：+0.71%
💵 USDT残高 ：99.98 USDT
₿ BTC保有量：0.000000 BTC
📊 総資産額 ：99.98 USDT
📉 現在の損失：-0.02 USDT (-0.02%)
━━━━━━━━━━━━━━━━━━━━━━━
2025-02-14 00:48:07,158 - INFO - 
━━━━━━━━━━ 取引情報 ━━━━━━━━━━
📅 時刻　　　：2025-02-14 00:48:06
💰 BTC価格　：93,048.10 USDT
📈 価格変動　：+0.67%
💵 USDT残高 ：99.98 USDT
₿ BTC保有量：0.000000 BTC
📊 総資産額 ：99.98 USDT
📉 現在の損失：-0.02 USDT (-0.02%)
━━━━━━━━━━━━━━━━━━━━━━━
2025-02-14 00:48:17,411 - INFO - 
━━━━━━━━━━ 取引情報 ━━━━━━━━━━
📅 時刻　　　：2025-02-14 00:48:17
💰 BTC価格　：93,046.01 USDT
📈 価格変動　：+0.66%
💵 USDT残高 ：99.98 USDT
₿ BTC保有量：0.000000 BTC
📊 総資産額 ：99.98 USDT
📉 現在の損失：-0.02 USDT (-0.02%)
━━━━━━━━━━━━━━━━━━━━━━━
2025-02-14 00:48:27,664 - INFO - 
━━━━━━━━━━ 取引情報 ━━━━━━━━━━
📅 時刻　　　：2025-02-14 00:48:27
💰 BTC価格　：93,040.28 USDT
📈 価格変動　：+0.66%
💵 USDT残高 ：99.98 USDT
₿ BTC保有量：0.000000 BTC
📊 総資産額 ：99.98 USDT
📉 現在の損失：-0.02 USDT (-0.02%)
━━━━━━━━━━━━━━━━━━━━━━━
2025-02-14 00:48:37,917 - INFO - 
━━━━━━━━━━ 取引情報 ━━━━━━━━━━
📅 時刻　　　：2025-02-14 00:48:37
💰 BTC価格　：93,040.28 USDT
📈 価格変動　：+0.66%
💵 USDT残高 ：99.98 USDT
₿ BTC保有量：0.000000 BTC
📊 総資産額 ：99.98 USDT
📉 現在の損失：-0.02 USDT (-0.02%)
━━━━━━━━━━━━━━━━━━━━━━━
2025-02-14 00:48:48,167 - INFO - 
━━━━━━━━━━ 取引情報 ━━━━━━━━━━
📅 時刻　　　：2025-02-14 00:48:47
💰 BTC価格　：93,049.14 USDT
📈 価格変動　：+0.67%
💵 USDT残高 ：99.98 USDT
₿ BTC保有量：0.000000 BTC
📊 総資産額 ：99.98 USDT
📉 現在の損失：-0.02 USDT (-0.02%)
━━━━━━━━━━━━━━━━━━━━━━━
2025-02-14 00:48:58,420 - INFO - 
━━━━━━━━━━ 取引情報 ━━━━━━━━━━
📅 時刻　　　：2025-02-14 00:48:58
💰 BTC価格　：93,000.00 USDT
📈 価格変動　：+0.61%
💵 USDT残高 ：99.98 USDT
₿ BTC保有量：0.000000 BTC
📊 総資産額 ：99.98 USDT
📉 現在の損失：-0.02 USDT (-0.02%)
━━━━━━━━━━━━━━━━━━━━━━━
2025-02-14 00:49:08,671 - INFO - 
━━━━━━━━━━ 取引情報 ━━━━━━━━━━
📅 時刻　　　：2025-02-14 00:49:08
💰 BTC価格　：93,000.00 USDT
📈 価格変動　：+0.61%
💵 USDT残高 ：99.98 USDT
₿ BTC保有量：0.000000 BTC
📊 総資産額 ：99.98 USDT
📉 現在の損失：-0.02 USDT (-0.02%)
━━━━━━━━━━━━━━━━━━━━━━━
2025-02-14 00:49:18,932 - INFO - 
━━━━━━━━━━ 取引情報 ━━━━━━━━━━
📅 時刻　　　：2025-02-14 00:49:18
💰 BTC価格　：93,086.82 USDT
📈 価格変動　：+0.71%
💵 USDT残高 ：99.98 USDT
₿ BTC保有量：0.000000 BTC
📊 総資産額 ：99.98 USDT
📉 現在の損失：-0.02 USDT (-0.02%)
━━━━━━━━━━━━━━━━━━━━━━━
2025-02-14 00:49:29,185 - INFO - 
━━━━━━━━━━ 取引情報 ━━━━━━━━━━
📅 時刻　　　：2025-02-14 00:49:29
💰 BTC価格　：93,086.82 USDT
📈 価格変動　：+0.71%
💵 USDT残高 ：99.98 USDT
₿ BTC保有量：0.000000 BTC
📊 総資産額 ：99.98 USDT
📉 現在の損失：-0.02 USDT (-0.02%)
━━━━━━━━━━━━━━━━━━━━━━━
2025-02-14 00:49:39,438 - INFO - 
━━━━━━━━━━ 取引情報 ━━━━━━━━━━
📅 時刻　　　：2025-02-14 00:49:39
💰 BTC価格　：93,049.14 USDT
📈 価格変動　：+0.67%
💵 USDT残高 ：99.98 USDT
₿ BTC保有量：0.000000 BTC
📊 総資産額 ：99.98 USDT
📉 現在の損失：-0.02 USDT (-0.02%)
━━━━━━━━━━━━━━━━━━━━━━━
2025-02-14 00:49:49,693 - INFO - 
━━━━━━━━━━ 取引情報 ━━━━━━━━━━
📅 時刻　　　：2025-02-14 00:49:49
💰 BTC価格　：93,047.58 USDT
📈 価格変動　：+0.67%
💵 USDT残高 ：99.98 USDT
₿ BTC保有量：0.000000 BTC
📊 総資産額 ：99.98 USDT
📉 現在の損失：-0.02 USDT (-0.02%)
━━━━━━━━━━━━━━━━━━━━━━━
2025-02-14 00:49:59,946 - INFO - 
━━━━━━━━━━ 取引情報 ━━━━━━━━━━
📅 時刻　　　：2025-02-14 00:49:59
💰 BTC価格　：93,047.58 USDT
📈 価格変動　：+0.67%
💵 USDT残高 ：99.98 USDT
₿ BTC保有量：0.000000 BTC
📊 総資産額 ：99.98 USDT
📉 現在の損失：-0.02 USDT (-0.02%)
━━━━━━━━━━━━━━━━━━━━━━━
2025-02-14 00:50:10,203 - INFO - 
━━━━━━━━━━ 取引情報 ━━━━━━━━━━
📅 時刻　　　：2025-02-14 00:50:10
💰 BTC価格　：93,047.58 USDT
📈 価格変動　：+0.67%
💵 USDT残高 ：99.98 USDT
₿ BTC保有量：0.000000 BTC
📊 総資産額 ：99.98 USDT
📉 現在の損失：-0.02 USDT (-0.02%)
━━━━━━━━━━━━━━━━━━━━━━━
2025-02-14 00:50:20,459 - INFO - 
━━━━━━━━━━ 取引情報 ━━━━━━━━━━
📅 時刻　　　：2025-02-14 00:50:20
💰 BTC価格　：92,839.98 USDT
📈 価格変動　：+0.44%
💵 USDT残高 ：99.98 USDT
₿ BTC保有量：0.000000 BTC
📊 総資産額 ：99.98 USDT
📉 現在の損失：-0.02 USDT (-0.02%)
━━━━━━━━━━━━━━━━━━━━━━━
2025-02-14 00:50:30,711 - INFO - 
━━━━━━━━━━ 取引情報 ━━━━━━━━━━
📅 時刻　　　：2025-02-14 00:50:30
💰 BTC価格　：92,839.98 USDT
📈 価格変動　：+0.44%
💵 USDT残高 ：99.98 USDT
₿ BTC保有量：0.000000 BTC
📊 総資産額 ：99.98 USDT
📉 現在の損失：-0.02 USDT (-0.02%)
━━━━━━━━━━━━━━━━━━━━━━━
2025-02-14 00:50:40,962 - INFO - 
━━━━━━━━━━ 取引情報 ━━━━━━━━━━
📅 時刻　　　：2025-02-14 00:50:40
💰 BTC価格　：92,839.98 USDT
📈 価格変動　：+0.44%
💵 USDT残高 ：99.98 USDT
₿ BTC保有量：0.000000 BTC
📊 総資産額 ：99.98 USDT
📉 現在の損失：-0.02 USDT (-0.02%)
━━━━━━━━━━━━━━━━━━━━━━━
2025-02-14 00:50:51,215 - INFO - 
━━━━━━━━━━ 取引情報 ━━━━━━━━━━
📅 時刻　　　：2025-02-14 00:50:51
💰 BTC価格　：92,812.01 USDT
📈 価格変動　：+0.41%
💵 USDT残高 ：99.98 USDT
₿ BTC保有量：0.000000 BTC
📊 総資産額 ：99.98 USDT
📉 現在の損失：-0.02 USDT (-0.02%)
━━━━━━━━━━━━━━━━━━━━━━━
2025-02-14 00:51:01,470 - INFO - 
━━━━━━━━━━ 取引情報 ━━━━━━━━━━
📅 時刻　　　：2025-02-14 00:51:01
💰 BTC価格　：92,817.71 USDT
📈 価格変動　：+0.42%
💵 USDT残高 ：99.98 USDT
₿ BTC保有量：0.000000 BTC
📊 総資産額 ：99.98 USDT
📉 現在の損失：-0.02 USDT (-0.02%)
━━━━━━━━━━━━━━━━━━━━━━━
2025-02-14 00:51:11,723 - INFO - 
━━━━━━━━━━ 取引情報 ━━━━━━━━━━
📅 時刻　　　：2025-02-14 00:51:11
💰 BTC価格　：92,966.41 USDT
📈 価格変動　：+0.58%
💵 USDT残高 ：99.98 USDT
₿ BTC保有量：0.000000 BTC
📊 総資産額 ：99.98 USDT
📉 現在の損失：-0.02 USDT (-0.02%)
━━━━━━━━━━━━━━━━━━━━━━━
2025-02-14 00:51:21,977 - INFO - 
━━━━━━━━━━ 取引情報 ━━━━━━━━━━
📅 時刻　　　：2025-02-14 00:51:21
💰 BTC価格　：92,966.41 USDT
📈 価格変動　：+0.58%
💵 USDT残高 ：99.98 USDT
₿ BTC保有量：0.000000 BTC
📊 総資産額 ：99.98 USDT
📉 現在の損失：-0.02 USDT (-0.02%)
━━━━━━━━━━━━━━━━━━━━━━━
2025-02-14 00:51:32,232 - INFO - 
━━━━━━━━━━ 取引情報 ━━━━━━━━━━
📅 時刻　　　：2025-02-14 00:51:32
💰 BTC価格　：92,139.84 USDT
📉 価格変動　：-0.32%
💵 USDT残高 ：99.98 USDT
₿ BTC保有量：0.000000 BTC
📊 総資産額 ：99.98 USDT
📉 現在の損失：-0.02 USDT (-0.02%)
━━━━━━━━━━━━━━━━━━━━━━━
2025-02-14 00:51:42,486 - INFO - 
━━━━━━━━━━ 取引情報 ━━━━━━━━━━
📅 時刻　　　：2025-02-14 00:51:42
💰 BTC価格　：92,139.84 USDT
📉 価格変動　：-0.32%
💵 USDT残高 ：99.98 USDT
₿ BTC保有量：0.000000 BTC
📊 総資産額 ：99.98 USDT
📉 現在の損失：-0.02 USDT (-0.02%)
━━━━━━━━━━━━━━━━━━━━━━━
2025-02-14 00:51:52,876 - INFO - 
━━━━━━━━━━ 取引情報 ━━━━━━━━━━
📅 時刻　　　：2025-02-14 00:51:52
💰 BTC価格　：92,283.98 USDT
📉 価格変動　：-0.16%
💵 USDT残高 ：99.98 USDT
₿ BTC保有量：0.000000 BTC
📊 総資産額 ：99.98 USDT
📉 現在の損失：-0.02 USDT (-0.02%)
━━━━━━━━━━━━━━━━━━━━━━━
2025-02-14 00:52:03,131 - INFO - 
━━━━━━━━━━ 取引情報 ━━━━━━━━━━
📅 時刻　　　：2025-02-14 00:52:02
💰 BTC価格　：92,303.24 USDT
📉 価格変動　：-0.14%
💵 USDT残高 ：99.98 USDT
₿ BTC保有量：0.000000 BTC
📊 総資産額 ：99.98 USDT
📉 現在の損失：-0.02 USDT (-0.02%)
━━━━━━━━━━━━━━━━━━━━━━━
2025-02-14 00:52:13,383 - INFO - 
━━━━━━━━━━ 取引情報 ━━━━━━━━━━
📅 時刻　　　：2025-02-14 00:52:13
💰 BTC価格　：92,308.49 USDT
📉 価格変動　：-0.13%
💵 USDT残高 ：99.98 USDT
₿ BTC保有量：0.000000 BTC
📊 総資産額 ：99.98 USDT
📉 現在の損失：-0.02 USDT (-0.02%)
━━━━━━━━━━━━━━━━━━━━━━━
2025-02-14 00:52:23,634 - INFO - 
━━━━━━━━━━ 取引情報 ━━━━━━━━━━
📅 時刻　　　：2025-02-14 00:52:23
💰 BTC価格　：92,308.49 USDT
📉 価格変動　：-0.13%
💵 USDT残高 ：99.98 USDT
₿ BTC保有量：0.000000 BTC
📊 総資産額 ：99.98 USDT
📉 現在の損失：-0.02 USDT (-0.02%)
━━━━━━━━━━━━━━━━━━━━━━━
2025-02-14 00:52:33,890 - INFO - 
━━━━━━━━━━ 取引情報 ━━━━━━━━━━
📅 時刻　　　：2025-02-14 00:52:33
💰 BTC価格　：92,282.23 USDT
📉 価格変動　：-0.16%
💵 USDT残高 ：99.98 USDT
₿ BTC保有量：0.000000 BTC
📊 総資産額 ：99.98 USDT
📉 現在の損失：-0.02 USDT (-0.02%)
━━━━━━━━━━━━━━━━━━━━━━━
2025-02-14 00:52:44,144 - INFO - 
━━━━━━━━━━ 取引情報 ━━━━━━━━━━
📅 時刻　　　：2025-02-14 00:52:43
💰 BTC価格　：91,651.98 USDT
📉 価格変動　：-0.84%
💵 USDT残高 ：99.98 USDT
₿ BTC保有量：0.000000 BTC
📊 総資産額 ：99.98 USDT
📉 現在の損失：-0.02 USDT (-0.02%)
━━━━━━━━━━━━━━━━━━━━━━━
2025-02-14 00:52:44,145 - INFO - 買いシグナル検出。買い注文を実行中...
2025-02-14 00:52:44,230 - INFO - 買い注文を実行: 数量=0.001 BTC
2025-02-14 00:52:44,230 - INFO - 買い注文実行: {'retCode': 0, 'retMsg': 'OK', 'result': {'orderId': '97af1bbf-41fd-43ca-bbe3-63f487722209', 'orderLinkId': ''}, 'retExtInfo': {}, 'time': 1739461964210}
2025-02-14 00:53:04,312 - INFO - 前回の取引から39秒待機中...
2025-02-14 00:53:14,394 - INFO - 前回の取引から29秒待機中...
2025-02-14 00:53:24,477 - INFO - 前回の取引から19秒待機中...
2025-02-14 00:53:34,562 - INFO - 前回の取引から9秒待機中...
2025-02-14 00:53:44,820 - INFO - 
━━━━━━━━━━ 取引情報 ━━━━━━━━━━
📅 時刻　　　：2025-02-14 00:53:44
💰 BTC価格　：91,839.86 USDT
📈 価格変動　：+0.20%
💵 USDT残高 ：99.96 USDT
₿ BTC保有量：0.000000 BTC
📊 総資産額 ：99.96 USDT
📉 現在の損失：-0.04 USDT (-0.04%)
━━━━━━━━━━━━━━━━━━━━━━━
2025-02-14 00:53:55,304 - INFO - 
━━━━━━━━━━ 取引情報 ━━━━━━━━━━
📅 時刻　　　：2025-02-14 00:53:54
💰 BTC価格　：91,754.99 USDT
📈 価格変動　：+0.11%
💵 USDT残高 ：99.96 USDT
₿ BTC保有量：0.000000 BTC
📊 総資産額 ：99.96 USDT
📉 現在の損失：-0.04 USDT (-0.04%)
━━━━━━━━━━━━━━━━━━━━━━━
2025-02-14 00:54:05,557 - INFO - 
━━━━━━━━━━ 取引情報 ━━━━━━━━━━
📅 時刻　　　：2025-02-14 00:54:05
💰 BTC価格　：92,000.00 USDT
📈 価格変動　：+0.38%
💵 USDT残高 ：99.96 USDT
₿ BTC保有量：0.000000 BTC
📊 総資産額 ：99.96 USDT
📉 現在の損失：-0.04 USDT (-0.04%)
━━━━━━━━━━━━━━━━━━━━━━━
2025-02-14 00:54:15,810 - INFO - 
━━━━━━━━━━ 取引情報 ━━━━━━━━━━
📅 時刻　　　：2025-02-14 00:54:15
💰 BTC価格　：92,022.36 USDT
📈 価格変動　：+0.40%
💵 USDT残高 ：99.96 USDT
₿ BTC保有量：0.000000 BTC
📊 総資産額 ：99.96 USDT
📉 現在の損失：-0.04 USDT (-0.04%)
━━━━━━━━━━━━━━━━━━━━━━━
2025-02-14 00:54:26,065 - INFO - 
━━━━━━━━━━ 取引情報 ━━━━━━━━━━
📅 時刻　　　：2025-02-14 00:54:25
💰 BTC価格　：92,033.09 USDT
📈 価格変動　：+0.42%
💵 USDT残高 ：99.96 USDT
₿ BTC保有量：0.000000 BTC
📊 総資産額 ：99.96 USDT
📉 現在の損失：-0.04 USDT (-0.04%)
━━━━━━━━━━━━━━━━━━━━━━━
2025-02-14 00:54:36,320 - INFO - 
━━━━━━━━━━ 取引情報 ━━━━━━━━━━
📅 時刻　　　：2025-02-14 00:54:36
💰 BTC価格　：92,028.18 USDT
📈 価格変動　：+0.41%
💵 USDT残高 ：99.96 USDT
₿ BTC保有量：0.000000 BTC
📊 総資産額 ：99.96 USDT
📉 現在の損失：-0.04 USDT (-0.04%)
━━━━━━━━━━━━━━━━━━━━━━━
2025-02-14 00:54:46,577 - INFO - 
━━━━━━━━━━ 取引情報 ━━━━━━━━━━
📅 時刻　　　：2025-02-14 00:54:46
💰 BTC価格　：92,028.18 USDT
📈 価格変動　：+0.41%
💵 USDT残高 ：99.96 USDT
₿ BTC保有量：0.000000 BTC
📊 総資産額 ：99.96 USDT
📉 現在の損失：-0.04 USDT (-0.04%)
━━━━━━━━━━━━━━━━━━━━━━━
2025-02-14 00:54:56,826 - INFO - 
━━━━━━━━━━ 取引情報 ━━━━━━━━━━
📅 時刻　　　：2025-02-14 00:54:56
💰 BTC価格　：92,028.18 USDT
📈 価格変動　：+0.41%
💵 USDT残高 ：99.96 USDT
₿ BTC保有量：0.000000 BTC
📊 総資産額 ：99.96 USDT
📉 現在の損失：-0.04 USDT (-0.04%)
━━━━━━━━━━━━━━━━━━━━━━━
2025-02-14 00:55:07,085 - INFO - 
━━━━━━━━━━ 取引情報 ━━━━━━━━━━
📅 時刻　　　：2025-02-14 00:55:06
💰 BTC価格　：92,139.84 USDT
📈 価格変動　：+0.53%
💵 USDT残高 ：99.96 USDT
₿ BTC保有量：0.000000 BTC
📊 総資産額 ：99.96 USDT
📉 現在の損失：-0.04 USDT (-0.04%)
━━━━━━━━━━━━━━━━━━━━━━━
2025-02-14 00:55:17,338 - INFO - 
━━━━━━━━━━ 取引情報 ━━━━━━━━━━
📅 時刻　　　：2025-02-14 00:55:17
💰 BTC価格　：92,949.23 USDT
📈 価格変動　：+1.42%
💵 USDT残高 ：99.96 USDT
₿ BTC保有量：0.000000 BTC
📊 総資産額 ：99.96 USDT
📉 現在の損失：-0.04 USDT (-0.04%)
━━━━━━━━━━━━━━━━━━━━━━━
2025-02-14 00:55:27,590 - INFO - 
━━━━━━━━━━ 取引情報 ━━━━━━━━━━
📅 時刻　　　：2025-02-14 00:55:27
💰 BTC価格　：92,949.23 USDT
📈 価格変動　：+1.42%
💵 USDT残高 ：99.96 USDT
₿ BTC保有量：0.000000 BTC
📊 総資産額 ：99.96 USDT
📉 現在の損失：-0.04 USDT (-0.04%)
━━━━━━━━━━━━━━━━━━━━━━━
2025-02-14 00:55:37,846 - INFO - 
━━━━━━━━━━ 取引情報 ━━━━━━━━━━
📅 時刻　　　：2025-02-14 00:55:37
💰 BTC価格　：93,002.29 USDT
📈 価格変動　：+1.47%
💵 USDT残高 ：99.96 USDT
₿ BTC保有量：0.000000 BTC
📊 総資産額 ：99.96 USDT
📉 現在の損失：-0.04 USDT (-0.04%)
━━━━━━━━━━━━━━━━━━━━━━━
2025-02-14 00:55:48,099 - INFO - 
━━━━━━━━━━ 取引情報 ━━━━━━━━━━
📅 時刻　　　：2025-02-14 00:55:47
💰 BTC価格　：93,004.96 USDT
📈 価格変動　：+1.48%
💵 USDT残高 ：99.96 USDT
₿ BTC保有量：0.000000 BTC
📊 総資産額 ：99.96 USDT
📉 現在の損失：-0.04 USDT (-0.04%)
━━━━━━━━━━━━━━━━━━━━━━━
2025-02-14 00:55:58,351 - INFO - 
━━━━━━━━━━ 取引情報 ━━━━━━━━━━
📅 時刻　　　：2025-02-14 00:55:58
💰 BTC価格　：93,004.96 USDT
📈 価格変動　：+1.48%
💵 USDT残高 ：99.96 USDT
₿ BTC保有量：0.000000 BTC
📊 総資産額 ：99.96 USDT
📉 現在の損失：-0.04 USDT (-0.04%)
━━━━━━━━━━━━━━━━━━━━━━━
2025-02-14 00:56:08,609 - INFO - 
━━━━━━━━━━ 取引情報 ━━━━━━━━━━
📅 時刻　　　：2025-02-14 00:56:08
💰 BTC価格　：93,115.56 USDT
📈 価格変動　：+1.60%
💵 USDT残高 ：99.96 USDT
₿ BTC保有量：0.000000 BTC
📊 総資産額 ：99.96 USDT
📉 現在の損失：-0.04 USDT (-0.04%)
━━━━━━━━━━━━━━━━━━━━━━━
2025-02-14 00:56:18,864 - INFO - 
━━━━━━━━━━ 取引情報 ━━━━━━━━━━
📅 時刻　　　：2025-02-14 00:56:18
💰 BTC価格　：93,048.14 USDT
📈 価格変動　：+1.52%
💵 USDT残高 ：99.96 USDT
₿ BTC保有量：0.000000 BTC
📊 総資産額 ：99.96 USDT
📉 現在の損失：-0.04 USDT (-0.04%)
━━━━━━━━━━━━━━━━━━━━━━━
2025-02-14 00:56:29,118 - INFO - 
━━━━━━━━━━ 取引情報 ━━━━━━━━━━
📅 時刻　　　：2025-02-14 00:56:28
💰 BTC価格　：93,218.37 USDT
📈 価格変動　：+1.71%
💵 USDT残高 ：99.96 USDT
₿ BTC保有量：0.000000 BTC
📊 総資産額 ：99.96 USDT
📉 現在の損失：-0.04 USDT (-0.04%)
━━━━━━━━━━━━━━━━━━━━━━━
2025-02-14 00:56:39,370 - INFO - 
━━━━━━━━━━ 取引情報 ━━━━━━━━━━
📅 時刻　　　：2025-02-14 00:56:39
💰 BTC価格　：93,432.50 USDT
📈 価格変動　：+1.94%
💵 USDT残高 ：99.96 USDT
₿ BTC保有量：0.000000 BTC
📊 総資産額 ：99.96 USDT
📉 現在の損失：-0.04 USDT (-0.04%)
━━━━━━━━━━━━━━━━━━━━━━━
2025-02-14 00:56:49,624 - INFO - 
━━━━━━━━━━ 取引情報 ━━━━━━━━━━
📅 時刻　　　：2025-02-14 00:56:49
💰 BTC価格　：93,432.50 USDT
📈 価格変動　：+1.94%
💵 USDT残高 ：99.96 USDT
₿ BTC保有量：0.000000 BTC
📊 総資産額 ：99.96 USDT
📉 現在の損失：-0.04 USDT (-0.04%)
━━━━━━━━━━━━━━━━━━━━━━━
2025-02-14 00:57:00,026 - INFO - 
━━━━━━━━━━ 取引情報 ━━━━━━━━━━
📅 時刻　　　：2025-02-14 00:56:59
💰 BTC価格　：93,267.96 USDT
📈 価格変動　：+1.76%
💵 USDT残高 ：99.96 USDT
₿ BTC保有量：0.000000 BTC
📊 総資産額 ：99.96 USDT
📉 現在の損失：-0.04 USDT (-0.04%)
━━━━━━━━━━━━━━━━━━━━━━━
2025-02-14 00:57:10,283 - INFO - 
━━━━━━━━━━ 取引情報 ━━━━━━━━━━
📅 時刻　　　：2025-02-14 00:57:10
💰 BTC価格　：93,286.95 USDT
📈 価格変動　：+1.78%
💵 USDT残高 ：99.96 USDT
₿ BTC保有量：0.000000 BTC
📊 総資産額 ：99.96 USDT
📉 現在の損失：-0.04 USDT (-0.04%)
━━━━━━━━━━━━━━━━━━━━━━━
2025-02-14 00:57:20,539 - INFO - 
━━━━━━━━━━ 取引情報 ━━━━━━━━━━
📅 時刻　　　：2025-02-14 00:57:20
💰 BTC価格　：93,433.07 USDT
📈 価格変動　：+1.94%
💵 USDT残高 ：99.96 USDT
₿ BTC保有量：0.000000 BTC
📊 総資産額 ：99.96 USDT
📉 現在の損失：-0.04 USDT (-0.04%)
━━━━━━━━━━━━━━━━━━━━━━━
2025-02-14 00:57:30,791 - INFO - 
━━━━━━━━━━ 取引情報 ━━━━━━━━━━
📅 時刻　　　：2025-02-14 00:57:30
💰 BTC価格　：93,433.07 USDT
📈 価格変動　：+1.94%
💵 USDT残高 ：99.96 USDT
₿ BTC保有量：0.000000 BTC
📊 総資産額 ：99.96 USDT
📉 現在の損失：-0.04 USDT (-0.04%)
━━━━━━━━━━━━━━━━━━━━━━━
2025-02-14 00:57:41,047 - INFO - 
━━━━━━━━━━ 取引情報 ━━━━━━━━━━
📅 時刻　　　：2025-02-14 00:57:40
💰 BTC価格　：93,611.73 USDT
📈 価格変動　：+2.14%
💵 USDT残高 ：99.96 USDT
₿ BTC保有量：0.000000 BTC
📊 総資産額 ：99.96 USDT
📉 現在の損失：-0.04 USDT (-0.04%)
━━━━━━━━━━━━━━━━━━━━━━━
2025-02-14 00:57:51,303 - INFO - 
━━━━━━━━━━ 取引情報 ━━━━━━━━━━
📅 時刻　　　：2025-02-14 00:57:51
💰 BTC価格　：93,484.22 USDT
📈 価格変動　：+2.00%
💵 USDT残高 ：99.96 USDT
₿ BTC保有量：0.000000 BTC
📊 総資産額 ：99.96 USDT
📉 現在の損失：-0.04 USDT (-0.04%)
━━━━━━━━━━━━━━━━━━━━━━━
2025-02-14 00:58:01,554 - INFO - 
━━━━━━━━━━ 取引情報 ━━━━━━━━━━
📅 時刻　　　：2025-02-14 00:58:01
💰 BTC価格　：93,480.54 USDT
📈 価格変動　：+2.00%
💵 USDT残高 ：99.96 USDT
₿ BTC保有量：0.000000 BTC
📊 総資産額 ：99.96 USDT
📉 現在の損失：-0.04 USDT (-0.04%)
━━━━━━━━━━━━━━━━━━━━━━━
2025-02-14 00:58:11,808 - INFO - 
━━━━━━━━━━ 取引情報 ━━━━━━━━━━
📅 時刻　　　：2025-02-14 00:58:11
💰 BTC価格　：93,611.73 USDT
📈 価格変動　：+2.14%
💵 USDT残高 ：99.96 USDT
₿ BTC保有量：0.000000 BTC
📊 総資産額 ：99.96 USDT
📉 現在の損失：-0.04 USDT (-0.04%)
━━━━━━━━━━━━━━━━━━━━━━━
2025-02-14 00:58:22,061 - INFO - 
━━━━━━━━━━ 取引情報 ━━━━━━━━━━
📅 時刻　　　：2025-02-14 00:58:21
💰 BTC価格　：93,487.90 USDT
📈 価格変動　：+2.00%
💵 USDT残高 ：99.96 USDT
₿ BTC保有量：0.000000 BTC
📊 総資産額 ：99.96 USDT
📉 現在の損失：-0.04 USDT (-0.04%)
━━━━━━━━━━━━━━━━━━━━━━━
2025-02-14 00:58:32,313 - INFO - 
━━━━━━━━━━ 取引情報 ━━━━━━━━━━
📅 時刻　　　：2025-02-14 00:58:32
💰 BTC価格　：93,487.90 USDT
📈 価格変動　：+2.00%
💵 USDT残高 ：99.96 USDT
₿ BTC保有量：0.000000 BTC
📊 総資産額 ：99.96 USDT
📉 現在の損失：-0.04 USDT (-0.04%)
━━━━━━━━━━━━━━━━━━━━━━━
2025-02-14 00:58:42,699 - INFO - 
━━━━━━━━━━ 取引情報 ━━━━━━━━━━
📅 時刻　　　：2025-02-14 00:58:42
💰 BTC価格　：93,495.26 USDT
📈 価格変動　：+2.01%
💵 USDT残高 ：99.96 USDT
₿ BTC保有量：0.000000 BTC
📊 総資産額 ：99.96 USDT
📉 現在の損失：-0.04 USDT (-0.04%)
━━━━━━━━━━━━━━━━━━━━━━━
2025-02-14 00:58:52,954 - INFO - 
━━━━━━━━━━ 取引情報 ━━━━━━━━━━
📅 時刻　　　：2025-02-14 00:58:52
💰 BTC価格　：93,611.73 USDT
📈 価格変動　：+2.14%
💵 USDT残高 ：99.96 USDT
₿ BTC保有量：0.000000 BTC
📊 総資産額 ：99.96 USDT
📉 現在の損失：-0.04 USDT (-0.04%)
━━━━━━━━━━━━━━━━━━━━━━━
2025-02-14 00:59:03,209 - INFO - 
━━━━━━━━━━ 取引情報 ━━━━━━━━━━
📅 時刻　　　：2025-02-14 00:59:03
💰 BTC価格　：93,611.73 USDT
📈 価格変動　：+2.14%
💵 USDT残高 ：99.96 USDT
₿ BTC保有量：0.000000 BTC
📊 総資産額 ：99.96 USDT
📉 現在の損失：-0.04 USDT (-0.04%)
━━━━━━━━━━━━━━━━━━━━━━━
2025-02-14 00:59:13,465 - INFO - 
━━━━━━━━━━ 取引情報 ━━━━━━━━━━
📅 時刻　　　：2025-02-14 00:59:13
💰 BTC価格　：93,493.42 USDT
📈 価格変動　：+2.01%
💵 USDT残高 ：99.96 USDT
₿ BTC保有量：0.000000 BTC
📊 総資産額 ：99.96 USDT
📉 現在の損失：-0.04 USDT (-0.04%)
━━━━━━━━━━━━━━━━━━━━━━━
2025-02-14 00:59:23,716 - INFO - 
━━━━━━━━━━ 取引情報 ━━━━━━━━━━
📅 時刻　　　：2025-02-14 00:59:23
💰 BTC価格　：93,533.98 USDT
📈 価格変動　：+2.05%
💵 USDT残高 ：99.96 USDT
₿ BTC保有量：0.000000 BTC
📊 総資産額 ：99.96 USDT
📉 現在の損失：-0.04 USDT (-0.04%)
━━━━━━━━━━━━━━━━━━━━━━━
2025-02-14 00:59:33,973 - INFO - 
━━━━━━━━━━ 取引情報 ━━━━━━━━━━
📅 時刻　　　：2025-02-14 00:59:33
💰 BTC価格　：93,502.61 USDT
📈 価格変動　：+2.02%
💵 USDT残高 ：99.96 USDT
₿ BTC保有量：0.000000 BTC
📊 総資産額 ：99.96 USDT
📉 現在の損失：-0.04 USDT (-0.04%)
━━━━━━━━━━━━━━━━━━━━━━━
2025-02-14 00:59:44,228 - INFO - 
━━━━━━━━━━ 取引情報 ━━━━━━━━━━
📅 時刻　　　：2025-02-14 00:59:44
💰 BTC価格　：93,453.73 USDT
📈 価格変動　：+1.97%
💵 USDT残高 ：99.96 USDT
₿ BTC保有量：0.000000 BTC
📊 総資産額 ：99.96 USDT
📉 現在の損失：-0.04 USDT (-0.04%)
━━━━━━━━━━━━━━━━━━━━━━━
2025-02-14 00:59:54,482 - INFO - 
━━━━━━━━━━ 取引情報 ━━━━━━━━━━
📅 時刻　　　：2025-02-14 00:59:54
💰 BTC価格　：93,453.73 USDT
📈 価格変動　：+1.97%
💵 USDT残高 ：99.96 USDT
₿ BTC保有量：0.000000 BTC
📊 総資産額 ：99.96 USDT
📉 現在の損失：-0.04 USDT (-0.04%)
━━━━━━━━━━━━━━━━━━━━━━━
2025-02-14 01:00:04,741 - INFO - 
━━━━━━━━━━ 取引情報 ━━━━━━━━━━
📅 時刻　　　：2025-02-14 01:00:04
💰 BTC価格　：93,502.61 USDT
📈 価格変動　：+2.02%
💵 USDT残高 ：100.33 USDT
₿ BTC保有量：0.000000 BTC
📊 総資産額 ：100.33 USDT
💹 現在の利益：+0.33 USDT (+0.33%)
━━━━━━━━━━━━━━━━━━━━━━━
2025-02-14 01:00:14,994 - INFO - 
━━━━━━━━━━ 取引情報 ━━━━━━━━━━
📅 時刻　　　：2025-02-14 01:00:14
💰 BTC価格　：93,523.62 USDT
📈 価格変動　：+2.04%
💵 USDT残高 ：100.33 USDT
₿ BTC保有量：0.000000 BTC
📊 総資産額 ：100.33 USDT
💹 現在の利益：+0.33 USDT (+0.33%)
━━━━━━━━━━━━━━━━━━━━━━━
2025-02-14 01:00:25,242 - INFO - 
━━━━━━━━━━ 取引情報 ━━━━━━━━━━
📅 時刻　　　：2025-02-14 01:00:25
💰 BTC価格　：93,523.62 USDT
📈 価格変動　：+2.04%
💵 USDT残高 ：100.33 USDT
₿ BTC保有量：0.000000 BTC
📊 総資産額 ：100.33 USDT
💹 現在の利益：+0.33 USDT (+0.33%)
━━━━━━━━━━━━━━━━━━━━━━━
2025-02-14 01:00:35,495 - INFO - 
━━━━━━━━━━ 取引情報 ━━━━━━━━━━
📅 時刻　　　：2025-02-14 01:00:35
💰 BTC価格　：93,380.04 USDT
📈 価格変動　：+1.89%
💵 USDT残高 ：100.33 USDT
₿ BTC保有量：0.000000 BTC
📊 総資産額 ：100.33 USDT
💹 現在の利益：+0.33 USDT (+0.33%)
━━━━━━━━━━━━━━━━━━━━━━━
2025-02-14 01:00:45,750 - INFO - 
━━━━━━━━━━ 取引情報 ━━━━━━━━━━
📅 時刻　　　：2025-02-14 01:00:45
💰 BTC価格　：93,398.70 USDT
📈 価格変動　：+1.91%
💵 USDT残高 ：100.33 USDT
₿ BTC保有量：0.000000 BTC
📊 総資産額 ：100.33 USDT
💹 現在の利益：+0.33 USDT (+0.33%)
━━━━━━━━━━━━━━━━━━━━━━━
2025-02-14 01:00:56,006 - INFO - 
━━━━━━━━━━ 取引情報 ━━━━━━━━━━
📅 時刻　　　：2025-02-14 01:00:55
💰 BTC価格　：93,398.70 USDT
📈 価格変動　：+1.91%
💵 USDT残高 ：100.33 USDT
₿ BTC保有量：0.000000 BTC
📊 総資産額 ：100.33 USDT
💹 現在の利益：+0.33 USDT (+0.33%)
━━━━━━━━━━━━━━━━━━━━━━━
2025-02-14 01:01:06,260 - INFO - 
━━━━━━━━━━ 取引情報 ━━━━━━━━━━
📅 時刻　　　：2025-02-14 01:01:06
💰 BTC価格　：93,385.11 USDT
📈 価格変動　：+1.89%
💵 USDT残高 ：100.33 USDT
₿ BTC保有量：0.000000 BTC
📊 総資産額 ：100.33 USDT
💹 現在の利益：+0.33 USDT (+0.33%)
━━━━━━━━━━━━━━━━━━━━━━━
2025-02-14 01:01:16,525 - INFO - 
━━━━━━━━━━ 取引情報 ━━━━━━━━━━
📅 時刻　　　：2025-02-14 01:01:16
💰 BTC価格　：93,709.84 USDT
📈 価格変動　：+2.25%
💵 USDT残高 ：100.33 USDT
₿ BTC保有量：0.000000 BTC
📊 総資産額 ：100.33 USDT
💹 現在の利益：+0.33 USDT (+0.33%)
━━━━━━━━━━━━━━━━━━━━━━━
2025-02-14 01:01:26,778 - INFO - 
━━━━━━━━━━ 取引情報 ━━━━━━━━━━
📅 時刻　　　：2025-02-14 01:01:26
💰 BTC価格　：93,742.02 USDT
📈 価格変動　：+2.28%
💵 USDT残高 ：100.33 USDT
₿ BTC保有量：0.000000 BTC
📊 総資産額 ：100.33 USDT
💹 現在の利益：+0.33 USDT (+0.33%)
━━━━━━━━━━━━━━━━━━━━━━━
2025-02-14 01:01:37,035 - INFO - 
━━━━━━━━━━ 取引情報 ━━━━━━━━━━
📅 時刻　　　：2025-02-14 01:01:36
💰 BTC価格　：93,742.02 USDT
📈 価格変動　：+2.28%
💵 USDT残高 ：100.33 USDT
₿ BTC保有量：0.000000 BTC
📊 総資産額 ：100.33 USDT
💹 現在の利益：+0.33 USDT (+0.33%)
━━━━━━━━━━━━━━━━━━━━━━━
2025-02-14 01:01:47,296 - INFO - 
━━━━━━━━━━ 取引情報 ━━━━━━━━━━
📅 時刻　　　：2025-02-14 01:01:47
💰 BTC価格　：93,626.47 USDT
📈 価格変動　：+2.15%
💵 USDT残高 ：100.33 USDT
₿ BTC保有量：0.000000 BTC
📊 総資産額 ：100.33 USDT
💹 現在の利益：+0.33 USDT (+0.33%)
━━━━━━━━━━━━━━━━━━━━━━━
2025-02-14 01:01:57,548 - INFO - 
━━━━━━━━━━ 取引情報 ━━━━━━━━━━
📅 時刻　　　：2025-02-14 01:01:57
💰 BTC価格　：93,626.47 USDT
📈 価格変動　：+2.15%
💵 USDT残高 ：100.33 USDT
₿ BTC保有量：0.000000 BTC
📊 総資産額 ：100.33 USDT
💹 現在の利益：+0.33 USDT (+0.33%)
━━━━━━━━━━━━━━━━━━━━━━━
2025-02-14 01:02:07,802 - INFO - 
━━━━━━━━━━ 取引情報 ━━━━━━━━━━
📅 時刻　　　：2025-02-14 01:02:07
💰 BTC価格　：93,626.47 USDT
📈 価格変動　：+2.15%
💵 USDT残高 ：100.33 USDT
₿ BTC保有量：0.000000 BTC
📊 総資産額 ：100.33 USDT
💹 現在の利益：+0.33 USDT (+0.33%)
━━━━━━━━━━━━━━━━━━━━━━━
2025-02-14 01:02:18,058 - INFO - 
━━━━━━━━━━ 取引情報 ━━━━━━━━━━
📅 時刻　　　：2025-02-14 01:02:17
💰 BTC価格　：93,622.77 USDT
📈 価格変動　：+2.15%
💵 USDT残高 ：100.33 USDT
₿ BTC保有量：0.000000 BTC
📊 総資産額 ：100.33 USDT
💹 現在の利益：+0.33 USDT (+0.33%)
━━━━━━━━━━━━━━━━━━━━━━━
2025-02-14 01:02:28,444 - INFO - 
━━━━━━━━━━ 取引情報 ━━━━━━━━━━
📅 時刻　　　：2025-02-14 01:02:28
💰 BTC価格　：93,622.77 USDT
📈 価格変動　：+2.15%
💵 USDT残高 ：100.33 USDT
₿ BTC保有量：0.000000 BTC
📊 総資産額 ：100.33 USDT
💹 現在の利益：+0.33 USDT (+0.33%)
━━━━━━━━━━━━━━━━━━━━━━━
2025-02-14 01:02:38,698 - INFO - 
━━━━━━━━━━ 取引情報 ━━━━━━━━━━
📅 時刻　　　：2025-02-14 01:02:38
💰 BTC価格　：93,320.04 USDT
📈 価格変動　：+1.82%
💵 USDT残高 ：100.33 USDT
₿ BTC保有量：0.000000 BTC
📊 総資産額 ：100.33 USDT
💹 現在の利益：+0.33 USDT (+0.33%)
━━━━━━━━━━━━━━━━━━━━━━━
2025-02-14 01:02:48,952 - INFO - 
━━━━━━━━━━ 取引情報 ━━━━━━━━━━
📅 時刻　　　：2025-02-14 01:02:48
💰 BTC価格　：93,320.04 USDT
📈 価格変動　：+1.82%
💵 USDT残高 ：100.33 USDT
₿ BTC保有量：0.000000 BTC
📊 総資産額 ：100.33 USDT
💹 現在の利益：+0.33 USDT (+0.33%)
━━━━━━━━━━━━━━━━━━━━━━━
2025-02-14 01:02:59,206 - INFO - 
━━━━━━━━━━ 取引情報 ━━━━━━━━━━
📅 時刻　　　：2025-02-14 01:02:59
💰 BTC価格　：93,308.61 USDT
📈 価格変動　：+1.81%
💵 USDT残高 ：100.33 USDT
₿ BTC保有量：0.000000 BTC
📊 総資産額 ：100.33 USDT
💹 現在の利益：+0.33 USDT (+0.33%)
━━━━━━━━━━━━━━━━━━━━━━━
2025-02-14 01:03:09,462 - INFO - 
━━━━━━━━━━ 取引情報 ━━━━━━━━━━
📅 時刻　　　：2025-02-14 01:03:09
💰 BTC価格　：93,308.61 USDT
📈 価格変動　：+1.81%
💵 USDT残高 ：100.33 USDT
₿ BTC保有量：0.000000 BTC
📊 総資産額 ：100.33 USDT
💹 現在の利益：+0.33 USDT (+0.33%)
━━━━━━━━━━━━━━━━━━━━━━━
2025-02-14 01:03:19,716 - INFO - 
━━━━━━━━━━ 取引情報 ━━━━━━━━━━
📅 時刻　　　：2025-02-14 01:03:19
💰 BTC価格　：93,225.50 USDT
📈 価格変動　：+1.72%
💵 USDT残高 ：100.33 USDT
₿ BTC保有量：0.000000 BTC
📊 総資産額 ：100.33 USDT
💹 現在の利益：+0.33 USDT (+0.33%)
━━━━━━━━━━━━━━━━━━━━━━━
2025-02-14 01:03:29,971 - INFO - 
━━━━━━━━━━ 取引情報 ━━━━━━━━━━
📅 時刻　　　：2025-02-14 01:03:29
💰 BTC価格　：93,323.85 USDT
📈 価格変動　：+1.82%
💵 USDT残高 ：100.33 USDT
₿ BTC保有量：0.000000 BTC
📊 総資産額 ：100.33 USDT
💹 現在の利益：+0.33 USDT (+0.33%)
━━━━━━━━━━━━━━━━━━━━━━━
2025-02-14 01:03:40,228 - INFO - 
━━━━━━━━━━ 取引情報 ━━━━━━━━━━
📅 時刻　　　：2025-02-14 01:03:40
💰 BTC価格　：93,323.85 USDT
📈 価格変動　：+1.82%
💵 USDT残高 ：100.33 USDT
₿ BTC保有量：0.000000 BTC
📊 総資産額 ：100.33 USDT
💹 現在の利益：+0.33 USDT (+0.33%)
━━━━━━━━━━━━━━━━━━━━━━━
2025-02-14 01:03:50,480 - INFO - 
━━━━━━━━━━ 取引情報 ━━━━━━━━━━
📅 時刻　　　：2025-02-14 01:03:50
💰 BTC価格　：92,733.08 USDT
📈 価格変動　：+1.18%
💵 USDT残高 ：100.33 USDT
₿ BTC保有量：0.000000 BTC
📊 総資産額 ：100.33 USDT
💹 現在の利益：+0.33 USDT (+0.33%)
━━━━━━━━━━━━━━━━━━━━━━━
2025-02-14 01:04:00,738 - INFO - 
━━━━━━━━━━ 取引情報 ━━━━━━━━━━
📅 時刻　　　：2025-02-14 01:04:00
💰 BTC価格　：92,733.08 USDT
📈 価格変動　：+1.18%
💵 USDT残高 ：100.33 USDT
₿ BTC保有量：0.000000 BTC
📊 総資産額 ：100.33 USDT
💹 現在の利益：+0.33 USDT (+0.33%)
━━━━━━━━━━━━━━━━━━━━━━━
2025-02-14 01:04:10,991 - INFO - 
━━━━━━━━━━ 取引情報 ━━━━━━━━━━
📅 時刻　　　：2025-02-14 01:04:10
💰 BTC価格　：92,952.40 USDT
📈 価格変動　：+1.42%
💵 USDT残高 ：100.33 USDT
₿ BTC保有量：0.000000 BTC
📊 総資産額 ：100.33 USDT
💹 現在の利益：+0.33 USDT (+0.33%)
━━━━━━━━━━━━━━━━━━━━━━━
2025-02-14 01:04:21,244 - INFO - 
━━━━━━━━━━ 取引情報 ━━━━━━━━━━
📅 時刻　　　：2025-02-14 01:04:21
💰 BTC価格　：92,952.40 USDT
📈 価格変動　：+1.42%
💵 USDT残高 ：100.33 USDT
₿ BTC保有量：0.000000 BTC
📊 総資産額 ：100.33 USDT
💹 現在の利益：+0.33 USDT (+0.33%)
━━━━━━━━━━━━━━━━━━━━━━━
2025-02-14 01:04:31,497 - INFO - 
━━━━━━━━━━ 取引情報 ━━━━━━━━━━
📅 時刻　　　：2025-02-14 01:04:31
💰 BTC価格　：92,941.79 USDT
📈 価格変動　：+1.41%
💵 USDT残高 ：100.33 USDT
₿ BTC保有量：0.000000 BTC
📊 総資産額 ：100.33 USDT
💹 現在の利益：+0.33 USDT (+0.33%)
━━━━━━━━━━━━━━━━━━━━━━━
2025-02-14 01:04:41,752 - INFO - 
━━━━━━━━━━ 取引情報 ━━━━━━━━━━
📅 時刻　　　：2025-02-14 01:04:41
💰 BTC価格　：92,851.65 USDT
📈 価格変動　：+1.31%
💵 USDT残高 ：100.33 USDT
₿ BTC保有量：0.000000 BTC
📊 総資産額 ：100.33 USDT
💹 現在の利益：+0.33 USDT (+0.33%)
━━━━━━━━━━━━━━━━━━━━━━━
2025-02-14 01:04:52,006 - INFO - 
━━━━━━━━━━ 取引情報 ━━━━━━━━━━
📅 時刻　　　：2025-02-14 01:04:51
💰 BTC価格　：92,851.65 USDT
📈 価格変動　：+1.31%
💵 USDT残高 ：100.33 USDT
₿ BTC保有量：0.000000 BTC
📊 総資産額 ：100.33 USDT
💹 現在の利益：+0.33 USDT (+0.33%)
━━━━━━━━━━━━━━━━━━━━━━━
2025-02-14 01:05:02,262 - INFO - 
━━━━━━━━━━ 取引情報 ━━━━━━━━━━
📅 時刻　　　：2025-02-14 01:05:02
💰 BTC価格　：92,213.22 USDT
📈 価格変動　：+0.61%
💵 USDT残高 ：100.33 USDT
₿ BTC保有量：0.000000 BTC
📊 総資産額 ：100.33 USDT
💹 現在の利益：+0.33 USDT (+0.33%)
━━━━━━━━━━━━━━━━━━━━━━━
2025-02-14 01:05:12,517 - INFO - 
━━━━━━━━━━ 取引情報 ━━━━━━━━━━
📅 時刻　　　：2025-02-14 01:05:12
💰 BTC価格　：92,499.75 USDT
📈 価格変動　：+0.92%
💵 USDT残高 ：100.33 USDT
₿ BTC保有量：0.000000 BTC
📊 総資産額 ：100.33 USDT
💹 現在の利益：+0.33 USDT (+0.33%)
━━━━━━━━━━━━━━━━━━━━━━━
2025-02-14 01:05:22,767 - INFO - 
━━━━━━━━━━ 取引情報 ━━━━━━━━━━
📅 時刻　　　：2025-02-14 01:05:22
💰 BTC価格　：92,499.75 USDT
📈 価格変動　：+0.92%
💵 USDT残高 ：100.33 USDT
₿ BTC保有量：0.000000 BTC
📊 総資産額 ：100.33 USDT
💹 現在の利益：+0.33 USDT (+0.33%)
━━━━━━━━━━━━━━━━━━━━━━━
2025-02-14 01:05:33,017 - INFO - 
━━━━━━━━━━ 取引情報 ━━━━━━━━━━
📅 時刻　　　：2025-02-14 01:05:32
💰 BTC価格　：92,499.75 USDT
📈 価格変動　：+0.92%
💵 USDT残高 ：100.33 USDT
₿ BTC保有量：0.000000 BTC
📊 総資産額 ：100.33 USDT
💹 現在の利益：+0.33 USDT (+0.33%)
━━━━━━━━━━━━━━━━━━━━━━━
2025-02-14 01:05:43,272 - INFO - 
━━━━━━━━━━ 取引情報 ━━━━━━━━━━
📅 時刻　　　：2025-02-14 01:05:43
💰 BTC価格　：92,311.06 USDT
📈 価格変動　：+0.72%
💵 USDT残高 ：100.33 USDT
₿ BTC保有量：0.000000 BTC
📊 総資産額 ：100.33 USDT
💹 現在の利益：+0.33 USDT (+0.33%)
━━━━━━━━━━━━━━━━━━━━━━━
2025-02-14 01:05:53,524 - INFO - 
━━━━━━━━━━ 取引情報 ━━━━━━━━━━
📅 時刻　　　：2025-02-14 01:05:53
💰 BTC価格　：92,499.75 USDT
📈 価格変動　：+0.92%
💵 USDT残高 ：100.33 USDT
₿ BTC保有量：0.000000 BTC
📊 総資産額 ：100.33 USDT
💹 現在の利益：+0.33 USDT (+0.33%)
━━━━━━━━━━━━━━━━━━━━━━━
2025-02-14 01:06:03,779 - INFO - 
━━━━━━━━━━ 取引情報 ━━━━━━━━━━
📅 時刻　　　：2025-02-14 01:06:03
💰 BTC価格　：92,387.43 USDT
📈 価格変動　：+0.80%
💵 USDT残高 ：100.33 USDT
₿ BTC保有量：0.000000 BTC
📊 総資産額 ：100.33 USDT
💹 現在の利益：+0.33 USDT (+0.33%)
━━━━━━━━━━━━━━━━━━━━━━━
2025-02-14 01:06:14,034 - INFO - 
━━━━━━━━━━ 取引情報 ━━━━━━━━━━
📅 時刻　　　：2025-02-14 01:06:13
💰 BTC価格　：92,000.00 USDT
📈 価格変動　：+0.38%
💵 USDT残高 ：100.33 USDT
₿ BTC保有量：0.000000 BTC
📊 総資産額 ：100.33 USDT
💹 現在の利益：+0.33 USDT (+0.33%)
━━━━━━━━━━━━━━━━━━━━━━━
2025-02-14 01:06:24,287 - INFO - 
━━━━━━━━━━ 取引情報 ━━━━━━━━━━
📅 時刻　　　：2025-02-14 01:06:24
💰 BTC価格　：92,000.00 USDT
📈 価格変動　：+0.38%
💵 USDT残高 ：100.33 USDT
₿ BTC保有量：0.000000 BTC
📊 総資産額 ：100.33 USDT
💹 現在の利益：+0.33 USDT (+0.33%)
━━━━━━━━━━━━━━━━━━━━━━━
2025-02-14 01:06:34,538 - INFO - 
━━━━━━━━━━ 取引情報 ━━━━━━━━━━
📅 時刻　　　：2025-02-14 01:06:34
💰 BTC価格　：92,163.58 USDT
📈 価格変動　：+0.56%
💵 USDT残高 ：100.33 USDT
₿ BTC保有量：0.000000 BTC
📊 総資産額 ：100.33 USDT
💹 現在の利益：+0.33 USDT (+0.33%)
━━━━━━━━━━━━━━━━━━━━━━━
2025-02-14 01:06:43,658 - INFO - 
プログラムがCtrl+Cにより終了されました。安全に終了します。
