2025-02-13 14:52:31,653 - INFO - 初期価格を取得中...
2025-02-13 14:52:32,555 - INFO - 
━━━━━━━━━━ 取引情報 ━━━━━━━━━━
📅 時刻　　　：2025-02-13 14:52:32
💰 BTC価格　：96,691.11 USDT
📈 価格変動　：+0.72%
💵 USDT残高 ：10,129.75 USDT
₿ BTC保有量：0.000999 BTC
📊 総資産額 ：10,226.29 USDT
💹 現在の利益：+0.69 USDT (+0.01%)
━━━━━━━━━━━━━━━━━━━━━━━
2025-02-13 14:52:32,558 - INFO - 売りシグナル検出。売り注文を実行中...
2025-02-13 14:52:32,559 - INFO - 最小注文数量の0.001 BTCに調整しました
2025-02-13 14:52:32,845 - INFO - 売り注文を実行: 数量=0.001 BTC
2025-02-13 14:52:32,848 - INFO - 売り注文実行: {'retCode': 0, 'retMsg': 'OK', 'result': {'orderId': 'f3ee41c2-598e-4cf4-bd06-f768b58251ef', 'orderLinkId': ''}, 'retExtInfo': {}, 'time': 1739425952613}
2025-02-13 14:52:52,981 - INFO - 前回の取引から159秒待機中...
2025-02-13 14:53:03,131 - INFO - 前回の取引から149秒待機中...
2025-02-13 14:53:13,266 - INFO - 前回の取引から139秒待機中...
2025-02-13 14:53:23,406 - INFO - 前回の取引から128秒待機中...
2025-02-13 14:53:33,533 - INFO - 前回の取引から118秒待機中...
2025-02-13 14:53:43,665 - INFO - 前回の取引から108秒待機中...
2025-02-13 14:53:53,813 - INFO - 前回の取引から98秒待機中...
2025-02-13 14:54:03,966 - INFO - 前回の取引から88秒待機中...
2025-02-13 14:54:14,106 - INFO - 前回の取引から78秒待機中...
2025-02-13 14:54:24,252 - INFO - 前回の取引から68秒待機中...
2025-02-13 14:54:34,397 - INFO - 前回の取引から57秒待機中...
2025-02-13 14:54:44,544 - INFO - 前回の取引から47秒待機中...
2025-02-13 14:54:54,682 - INFO - 前回の取引から37秒待機中...
2025-02-13 14:55:05,118 - INFO - 前回の取引から27秒待機中...
2025-02-13 14:55:15,248 - INFO - 前回の取引から17秒待機中...
2025-02-13 14:55:25,395 - INFO - 前回の取引から6秒待機中...
2025-02-13 14:55:35,770 - INFO - 
━━━━━━━━━━ 取引情報 ━━━━━━━━━━
📅 時刻　　　：2025-02-13 14:55:35
💰 BTC価格　：96,144.42 USDT
📉 価格変動　：-0.57%
💵 USDT残高 ：10,142.49 USDT
₿ BTC保有量：0.000999 BTC
📊 総資産額 ：10,238.49 USDT
💹 現在の利益：+12.88 USDT (+0.13%)
━━━━━━━━━━━━━━━━━━━━━━━
2025-02-13 14:55:35,773 - INFO - 買いシグナル検出。買い注文を実行中...
2025-02-13 14:55:35,907 - INFO - 買い注文を実行: 数量=0.105 BTC
2025-02-13 14:55:35,908 - INFO - 買い注文実行: {'retCode': 0, 'retMsg': 'OK', 'result': {'orderId': '2e1c2e36-3940-414e-959b-d0898345a089', 'orderLinkId': ''}, 'retExtInfo': {}, 'time': 1739426135675}
2025-02-13 14:55:56,069 - INFO - 前回の取引から159秒待機中...
2025-02-13 14:56:06,244 - INFO - 前回の取引から149秒待機中...
2025-02-13 14:56:16,749 - INFO - 前回の取引から138秒待機中...
2025-02-13 14:56:27,234 - INFO - 前回の取引から128秒待機中...
2025-02-13 14:56:37,376 - INFO - 前回の取引から118秒待機中...
2025-02-13 14:56:47,528 - INFO - 前回の取引から108秒待機中...
2025-02-13 14:56:57,676 - INFO - 前回の取引から97秒待機中...
2025-02-13 14:57:07,815 - INFO - 前回の取引から87秒待機中...
2025-02-13 14:57:18,273 - INFO - 前回の取引から77秒待機中...
2025-02-13 14:57:28,417 - INFO - 前回の取引から67秒待機中...
2025-02-13 14:57:38,551 - INFO - 前回の取引から56秒待機中...
2025-02-13 14:57:49,051 - INFO - 前回の取引から46秒待機中...
2025-02-13 14:57:59,523 - INFO - 前回の取引から36秒待機中...
2025-02-13 14:58:09,669 - INFO - 前回の取引から25秒待機中...
2025-02-13 14:58:19,815 - INFO - 前回の取引から15秒待機中...
2025-02-13 14:58:29,963 - INFO - 前回の取引から5秒待機中...
2025-02-13 14:58:40,377 - INFO - 
━━━━━━━━━━ 取引情報 ━━━━━━━━━━
📅 時刻　　　：2025-02-13 14:58:40
💰 BTC価格　：96,695.10 USDT
📈 価格変動　：+0.57%
💵 USDT残高 ：10,138.59 USDT
₿ BTC保有量：0.000999 BTC
📊 総資産額 ：10,235.14 USDT
💹 現在の利益：+9.54 USDT (+0.09%)
━━━━━━━━━━━━━━━━━━━━━━━
2025-02-13 14:58:40,379 - INFO - 売りシグナル検出。売り注文を実行中...
2025-02-13 14:58:40,380 - INFO - 最小注文数量の0.001 BTCに調整しました
2025-02-13 14:58:40,505 - INFO - 売り注文を実行: 数量=0.001 BTC
2025-02-13 14:58:40,507 - INFO - 売り注文実行: {'retCode': 0, 'retMsg': 'OK', 'result': {'orderId': '161d13e6-b80b-41d0-884f-77250dec9f55', 'orderLinkId': ''}, 'retExtInfo': {}, 'time': 1739426320281}
2025-02-13 14:59:00,660 - INFO - 前回の取引から159秒待機中...
2025-02-13 14:59:10,806 - INFO - 前回の取引から149秒待機中...
2025-02-13 14:59:20,956 - INFO - 前回の取引から139秒待機中...
2025-02-13 14:59:31,452 - INFO - 前回の取引から128秒待機中...
2025-02-13 14:59:41,590 - INFO - 前回の取引から118秒待機中...
2025-02-13 14:59:51,724 - INFO - 前回の取引から108秒待機中...
2025-02-13 15:00:01,875 - INFO - 前回の取引から98秒待機中...
2025-02-13 15:00:12,018 - INFO - 前回の取引から88秒待機中...
2025-02-13 15:00:22,457 - INFO - 前回の取引から77秒待機中...
2025-02-13 15:00:32,595 - INFO - 前回の取引から67秒待機中...
2025-02-13 15:00:42,743 - INFO - 前回の取引から57秒待機中...
2025-02-13 15:00:53,180 - INFO - 前回の取引から46秒待機中...
2025-02-13 15:01:03,326 - INFO - 前回の取引から36秒待機中...
2025-02-13 15:01:13,460 - INFO - 前回の取引から26秒待機中...
2025-02-13 15:01:23,603 - INFO - 前回の取引から16秒待機中...
2025-02-13 15:01:33,740 - INFO - 前回の取引から6秒待機中...
2025-02-13 15:01:44,438 - INFO - 
━━━━━━━━━━ 取引情報 ━━━━━━━━━━
📅 時刻　　　：2025-02-13 15:01:43
💰 BTC価格　：90,066.66 USDT
📉 価格変動　：-6.85%
💵 USDT残高 ：10,146.84 USDT
₿ BTC保有量：0.000999 BTC
📊 総資産額 ：10,236.77 USDT
💹 現在の利益：+11.16 USDT (+0.11%)
━━━━━━━━━━━━━━━━━━━━━━━
2025-02-13 15:01:44,440 - INFO - 買いシグナル検出。買い注文を実行中...
2025-02-13 15:01:44,588 - INFO - 買い注文を実行: 数量=0.113 BTC
2025-02-13 15:01:44,590 - INFO - 買い注文実行: {'retCode': 0, 'retMsg': 'OK', 'result': {'orderId': '1cb91147-cde5-4d45-901c-70db34af4996', 'orderLinkId': ''}, 'retExtInfo': {}, 'time': 1739426504366}
2025-02-13 15:02:05,361 - INFO - 前回の取引から158秒待機中...
2025-02-13 15:02:15,498 - INFO - 前回の取引から148秒待機中...
2025-02-13 15:02:25,640 - INFO - 前回の取引から138秒待機中...
2025-02-13 15:02:35,784 - INFO - 前回の取引から128秒待機中...
2025-02-13 15:02:45,913 - INFO - 前回の取引から117秒待機中...
2025-02-13 15:02:56,061 - INFO - 前回の取引から107秒待機中...
2025-02-13 15:03:06,592 - INFO - 前回の取引から97秒待機中...
2025-02-13 15:03:16,728 - INFO - 前回の取引から87秒待機中...
2025-02-13 15:03:26,877 - INFO - 前回の取引から76秒待機中...
2025-02-13 15:03:37,013 - INFO - 前回の取引から66秒待機中...
2025-02-13 15:03:47,147 - INFO - 前回の取引から56秒待機中...
2025-02-13 15:03:57,281 - INFO - 前回の取引から46秒待機中...
2025-02-13 15:04:07,429 - INFO - 前回の取引から36秒待機中...
2025-02-13 15:04:17,884 - INFO - 前回の取引から25秒待機中...
2025-02-13 15:04:28,010 - INFO - 前回の取引から15秒待機中...
2025-02-13 15:04:38,462 - INFO - 前回の取引から5秒待機中...
2025-02-13 15:04:49,146 - INFO - 
━━━━━━━━━━ 取引情報 ━━━━━━━━━━
📅 時刻　　　：2025-02-13 15:04:48
💰 BTC価格　：91,776.42 USDT
📈 価格変動　：+1.90%
💵 USDT残高 ：10,142.65 USDT
₿ BTC保有量：0.000999 BTC
📊 総資産額 ：10,234.28 USDT
💹 現在の利益：+8.68 USDT (+0.08%)
━━━━━━━━━━━━━━━━━━━━━━━
2025-02-13 15:04:49,149 - INFO - 売りシグナル検出。売り注文を実行中...
2025-02-13 15:04:49,268 - INFO - 売り注文を実行: 数量=0.001 BTC
2025-02-13 15:04:49,270 - INFO - 売り注文実行: {'retCode': 0, 'retMsg': 'OK', 'result': {'orderId': '6afcd7ce-bcca-45c2-b9a1-907e4907f884', 'orderLinkId': ''}, 'retExtInfo': {}, 'time': 1739426689055}
2025-02-13 15:05:09,422 - INFO - 前回の取引から159秒待機中...
2025-02-13 15:05:19,916 - INFO - 前回の取引から148秒待機中...
2025-02-13 15:05:30,158 - INFO - 前回の取引から138秒待機中...
2025-02-13 15:05:40,707 - INFO - 前回の取引から127秒待機中...
2025-02-13 15:05:50,854 - INFO - 前回の取引から117秒待機中...
2025-02-13 15:06:01,084 - INFO - 前回の取引から107秒待機中...
2025-02-13 15:06:11,219 - INFO - 前回の取引から97秒待機中...
2025-02-13 15:06:21,360 - INFO - 前回の取引から87秒待機中...
2025-02-13 15:06:31,508 - INFO - 前回の取引から77秒待機中...
2025-02-13 15:06:42,040 - INFO - 前回の取引から66秒待機中...
2025-02-13 15:06:52,186 - INFO - 前回の取引から56秒待機中...
2025-02-13 15:07:02,325 - INFO - 前回の取引から46秒待機中...
2025-02-13 15:07:12,556 - INFO - 前回の取引から36秒待機中...
2025-02-13 15:07:22,697 - INFO - 前回の取引から25秒待機中...
2025-02-13 15:40:34,670 - ERROR - 価格取得中にエラーが発生: HTTPSConnectionPool(host='api-testnet.bybit.com', port=443): Read timed out. (read timeout=10)
2025-02-13 15:40:34,671 - ERROR - 価格の取得に失敗しました。再試行します...
2025-02-13 15:40:45,747 - INFO - 
━━━━━━━━━━ 取引情報 ━━━━━━━━━━
📅 時刻　　　：2025-02-13 15:40:45
💰 BTC価格　：95,841.14 USDT
📈 価格変動　：+4.43%
💵 USDT残高 ：10,148.37 USDT
₿ BTC保有量：0.000999 BTC
📊 総資産額 ：10,244.06 USDT
💹 現在の利益：+18.46 USDT (+0.18%)
━━━━━━━━━━━━━━━━━━━━━━━
2025-02-13 15:40:45,748 - INFO - 売りシグナル検出。売り注文を実行中...
2025-02-13 15:40:46,052 - INFO - 売り注文を実行: 数量=0.001 BTC
2025-02-13 15:40:46,053 - INFO - 売り注文実行: {'retCode': 0, 'retMsg': 'OK', 'result': {'orderId': 'e384eaae-11c7-49e9-b8ff-51bc7957fb67', 'orderLinkId': ''}, 'retExtInfo': {}, 'time': 1739428845821}
2025-02-13 15:41:06,182 - INFO - 前回の取引から158秒待機中...
2025-02-13 15:41:16,303 - INFO - 前回の取引から148秒待機中...
2025-02-13 15:41:26,413 - INFO - 前回の取引から138秒待機中...
2025-02-13 15:41:36,749 - INFO - 前回の取引から128秒待機中...
2025-02-13 15:41:46,858 - INFO - 前回の取引から118秒待機中...
2025-02-13 15:41:56,977 - INFO - 前回の取引から108秒待機中...
2025-02-13 15:42:07,089 - INFO - 前回の取引から98秒待機中...
2025-02-13 15:42:17,396 - INFO - 前回の取引から87秒待機中...
2025-02-13 15:42:27,524 - INFO - 前回の取引から77秒待機中...
2025-02-13 15:42:37,643 - INFO - 前回の取引から67秒待機中...
2025-02-13 15:42:48,015 - INFO - 前回の取引から57秒待機中...
2025-02-13 15:42:58,148 - INFO - 前回の取引から46秒待機中...
2025-02-13 15:43:08,279 - INFO - 前回の取引から36秒待機中...
2025-02-13 15:43:18,630 - INFO - 前回の取引から26秒待機中...
2025-02-13 15:43:28,747 - INFO - 前回の取引から16秒待機中...
2025-02-13 15:43:39,110 - INFO - 前回の取引から6秒待機中...
2025-02-13 15:43:49,864 - INFO - 
━━━━━━━━━━ 取引情報 ━━━━━━━━━━
📅 時刻　　　：2025-02-13 15:43:49
💰 BTC価格　：97,000.00 USDT
📈 価格変動　：+1.21%
💵 USDT残高 ：10,154.25 USDT
₿ BTC保有量：0.000999 BTC
📊 総資産額 ：10,251.10 USDT
💹 現在の利益：+25.50 USDT (+0.25%)
━━━━━━━━━━━━━━━━━━━━━━━
2025-02-13 15:43:49,867 - INFO - 売りシグナル検出。売り注文を実行中...
2025-02-13 15:43:49,975 - INFO - 売り注文を実行: 数量=0.001 BTC
2025-02-13 15:43:49,977 - INFO - 売り注文実行: {'retCode': 0, 'retMsg': 'OK', 'result': {'orderId': 'b6d70005-5c5c-4401-a2e0-33d48e97e7fe', 'orderLinkId': ''}, 'retExtInfo': {}, 'time': 1739429029798}
2025-02-13 15:44:10,344 - INFO - 前回の取引から158秒待機中...
2025-02-13 15:44:20,453 - INFO - 前回の取引から148秒待機中...
2025-02-13 15:44:30,826 - INFO - 前回の取引から138秒待機中...
2025-02-13 15:44:41,089 - INFO - 前回の取引から128秒待機中...
2025-02-13 15:44:51,214 - INFO - 前回の取引から118秒待機中...
2025-02-13 15:45:01,543 - INFO - 前回の取引から107秒待機中...
2025-02-13 15:45:11,657 - INFO - 前回の取引から97秒待機中...
2025-02-13 15:45:21,773 - INFO - 前回の取引から87秒待機中...
2025-02-13 15:45:32,060 - INFO - 前回の取引から77秒待機中...
2025-02-13 15:45:42,189 - INFO - 前回の取引から67秒待機中...
2025-02-13 15:45:52,311 - INFO - 前回の取引から56秒待機中...
2025-02-13 15:46:02,429 - INFO - 前回の取引から46秒待機中...
2025-02-13 15:46:12,548 - INFO - 前回の取引から36秒待機中...
2025-02-13 15:46:22,676 - INFO - 前回の取引から26秒待機中...
2025-02-13 15:46:32,793 - INFO - 前回の取引から16秒待機中...
2025-02-13 15:46:43,124 - INFO - 前回の取引から6秒待機中...
2025-02-13 15:46:53,458 - INFO - 
━━━━━━━━━━ 取引情報 ━━━━━━━━━━
📅 時刻　　　：2025-02-13 15:46:53
💰 BTC価格　：96,144.42 USDT
📉 価格変動　：-0.88%
💵 USDT残高 ：10,160.12 USDT
₿ BTC保有量：0.000999 BTC
📊 総資産額 ：10,256.12 USDT
💹 現在の利益：+30.52 USDT (+0.30%)
━━━━━━━━━━━━━━━━━━━━━━━
2025-02-13 15:46:53,461 - INFO - 買いシグナル検出。買い注文を実行中...
2025-02-13 15:46:53,568 - INFO - 買い注文を実行: 数量=0.106 BTC
2025-02-13 15:46:53,569 - INFO - 買い注文実行: {'retCode': 0, 'retMsg': 'OK', 'result': {'orderId': 'eb7e8fcd-cc26-4bfe-8df1-6c7272d60555', 'orderLinkId': ''}, 'retExtInfo': {}, 'time': 1739429213394}
2025-02-13 15:47:13,691 - INFO - 前回の取引から159秒待機中...
2025-02-13 15:47:23,812 - INFO - 前回の取引から149秒待機中...
2025-02-13 15:47:33,930 - INFO - 前回の取引から139秒待機中...
2025-02-13 15:47:44,216 - INFO - 前回の取引から129秒待機中...
2025-02-13 15:47:54,496 - INFO - 前回の取引から118秒待機中...
2025-02-13 15:48:04,840 - INFO - 前回の取引から108秒待機中...
2025-02-13 15:48:14,954 - INFO - 前回の取引から98秒待機中...
2025-02-13 15:48:25,085 - INFO - 前回の取引から88秒待機中...
2025-02-13 15:48:35,455 - INFO - 前回の取引から77秒待機中...
2025-02-13 15:48:45,578 - INFO - 前回の取引から67秒待機中...
2025-02-13 15:48:55,847 - INFO - 前回の取引から57秒待機中...
2025-02-13 15:49:05,964 - INFO - 前回の取引から47秒待機中...
2025-02-13 15:49:16,249 - INFO - 前回の取引から36秒待機中...
2025-02-13 15:49:26,363 - INFO - 前回の取引から26秒待機中...
2025-02-13 15:49:36,487 - INFO - 前回の取引から16秒待機中...
2025-02-13 15:49:46,729 - INFO - 前回の取引から6秒待機中...
2025-02-13 15:49:57,059 - INFO - 
━━━━━━━━━━ 取引情報 ━━━━━━━━━━
📅 時刻　　　：2025-02-13 15:49:56
💰 BTC価格　：96,042.72 USDT
📉 価格変動　：-0.11%
💵 USDT残高 ：10,156.20 USDT
₿ BTC保有量：0.000999 BTC
📊 総資産額 ：10,252.10 USDT
💹 現在の利益：+26.49 USDT (+0.26%)
━━━━━━━━━━━━━━━━━━━━━━━
2025-02-13 15:50:07,402 - INFO - 
━━━━━━━━━━ 取引情報 ━━━━━━━━━━
📅 時刻　　　：2025-02-13 15:50:07
💰 BTC価格　：95,766.37 USDT
📉 価格変動　：-0.39%
💵 USDT残高 ：10,156.20 USDT
₿ BTC保有量：0.000999 BTC
📊 総資産額 ：10,251.82 USDT
💹 現在の利益：+26.22 USDT (+0.26%)
━━━━━━━━━━━━━━━━━━━━━━━
2025-02-13 15:50:17,872 - INFO - 
━━━━━━━━━━ 取引情報 ━━━━━━━━━━
📅 時刻　　　：2025-02-13 15:50:17
💰 BTC価格　：96,042.72 USDT
📉 価格変動　：-0.11%
💵 USDT残高 ：10,156.20 USDT
₿ BTC保有量：0.000999 BTC
📊 総資産額 ：10,252.10 USDT
💹 現在の利益：+26.49 USDT (+0.26%)
━━━━━━━━━━━━━━━━━━━━━━━
2025-02-13 15:50:28,224 - INFO - 
━━━━━━━━━━ 取引情報 ━━━━━━━━━━
📅 時刻　　　：2025-02-13 15:50:28
💰 BTC価格　：95,766.37 USDT
📉 価格変動　：-0.39%
💵 USDT残高 ：10,156.20 USDT
₿ BTC保有量：0.000999 BTC
📊 総資産額 ：10,251.82 USDT
💹 現在の利益：+26.22 USDT (+0.26%)
━━━━━━━━━━━━━━━━━━━━━━━
2025-02-13 15:50:38,857 - INFO - 
━━━━━━━━━━ 取引情報 ━━━━━━━━━━
📅 時刻　　　：2025-02-13 15:50:38
💰 BTC価格　：96,042.71 USDT
📉 価格変動　：-0.11%
💵 USDT残高 ：10,156.20 USDT
₿ BTC保有量：0.000999 BTC
📊 総資産額 ：10,252.10 USDT
💹 現在の利益：+26.49 USDT (+0.26%)
━━━━━━━━━━━━━━━━━━━━━━━
2025-02-13 15:50:49,172 - INFO - 
━━━━━━━━━━ 取引情報 ━━━━━━━━━━
📅 時刻　　　：2025-02-13 15:50:48
💰 BTC価格　：96,581.22 USDT
📈 価格変動　：+0.45%
💵 USDT残高 ：10,156.20 USDT
₿ BTC保有量：0.000999 BTC
📊 総資産額 ：10,252.63 USDT
💹 現在の利益：+27.03 USDT (+0.26%)
━━━━━━━━━━━━━━━━━━━━━━━
2025-02-13 15:51:00,147 - INFO - 
━━━━━━━━━━ 取引情報 ━━━━━━━━━━
📅 時刻　　　：2025-02-13 15:50:59
💰 BTC価格　：97,166.35 USDT
📈 価格変動　：+1.06%
💵 USDT残高 ：10,156.20 USDT
₿ BTC保有量：0.000999 BTC
📊 総資産額 ：10,253.22 USDT
💹 現在の利益：+27.61 USDT (+0.27%)
━━━━━━━━━━━━━━━━━━━━━━━
2025-02-13 15:51:00,148 - INFO - 売りシグナル検出。売り注文を実行中...
2025-02-13 15:51:00,413 - INFO - 売り注文を実行: 数量=0.001 BTC
2025-02-13 15:51:00,415 - INFO - 売り注文実行: {'retCode': 0, 'retMsg': 'OK', 'result': {'orderId': 'd9447b6d-77d7-4790-a115-88f49c1d8d00', 'orderLinkId': ''}, 'retExtInfo': {}, 'time': 1739429460231}
2025-02-13 16:40:45,570 - ERROR - 価格取得中にエラーが発生: HTTPSConnectionPool(host='api-testnet.bybit.com', port=443): Read timed out. (read timeout=10)
2025-02-13 16:40:45,572 - ERROR - 価格の取得に失敗しました。再試行します...
2025-02-13 16:40:56,486 - INFO - 
━━━━━━━━━━ 取引情報 ━━━━━━━━━━
📅 時刻　　　：2025-02-13 16:40:56
💰 BTC価格　：95,707.62 USDT
📉 価格変動　：-1.50%
💵 USDT残高 ：10,160.85 USDT
₿ BTC保有量：0.000999 BTC
📊 総資産額 ：10,256.42 USDT
💹 現在の利益：+30.81 USDT (+0.30%)
━━━━━━━━━━━━━━━━━━━━━━━
2025-02-13 16:40:56,489 - INFO - 買いシグナル検出。買い注文を実行中...
2025-02-13 16:40:56,628 - INFO - 買い注文を実行: 数量=0.106 BTC
2025-02-13 16:40:56,630 - INFO - 買い注文実行: {'retCode': 0, 'retMsg': 'OK', 'result': {'orderId': 'ba402d9b-c7eb-46ed-9a7d-26d0f1299e02', 'orderLinkId': ''}, 'retExtInfo': {}, 'time': 1739432456437}
2025-02-13 16:41:16,744 - INFO - 前回の取引から159秒待機中...
2025-02-13 16:41:27,002 - INFO - 前回の取引から149秒待機中...
2025-02-13 16:41:37,132 - INFO - 前回の取引から139秒待機中...
2025-02-13 16:41:47,279 - INFO - 前回の取引から128秒待機中...
2025-02-13 16:41:57,546 - INFO - 前回の取引から118秒待機中...
2025-02-13 16:42:07,680 - INFO - 前回の取引から108秒待機中...
2025-02-13 16:42:17,999 - INFO - 前回の取引から98秒待機中...
2025-02-13 16:42:28,340 - INFO - 前回の取引から87秒待機中...
2025-02-13 16:42:38,452 - INFO - 前回の取引から77秒待機中...
2025-02-13 16:42:48,819 - INFO - 前回の取引から67秒待機中...
2025-02-13 16:42:58,933 - INFO - 前回の取引から57秒待機中...
2025-02-13 16:43:09,074 - INFO - 前回の取引から47秒待機中...
2025-02-13 16:43:19,437 - INFO - 前回の取引から36秒待機中...
2025-02-13 16:43:29,565 - INFO - 前回の取引から26秒待機中...
2025-02-13 16:43:39,846 - INFO - 前回の取引から16秒待機中...
2025-02-13 16:43:50,111 - INFO - 前回の取引から6秒待機中...
2025-02-13 16:44:01,014 - INFO - 
━━━━━━━━━━ 取引情報 ━━━━━━━━━━
📅 時刻　　　：2025-02-13 16:44:00
💰 BTC価格　：97,018.02 USDT
📈 価格変動　：+1.37%
💵 USDT残高 ：10,156.92 USDT
₿ BTC保有量：0.000999 BTC
📊 総資産額 ：10,253.79 USDT
💹 現在の利益：+28.18 USDT (+0.28%)
━━━━━━━━━━━━━━━━━━━━━━━
2025-02-13 16:44:01,017 - INFO - 売りシグナル検出。売り注文を実行中...
2025-02-13 16:44:01,161 - INFO - 売り注文を実行: 数量=0.001 BTC
2025-02-13 16:44:01,162 - INFO - 売り注文実行: {'retCode': 0, 'retMsg': 'OK', 'result': {'orderId': '1143d5be-91eb-417b-a732-bf9edab2f54f', 'orderLinkId': ''}, 'retExtInfo': {}, 'time': 1739432640971}
2025-02-13 16:44:21,308 - INFO - 前回の取引から159秒待機中...
2025-02-13 16:44:31,629 - INFO - 前回の取引から148秒待機中...
2025-02-13 16:44:41,782 - INFO - 前回の取引から138秒待機中...
2025-02-13 16:44:51,934 - INFO - 前回の取引から128秒待機中...
2025-02-13 16:45:02,250 - INFO - 前回の取引から118秒待機中...
2025-02-13 16:45:04,995 - INFO - 
プログラムがCtrl+Cにより終了されました。安全に終了します。
