2025-02-15 12:38:40,892 - INFO - 初期価格を取得中...
2025-02-15 12:38:41,599 - INFO - 
━━━━━━━━━━ 取引情報 ━━━━━━━━━━
📅 時刻　　　：2025-02-15 12:38:41
💰 BTC価格　：97,776.97 USDT
📉 価格変動　：0.00%
💵 USDT残高 ：200.00 USDT
₿ BTC保有量：0.000000 BTC
📊 総資産額 ：200.00 USDT
🔄 取引回数 ：買い0回 / 売り0回
💹 現在の利益：+0.00 USDT (+0.00%)
━━━━━━━━━━━━━━━━━━━━━━━
2025-02-15 12:38:51,854 - INFO - 
━━━━━━━━━━ 取引情報 ━━━━━━━━━━
📅 時刻　　　：2025-02-15 12:38:51
💰 BTC価格　：97,776.97 USDT
📉 価格変動　：0.00%
💵 USDT残高 ：200.00 USDT
₿ BTC保有量：0.000000 BTC
📊 総資産額 ：200.00 USDT
🔄 取引回数 ：買い0回 / 売り0回
💹 現在の利益：+0.00 USDT (+0.00%)
━━━━━━━━━━━━━━━━━━━━━━━
2025-02-15 12:39:02,119 - INFO - 
━━━━━━━━━━ 取引情報 ━━━━━━━━━━
📅 時刻　　　：2025-02-15 12:39:01
💰 BTC価格　：97,776.97 USDT
📉 価格変動　：0.00%
💵 USDT残高 ：200.00 USDT
₿ BTC保有量：0.000000 BTC
📊 総資産額 ：200.00 USDT
🔄 取引回数 ：買い0回 / 売り0回
💹 現在の利益：+0.00 USDT (+0.00%)
━━━━━━━━━━━━━━━━━━━━━━━
2025-02-15 12:39:12,373 - INFO - 
━━━━━━━━━━ 取引情報 ━━━━━━━━━━
📅 時刻　　　：2025-02-15 12:39:12
💰 BTC価格　：97,776.97 USDT
📉 価格変動　：0.00%
💵 USDT残高 ：200.00 USDT
₿ BTC保有量：0.000000 BTC
📊 総資産額 ：200.00 USDT
🔄 取引回数 ：買い0回 / 売り0回
💹 現在の利益：+0.00 USDT (+0.00%)
━━━━━━━━━━━━━━━━━━━━━━━
2025-02-15 12:39:22,627 - INFO - 
━━━━━━━━━━ 取引情報 ━━━━━━━━━━
📅 時刻　　　：2025-02-15 12:39:22
💰 BTC価格　：97,822.15 USDT
📈 価格変動　：+0.05%
💵 USDT残高 ：200.00 USDT
₿ BTC保有量：0.000000 BTC
📊 総資産額 ：200.00 USDT
🔄 取引回数 ：買い0回 / 売り0回
💹 現在の利益：+0.00 USDT (+0.00%)
━━━━━━━━━━━━━━━━━━━━━━━
2025-02-15 12:39:32,884 - INFO - 
━━━━━━━━━━ 取引情報 ━━━━━━━━━━
📅 時刻　　　：2025-02-15 12:39:32
💰 BTC価格　：97,822.15 USDT
📈 価格変動　：+0.05%
💵 USDT残高 ：200.00 USDT
₿ BTC保有量：0.000000 BTC
📊 総資産額 ：200.00 USDT
🔄 取引回数 ：買い0回 / 売り0回
💹 現在の利益：+0.00 USDT (+0.00%)
━━━━━━━━━━━━━━━━━━━━━━━
2025-02-15 12:39:43,138 - INFO - 
━━━━━━━━━━ 取引情報 ━━━━━━━━━━
📅 時刻　　　：2025-02-15 12:39:42
💰 BTC価格　：97,822.15 USDT
📈 価格変動　：+0.05%
💵 USDT残高 ：200.00 USDT
₿ BTC保有量：0.000000 BTC
📊 総資産額 ：200.00 USDT
🔄 取引回数 ：買い0回 / 売り0回
💹 現在の利益：+0.00 USDT (+0.00%)
━━━━━━━━━━━━━━━━━━━━━━━
2025-02-15 12:39:53,390 - INFO - 
━━━━━━━━━━ 取引情報 ━━━━━━━━━━
📅 時刻　　　：2025-02-15 12:39:53
💰 BTC価格　：97,822.15 USDT
📈 価格変動　：+0.05%
💵 USDT残高 ：200.00 USDT
₿ BTC保有量：0.000000 BTC
📊 総資産額 ：200.00 USDT
🔄 取引回数 ：買い0回 / 売り0回
💹 現在の利益：+0.00 USDT (+0.00%)
━━━━━━━━━━━━━━━━━━━━━━━
2025-02-15 12:39:54,973 - INFO - 
プログラムがCtrl+Cにより終了されました。安全に終了します。
