2025-02-13 17:06:09,148 - INFO - 初期価格を取得中...
2025-02-13 17:06:10,690 - INFO - 
━━━━━━━━━━ 取引情報 ━━━━━━━━━━
📅 時刻　　　：2025-02-13 17:06:10
💰 BTC価格　：96,295.49 USDT
📈 価格変動　：+0.84%
💵 USDT残高 ：100.00 USDT
₿ BTC保有量：0.055296 BTC
📊 総資産額 ：5,424.73 USDT
💹 現在の利益：+44.58 USDT (+0.83%)
━━━━━━━━━━━━━━━━━━━━━━━
2025-02-13 17:06:10,691 - INFO - 売りシグナル検出。売り注文を実行中...
2025-02-13 17:06:10,825 - INFO - 売り注文を実行: 数量=0.028 BTC
2025-02-13 17:06:10,826 - INFO - 売り注文実行: {'retCode': 0, 'retMsg': 'OK', 'result': {'orderId': 'b1dcd913-5cc5-45f2-a9ef-e5dff7769193', 'orderLinkId': ''}, 'retExtInfo': {}, 'time': 1739433970661}
2025-02-13 17:06:31,132 - INFO - 前回の取引から39秒待機中...
2025-02-13 17:06:41,389 - INFO - 前回の取引から28秒待機中...
2025-02-13 17:06:51,644 - INFO - 前回の取引から18秒待機中...
2025-02-13 17:07:01,896 - INFO - 前回の取引から8秒待機中...
2025-02-13 17:07:12,255 - INFO - 
━━━━━━━━━━ 取引情報 ━━━━━━━━━━
📅 時刻　　　：2025-02-13 17:07:12
💰 BTC価格　：95,554.86 USDT
📉 価格変動　：-0.77%
💵 USDT残高 ：141.96 USDT
₿ BTC保有量：0.055296 BTC
📊 総資産額 ：5,425.73 USDT
💹 現在の利益：+45.59 USDT (+0.85%)
━━━━━━━━━━━━━━━━━━━━━━━
2025-02-13 17:07:12,256 - INFO - 買いシグナル検出。買い注文を実行中...
2025-02-13 17:07:12,360 - ERROR - 買い注文エラー: ab not enough for new order (ErrCode: 110007) (ErrTime: 08:07:12).
Request → POST https://api-testnet.bybit.com/v5/order/create: {"category": "linear", "symbol": "BTCUSDT", "side": "Buy", "order_type": "Market", "qty": "0.001", "time_in_force": "GoodTillCancel"}.
2025-02-13 17:07:23,108 - INFO - 
━━━━━━━━━━ 取引情報 ━━━━━━━━━━
📅 時刻　　　：2025-02-13 17:07:22
💰 BTC価格　：94,834.02 USDT
📉 価格変動　：-1.52%
💵 USDT残高 ：141.96 USDT
₿ BTC保有量：0.055296 BTC
📊 総資産額 ：5,385.88 USDT
💹 現在の利益：+5.73 USDT (+0.11%)
━━━━━━━━━━━━━━━━━━━━━━━
2025-02-13 17:07:23,111 - INFO - 買いシグナル検出。買い注文を実行中...
2025-02-13 17:07:23,212 - ERROR - 買い注文エラー: ab not enough for new order (ErrCode: 110007) (ErrTime: 08:07:23).
Request → POST https://api-testnet.bybit.com/v5/order/create: {"category": "linear", "symbol": "BTCUSDT", "side": "Buy", "order_type": "Market", "qty": "0.001", "time_in_force": "GoodTillCancel"}.
2025-02-13 17:07:33,672 - INFO - 
━━━━━━━━━━ 取引情報 ━━━━━━━━━━
📅 時刻　　　：2025-02-13 17:07:33
💰 BTC価格　：95,666.33 USDT
📉 価格変動　：-0.65%
💵 USDT残高 ：141.96 USDT
₿ BTC保有量：0.055296 BTC
📊 総資産額 ：5,431.90 USDT
💹 現在の利益：+51.76 USDT (+0.96%)
━━━━━━━━━━━━━━━━━━━━━━━
2025-02-13 17:07:33,673 - INFO - 買いシグナル検出。買い注文を実行中...
2025-02-13 17:07:33,774 - ERROR - 買い注文エラー: ab not enough for new order (ErrCode: 110007) (ErrTime: 08:07:33).
Request → POST https://api-testnet.bybit.com/v5/order/create: {"category": "linear", "symbol": "BTCUSDT", "side": "Buy", "order_type": "Market", "qty": "0.001", "time_in_force": "GoodTillCancel"}.
2025-02-13 17:07:44,132 - INFO - 
━━━━━━━━━━ 取引情報 ━━━━━━━━━━
📅 時刻　　　：2025-02-13 17:07:43
💰 BTC価格　：95,926.02 USDT
📉 価格変動　：-0.38%
💵 USDT残高 ：141.96 USDT
₿ BTC保有量：0.055296 BTC
📊 総資産額 ：5,446.26 USDT
💹 現在の利益：+66.11 USDT (+1.23%)
━━━━━━━━━━━━━━━━━━━━━━━
2025-02-13 17:07:54,596 - INFO - 
━━━━━━━━━━ 取引情報 ━━━━━━━━━━
📅 時刻　　　：2025-02-13 17:07:54
💰 BTC価格　：96,362.82 USDT
📈 価格変動　：+0.07%
💵 USDT残高 ：141.96 USDT
₿ BTC保有量：0.055296 BTC
📊 総資産額 ：5,470.41 USDT
💹 現在の利益：+90.27 USDT (+1.68%)
━━━━━━━━━━━━━━━━━━━━━━━
2025-02-13 17:08:04,950 - INFO - 
━━━━━━━━━━ 取引情報 ━━━━━━━━━━
📅 時刻　　　：2025-02-13 17:08:04
💰 BTC価格　：96,329.00 USDT
📈 価格変動　：+0.03%
💵 USDT残高 ：141.96 USDT
₿ BTC保有量：0.055296 BTC
📊 総資産額 ：5,468.54 USDT
💹 現在の利益：+88.40 USDT (+1.64%)
━━━━━━━━━━━━━━━━━━━━━━━
2025-02-13 17:08:15,457 - INFO - 
━━━━━━━━━━ 取引情報 ━━━━━━━━━━
📅 時刻　　　：2025-02-13 17:08:15
💰 BTC価格　：96,329.00 USDT
📈 価格変動　：+0.03%
💵 USDT残高 ：141.96 USDT
₿ BTC保有量：0.055296 BTC
📊 総資産額 ：5,468.54 USDT
💹 現在の利益：+88.40 USDT (+1.64%)
━━━━━━━━━━━━━━━━━━━━━━━
2025-02-13 17:08:26,155 - INFO - 
━━━━━━━━━━ 取引情報 ━━━━━━━━━━
📅 時刻　　　：2025-02-13 17:08:25
💰 BTC価格　：96,329.00 USDT
📈 価格変動　：+0.03%
💵 USDT残高 ：141.96 USDT
₿ BTC保有量：0.055296 BTC
📊 総資産額 ：5,468.54 USDT
💹 現在の利益：+88.40 USDT (+1.64%)
━━━━━━━━━━━━━━━━━━━━━━━
2025-02-13 17:08:36,505 - INFO - 
━━━━━━━━━━ 取引情報 ━━━━━━━━━━
📅 時刻　　　：2025-02-13 17:08:36
💰 BTC価格　：96,233.03 USDT
📉 価格変動　：-0.06%
💵 USDT残高 ：141.96 USDT
₿ BTC保有量：0.055296 BTC
📊 総資産額 ：5,463.23 USDT
💹 現在の利益：+83.09 USDT (+1.54%)
━━━━━━━━━━━━━━━━━━━━━━━
2025-02-13 17:08:47,084 - INFO - 
━━━━━━━━━━ 取引情報 ━━━━━━━━━━
📅 時刻　　　：2025-02-13 17:08:46
💰 BTC価格　：96,699.69 USDT
📈 価格変動　：+0.42%
💵 USDT残高 ：141.96 USDT
₿ BTC保有量：0.055296 BTC
📊 総資産額 ：5,489.04 USDT
💹 現在の利益：+108.90 USDT (+2.02%)
━━━━━━━━━━━━━━━━━━━━━━━
2025-02-13 17:08:57,721 - INFO - 
━━━━━━━━━━ 取引情報 ━━━━━━━━━━
📅 時刻　　　：2025-02-13 17:08:57
💰 BTC価格　：95,299.71 USDT
📉 価格変動　：-1.03%
💵 USDT残高 ：141.96 USDT
₿ BTC保有量：0.055296 BTC
📊 総資産額 ：5,411.63 USDT
💹 現在の利益：+31.48 USDT (+0.59%)
━━━━━━━━━━━━━━━━━━━━━━━
2025-02-13 17:08:57,724 - INFO - 買いシグナル検出。買い注文を実行中...
2025-02-13 17:08:57,983 - INFO - 買い注文を実行: 数量=0.001 BTC
2025-02-13 17:08:57,984 - INFO - 買い注文実行: {'retCode': 0, 'retMsg': 'OK', 'result': {'orderId': '3fd058c2-bf45-4f1b-abe9-dd6aa4091f9b', 'orderLinkId': ''}, 'retExtInfo': {}, 'time': 1739434137840}
2025-02-13 17:09:10,363 - INFO - 
プログラムがCtrl+Cにより終了されました。安全に終了します。
